ARM GAS  C:\Users\86188\AppData\Local\Temp\cc89L8Zq.s 			page 1


   1              		.cpu cortex-m4
   2              		.arch armv7e-m
   3              		.fpu fpv4-sp-d16
   4              		.eabi_attribute 27, 1
   5              		.eabi_attribute 28, 1
   6              		.eabi_attribute 20, 1
   7              		.eabi_attribute 21, 1
   8              		.eabi_attribute 23, 3
   9              		.eabi_attribute 24, 1
  10              		.eabi_attribute 25, 1
  11              		.eabi_attribute 26, 1
  12              		.eabi_attribute 30, 1
  13              		.eabi_attribute 34, 1
  14              		.eabi_attribute 18, 4
  15              		.file	"ip4_addr.c"
  16              		.text
  17              	.Ltext0:
  18              		.cfi_sections	.debug_frame
  19              		.section	.text.ip4_addr_isbroadcast_u32,"ax",%progbits
  20              		.align	1
  21              		.global	ip4_addr_isbroadcast_u32
  22              		.syntax unified
  23              		.thumb
  24              		.thumb_func
  26              	ip4_addr_isbroadcast_u32:
  27              	.LVL0:
  28              	.LFB160:
  29              		.file 1 "ThirdPackage/lwip220/core/ipv4/ip4_addr.c"
   1:ThirdPackage/lwip220/core/ipv4/ip4_addr.c **** /**
   2:ThirdPackage/lwip220/core/ipv4/ip4_addr.c ****  * @file
   3:ThirdPackage/lwip220/core/ipv4/ip4_addr.c ****  * This is the IPv4 address tools implementation.
   4:ThirdPackage/lwip220/core/ipv4/ip4_addr.c ****  *
   5:ThirdPackage/lwip220/core/ipv4/ip4_addr.c ****  */
   6:ThirdPackage/lwip220/core/ipv4/ip4_addr.c **** 
   7:ThirdPackage/lwip220/core/ipv4/ip4_addr.c **** /*
   8:ThirdPackage/lwip220/core/ipv4/ip4_addr.c ****  * Copyright (c) 2001-2004 Swedish Institute of Computer Science.
   9:ThirdPackage/lwip220/core/ipv4/ip4_addr.c ****  * All rights reserved.
  10:ThirdPackage/lwip220/core/ipv4/ip4_addr.c ****  *
  11:ThirdPackage/lwip220/core/ipv4/ip4_addr.c ****  * Redistribution and use in source and binary forms, with or without modification,
  12:ThirdPackage/lwip220/core/ipv4/ip4_addr.c ****  * are permitted provided that the following conditions are met:
  13:ThirdPackage/lwip220/core/ipv4/ip4_addr.c ****  *
  14:ThirdPackage/lwip220/core/ipv4/ip4_addr.c ****  * 1. Redistributions of source code must retain the above copyright notice,
  15:ThirdPackage/lwip220/core/ipv4/ip4_addr.c ****  *    this list of conditions and the following disclaimer.
  16:ThirdPackage/lwip220/core/ipv4/ip4_addr.c ****  * 2. Redistributions in binary form must reproduce the above copyright notice,
  17:ThirdPackage/lwip220/core/ipv4/ip4_addr.c ****  *    this list of conditions and the following disclaimer in the documentation
  18:ThirdPackage/lwip220/core/ipv4/ip4_addr.c ****  *    and/or other materials provided with the distribution.
  19:ThirdPackage/lwip220/core/ipv4/ip4_addr.c ****  * 3. The name of the author may not be used to endorse or promote products
  20:ThirdPackage/lwip220/core/ipv4/ip4_addr.c ****  *    derived from this software without specific prior written permission.
  21:ThirdPackage/lwip220/core/ipv4/ip4_addr.c ****  *
  22:ThirdPackage/lwip220/core/ipv4/ip4_addr.c ****  * THIS SOFTWARE IS PROVIDED BY THE AUTHOR ``AS IS'' AND ANY EXPRESS OR IMPLIED
  23:ThirdPackage/lwip220/core/ipv4/ip4_addr.c ****  * WARRANTIES, INCLUDING, BUT NOT LIMITED TO, THE IMPLIED WARRANTIES OF
  24:ThirdPackage/lwip220/core/ipv4/ip4_addr.c ****  * MERCHANTABILITY AND FITNESS FOR A PARTICULAR PURPOSE ARE DISCLAIMED. IN NO EVENT
  25:ThirdPackage/lwip220/core/ipv4/ip4_addr.c ****  * SHALL THE AUTHOR BE LIABLE FOR ANY DIRECT, INDIRECT, INCIDENTAL, SPECIAL,
  26:ThirdPackage/lwip220/core/ipv4/ip4_addr.c ****  * EXEMPLARY, OR CONSEQUENTIAL DAMAGES (INCLUDING, BUT NOT LIMITED TO, PROCUREMENT
  27:ThirdPackage/lwip220/core/ipv4/ip4_addr.c ****  * OF SUBSTITUTE GOODS OR SERVICES; LOSS OF USE, DATA, OR PROFITS; OR BUSINESS
  28:ThirdPackage/lwip220/core/ipv4/ip4_addr.c ****  * INTERRUPTION) HOWEVER CAUSED AND ON ANY THEORY OF LIABILITY, WHETHER IN
  29:ThirdPackage/lwip220/core/ipv4/ip4_addr.c ****  * CONTRACT, STRICT LIABILITY, OR TORT (INCLUDING NEGLIGENCE OR OTHERWISE) ARISING
ARM GAS  C:\Users\86188\AppData\Local\Temp\cc89L8Zq.s 			page 2


  30:ThirdPackage/lwip220/core/ipv4/ip4_addr.c ****  * IN ANY WAY OUT OF THE USE OF THIS SOFTWARE, EVEN IF ADVISED OF THE POSSIBILITY
  31:ThirdPackage/lwip220/core/ipv4/ip4_addr.c ****  * OF SUCH DAMAGE.
  32:ThirdPackage/lwip220/core/ipv4/ip4_addr.c ****  *
  33:ThirdPackage/lwip220/core/ipv4/ip4_addr.c ****  * This file is part of the lwIP TCP/IP stack.
  34:ThirdPackage/lwip220/core/ipv4/ip4_addr.c ****  *
  35:ThirdPackage/lwip220/core/ipv4/ip4_addr.c ****  * Author: Adam Dunkels <adam@sics.se>
  36:ThirdPackage/lwip220/core/ipv4/ip4_addr.c ****  *
  37:ThirdPackage/lwip220/core/ipv4/ip4_addr.c ****  */
  38:ThirdPackage/lwip220/core/ipv4/ip4_addr.c **** 
  39:ThirdPackage/lwip220/core/ipv4/ip4_addr.c **** #include "lwip/opt.h"
  40:ThirdPackage/lwip220/core/ipv4/ip4_addr.c **** 
  41:ThirdPackage/lwip220/core/ipv4/ip4_addr.c **** #if LWIP_IPV4
  42:ThirdPackage/lwip220/core/ipv4/ip4_addr.c **** 
  43:ThirdPackage/lwip220/core/ipv4/ip4_addr.c **** #include "lwip/ip_addr.h"
  44:ThirdPackage/lwip220/core/ipv4/ip4_addr.c **** #include "lwip/netif.h"
  45:ThirdPackage/lwip220/core/ipv4/ip4_addr.c **** 
  46:ThirdPackage/lwip220/core/ipv4/ip4_addr.c **** /* used by IP4_ADDR_ANY and IP_ADDR_BROADCAST in ip_addr.h */
  47:ThirdPackage/lwip220/core/ipv4/ip4_addr.c **** const ip_addr_t ip_addr_any = IPADDR4_INIT(IPADDR_ANY);
  48:ThirdPackage/lwip220/core/ipv4/ip4_addr.c **** const ip_addr_t ip_addr_broadcast = IPADDR4_INIT(IPADDR_BROADCAST);
  49:ThirdPackage/lwip220/core/ipv4/ip4_addr.c **** 
  50:ThirdPackage/lwip220/core/ipv4/ip4_addr.c **** /**
  51:ThirdPackage/lwip220/core/ipv4/ip4_addr.c ****  * Determine if an address is a broadcast address on a network interface
  52:ThirdPackage/lwip220/core/ipv4/ip4_addr.c ****  *
  53:ThirdPackage/lwip220/core/ipv4/ip4_addr.c ****  * @param addr address to be checked
  54:ThirdPackage/lwip220/core/ipv4/ip4_addr.c ****  * @param netif the network interface against which the address is checked
  55:ThirdPackage/lwip220/core/ipv4/ip4_addr.c ****  * @return returns non-zero if the address is a broadcast address
  56:ThirdPackage/lwip220/core/ipv4/ip4_addr.c ****  */
  57:ThirdPackage/lwip220/core/ipv4/ip4_addr.c **** u8_t
  58:ThirdPackage/lwip220/core/ipv4/ip4_addr.c **** ip4_addr_isbroadcast_u32(u32_t addr, const struct netif *netif)
  59:ThirdPackage/lwip220/core/ipv4/ip4_addr.c **** {
  30              		.loc 1 59 1 view -0
  31              		.cfi_startproc
  32              		@ args = 0, pretend = 0, frame = 0
  33              		@ frame_needed = 0, uses_anonymous_args = 0
  34              		@ link register save eliminated.
  35              		.loc 1 59 1 is_stmt 0 view .LVU1
  36 0000 0346     		mov	r3, r0
  60:ThirdPackage/lwip220/core/ipv4/ip4_addr.c ****   ip4_addr_t ipaddr;
  37              		.loc 1 60 3 is_stmt 1 view .LVU2
  61:ThirdPackage/lwip220/core/ipv4/ip4_addr.c ****   ip4_addr_set_u32(&ipaddr, addr);
  38              		.loc 1 61 3 view .LVU3
  62:ThirdPackage/lwip220/core/ipv4/ip4_addr.c **** 
  63:ThirdPackage/lwip220/core/ipv4/ip4_addr.c ****   /* all ones (broadcast) or all zeroes (old skool broadcast) */
  64:ThirdPackage/lwip220/core/ipv4/ip4_addr.c ****   if ((~addr == IPADDR_ANY) ||
  39              		.loc 1 64 3 view .LVU4
  40              		.loc 1 64 29 is_stmt 0 view .LVU5
  41 0002 421E     		subs	r2, r0, #1
  42              		.loc 1 64 6 view .LVU6
  43 0004 12F1030F 		cmn	r2, #3
  44 0008 12D8     		bhi	.L3
  65:ThirdPackage/lwip220/core/ipv4/ip4_addr.c ****       (addr == IPADDR_ANY)) {
  66:ThirdPackage/lwip220/core/ipv4/ip4_addr.c ****     return 1;
  67:ThirdPackage/lwip220/core/ipv4/ip4_addr.c ****     /* no broadcast support on this network interface? */
  68:ThirdPackage/lwip220/core/ipv4/ip4_addr.c ****   } else if ((netif->flags & NETIF_FLAG_BROADCAST) == 0) {
  45              		.loc 1 68 10 is_stmt 1 view .LVU7
  46              		.loc 1 68 20 is_stmt 0 view .LVU8
  47 000a 91F82D00 		ldrb	r0, [r1, #45]	@ zero_extendqisi2
ARM GAS  C:\Users\86188\AppData\Local\Temp\cc89L8Zq.s 			page 3


  48              	.LVL1:
  49              		.loc 1 68 13 view .LVU9
  50 000e 10F00200 		ands	r0, r0, #2
  51 0012 14D0     		beq	.L2
  69:ThirdPackage/lwip220/core/ipv4/ip4_addr.c ****     /* the given address cannot be a broadcast address
  70:ThirdPackage/lwip220/core/ipv4/ip4_addr.c ****      * nor can we check against any broadcast addresses */
  71:ThirdPackage/lwip220/core/ipv4/ip4_addr.c ****     return 0;
  72:ThirdPackage/lwip220/core/ipv4/ip4_addr.c ****     /* address matches network interface address exactly? => no broadcast */
  73:ThirdPackage/lwip220/core/ipv4/ip4_addr.c ****   } else if (addr == ip4_addr_get_u32(netif_ip4_addr(netif))) {
  52              		.loc 1 73 10 is_stmt 1 view .LVU10
  53              		.loc 1 73 22 is_stmt 0 view .LVU11
  54 0014 4A68     		ldr	r2, [r1, #4]
  55              		.loc 1 73 13 view .LVU12
  56 0016 9A42     		cmp	r2, r3
  57 0018 0CD0     		beq	.L4
  74:ThirdPackage/lwip220/core/ipv4/ip4_addr.c ****     return 0;
  75:ThirdPackage/lwip220/core/ipv4/ip4_addr.c ****     /*  on the same (sub) network... */
  76:ThirdPackage/lwip220/core/ipv4/ip4_addr.c ****   } else if (ip4_addr_net_eq(&ipaddr, netif_ip4_addr(netif), netif_ip4_netmask(netif))
  58              		.loc 1 76 10 is_stmt 1 view .LVU13
  59              		.loc 1 76 14 is_stmt 0 view .LVU14
  60 001a 8868     		ldr	r0, [r1, #8]
  61 001c 5A40     		eors	r2, r2, r3
  62              		.loc 1 76 13 view .LVU15
  63 001e 0242     		tst	r2, r0
  64 0020 0AD1     		bne	.L5
  77:ThirdPackage/lwip220/core/ipv4/ip4_addr.c ****              /* ...and host identifier bits are all ones? =>... */
  78:ThirdPackage/lwip220/core/ipv4/ip4_addr.c ****              && ((addr & ~ip4_addr_get_u32(netif_ip4_netmask(netif))) ==
  65              		.loc 1 78 26 view .LVU16
  66 0022 C243     		mvns	r2, r0
  67              		.loc 1 78 24 view .LVU17
  68 0024 23EA0003 		bic	r3, r3, r0
  69              	.LVL2:
  70              		.loc 1 78 14 view .LVU18
  71 0028 9A42     		cmp	r2, r3
  72 002a 07D0     		beq	.L6
  79:ThirdPackage/lwip220/core/ipv4/ip4_addr.c ****                  (IPADDR_BROADCAST & ~ip4_addr_get_u32(netif_ip4_netmask(netif))))) {
  80:ThirdPackage/lwip220/core/ipv4/ip4_addr.c ****     /* => network broadcast address */
  81:ThirdPackage/lwip220/core/ipv4/ip4_addr.c ****     return 1;
  82:ThirdPackage/lwip220/core/ipv4/ip4_addr.c ****   } else {
  83:ThirdPackage/lwip220/core/ipv4/ip4_addr.c ****     return 0;
  73              		.loc 1 83 12 view .LVU19
  74 002c 0020     		movs	r0, #0
  75 002e 7047     		bx	lr
  76              	.LVL3:
  77              	.L3:
  66:ThirdPackage/lwip220/core/ipv4/ip4_addr.c ****     /* no broadcast support on this network interface? */
  78              		.loc 1 66 12 view .LVU20
  79 0030 0120     		movs	r0, #1
  80              	.LVL4:
  66:ThirdPackage/lwip220/core/ipv4/ip4_addr.c ****     /* no broadcast support on this network interface? */
  81              		.loc 1 66 12 view .LVU21
  82 0032 7047     		bx	lr
  83              	.L4:
  74:ThirdPackage/lwip220/core/ipv4/ip4_addr.c ****     /*  on the same (sub) network... */
  84              		.loc 1 74 12 view .LVU22
  85 0034 0020     		movs	r0, #0
  86 0036 7047     		bx	lr
ARM GAS  C:\Users\86188\AppData\Local\Temp\cc89L8Zq.s 			page 4


  87              	.L5:
  88              		.loc 1 83 12 view .LVU23
  89 0038 0020     		movs	r0, #0
  90 003a 7047     		bx	lr
  91              	.LVL5:
  92              	.L6:
  81:ThirdPackage/lwip220/core/ipv4/ip4_addr.c ****   } else {
  93              		.loc 1 81 12 view .LVU24
  94 003c 0120     		movs	r0, #1
  95              	.L2:
  84:ThirdPackage/lwip220/core/ipv4/ip4_addr.c ****   }
  85:ThirdPackage/lwip220/core/ipv4/ip4_addr.c **** }
  96              		.loc 1 85 1 view .LVU25
  97 003e 7047     		bx	lr
  98              		.cfi_endproc
  99              	.LFE160:
 101              		.section	.text.ip4_addr_netmask_valid,"ax",%progbits
 102              		.align	1
 103              		.global	ip4_addr_netmask_valid
 104              		.syntax unified
 105              		.thumb
 106              		.thumb_func
 108              	ip4_addr_netmask_valid:
 109              	.LVL6:
 110              	.LFB161:
  86:ThirdPackage/lwip220/core/ipv4/ip4_addr.c **** 
  87:ThirdPackage/lwip220/core/ipv4/ip4_addr.c **** /** Checks if a netmask is valid (starting with ones, then only zeros)
  88:ThirdPackage/lwip220/core/ipv4/ip4_addr.c ****  *
  89:ThirdPackage/lwip220/core/ipv4/ip4_addr.c ****  * @param netmask the IPv4 netmask to check (in network byte order!)
  90:ThirdPackage/lwip220/core/ipv4/ip4_addr.c ****  * @return 1 if the netmask is valid, 0 if it is not
  91:ThirdPackage/lwip220/core/ipv4/ip4_addr.c ****  */
  92:ThirdPackage/lwip220/core/ipv4/ip4_addr.c **** u8_t
  93:ThirdPackage/lwip220/core/ipv4/ip4_addr.c **** ip4_addr_netmask_valid(u32_t netmask)
  94:ThirdPackage/lwip220/core/ipv4/ip4_addr.c **** {
 111              		.loc 1 94 1 is_stmt 1 view -0
 112              		.cfi_startproc
 113              		@ args = 0, pretend = 0, frame = 0
 114              		@ frame_needed = 0, uses_anonymous_args = 0
 115              		.loc 1 94 1 is_stmt 0 view .LVU27
 116 0000 08B5     		push	{r3, lr}
 117              	.LCFI0:
 118              		.cfi_def_cfa_offset 8
 119              		.cfi_offset 3, -8
 120              		.cfi_offset 14, -4
  95:ThirdPackage/lwip220/core/ipv4/ip4_addr.c ****   u32_t mask;
 121              		.loc 1 95 3 is_stmt 1 view .LVU28
  96:ThirdPackage/lwip220/core/ipv4/ip4_addr.c ****   u32_t nm_hostorder = lwip_htonl(netmask);
 122              		.loc 1 96 3 view .LVU29
 123              		.loc 1 96 24 is_stmt 0 view .LVU30
 124 0002 FFF7FEFF 		bl	lwip_htonl
 125              	.LVL7:
  97:ThirdPackage/lwip220/core/ipv4/ip4_addr.c **** 
  98:ThirdPackage/lwip220/core/ipv4/ip4_addr.c ****   /* first, check for the first zero */
  99:ThirdPackage/lwip220/core/ipv4/ip4_addr.c ****   for (mask = 1UL << 31 ; mask != 0; mask >>= 1) {
 126              		.loc 1 99 3 is_stmt 1 view .LVU31
 127              		.loc 1 99 13 is_stmt 0 view .LVU32
 128 0006 4FF00043 		mov	r3, #-2147483648
ARM GAS  C:\Users\86188\AppData\Local\Temp\cc89L8Zq.s 			page 5


 129              	.LVL8:
 130              	.L8:
 131              		.loc 1 99 27 is_stmt 1 discriminator 1 view .LVU33
 132              		.loc 1 99 3 is_stmt 0 discriminator 1 view .LVU34
 133 000a 1BB1     		cbz	r3, .L12
 100:ThirdPackage/lwip220/core/ipv4/ip4_addr.c ****     if ((nm_hostorder & mask) == 0) {
 134              		.loc 1 100 5 is_stmt 1 view .LVU35
 135              		.loc 1 100 8 is_stmt 0 view .LVU36
 136 000c 0342     		tst	r3, r0
 137 000e 01D0     		beq	.L12
  99:ThirdPackage/lwip220/core/ipv4/ip4_addr.c ****     if ((nm_hostorder & mask) == 0) {
 138              		.loc 1 99 38 is_stmt 1 discriminator 2 view .LVU37
  99:ThirdPackage/lwip220/core/ipv4/ip4_addr.c ****     if ((nm_hostorder & mask) == 0) {
 139              		.loc 1 99 43 is_stmt 0 discriminator 2 view .LVU38
 140 0010 5B08     		lsrs	r3, r3, #1
 141              	.LVL9:
  99:ThirdPackage/lwip220/core/ipv4/ip4_addr.c ****     if ((nm_hostorder & mask) == 0) {
 142              		.loc 1 99 43 discriminator 2 view .LVU39
 143 0012 FAE7     		b	.L8
 144              	.L12:
 101:ThirdPackage/lwip220/core/ipv4/ip4_addr.c ****       break;
 102:ThirdPackage/lwip220/core/ipv4/ip4_addr.c ****     }
 103:ThirdPackage/lwip220/core/ipv4/ip4_addr.c ****   }
 104:ThirdPackage/lwip220/core/ipv4/ip4_addr.c ****   /* then check that there is no one */
 105:ThirdPackage/lwip220/core/ipv4/ip4_addr.c ****   for (; mask != 0; mask >>= 1) {
 145              		.loc 1 105 10 is_stmt 1 discriminator 1 view .LVU40
 146              		.loc 1 105 3 is_stmt 0 discriminator 1 view .LVU41
 147 0014 1BB1     		cbz	r3, .L16
 106:ThirdPackage/lwip220/core/ipv4/ip4_addr.c ****     if ((nm_hostorder & mask) != 0) {
 148              		.loc 1 106 5 is_stmt 1 view .LVU42
 149              		.loc 1 106 8 is_stmt 0 view .LVU43
 150 0016 0342     		tst	r3, r0
 151 0018 03D1     		bne	.L14
 105:ThirdPackage/lwip220/core/ipv4/ip4_addr.c ****     if ((nm_hostorder & mask) != 0) {
 152              		.loc 1 105 21 is_stmt 1 view .LVU44
 105:ThirdPackage/lwip220/core/ipv4/ip4_addr.c ****     if ((nm_hostorder & mask) != 0) {
 153              		.loc 1 105 26 is_stmt 0 view .LVU45
 154 001a 5B08     		lsrs	r3, r3, #1
 155              	.LVL10:
 105:ThirdPackage/lwip220/core/ipv4/ip4_addr.c ****     if ((nm_hostorder & mask) != 0) {
 156              		.loc 1 105 26 view .LVU46
 157 001c FAE7     		b	.L12
 158              	.L16:
 107:ThirdPackage/lwip220/core/ipv4/ip4_addr.c ****       /* there is a one after the first zero -> invalid */
 108:ThirdPackage/lwip220/core/ipv4/ip4_addr.c ****       return 0;
 109:ThirdPackage/lwip220/core/ipv4/ip4_addr.c ****     }
 110:ThirdPackage/lwip220/core/ipv4/ip4_addr.c ****   }
 111:ThirdPackage/lwip220/core/ipv4/ip4_addr.c ****   /* no one after the first zero -> valid */
 112:ThirdPackage/lwip220/core/ipv4/ip4_addr.c ****   return 1;
 159              		.loc 1 112 10 view .LVU47
 160 001e 0120     		movs	r0, #1
 161              	.LVL11:
 162              	.L11:
 113:ThirdPackage/lwip220/core/ipv4/ip4_addr.c **** }
 163              		.loc 1 113 1 view .LVU48
 164 0020 08BD     		pop	{r3, pc}
 165              	.LVL12:
ARM GAS  C:\Users\86188\AppData\Local\Temp\cc89L8Zq.s 			page 6


 166              	.L14:
 108:ThirdPackage/lwip220/core/ipv4/ip4_addr.c ****     }
 167              		.loc 1 108 14 view .LVU49
 168 0022 0020     		movs	r0, #0
 169              	.LVL13:
 108:ThirdPackage/lwip220/core/ipv4/ip4_addr.c ****     }
 170              		.loc 1 108 14 view .LVU50
 171 0024 FCE7     		b	.L11
 172              		.cfi_endproc
 173              	.LFE161:
 175              		.section	.rodata.ip4addr_aton.str1.4,"aMS",%progbits,1
 176              		.align	2
 177              	.LC0:
 178 0000 54686972 		.ascii	"ThirdPackage/lwip220/core/ipv4/ip4_addr.c\000"
 178      64506163 
 178      6B616765 
 178      2F6C7769 
 178      70323230 
 179 002a 0000     		.align	2
 180              	.LC1:
 181 002c 756E6861 		.ascii	"unhandled\000"
 181      6E646C65 
 181      6400
 182 0036 0000     		.align	2
 183              	.LC2:
 184 0038 41737365 		.ascii	"Assertion \"%s\" failed at line %d in %s\012\000"
 184      7274696F 
 184      6E202225 
 184      73222066 
 184      61696C65 
 185              		.section	.text.ip4addr_aton,"ax",%progbits
 186              		.align	1
 187              		.global	ip4addr_aton
 188              		.syntax unified
 189              		.thumb
 190              		.thumb_func
 192              	ip4addr_aton:
 193              	.LVL14:
 194              	.LFB163:
 114:ThirdPackage/lwip220/core/ipv4/ip4_addr.c **** 
 115:ThirdPackage/lwip220/core/ipv4/ip4_addr.c **** /**
 116:ThirdPackage/lwip220/core/ipv4/ip4_addr.c ****  * Ascii internet address interpretation routine.
 117:ThirdPackage/lwip220/core/ipv4/ip4_addr.c ****  * The value returned is in network order.
 118:ThirdPackage/lwip220/core/ipv4/ip4_addr.c ****  *
 119:ThirdPackage/lwip220/core/ipv4/ip4_addr.c ****  * @param cp IP address in ascii representation (e.g. "127.0.0.1")
 120:ThirdPackage/lwip220/core/ipv4/ip4_addr.c ****  * @return ip address in network order
 121:ThirdPackage/lwip220/core/ipv4/ip4_addr.c ****  */
 122:ThirdPackage/lwip220/core/ipv4/ip4_addr.c **** u32_t
 123:ThirdPackage/lwip220/core/ipv4/ip4_addr.c **** ipaddr_addr(const char *cp)
 124:ThirdPackage/lwip220/core/ipv4/ip4_addr.c **** {
 125:ThirdPackage/lwip220/core/ipv4/ip4_addr.c ****   ip4_addr_t val;
 126:ThirdPackage/lwip220/core/ipv4/ip4_addr.c **** 
 127:ThirdPackage/lwip220/core/ipv4/ip4_addr.c ****   if (ip4addr_aton(cp, &val)) {
 128:ThirdPackage/lwip220/core/ipv4/ip4_addr.c ****     return ip4_addr_get_u32(&val);
 129:ThirdPackage/lwip220/core/ipv4/ip4_addr.c ****   }
 130:ThirdPackage/lwip220/core/ipv4/ip4_addr.c ****   return (IPADDR_NONE);
 131:ThirdPackage/lwip220/core/ipv4/ip4_addr.c **** }
ARM GAS  C:\Users\86188\AppData\Local\Temp\cc89L8Zq.s 			page 7


 132:ThirdPackage/lwip220/core/ipv4/ip4_addr.c **** 
 133:ThirdPackage/lwip220/core/ipv4/ip4_addr.c **** /**
 134:ThirdPackage/lwip220/core/ipv4/ip4_addr.c ****  * Check whether "cp" is a valid ascii representation
 135:ThirdPackage/lwip220/core/ipv4/ip4_addr.c ****  * of an Internet address and convert to a binary address.
 136:ThirdPackage/lwip220/core/ipv4/ip4_addr.c ****  * Returns 1 if the address is valid, 0 if not.
 137:ThirdPackage/lwip220/core/ipv4/ip4_addr.c ****  * This replaces inet_addr, the return value from which
 138:ThirdPackage/lwip220/core/ipv4/ip4_addr.c ****  * cannot distinguish between failure and a local broadcast address.
 139:ThirdPackage/lwip220/core/ipv4/ip4_addr.c ****  *
 140:ThirdPackage/lwip220/core/ipv4/ip4_addr.c ****  * @param cp IP address in ascii representation (e.g. "127.0.0.1")
 141:ThirdPackage/lwip220/core/ipv4/ip4_addr.c ****  * @param addr pointer to which to save the ip address in network order
 142:ThirdPackage/lwip220/core/ipv4/ip4_addr.c ****  * @return 1 if cp could be converted to addr, 0 on failure
 143:ThirdPackage/lwip220/core/ipv4/ip4_addr.c ****  */
 144:ThirdPackage/lwip220/core/ipv4/ip4_addr.c **** int
 145:ThirdPackage/lwip220/core/ipv4/ip4_addr.c **** ip4addr_aton(const char *cp, ip4_addr_t *addr)
 146:ThirdPackage/lwip220/core/ipv4/ip4_addr.c **** {
 195              		.loc 1 146 1 is_stmt 1 view -0
 196              		.cfi_startproc
 197              		@ args = 0, pretend = 0, frame = 16
 198              		@ frame_needed = 0, uses_anonymous_args = 0
 199              		.loc 1 146 1 is_stmt 0 view .LVU52
 200 0000 70B5     		push	{r4, r5, r6, lr}
 201              	.LCFI1:
 202              		.cfi_def_cfa_offset 16
 203              		.cfi_offset 4, -16
 204              		.cfi_offset 5, -12
 205              		.cfi_offset 6, -8
 206              		.cfi_offset 14, -4
 207 0002 84B0     		sub	sp, sp, #16
 208              	.LCFI2:
 209              		.cfi_def_cfa_offset 32
 210 0004 0C46     		mov	r4, r1
 147:ThirdPackage/lwip220/core/ipv4/ip4_addr.c ****   u32_t val;
 211              		.loc 1 147 3 is_stmt 1 view .LVU53
 148:ThirdPackage/lwip220/core/ipv4/ip4_addr.c ****   u8_t base;
 212              		.loc 1 148 3 view .LVU54
 149:ThirdPackage/lwip220/core/ipv4/ip4_addr.c ****   char c;
 213              		.loc 1 149 3 view .LVU55
 150:ThirdPackage/lwip220/core/ipv4/ip4_addr.c ****   u32_t parts[4];
 214              		.loc 1 150 3 view .LVU56
 151:ThirdPackage/lwip220/core/ipv4/ip4_addr.c ****   u32_t *pp = parts;
 215              		.loc 1 151 3 view .LVU57
 216              	.LVL15:
 152:ThirdPackage/lwip220/core/ipv4/ip4_addr.c **** 
 153:ThirdPackage/lwip220/core/ipv4/ip4_addr.c ****   c = *cp;
 217              		.loc 1 153 3 view .LVU58
 218              		.loc 1 153 5 is_stmt 0 view .LVU59
 219 0006 0378     		ldrb	r3, [r0]	@ zero_extendqisi2
 220              	.LVL16:
 151:ThirdPackage/lwip220/core/ipv4/ip4_addr.c ****   u32_t *pp = parts;
 221              		.loc 1 151 10 view .LVU60
 222 0008 EE46     		mov	lr, sp
 223 000a 27E0     		b	.L28
 224              	.LVL17:
 225              	.L53:
 154:ThirdPackage/lwip220/core/ipv4/ip4_addr.c ****   for (;;) {
 155:ThirdPackage/lwip220/core/ipv4/ip4_addr.c ****     /*
 156:ThirdPackage/lwip220/core/ipv4/ip4_addr.c ****      * Collect number up to ``.''.
ARM GAS  C:\Users\86188\AppData\Local\Temp\cc89L8Zq.s 			page 8


 157:ThirdPackage/lwip220/core/ipv4/ip4_addr.c ****      * Values are specified as for C:
 158:ThirdPackage/lwip220/core/ipv4/ip4_addr.c ****      * 0x=hex, 0=octal, 1-9=decimal.
 159:ThirdPackage/lwip220/core/ipv4/ip4_addr.c ****      */
 160:ThirdPackage/lwip220/core/ipv4/ip4_addr.c ****     if (!lwip_isdigit(c)) {
 161:ThirdPackage/lwip220/core/ipv4/ip4_addr.c ****       return 0;
 162:ThirdPackage/lwip220/core/ipv4/ip4_addr.c ****     }
 163:ThirdPackage/lwip220/core/ipv4/ip4_addr.c ****     val = 0;
 164:ThirdPackage/lwip220/core/ipv4/ip4_addr.c ****     base = 10;
 165:ThirdPackage/lwip220/core/ipv4/ip4_addr.c ****     if (c == '0') {
 166:ThirdPackage/lwip220/core/ipv4/ip4_addr.c ****       c = *++cp;
 226              		.loc 1 166 7 is_stmt 1 view .LVU61
 227              		.loc 1 166 9 is_stmt 0 view .LVU62
 228 000c 421C     		adds	r2, r0, #1
 229              	.LVL18:
 230              		.loc 1 166 9 view .LVU63
 231 000e 4378     		ldrb	r3, [r0, #1]	@ zero_extendqisi2
 232              	.LVL19:
 167:ThirdPackage/lwip220/core/ipv4/ip4_addr.c ****       if (c == 'x' || c == 'X') {
 233              		.loc 1 167 7 is_stmt 1 view .LVU64
 234              		.loc 1 167 10 is_stmt 0 view .LVU65
 235 0010 782B     		cmp	r3, #120
 236 0012 04D0     		beq	.L20
 237              		.loc 1 167 20 discriminator 1 view .LVU66
 238 0014 582B     		cmp	r3, #88
 239 0016 02D0     		beq	.L20
 166:ThirdPackage/lwip220/core/ipv4/ip4_addr.c ****       if (c == 'x' || c == 'X') {
 240              		.loc 1 166 9 view .LVU67
 241 0018 1046     		mov	r0, r2
 168:ThirdPackage/lwip220/core/ipv4/ip4_addr.c ****         base = 16;
 169:ThirdPackage/lwip220/core/ipv4/ip4_addr.c ****         c = *++cp;
 170:ThirdPackage/lwip220/core/ipv4/ip4_addr.c ****       } else {
 171:ThirdPackage/lwip220/core/ipv4/ip4_addr.c ****         base = 8;
 242              		.loc 1 171 14 view .LVU68
 243 001a 0821     		movs	r1, #8
 244 001c 26E0     		b	.L19
 245              	.L20:
 168:ThirdPackage/lwip220/core/ipv4/ip4_addr.c ****         base = 16;
 246              		.loc 1 168 9 is_stmt 1 view .LVU69
 247              	.LVL20:
 169:ThirdPackage/lwip220/core/ipv4/ip4_addr.c ****       } else {
 248              		.loc 1 169 9 view .LVU70
 169:ThirdPackage/lwip220/core/ipv4/ip4_addr.c ****       } else {
 249              		.loc 1 169 11 is_stmt 0 view .LVU71
 250 001e 8378     		ldrb	r3, [r0, #2]	@ zero_extendqisi2
 251              	.LVL21:
 169:ThirdPackage/lwip220/core/ipv4/ip4_addr.c ****       } else {
 252              		.loc 1 169 11 view .LVU72
 253 0020 0230     		adds	r0, r0, #2
 254              	.LVL22:
 168:ThirdPackage/lwip220/core/ipv4/ip4_addr.c ****         base = 16;
 255              		.loc 1 168 14 view .LVU73
 256 0022 1021     		movs	r1, #16
 169:ThirdPackage/lwip220/core/ipv4/ip4_addr.c ****       } else {
 257              		.loc 1 169 11 view .LVU74
 258 0024 22E0     		b	.L19
 259              	.LVL23:
 260              	.L23:
ARM GAS  C:\Users\86188\AppData\Local\Temp\cc89L8Zq.s 			page 9


 172:ThirdPackage/lwip220/core/ipv4/ip4_addr.c ****       }
 173:ThirdPackage/lwip220/core/ipv4/ip4_addr.c ****     }
 174:ThirdPackage/lwip220/core/ipv4/ip4_addr.c ****     for (;;) {
 175:ThirdPackage/lwip220/core/ipv4/ip4_addr.c ****       if (lwip_isdigit(c)) {
 176:ThirdPackage/lwip220/core/ipv4/ip4_addr.c ****         if((base == 8) && ((u32_t)(c - '0') >= 8))
 177:ThirdPackage/lwip220/core/ipv4/ip4_addr.c ****           break;
 178:ThirdPackage/lwip220/core/ipv4/ip4_addr.c ****         val = (val * base) + (u32_t)(c - '0');
 261              		.loc 1 178 9 is_stmt 1 view .LVU75
 262              		.loc 1 178 28 is_stmt 0 view .LVU76
 263 0026 05FB01CC 		mla	ip, r5, r1, ip
 264              		.loc 1 178 13 view .LVU77
 265 002a ACF13005 		sub	r5, ip, #48
 266              	.LVL24:
 179:ThirdPackage/lwip220/core/ipv4/ip4_addr.c ****         c = *++cp;
 267              		.loc 1 179 9 is_stmt 1 view .LVU78
 268              		.loc 1 179 11 is_stmt 0 view .LVU79
 269 002e 10F8013F 		ldrb	r3, [r0, #1]!	@ zero_extendqisi2
 270              	.LVL25:
 271              	.L21:
 174:ThirdPackage/lwip220/core/ipv4/ip4_addr.c ****       if (lwip_isdigit(c)) {
 272              		.loc 1 174 5 is_stmt 1 view .LVU80
 175:ThirdPackage/lwip220/core/ipv4/ip4_addr.c ****         if((base == 8) && ((u32_t)(c - '0') >= 8))
 273              		.loc 1 175 7 view .LVU81
 175:ThirdPackage/lwip220/core/ipv4/ip4_addr.c ****         if((base == 8) && ((u32_t)(c - '0') >= 8))
 274              		.loc 1 175 11 is_stmt 0 view .LVU82
 275 0032 9C46     		mov	ip, r3
 276 0034 4A4A     		ldr	r2, .L55
 277 0036 9A5C     		ldrb	r2, [r3, r2]	@ zero_extendqisi2
 175:ThirdPackage/lwip220/core/ipv4/ip4_addr.c ****         if((base == 8) && ((u32_t)(c - '0') >= 8))
 278              		.loc 1 175 10 view .LVU83
 279 0038 12F0040F 		tst	r2, #4
 280 003c 18D0     		beq	.L22
 176:ThirdPackage/lwip220/core/ipv4/ip4_addr.c ****           break;
 281              		.loc 1 176 9 is_stmt 1 view .LVU84
 176:ThirdPackage/lwip220/core/ipv4/ip4_addr.c ****           break;
 282              		.loc 1 176 11 is_stmt 0 view .LVU85
 283 003e 0829     		cmp	r1, #8
 284 0040 F1D1     		bne	.L23
 176:ThirdPackage/lwip220/core/ipv4/ip4_addr.c ****           break;
 285              		.loc 1 176 38 discriminator 1 view .LVU86
 286 0042 A3F13006 		sub	r6, r3, #48
 176:ThirdPackage/lwip220/core/ipv4/ip4_addr.c ****           break;
 287              		.loc 1 176 24 discriminator 1 view .LVU87
 288 0046 072E     		cmp	r6, #7
 289 0048 EDD9     		bls	.L23
 290              	.L24:
 180:ThirdPackage/lwip220/core/ipv4/ip4_addr.c ****       } else if (base == 16 && lwip_isxdigit(c)) {
 181:ThirdPackage/lwip220/core/ipv4/ip4_addr.c ****         val = (val << 4) | (u32_t)(c + 10 - (lwip_islower(c) ? 'a' : 'A'));
 182:ThirdPackage/lwip220/core/ipv4/ip4_addr.c ****         c = *++cp;
 183:ThirdPackage/lwip220/core/ipv4/ip4_addr.c ****       } else {
 184:ThirdPackage/lwip220/core/ipv4/ip4_addr.c ****         break;
 185:ThirdPackage/lwip220/core/ipv4/ip4_addr.c ****       }
 186:ThirdPackage/lwip220/core/ipv4/ip4_addr.c ****     }
 187:ThirdPackage/lwip220/core/ipv4/ip4_addr.c ****     if (c == '.') {
 291              		.loc 1 187 5 is_stmt 1 view .LVU88
 292              		.loc 1 187 8 is_stmt 0 view .LVU89
 293 004a 2E2B     		cmp	r3, #46
ARM GAS  C:\Users\86188\AppData\Local\Temp\cc89L8Zq.s 			page 10


 294 004c 25D1     		bne	.L27
 188:ThirdPackage/lwip220/core/ipv4/ip4_addr.c ****       /*
 189:ThirdPackage/lwip220/core/ipv4/ip4_addr.c ****        * Internet format:
 190:ThirdPackage/lwip220/core/ipv4/ip4_addr.c ****        *  a.b.c.d
 191:ThirdPackage/lwip220/core/ipv4/ip4_addr.c ****        *  a.b.c   (with c treated as 16 bits)
 192:ThirdPackage/lwip220/core/ipv4/ip4_addr.c ****        *  a.b (with b treated as 24 bits)
 193:ThirdPackage/lwip220/core/ipv4/ip4_addr.c ****        */
 194:ThirdPackage/lwip220/core/ipv4/ip4_addr.c ****       if (pp >= parts + 3) {
 295              		.loc 1 194 7 is_stmt 1 view .LVU90
 296              		.loc 1 194 10 is_stmt 0 view .LVU91
 297 004e 03AB     		add	r3, sp, #12
 298              	.LVL26:
 299              		.loc 1 194 10 view .LVU92
 300 0050 9E45     		cmp	lr, r3
 301 0052 6BD2     		bcs	.L40
 195:ThirdPackage/lwip220/core/ipv4/ip4_addr.c ****         return 0;
 196:ThirdPackage/lwip220/core/ipv4/ip4_addr.c ****       }
 197:ThirdPackage/lwip220/core/ipv4/ip4_addr.c ****       *pp++ = val;
 302              		.loc 1 197 7 is_stmt 1 view .LVU93
 303              	.LVL27:
 304              		.loc 1 197 13 is_stmt 0 view .LVU94
 305 0054 4EF8045B 		str	r5, [lr], #4
 306              	.LVL28:
 198:ThirdPackage/lwip220/core/ipv4/ip4_addr.c ****       c = *++cp;
 307              		.loc 1 198 7 is_stmt 1 view .LVU95
 308              		.loc 1 198 9 is_stmt 0 view .LVU96
 309 0058 4378     		ldrb	r3, [r0, #1]	@ zero_extendqisi2
 310              	.LVL29:
 154:ThirdPackage/lwip220/core/ipv4/ip4_addr.c ****     /*
 311              		.loc 1 154 9 is_stmt 1 view .LVU97
 312              		.loc 1 198 9 is_stmt 0 view .LVU98
 313 005a 0130     		adds	r0, r0, #1
 314              	.LVL30:
 315              	.L28:
 154:ThirdPackage/lwip220/core/ipv4/ip4_addr.c ****     /*
 316              		.loc 1 154 3 is_stmt 1 view .LVU99
 160:ThirdPackage/lwip220/core/ipv4/ip4_addr.c ****       return 0;
 317              		.loc 1 160 5 view .LVU100
 160:ThirdPackage/lwip220/core/ipv4/ip4_addr.c ****       return 0;
 318              		.loc 1 160 10 is_stmt 0 view .LVU101
 319 005c 404A     		ldr	r2, .L55
 320 005e 9A5C     		ldrb	r2, [r3, r2]	@ zero_extendqisi2
 160:ThirdPackage/lwip220/core/ipv4/ip4_addr.c ****       return 0;
 321              		.loc 1 160 8 view .LVU102
 322 0060 12F0040F 		tst	r2, #4
 323 0064 60D0     		beq	.L36
 163:ThirdPackage/lwip220/core/ipv4/ip4_addr.c ****     base = 10;
 324              		.loc 1 163 5 is_stmt 1 view .LVU103
 325              	.LVL31:
 164:ThirdPackage/lwip220/core/ipv4/ip4_addr.c ****     if (c == '0') {
 326              		.loc 1 164 5 view .LVU104
 165:ThirdPackage/lwip220/core/ipv4/ip4_addr.c ****       c = *++cp;
 327              		.loc 1 165 5 view .LVU105
 165:ThirdPackage/lwip220/core/ipv4/ip4_addr.c ****       c = *++cp;
 328              		.loc 1 165 8 is_stmt 0 view .LVU106
 329 0066 302B     		cmp	r3, #48
 330 0068 D0D0     		beq	.L53
ARM GAS  C:\Users\86188\AppData\Local\Temp\cc89L8Zq.s 			page 11


 164:ThirdPackage/lwip220/core/ipv4/ip4_addr.c ****     if (c == '0') {
 331              		.loc 1 164 10 view .LVU107
 332 006a 0A21     		movs	r1, #10
 333              	.LVL32:
 334              	.L19:
 171:ThirdPackage/lwip220/core/ipv4/ip4_addr.c ****       }
 335              		.loc 1 171 14 view .LVU108
 336 006c 0025     		movs	r5, #0
 337 006e E0E7     		b	.L21
 338              	.LVL33:
 339              	.L22:
 180:ThirdPackage/lwip220/core/ipv4/ip4_addr.c ****         val = (val << 4) | (u32_t)(c + 10 - (lwip_islower(c) ? 'a' : 'A'));
 340              		.loc 1 180 14 is_stmt 1 view .LVU109
 180:ThirdPackage/lwip220/core/ipv4/ip4_addr.c ****         val = (val << 4) | (u32_t)(c + 10 - (lwip_islower(c) ? 'a' : 'A'));
 341              		.loc 1 180 17 is_stmt 0 view .LVU110
 342 0070 1029     		cmp	r1, #16
 343 0072 EAD1     		bne	.L24
 180:ThirdPackage/lwip220/core/ipv4/ip4_addr.c ****         val = (val << 4) | (u32_t)(c + 10 - (lwip_islower(c) ? 'a' : 'A'));
 344              		.loc 1 180 29 discriminator 1 view .LVU111
 345 0074 12F0440F 		tst	r2, #68
 346 0078 E7D0     		beq	.L24
 181:ThirdPackage/lwip220/core/ipv4/ip4_addr.c ****         c = *++cp;
 347              		.loc 1 181 9 is_stmt 1 view .LVU112
 181:ThirdPackage/lwip220/core/ipv4/ip4_addr.c ****         c = *++cp;
 348              		.loc 1 181 20 is_stmt 0 view .LVU113
 349 007a 4FEA051C 		lsl	ip, r5, #4
 181:ThirdPackage/lwip220/core/ipv4/ip4_addr.c ****         c = *++cp;
 350              		.loc 1 181 38 view .LVU114
 351 007e 0A33     		adds	r3, r3, #10
 352              	.LVL34:
 181:ThirdPackage/lwip220/core/ipv4/ip4_addr.c ****         c = *++cp;
 353              		.loc 1 181 68 view .LVU115
 354 0080 02F00302 		and	r2, r2, #3
 355 0084 022A     		cmp	r2, #2
 356 0086 06D0     		beq	.L54
 357 0088 4122     		movs	r2, #65
 358              	.L26:
 181:ThirdPackage/lwip220/core/ipv4/ip4_addr.c ****         c = *++cp;
 359              		.loc 1 181 43 discriminator 4 view .LVU116
 360 008a 9B1A     		subs	r3, r3, r2
 181:ThirdPackage/lwip220/core/ipv4/ip4_addr.c ****         c = *++cp;
 361              		.loc 1 181 13 discriminator 4 view .LVU117
 362 008c 4CEA0305 		orr	r5, ip, r3
 363              	.LVL35:
 182:ThirdPackage/lwip220/core/ipv4/ip4_addr.c ****       } else {
 364              		.loc 1 182 9 is_stmt 1 discriminator 4 view .LVU118
 182:ThirdPackage/lwip220/core/ipv4/ip4_addr.c ****       } else {
 365              		.loc 1 182 11 is_stmt 0 discriminator 4 view .LVU119
 366 0090 10F8013F 		ldrb	r3, [r0, #1]!	@ zero_extendqisi2
 367              	.LVL36:
 182:ThirdPackage/lwip220/core/ipv4/ip4_addr.c ****       } else {
 368              		.loc 1 182 11 discriminator 4 view .LVU120
 369 0094 CDE7     		b	.L21
 370              	.LVL37:
 371              	.L54:
 181:ThirdPackage/lwip220/core/ipv4/ip4_addr.c ****         c = *++cp;
 372              		.loc 1 181 68 view .LVU121
ARM GAS  C:\Users\86188\AppData\Local\Temp\cc89L8Zq.s 			page 12


 373 0096 6122     		movs	r2, #97
 374 0098 F7E7     		b	.L26
 375              	.LVL38:
 376              	.L27:
 199:ThirdPackage/lwip220/core/ipv4/ip4_addr.c ****     } else {
 200:ThirdPackage/lwip220/core/ipv4/ip4_addr.c ****       break;
 201:ThirdPackage/lwip220/core/ipv4/ip4_addr.c ****     }
 202:ThirdPackage/lwip220/core/ipv4/ip4_addr.c ****   }
 203:ThirdPackage/lwip220/core/ipv4/ip4_addr.c ****   /*
 204:ThirdPackage/lwip220/core/ipv4/ip4_addr.c ****    * Check for trailing characters.
 205:ThirdPackage/lwip220/core/ipv4/ip4_addr.c ****    */
 206:ThirdPackage/lwip220/core/ipv4/ip4_addr.c ****   if (c != '\0' && !lwip_isspace(c)) {
 377              		.loc 1 206 3 is_stmt 1 view .LVU122
 378              		.loc 1 206 6 is_stmt 0 view .LVU123
 379 009a 13B1     		cbz	r3, .L29
 380              		.loc 1 206 17 discriminator 1 view .LVU124
 381 009c 12F0080F 		tst	r2, #8
 382 00a0 47D0     		beq	.L41
 383              	.L29:
 207:ThirdPackage/lwip220/core/ipv4/ip4_addr.c ****     return 0;
 208:ThirdPackage/lwip220/core/ipv4/ip4_addr.c ****   }
 209:ThirdPackage/lwip220/core/ipv4/ip4_addr.c ****   /*
 210:ThirdPackage/lwip220/core/ipv4/ip4_addr.c ****    * Concoct the address according to
 211:ThirdPackage/lwip220/core/ipv4/ip4_addr.c ****    * the number of parts specified.
 212:ThirdPackage/lwip220/core/ipv4/ip4_addr.c ****    */
 213:ThirdPackage/lwip220/core/ipv4/ip4_addr.c ****   switch (pp - parts + 1) {
 384              		.loc 1 213 3 is_stmt 1 view .LVU125
 385              		.loc 1 213 14 is_stmt 0 view .LVU126
 386 00a2 6846     		mov	r0, sp
 387              	.LVL39:
 388              		.loc 1 213 14 view .LVU127
 389 00a4 AEEB0000 		sub	r0, lr, r0
 390 00a8 8010     		asrs	r0, r0, #2
 391              		.loc 1 213 22 view .LVU128
 392 00aa 0130     		adds	r0, r0, #1
 393              		.loc 1 213 3 view .LVU129
 394 00ac 0428     		cmp	r0, #4
 395 00ae 34D8     		bhi	.L30
 396 00b0 DFE800F0 		tbb	[pc, r0]
 397              	.LVL40:
 398              	.L32:
 399 00b4 3D       		.byte	(.L17-.L32)/2
 400 00b5 0B       		.byte	(.L35-.L32)/2
 401 00b6 03       		.byte	(.L34-.L32)/2
 402 00b7 13       		.byte	(.L33-.L32)/2
 403 00b8 21       		.byte	(.L31-.L32)/2
 404 00b9 00       		.p2align 1
 405              	.L34:
 214:ThirdPackage/lwip220/core/ipv4/ip4_addr.c **** 
 215:ThirdPackage/lwip220/core/ipv4/ip4_addr.c ****     case 0:
 216:ThirdPackage/lwip220/core/ipv4/ip4_addr.c ****       return 0;       /* initial nondigit */
 217:ThirdPackage/lwip220/core/ipv4/ip4_addr.c **** 
 218:ThirdPackage/lwip220/core/ipv4/ip4_addr.c ****     case 1:             /* a -- 32 bits */
 219:ThirdPackage/lwip220/core/ipv4/ip4_addr.c ****       break;
 220:ThirdPackage/lwip220/core/ipv4/ip4_addr.c **** 
 221:ThirdPackage/lwip220/core/ipv4/ip4_addr.c ****     case 2:             /* a.b -- 8.24 bits */
 222:ThirdPackage/lwip220/core/ipv4/ip4_addr.c ****       if (val > 0xffffffUL) {
ARM GAS  C:\Users\86188\AppData\Local\Temp\cc89L8Zq.s 			page 13


 406              		.loc 1 222 7 is_stmt 1 view .LVU130
 407              		.loc 1 222 10 is_stmt 0 view .LVU131
 408 00ba B5F1807F 		cmp	r5, #16777216
 409 00be 3AD2     		bcs	.L42
 223:ThirdPackage/lwip220/core/ipv4/ip4_addr.c ****         return 0;
 224:ThirdPackage/lwip220/core/ipv4/ip4_addr.c ****       }
 225:ThirdPackage/lwip220/core/ipv4/ip4_addr.c ****       if (parts[0] > 0xff) {
 410              		.loc 1 225 7 is_stmt 1 view .LVU132
 411              		.loc 1 225 16 is_stmt 0 view .LVU133
 412 00c0 009B     		ldr	r3, [sp]
 413              		.loc 1 225 10 view .LVU134
 414 00c2 FF2B     		cmp	r3, #255
 415 00c4 39D8     		bhi	.L43
 226:ThirdPackage/lwip220/core/ipv4/ip4_addr.c ****         return 0;
 227:ThirdPackage/lwip220/core/ipv4/ip4_addr.c ****       }
 228:ThirdPackage/lwip220/core/ipv4/ip4_addr.c ****       val |= parts[0] << 24;
 416              		.loc 1 228 7 is_stmt 1 view .LVU135
 417              		.loc 1 228 11 is_stmt 0 view .LVU136
 418 00c6 45EA0365 		orr	r5, r5, r3, lsl #24
 419              	.LVL41:
 229:ThirdPackage/lwip220/core/ipv4/ip4_addr.c ****       break;
 420              		.loc 1 229 7 is_stmt 1 view .LVU137
 421              	.L35:
 230:ThirdPackage/lwip220/core/ipv4/ip4_addr.c **** 
 231:ThirdPackage/lwip220/core/ipv4/ip4_addr.c ****     case 3:             /* a.b.c -- 8.8.16 bits */
 232:ThirdPackage/lwip220/core/ipv4/ip4_addr.c ****       if (val > 0xffff) {
 233:ThirdPackage/lwip220/core/ipv4/ip4_addr.c ****         return 0;
 234:ThirdPackage/lwip220/core/ipv4/ip4_addr.c ****       }
 235:ThirdPackage/lwip220/core/ipv4/ip4_addr.c ****       if ((parts[0] > 0xff) || (parts[1] > 0xff)) {
 236:ThirdPackage/lwip220/core/ipv4/ip4_addr.c ****         return 0;
 237:ThirdPackage/lwip220/core/ipv4/ip4_addr.c ****       }
 238:ThirdPackage/lwip220/core/ipv4/ip4_addr.c ****       val |= (parts[0] << 24) | (parts[1] << 16);
 239:ThirdPackage/lwip220/core/ipv4/ip4_addr.c ****       break;
 240:ThirdPackage/lwip220/core/ipv4/ip4_addr.c **** 
 241:ThirdPackage/lwip220/core/ipv4/ip4_addr.c ****     case 4:             /* a.b.c.d -- 8.8.8.8 bits */
 242:ThirdPackage/lwip220/core/ipv4/ip4_addr.c ****       if (val > 0xff) {
 243:ThirdPackage/lwip220/core/ipv4/ip4_addr.c ****         return 0;
 244:ThirdPackage/lwip220/core/ipv4/ip4_addr.c ****       }
 245:ThirdPackage/lwip220/core/ipv4/ip4_addr.c ****       if ((parts[0] > 0xff) || (parts[1] > 0xff) || (parts[2] > 0xff)) {
 246:ThirdPackage/lwip220/core/ipv4/ip4_addr.c ****         return 0;
 247:ThirdPackage/lwip220/core/ipv4/ip4_addr.c ****       }
 248:ThirdPackage/lwip220/core/ipv4/ip4_addr.c ****       val |= (parts[0] << 24) | (parts[1] << 16) | (parts[2] << 8);
 249:ThirdPackage/lwip220/core/ipv4/ip4_addr.c ****       break;
 250:ThirdPackage/lwip220/core/ipv4/ip4_addr.c ****     default:
 251:ThirdPackage/lwip220/core/ipv4/ip4_addr.c ****       LWIP_ASSERT("unhandled", 0);
 252:ThirdPackage/lwip220/core/ipv4/ip4_addr.c ****       break;
 253:ThirdPackage/lwip220/core/ipv4/ip4_addr.c ****   }
 254:ThirdPackage/lwip220/core/ipv4/ip4_addr.c ****   if (addr) {
 422              		.loc 1 254 3 view .LVU138
 423              		.loc 1 254 6 is_stmt 0 view .LVU139
 424 00ca 002C     		cmp	r4, #0
 425 00cc 45D0     		beq	.L51
 255:ThirdPackage/lwip220/core/ipv4/ip4_addr.c ****     ip4_addr_set_u32(addr, lwip_htonl(val));
 426              		.loc 1 255 5 is_stmt 1 view .LVU140
 427 00ce 2846     		mov	r0, r5
 428 00d0 FFF7FEFF 		bl	lwip_htonl
 429              	.LVL42:
ARM GAS  C:\Users\86188\AppData\Local\Temp\cc89L8Zq.s 			page 14


 430 00d4 2060     		str	r0, [r4]
 256:ThirdPackage/lwip220/core/ipv4/ip4_addr.c ****   }
 257:ThirdPackage/lwip220/core/ipv4/ip4_addr.c ****   return 1;
 431              		.loc 1 257 10 is_stmt 0 view .LVU141
 432 00d6 0120     		movs	r0, #1
 433 00d8 29E0     		b	.L17
 434              	.LVL43:
 435              	.L33:
 232:ThirdPackage/lwip220/core/ipv4/ip4_addr.c ****         return 0;
 436              		.loc 1 232 7 is_stmt 1 view .LVU142
 232:ThirdPackage/lwip220/core/ipv4/ip4_addr.c ****         return 0;
 437              		.loc 1 232 10 is_stmt 0 view .LVU143
 438 00da B5F5803F 		cmp	r5, #65536
 439 00de 2ED2     		bcs	.L44
 235:ThirdPackage/lwip220/core/ipv4/ip4_addr.c ****         return 0;
 440              		.loc 1 235 7 is_stmt 1 view .LVU144
 235:ThirdPackage/lwip220/core/ipv4/ip4_addr.c ****         return 0;
 441              		.loc 1 235 17 is_stmt 0 view .LVU145
 442 00e0 009A     		ldr	r2, [sp]
 235:ThirdPackage/lwip220/core/ipv4/ip4_addr.c ****         return 0;
 443              		.loc 1 235 10 view .LVU146
 444 00e2 FF2A     		cmp	r2, #255
 445 00e4 2DD8     		bhi	.L45
 235:ThirdPackage/lwip220/core/ipv4/ip4_addr.c ****         return 0;
 446              		.loc 1 235 38 discriminator 1 view .LVU147
 447 00e6 019B     		ldr	r3, [sp, #4]
 235:ThirdPackage/lwip220/core/ipv4/ip4_addr.c ****         return 0;
 448              		.loc 1 235 29 discriminator 1 view .LVU148
 449 00e8 FF2B     		cmp	r3, #255
 450 00ea 2CD8     		bhi	.L46
 238:ThirdPackage/lwip220/core/ipv4/ip4_addr.c ****       break;
 451              		.loc 1 238 7 is_stmt 1 view .LVU149
 238:ThirdPackage/lwip220/core/ipv4/ip4_addr.c ****       break;
 452              		.loc 1 238 43 is_stmt 0 view .LVU150
 453 00ec 1B04     		lsls	r3, r3, #16
 238:ThirdPackage/lwip220/core/ipv4/ip4_addr.c ****       break;
 454              		.loc 1 238 31 view .LVU151
 455 00ee 43EA0263 		orr	r3, r3, r2, lsl #24
 238:ThirdPackage/lwip220/core/ipv4/ip4_addr.c ****       break;
 456              		.loc 1 238 11 view .LVU152
 457 00f2 1D43     		orrs	r5, r5, r3
 458              	.LVL44:
 239:ThirdPackage/lwip220/core/ipv4/ip4_addr.c **** 
 459              		.loc 1 239 7 is_stmt 1 view .LVU153
 460 00f4 E9E7     		b	.L35
 461              	.L31:
 242:ThirdPackage/lwip220/core/ipv4/ip4_addr.c ****         return 0;
 462              		.loc 1 242 7 view .LVU154
 242:ThirdPackage/lwip220/core/ipv4/ip4_addr.c ****         return 0;
 463              		.loc 1 242 10 is_stmt 0 view .LVU155
 464 00f6 FF2D     		cmp	r5, #255
 465 00f8 27D8     		bhi	.L47
 245:ThirdPackage/lwip220/core/ipv4/ip4_addr.c ****         return 0;
 466              		.loc 1 245 7 is_stmt 1 view .LVU156
 245:ThirdPackage/lwip220/core/ipv4/ip4_addr.c ****         return 0;
 467              		.loc 1 245 17 is_stmt 0 view .LVU157
 468 00fa 0099     		ldr	r1, [sp]
ARM GAS  C:\Users\86188\AppData\Local\Temp\cc89L8Zq.s 			page 15


 469              	.LVL45:
 245:ThirdPackage/lwip220/core/ipv4/ip4_addr.c ****         return 0;
 470              		.loc 1 245 10 view .LVU158
 471 00fc FF29     		cmp	r1, #255
 472 00fe 26D8     		bhi	.L48
 245:ThirdPackage/lwip220/core/ipv4/ip4_addr.c ****         return 0;
 473              		.loc 1 245 38 discriminator 1 view .LVU159
 474 0100 019B     		ldr	r3, [sp, #4]
 245:ThirdPackage/lwip220/core/ipv4/ip4_addr.c ****         return 0;
 475              		.loc 1 245 29 discriminator 1 view .LVU160
 476 0102 FF2B     		cmp	r3, #255
 477 0104 25D8     		bhi	.L49
 245:ThirdPackage/lwip220/core/ipv4/ip4_addr.c ****         return 0;
 478              		.loc 1 245 59 discriminator 2 view .LVU161
 479 0106 029A     		ldr	r2, [sp, #8]
 245:ThirdPackage/lwip220/core/ipv4/ip4_addr.c ****         return 0;
 480              		.loc 1 245 50 discriminator 2 view .LVU162
 481 0108 FF2A     		cmp	r2, #255
 482 010a 24D8     		bhi	.L50
 248:ThirdPackage/lwip220/core/ipv4/ip4_addr.c ****       break;
 483              		.loc 1 248 7 is_stmt 1 view .LVU163
 248:ThirdPackage/lwip220/core/ipv4/ip4_addr.c ****       break;
 484              		.loc 1 248 43 is_stmt 0 view .LVU164
 485 010c 1B04     		lsls	r3, r3, #16
 248:ThirdPackage/lwip220/core/ipv4/ip4_addr.c ****       break;
 486              		.loc 1 248 31 view .LVU165
 487 010e 43EA0163 		orr	r3, r3, r1, lsl #24
 248:ThirdPackage/lwip220/core/ipv4/ip4_addr.c ****       break;
 488              		.loc 1 248 50 view .LVU166
 489 0112 43EA0223 		orr	r3, r3, r2, lsl #8
 248:ThirdPackage/lwip220/core/ipv4/ip4_addr.c ****       break;
 490              		.loc 1 248 11 view .LVU167
 491 0116 1D43     		orrs	r5, r5, r3
 492              	.LVL46:
 249:ThirdPackage/lwip220/core/ipv4/ip4_addr.c ****     default:
 493              		.loc 1 249 7 is_stmt 1 view .LVU168
 494 0118 D7E7     		b	.L35
 495              	.LVL47:
 496              	.L30:
 251:ThirdPackage/lwip220/core/ipv4/ip4_addr.c ****       break;
 497              		.loc 1 251 7 discriminator 1 view .LVU169
 251:ThirdPackage/lwip220/core/ipv4/ip4_addr.c ****       break;
 498              		.loc 1 251 7 discriminator 1 view .LVU170
 251:ThirdPackage/lwip220/core/ipv4/ip4_addr.c ****       break;
 499              		.loc 1 251 7 discriminator 1 view .LVU171
 251:ThirdPackage/lwip220/core/ipv4/ip4_addr.c ****       break;
 500              		.loc 1 251 7 discriminator 1 view .LVU172
 501 011a 124B     		ldr	r3, .L55+4
 502 011c FB22     		movs	r2, #251
 503 011e 1249     		ldr	r1, .L55+8
 504              	.LVL48:
 251:ThirdPackage/lwip220/core/ipv4/ip4_addr.c ****       break;
 505              		.loc 1 251 7 is_stmt 0 discriminator 1 view .LVU173
 506 0120 1248     		ldr	r0, .L55+12
 507 0122 FFF7FEFF 		bl	printf
 508              	.LVL49:
 251:ThirdPackage/lwip220/core/ipv4/ip4_addr.c ****       break;
ARM GAS  C:\Users\86188\AppData\Local\Temp\cc89L8Zq.s 			page 16


 509              		.loc 1 251 7 is_stmt 1 discriminator 1 view .LVU174
 251:ThirdPackage/lwip220/core/ipv4/ip4_addr.c ****       break;
 510              		.loc 1 251 7 discriminator 1 view .LVU175
 252:ThirdPackage/lwip220/core/ipv4/ip4_addr.c ****   }
 511              		.loc 1 252 7 discriminator 1 view .LVU176
 512 0126 D0E7     		b	.L35
 513              	.LVL50:
 514              	.L36:
 161:ThirdPackage/lwip220/core/ipv4/ip4_addr.c ****     }
 515              		.loc 1 161 14 is_stmt 0 view .LVU177
 516 0128 0020     		movs	r0, #0
 517              	.LVL51:
 161:ThirdPackage/lwip220/core/ipv4/ip4_addr.c ****     }
 518              		.loc 1 161 14 view .LVU178
 519 012a 00E0     		b	.L17
 520              	.LVL52:
 521              	.L40:
 195:ThirdPackage/lwip220/core/ipv4/ip4_addr.c ****       }
 522              		.loc 1 195 16 view .LVU179
 523 012c 0020     		movs	r0, #0
 524              	.LVL53:
 525              	.L17:
 258:ThirdPackage/lwip220/core/ipv4/ip4_addr.c **** }
 526              		.loc 1 258 1 view .LVU180
 527 012e 04B0     		add	sp, sp, #16
 528              	.LCFI3:
 529              		.cfi_remember_state
 530              		.cfi_def_cfa_offset 16
 531              		@ sp needed
 532 0130 70BD     		pop	{r4, r5, r6, pc}
 533              	.LVL54:
 534              	.L41:
 535              	.LCFI4:
 536              		.cfi_restore_state
 207:ThirdPackage/lwip220/core/ipv4/ip4_addr.c ****   }
 537              		.loc 1 207 12 view .LVU181
 538 0132 0020     		movs	r0, #0
 539              	.LVL55:
 207:ThirdPackage/lwip220/core/ipv4/ip4_addr.c ****   }
 540              		.loc 1 207 12 view .LVU182
 541 0134 FBE7     		b	.L17
 542              	.LVL56:
 543              	.L42:
 223:ThirdPackage/lwip220/core/ipv4/ip4_addr.c ****       }
 544              		.loc 1 223 16 view .LVU183
 545 0136 0020     		movs	r0, #0
 546 0138 F9E7     		b	.L17
 547              	.L43:
 226:ThirdPackage/lwip220/core/ipv4/ip4_addr.c ****       }
 548              		.loc 1 226 16 view .LVU184
 549 013a 0020     		movs	r0, #0
 550 013c F7E7     		b	.L17
 551              	.L44:
 233:ThirdPackage/lwip220/core/ipv4/ip4_addr.c ****       }
 552              		.loc 1 233 16 view .LVU185
 553 013e 0020     		movs	r0, #0
 554 0140 F5E7     		b	.L17
ARM GAS  C:\Users\86188\AppData\Local\Temp\cc89L8Zq.s 			page 17


 555              	.L45:
 236:ThirdPackage/lwip220/core/ipv4/ip4_addr.c ****       }
 556              		.loc 1 236 16 view .LVU186
 557 0142 0020     		movs	r0, #0
 558 0144 F3E7     		b	.L17
 559              	.L46:
 560 0146 0020     		movs	r0, #0
 561 0148 F1E7     		b	.L17
 562              	.L47:
 243:ThirdPackage/lwip220/core/ipv4/ip4_addr.c ****       }
 563              		.loc 1 243 16 view .LVU187
 564 014a 0020     		movs	r0, #0
 565 014c EFE7     		b	.L17
 566              	.LVL57:
 567              	.L48:
 246:ThirdPackage/lwip220/core/ipv4/ip4_addr.c ****       }
 568              		.loc 1 246 16 view .LVU188
 569 014e 0020     		movs	r0, #0
 570 0150 EDE7     		b	.L17
 571              	.L49:
 572 0152 0020     		movs	r0, #0
 573 0154 EBE7     		b	.L17
 574              	.L50:
 575 0156 0020     		movs	r0, #0
 576 0158 E9E7     		b	.L17
 577              	.LVL58:
 578              	.L51:
 257:ThirdPackage/lwip220/core/ipv4/ip4_addr.c **** }
 579              		.loc 1 257 10 view .LVU189
 580 015a 0120     		movs	r0, #1
 581 015c E7E7     		b	.L17
 582              	.L56:
 583 015e 00BF     		.align	2
 584              	.L55:
 585 0160 01000000 		.word	_ctype_+1
 586 0164 00000000 		.word	.LC0
 587 0168 2C000000 		.word	.LC1
 588 016c 38000000 		.word	.LC2
 589              		.cfi_endproc
 590              	.LFE163:
 592              		.section	.text.ipaddr_addr,"ax",%progbits
 593              		.align	1
 594              		.global	ipaddr_addr
 595              		.syntax unified
 596              		.thumb
 597              		.thumb_func
 599              	ipaddr_addr:
 600              	.LVL59:
 601              	.LFB162:
 124:ThirdPackage/lwip220/core/ipv4/ip4_addr.c ****   ip4_addr_t val;
 602              		.loc 1 124 1 is_stmt 1 view -0
 603              		.cfi_startproc
 604              		@ args = 0, pretend = 0, frame = 8
 605              		@ frame_needed = 0, uses_anonymous_args = 0
 124:ThirdPackage/lwip220/core/ipv4/ip4_addr.c ****   ip4_addr_t val;
 606              		.loc 1 124 1 is_stmt 0 view .LVU191
 607 0000 00B5     		push	{lr}
ARM GAS  C:\Users\86188\AppData\Local\Temp\cc89L8Zq.s 			page 18


 608              	.LCFI5:
 609              		.cfi_def_cfa_offset 4
 610              		.cfi_offset 14, -4
 611 0002 83B0     		sub	sp, sp, #12
 612              	.LCFI6:
 613              		.cfi_def_cfa_offset 16
 125:ThirdPackage/lwip220/core/ipv4/ip4_addr.c **** 
 614              		.loc 1 125 3 is_stmt 1 view .LVU192
 127:ThirdPackage/lwip220/core/ipv4/ip4_addr.c ****     return ip4_addr_get_u32(&val);
 615              		.loc 1 127 3 view .LVU193
 127:ThirdPackage/lwip220/core/ipv4/ip4_addr.c ****     return ip4_addr_get_u32(&val);
 616              		.loc 1 127 7 is_stmt 0 view .LVU194
 617 0004 01A9     		add	r1, sp, #4
 618 0006 FFF7FEFF 		bl	ip4addr_aton
 619              	.LVL60:
 127:ThirdPackage/lwip220/core/ipv4/ip4_addr.c ****     return ip4_addr_get_u32(&val);
 620              		.loc 1 127 6 view .LVU195
 621 000a 20B9     		cbnz	r0, .L61
 130:ThirdPackage/lwip220/core/ipv4/ip4_addr.c **** }
 622              		.loc 1 130 10 view .LVU196
 623 000c 4FF0FF30 		mov	r0, #-1
 624              	.L57:
 131:ThirdPackage/lwip220/core/ipv4/ip4_addr.c **** 
 625              		.loc 1 131 1 view .LVU197
 626 0010 03B0     		add	sp, sp, #12
 627              	.LCFI7:
 628              		.cfi_remember_state
 629              		.cfi_def_cfa_offset 4
 630              		@ sp needed
 631 0012 5DF804FB 		ldr	pc, [sp], #4
 632              	.L61:
 633              	.LCFI8:
 634              		.cfi_restore_state
 128:ThirdPackage/lwip220/core/ipv4/ip4_addr.c ****   }
 635              		.loc 1 128 5 is_stmt 1 view .LVU198
 128:ThirdPackage/lwip220/core/ipv4/ip4_addr.c ****   }
 636              		.loc 1 128 12 is_stmt 0 view .LVU199
 637 0016 0198     		ldr	r0, [sp, #4]
 638 0018 FAE7     		b	.L57
 639              		.cfi_endproc
 640              	.LFE162:
 642              		.section	.text.ip4addr_ntoa_r,"ax",%progbits
 643              		.align	1
 644              		.global	ip4addr_ntoa_r
 645              		.syntax unified
 646              		.thumb
 647              		.thumb_func
 649              	ip4addr_ntoa_r:
 650              	.LVL61:
 651              	.LFB165:
 259:ThirdPackage/lwip220/core/ipv4/ip4_addr.c **** 
 260:ThirdPackage/lwip220/core/ipv4/ip4_addr.c **** /**
 261:ThirdPackage/lwip220/core/ipv4/ip4_addr.c ****  * Convert numeric IP address into decimal dotted ASCII representation.
 262:ThirdPackage/lwip220/core/ipv4/ip4_addr.c ****  * returns ptr to static buffer; not reentrant!
 263:ThirdPackage/lwip220/core/ipv4/ip4_addr.c ****  *
 264:ThirdPackage/lwip220/core/ipv4/ip4_addr.c ****  * @param addr ip address in network order to convert
 265:ThirdPackage/lwip220/core/ipv4/ip4_addr.c ****  * @return pointer to a global static (!) buffer that holds the ASCII
ARM GAS  C:\Users\86188\AppData\Local\Temp\cc89L8Zq.s 			page 19


 266:ThirdPackage/lwip220/core/ipv4/ip4_addr.c ****  *         representation of addr
 267:ThirdPackage/lwip220/core/ipv4/ip4_addr.c ****  */
 268:ThirdPackage/lwip220/core/ipv4/ip4_addr.c **** char *
 269:ThirdPackage/lwip220/core/ipv4/ip4_addr.c **** ip4addr_ntoa(const ip4_addr_t *addr)
 270:ThirdPackage/lwip220/core/ipv4/ip4_addr.c **** {
 271:ThirdPackage/lwip220/core/ipv4/ip4_addr.c ****   static char str[IP4ADDR_STRLEN_MAX];
 272:ThirdPackage/lwip220/core/ipv4/ip4_addr.c ****   return ip4addr_ntoa_r(addr, str, IP4ADDR_STRLEN_MAX);
 273:ThirdPackage/lwip220/core/ipv4/ip4_addr.c **** }
 274:ThirdPackage/lwip220/core/ipv4/ip4_addr.c **** 
 275:ThirdPackage/lwip220/core/ipv4/ip4_addr.c **** /**
 276:ThirdPackage/lwip220/core/ipv4/ip4_addr.c ****  * Same as ip4addr_ntoa, but reentrant since a user-supplied buffer is used.
 277:ThirdPackage/lwip220/core/ipv4/ip4_addr.c ****  *
 278:ThirdPackage/lwip220/core/ipv4/ip4_addr.c ****  * @param addr ip address in network order to convert
 279:ThirdPackage/lwip220/core/ipv4/ip4_addr.c ****  * @param buf target buffer where the string is stored
 280:ThirdPackage/lwip220/core/ipv4/ip4_addr.c ****  * @param buflen length of buf
 281:ThirdPackage/lwip220/core/ipv4/ip4_addr.c ****  * @return either pointer to buf which now holds the ASCII
 282:ThirdPackage/lwip220/core/ipv4/ip4_addr.c ****  *         representation of addr or NULL if buf was too small
 283:ThirdPackage/lwip220/core/ipv4/ip4_addr.c ****  */
 284:ThirdPackage/lwip220/core/ipv4/ip4_addr.c **** char *
 285:ThirdPackage/lwip220/core/ipv4/ip4_addr.c **** ip4addr_ntoa_r(const ip4_addr_t *addr, char *buf, int buflen)
 286:ThirdPackage/lwip220/core/ipv4/ip4_addr.c **** {
 652              		.loc 1 286 1 is_stmt 1 view -0
 653              		.cfi_startproc
 654              		@ args = 0, pretend = 0, frame = 8
 655              		@ frame_needed = 0, uses_anonymous_args = 0
 656              		.loc 1 286 1 is_stmt 0 view .LVU201
 657 0000 F0B5     		push	{r4, r5, r6, r7, lr}
 658              	.LCFI9:
 659              		.cfi_def_cfa_offset 20
 660              		.cfi_offset 4, -20
 661              		.cfi_offset 5, -16
 662              		.cfi_offset 6, -12
 663              		.cfi_offset 7, -8
 664              		.cfi_offset 14, -4
 665 0002 83B0     		sub	sp, sp, #12
 666              	.LCFI10:
 667              		.cfi_def_cfa_offset 32
 287:ThirdPackage/lwip220/core/ipv4/ip4_addr.c ****   u32_t s_addr;
 668              		.loc 1 287 3 is_stmt 1 view .LVU202
 288:ThirdPackage/lwip220/core/ipv4/ip4_addr.c ****   char inv[3];
 669              		.loc 1 288 3 view .LVU203
 289:ThirdPackage/lwip220/core/ipv4/ip4_addr.c ****   char *rp;
 670              		.loc 1 289 3 view .LVU204
 290:ThirdPackage/lwip220/core/ipv4/ip4_addr.c ****   u8_t *ap;
 671              		.loc 1 290 3 view .LVU205
 291:ThirdPackage/lwip220/core/ipv4/ip4_addr.c ****   u8_t rem;
 672              		.loc 1 291 3 view .LVU206
 292:ThirdPackage/lwip220/core/ipv4/ip4_addr.c ****   u8_t n;
 673              		.loc 1 292 3 view .LVU207
 293:ThirdPackage/lwip220/core/ipv4/ip4_addr.c ****   u8_t i;
 674              		.loc 1 293 3 view .LVU208
 294:ThirdPackage/lwip220/core/ipv4/ip4_addr.c ****   int len = 0;
 675              		.loc 1 294 3 view .LVU209
 676              	.LVL62:
 295:ThirdPackage/lwip220/core/ipv4/ip4_addr.c **** 
 296:ThirdPackage/lwip220/core/ipv4/ip4_addr.c ****   s_addr = ip4_addr_get_u32(addr);
 677              		.loc 1 296 3 view .LVU210
ARM GAS  C:\Users\86188\AppData\Local\Temp\cc89L8Zq.s 			page 20


 678              		.loc 1 296 12 is_stmt 0 view .LVU211
 679 0004 0368     		ldr	r3, [r0]
 680              		.loc 1 296 10 view .LVU212
 681 0006 0193     		str	r3, [sp, #4]
 297:ThirdPackage/lwip220/core/ipv4/ip4_addr.c **** 
 298:ThirdPackage/lwip220/core/ipv4/ip4_addr.c ****   rp = buf;
 682              		.loc 1 298 3 is_stmt 1 view .LVU213
 683              	.LVL63:
 299:ThirdPackage/lwip220/core/ipv4/ip4_addr.c ****   ap = (u8_t *)&s_addr;
 684              		.loc 1 299 3 view .LVU214
 300:ThirdPackage/lwip220/core/ipv4/ip4_addr.c ****   for (n = 0; n < 4; n++) {
 685              		.loc 1 300 3 view .LVU215
 298:ThirdPackage/lwip220/core/ipv4/ip4_addr.c ****   ap = (u8_t *)&s_addr;
 686              		.loc 1 298 6 is_stmt 0 view .LVU216
 687 0008 8E46     		mov	lr, r1
 294:ThirdPackage/lwip220/core/ipv4/ip4_addr.c **** 
 688              		.loc 1 294 7 view .LVU217
 689 000a 0024     		movs	r4, #0
 690              		.loc 1 300 10 view .LVU218
 691 000c 2646     		mov	r6, r4
 299:ThirdPackage/lwip220/core/ipv4/ip4_addr.c ****   for (n = 0; n < 4; n++) {
 692              		.loc 1 299 6 view .LVU219
 693 000e 01AD     		add	r5, sp, #4
 694              	.LVL64:
 695              	.L63:
 696              		.loc 1 300 15 is_stmt 1 discriminator 1 view .LVU220
 697              		.loc 1 300 3 is_stmt 0 discriminator 1 view .LVU221
 698 0010 032E     		cmp	r6, #3
 699 0012 37D8     		bhi	.L72
 301:ThirdPackage/lwip220/core/ipv4/ip4_addr.c ****     i = 0;
 700              		.loc 1 301 7 view .LVU222
 701 0014 0020     		movs	r0, #0
 702              	.L64:
 703              	.LVL65:
 302:ThirdPackage/lwip220/core/ipv4/ip4_addr.c ****     do {
 704              		.loc 1 302 5 is_stmt 1 discriminator 1 view .LVU223
 303:ThirdPackage/lwip220/core/ipv4/ip4_addr.c ****       rem = *ap % (u8_t)10;
 705              		.loc 1 303 7 discriminator 1 view .LVU224
 706              		.loc 1 303 13 is_stmt 0 discriminator 1 view .LVU225
 707 0016 95F800C0 		ldrb	ip, [r5]	@ zero_extendqisi2
 708              		.loc 1 303 11 discriminator 1 view .LVU226
 709 001a 1E4B     		ldr	r3, .L75
 710 001c A3FB0C73 		umull	r7, r3, r3, ip
 711 0020 DB08     		lsrs	r3, r3, #3
 712 0022 03EB8307 		add	r7, r3, r3, lsl #2
 713 0026 ACEB470C 		sub	ip, ip, r7, lsl #1
 714 002a 5FFA8CFC 		uxtb	ip, ip
 715              	.LVL66:
 304:ThirdPackage/lwip220/core/ipv4/ip4_addr.c ****       *ap /= (u8_t)10;
 716              		.loc 1 304 7 is_stmt 1 discriminator 1 view .LVU227
 717              		.loc 1 304 11 is_stmt 0 discriminator 1 view .LVU228
 718 002e DBB2     		uxtb	r3, r3
 719 0030 2B70     		strb	r3, [r5]
 305:ThirdPackage/lwip220/core/ipv4/ip4_addr.c ****       inv[i++] = (char)('0' + rem);
 720              		.loc 1 305 7 is_stmt 1 discriminator 1 view .LVU229
 721 0032 0746     		mov	r7, r0
 722              		.loc 1 305 12 is_stmt 0 discriminator 1 view .LVU230
ARM GAS  C:\Users\86188\AppData\Local\Temp\cc89L8Zq.s 			page 21


 723 0034 0130     		adds	r0, r0, #1
 724              	.LVL67:
 725              		.loc 1 305 12 discriminator 1 view .LVU231
 726 0036 C0B2     		uxtb	r0, r0
 727              	.LVL68:
 728              		.loc 1 305 18 discriminator 1 view .LVU232
 729 0038 0CF1300C 		add	ip, ip, #48
 730              	.LVL69:
 731              		.loc 1 305 16 discriminator 1 view .LVU233
 732 003c 0837     		adds	r7, r7, #8
 733 003e 6F44     		add	r7, sp, r7
 734 0040 07F808CC 		strb	ip, [r7, #-8]
 306:ThirdPackage/lwip220/core/ipv4/ip4_addr.c ****     } while (*ap);
 735              		.loc 1 306 13 is_stmt 1 discriminator 1 view .LVU234
 736              		.loc 1 306 5 is_stmt 0 discriminator 1 view .LVU235
 737 0044 002B     		cmp	r3, #0
 738 0046 E6D1     		bne	.L64
 739 0048 08E0     		b	.L65
 740              	.LVL70:
 741              	.L74:
 307:ThirdPackage/lwip220/core/ipv4/ip4_addr.c ****     while (i--) {
 308:ThirdPackage/lwip220/core/ipv4/ip4_addr.c ****       if (len++ >= buflen) {
 309:ThirdPackage/lwip220/core/ipv4/ip4_addr.c ****         return NULL;
 310:ThirdPackage/lwip220/core/ipv4/ip4_addr.c ****       }
 311:ThirdPackage/lwip220/core/ipv4/ip4_addr.c ****       *rp++ = inv[i];
 742              		.loc 1 311 7 is_stmt 1 view .LVU236
 743              		.loc 1 311 18 is_stmt 0 view .LVU237
 744 004a 03F10804 		add	r4, r3, #8
 745 004e 6C44     		add	r4, sp, r4
 746 0050 14F8084C 		ldrb	r4, [r4, #-8]	@ zero_extendqisi2
 747              		.loc 1 311 13 view .LVU238
 748 0054 0EF8014B 		strb	r4, [lr], #1
 749              	.LVL71:
 308:ThirdPackage/lwip220/core/ipv4/ip4_addr.c ****         return NULL;
 750              		.loc 1 308 14 view .LVU239
 751 0058 0446     		mov	r4, r0
 307:ThirdPackage/lwip220/core/ipv4/ip4_addr.c ****     while (i--) {
 752              		.loc 1 307 13 view .LVU240
 753 005a 1846     		mov	r0, r3
 754              	.LVL72:
 755              	.L65:
 307:ThirdPackage/lwip220/core/ipv4/ip4_addr.c ****     while (i--) {
 756              		.loc 1 307 11 is_stmt 1 view .LVU241
 307:ThirdPackage/lwip220/core/ipv4/ip4_addr.c ****     while (i--) {
 757              		.loc 1 307 13 is_stmt 0 view .LVU242
 758 005c 431E     		subs	r3, r0, #1
 759 005e DBB2     		uxtb	r3, r3
 760              	.LVL73:
 307:ThirdPackage/lwip220/core/ipv4/ip4_addr.c ****     while (i--) {
 761              		.loc 1 307 11 view .LVU243
 762 0060 28B1     		cbz	r0, .L73
 308:ThirdPackage/lwip220/core/ipv4/ip4_addr.c ****         return NULL;
 763              		.loc 1 308 7 is_stmt 1 view .LVU244
 308:ThirdPackage/lwip220/core/ipv4/ip4_addr.c ****         return NULL;
 764              		.loc 1 308 14 is_stmt 0 view .LVU245
 765 0062 601C     		adds	r0, r4, #1
 766              	.LVL74:
ARM GAS  C:\Users\86188\AppData\Local\Temp\cc89L8Zq.s 			page 22


 308:ThirdPackage/lwip220/core/ipv4/ip4_addr.c ****         return NULL;
 767              		.loc 1 308 10 view .LVU246
 768 0064 9442     		cmp	r4, r2
 769 0066 F0DB     		blt	.L74
 309:ThirdPackage/lwip220/core/ipv4/ip4_addr.c ****       }
 770              		.loc 1 309 16 view .LVU247
 771 0068 0020     		movs	r0, #0
 772              	.LVL75:
 773              	.L62:
 312:ThirdPackage/lwip220/core/ipv4/ip4_addr.c ****     }
 313:ThirdPackage/lwip220/core/ipv4/ip4_addr.c ****     if (len++ >= buflen) {
 314:ThirdPackage/lwip220/core/ipv4/ip4_addr.c ****       return NULL;
 315:ThirdPackage/lwip220/core/ipv4/ip4_addr.c ****     }
 316:ThirdPackage/lwip220/core/ipv4/ip4_addr.c ****     *rp++ = '.';
 317:ThirdPackage/lwip220/core/ipv4/ip4_addr.c ****     ap++;
 318:ThirdPackage/lwip220/core/ipv4/ip4_addr.c ****   }
 319:ThirdPackage/lwip220/core/ipv4/ip4_addr.c ****   *--rp = 0;
 320:ThirdPackage/lwip220/core/ipv4/ip4_addr.c ****   return buf;
 321:ThirdPackage/lwip220/core/ipv4/ip4_addr.c **** }
 774              		.loc 1 321 1 view .LVU248
 775 006a 03B0     		add	sp, sp, #12
 776              	.LCFI11:
 777              		.cfi_remember_state
 778              		.cfi_def_cfa_offset 20
 779              		@ sp needed
 780 006c F0BD     		pop	{r4, r5, r6, r7, pc}
 781              	.LVL76:
 782              	.L73:
 783              	.LCFI12:
 784              		.cfi_restore_state
 313:ThirdPackage/lwip220/core/ipv4/ip4_addr.c ****       return NULL;
 785              		.loc 1 313 5 is_stmt 1 view .LVU249
 313:ThirdPackage/lwip220/core/ipv4/ip4_addr.c ****       return NULL;
 786              		.loc 1 313 12 is_stmt 0 view .LVU250
 787 006e 631C     		adds	r3, r4, #1
 788              	.LVL77:
 313:ThirdPackage/lwip220/core/ipv4/ip4_addr.c ****       return NULL;
 789              		.loc 1 313 8 view .LVU251
 790 0070 9442     		cmp	r4, r2
 791 0072 0CDA     		bge	.L69
 316:ThirdPackage/lwip220/core/ipv4/ip4_addr.c ****     ap++;
 792              		.loc 1 316 5 is_stmt 1 discriminator 2 view .LVU252
 793              	.LVL78:
 316:ThirdPackage/lwip220/core/ipv4/ip4_addr.c ****     ap++;
 794              		.loc 1 316 11 is_stmt 0 discriminator 2 view .LVU253
 795 0074 2E20     		movs	r0, #46
 796              	.LVL79:
 316:ThirdPackage/lwip220/core/ipv4/ip4_addr.c ****     ap++;
 797              		.loc 1 316 11 discriminator 2 view .LVU254
 798 0076 0EF8010B 		strb	r0, [lr], #1
 799              	.LVL80:
 317:ThirdPackage/lwip220/core/ipv4/ip4_addr.c ****   }
 800              		.loc 1 317 5 is_stmt 1 discriminator 2 view .LVU255
 317:ThirdPackage/lwip220/core/ipv4/ip4_addr.c ****   }
 801              		.loc 1 317 7 is_stmt 0 discriminator 2 view .LVU256
 802 007a 0135     		adds	r5, r5, #1
 803              	.LVL81:
ARM GAS  C:\Users\86188\AppData\Local\Temp\cc89L8Zq.s 			page 23


 300:ThirdPackage/lwip220/core/ipv4/ip4_addr.c ****     i = 0;
 804              		.loc 1 300 22 is_stmt 1 discriminator 2 view .LVU257
 300:ThirdPackage/lwip220/core/ipv4/ip4_addr.c ****     i = 0;
 805              		.loc 1 300 23 is_stmt 0 discriminator 2 view .LVU258
 806 007c 0136     		adds	r6, r6, #1
 807              	.LVL82:
 300:ThirdPackage/lwip220/core/ipv4/ip4_addr.c ****     i = 0;
 808              		.loc 1 300 23 discriminator 2 view .LVU259
 809 007e F6B2     		uxtb	r6, r6
 810              	.LVL83:
 313:ThirdPackage/lwip220/core/ipv4/ip4_addr.c ****       return NULL;
 811              		.loc 1 313 12 discriminator 2 view .LVU260
 812 0080 1C46     		mov	r4, r3
 813 0082 C5E7     		b	.L63
 814              	.LVL84:
 815              	.L72:
 319:ThirdPackage/lwip220/core/ipv4/ip4_addr.c ****   return buf;
 816              		.loc 1 319 3 is_stmt 1 view .LVU261
 319:ThirdPackage/lwip220/core/ipv4/ip4_addr.c ****   return buf;
 817              		.loc 1 319 9 is_stmt 0 view .LVU262
 818 0084 0023     		movs	r3, #0
 819 0086 0EF8013C 		strb	r3, [lr, #-1]
 320:ThirdPackage/lwip220/core/ipv4/ip4_addr.c **** }
 820              		.loc 1 320 3 is_stmt 1 view .LVU263
 320:ThirdPackage/lwip220/core/ipv4/ip4_addr.c **** }
 821              		.loc 1 320 10 is_stmt 0 view .LVU264
 822 008a 0846     		mov	r0, r1
 823 008c EDE7     		b	.L62
 824              	.LVL85:
 825              	.L69:
 314:ThirdPackage/lwip220/core/ipv4/ip4_addr.c ****     }
 826              		.loc 1 314 14 view .LVU265
 827 008e 0020     		movs	r0, #0
 828              	.LVL86:
 314:ThirdPackage/lwip220/core/ipv4/ip4_addr.c ****     }
 829              		.loc 1 314 14 view .LVU266
 830 0090 EBE7     		b	.L62
 831              	.L76:
 832 0092 00BF     		.align	2
 833              	.L75:
 834 0094 CDCCCCCC 		.word	-858993459
 835              		.cfi_endproc
 836              	.LFE165:
 838              		.section	.text.ip4addr_ntoa,"ax",%progbits
 839              		.align	1
 840              		.global	ip4addr_ntoa
 841              		.syntax unified
 842              		.thumb
 843              		.thumb_func
 845              	ip4addr_ntoa:
 846              	.LVL87:
 847              	.LFB164:
 270:ThirdPackage/lwip220/core/ipv4/ip4_addr.c ****   static char str[IP4ADDR_STRLEN_MAX];
 848              		.loc 1 270 1 is_stmt 1 view -0
 849              		.cfi_startproc
 850              		@ args = 0, pretend = 0, frame = 0
 851              		@ frame_needed = 0, uses_anonymous_args = 0
ARM GAS  C:\Users\86188\AppData\Local\Temp\cc89L8Zq.s 			page 24


 270:ThirdPackage/lwip220/core/ipv4/ip4_addr.c ****   static char str[IP4ADDR_STRLEN_MAX];
 852              		.loc 1 270 1 is_stmt 0 view .LVU268
 853 0000 08B5     		push	{r3, lr}
 854              	.LCFI13:
 855              		.cfi_def_cfa_offset 8
 856              		.cfi_offset 3, -8
 857              		.cfi_offset 14, -4
 271:ThirdPackage/lwip220/core/ipv4/ip4_addr.c ****   return ip4addr_ntoa_r(addr, str, IP4ADDR_STRLEN_MAX);
 858              		.loc 1 271 3 is_stmt 1 view .LVU269
 272:ThirdPackage/lwip220/core/ipv4/ip4_addr.c **** }
 859              		.loc 1 272 3 view .LVU270
 272:ThirdPackage/lwip220/core/ipv4/ip4_addr.c **** }
 860              		.loc 1 272 10 is_stmt 0 view .LVU271
 861 0002 1022     		movs	r2, #16
 862 0004 0149     		ldr	r1, .L79
 863 0006 FFF7FEFF 		bl	ip4addr_ntoa_r
 864              	.LVL88:
 273:ThirdPackage/lwip220/core/ipv4/ip4_addr.c **** 
 865              		.loc 1 273 1 view .LVU272
 866 000a 08BD     		pop	{r3, pc}
 867              	.L80:
 868              		.align	2
 869              	.L79:
 870 000c 00000000 		.word	.LANCHOR0
 871              		.cfi_endproc
 872              	.LFE164:
 874              		.global	ip_addr_broadcast
 875              		.global	ip_addr_any
 876              		.section	.bss.str.0,"aw",%nobits
 877              		.align	2
 878              		.set	.LANCHOR0,. + 0
 881              	str.0:
 882 0000 00000000 		.space	16
 882      00000000 
 882      00000000 
 882      00000000 
 883              		.section	.rodata.ip_addr_any,"a"
 884              		.align	2
 887              	ip_addr_any:
 888 0000 00000000 		.space	4
 889              		.section	.rodata.ip_addr_broadcast,"a"
 890              		.align	2
 893              	ip_addr_broadcast:
 894 0000 FFFFFFFF 		.word	-1
 895              		.text
 896              	.Letext0:
 897              		.file 2 "k:\\program files (x86)\\gnu arm embedded toolchain\\10 2021.10\\arm-none-eabi\\include\\
 898              		.file 3 "k:\\program files (x86)\\gnu arm embedded toolchain\\10 2021.10\\arm-none-eabi\\include\\
 899              		.file 4 "ThirdPackage/lwip220/include/lwip/arch.h"
 900              		.file 5 "ThirdPackage/lwip220/include/lwip/ip4_addr.h"
 901              		.file 6 "ThirdPackage/lwip220/include/lwip/ip_addr.h"
 902              		.file 7 "k:\\program files (x86)\\gnu arm embedded toolchain\\10 2021.10\\arm-none-eabi\\include\\
 903              		.file 8 "ThirdPackage/lwip220/include/lwip/err.h"
 904              		.file 9 "ThirdPackage/lwip220/include/lwip/pbuf.h"
 905              		.file 10 "ThirdPackage/lwip220/include/lwip/netif.h"
 906              		.file 11 "ThirdPackage/lwip220/include/lwip/def.h"
 907              		.file 12 "k:\\program files (x86)\\gnu arm embedded toolchain\\10 2021.10\\arm-none-eabi\\include\
ARM GAS  C:\Users\86188\AppData\Local\Temp\cc89L8Zq.s 			page 25


 908              		.file 13 "ThirdPackage/lwip220/include/lwip/memp.h"
ARM GAS  C:\Users\86188\AppData\Local\Temp\cc89L8Zq.s 			page 26


DEFINED SYMBOLS
                            *ABS*:00000000 ip4_addr.c
C:\Users\86188\AppData\Local\Temp\cc89L8Zq.s:20     .text.ip4_addr_isbroadcast_u32:00000000 $t
C:\Users\86188\AppData\Local\Temp\cc89L8Zq.s:26     .text.ip4_addr_isbroadcast_u32:00000000 ip4_addr_isbroadcast_u32
C:\Users\86188\AppData\Local\Temp\cc89L8Zq.s:102    .text.ip4_addr_netmask_valid:00000000 $t
C:\Users\86188\AppData\Local\Temp\cc89L8Zq.s:108    .text.ip4_addr_netmask_valid:00000000 ip4_addr_netmask_valid
C:\Users\86188\AppData\Local\Temp\cc89L8Zq.s:176    .rodata.ip4addr_aton.str1.4:00000000 $d
C:\Users\86188\AppData\Local\Temp\cc89L8Zq.s:186    .text.ip4addr_aton:00000000 $t
C:\Users\86188\AppData\Local\Temp\cc89L8Zq.s:192    .text.ip4addr_aton:00000000 ip4addr_aton
C:\Users\86188\AppData\Local\Temp\cc89L8Zq.s:399    .text.ip4addr_aton:000000b4 $d
C:\Users\86188\AppData\Local\Temp\cc89L8Zq.s:585    .text.ip4addr_aton:00000160 $d
C:\Users\86188\AppData\Local\Temp\cc89L8Zq.s:593    .text.ipaddr_addr:00000000 $t
C:\Users\86188\AppData\Local\Temp\cc89L8Zq.s:599    .text.ipaddr_addr:00000000 ipaddr_addr
C:\Users\86188\AppData\Local\Temp\cc89L8Zq.s:643    .text.ip4addr_ntoa_r:00000000 $t
C:\Users\86188\AppData\Local\Temp\cc89L8Zq.s:649    .text.ip4addr_ntoa_r:00000000 ip4addr_ntoa_r
C:\Users\86188\AppData\Local\Temp\cc89L8Zq.s:834    .text.ip4addr_ntoa_r:00000094 $d
C:\Users\86188\AppData\Local\Temp\cc89L8Zq.s:839    .text.ip4addr_ntoa:00000000 $t
C:\Users\86188\AppData\Local\Temp\cc89L8Zq.s:845    .text.ip4addr_ntoa:00000000 ip4addr_ntoa
C:\Users\86188\AppData\Local\Temp\cc89L8Zq.s:870    .text.ip4addr_ntoa:0000000c $d
C:\Users\86188\AppData\Local\Temp\cc89L8Zq.s:893    .rodata.ip_addr_broadcast:00000000 ip_addr_broadcast
C:\Users\86188\AppData\Local\Temp\cc89L8Zq.s:887    .rodata.ip_addr_any:00000000 ip_addr_any
C:\Users\86188\AppData\Local\Temp\cc89L8Zq.s:877    .bss.str.0:00000000 $d
C:\Users\86188\AppData\Local\Temp\cc89L8Zq.s:881    .bss.str.0:00000000 str.0
C:\Users\86188\AppData\Local\Temp\cc89L8Zq.s:884    .rodata.ip_addr_any:00000000 $d
C:\Users\86188\AppData\Local\Temp\cc89L8Zq.s:890    .rodata.ip_addr_broadcast:00000000 $d
C:\Users\86188\AppData\Local\Temp\cc89L8Zq.s:404    .text.ip4addr_aton:000000b9 $d
C:\Users\86188\AppData\Local\Temp\cc89L8Zq.s:404    .text.ip4addr_aton:000000ba $t

UNDEFINED SYMBOLS
lwip_htonl
printf
_ctype_
