ARM GAS  C:\Users\86188\AppData\Local\Temp\ccfIcMhP.s 			page 1


   1              		.cpu cortex-m4
   2              		.arch armv7e-m
   3              		.fpu fpv4-sp-d16
   4              		.eabi_attribute 27, 1
   5              		.eabi_attribute 28, 1
   6              		.eabi_attribute 20, 1
   7              		.eabi_attribute 21, 1
   8              		.eabi_attribute 23, 3
   9              		.eabi_attribute 24, 1
  10              		.eabi_attribute 25, 1
  11              		.eabi_attribute 26, 1
  12              		.eabi_attribute 30, 1
  13              		.eabi_attribute 34, 1
  14              		.eabi_attribute 18, 4
  15              		.file	"lwip.c"
  16              		.text
  17              	.Ltext0:
  18              		.cfi_sections	.debug_frame
  19              		.section	.text.ethernet_link_status_updated,"ax",%progbits
  20              		.align	1
  21              		.syntax unified
  22              		.thumb
  23              		.thumb_func
  25              	ethernet_link_status_updated:
  26              	.LVL0:
  27              	.LFB161:
  28              		.file 1 "ThirdPackage/lwip_app/lwip.c"
   1:ThirdPackage/lwip_app/lwip.c **** /* USER CODE BEGIN Header */
   2:ThirdPackage/lwip_app/lwip.c **** /**
   3:ThirdPackage/lwip_app/lwip.c ****  ******************************************************************************
   4:ThirdPackage/lwip_app/lwip.c ****   * File Name          : LWIP.c
   5:ThirdPackage/lwip_app/lwip.c ****   * Description        : This file provides initialization code for LWIP
   6:ThirdPackage/lwip_app/lwip.c ****   *                      middleWare.
   7:ThirdPackage/lwip_app/lwip.c ****   ******************************************************************************
   8:ThirdPackage/lwip_app/lwip.c ****   * @attention
   9:ThirdPackage/lwip_app/lwip.c ****   *
  10:ThirdPackage/lwip_app/lwip.c ****   * Copyright (c) 2024 STMicroelectronics.
  11:ThirdPackage/lwip_app/lwip.c ****   * All rights reserved.
  12:ThirdPackage/lwip_app/lwip.c ****   *
  13:ThirdPackage/lwip_app/lwip.c ****   * This software is licensed under terms that can be found in the LICENSE file
  14:ThirdPackage/lwip_app/lwip.c ****   * in the root directory of this software component.
  15:ThirdPackage/lwip_app/lwip.c ****   * If no LICENSE file comes with this software, it is provided AS-IS.
  16:ThirdPackage/lwip_app/lwip.c ****   *
  17:ThirdPackage/lwip_app/lwip.c ****   ******************************************************************************
  18:ThirdPackage/lwip_app/lwip.c ****   */
  19:ThirdPackage/lwip_app/lwip.c **** /* USER CODE END Header */
  20:ThirdPackage/lwip_app/lwip.c **** 
  21:ThirdPackage/lwip_app/lwip.c **** /* Includes ------------------------------------------------------------------*/
  22:ThirdPackage/lwip_app/lwip.c **** #include "lwip.h"
  23:ThirdPackage/lwip_app/lwip.c **** #include "lwip/init.h"
  24:ThirdPackage/lwip_app/lwip.c **** #include "lwip/netif.h"
  25:ThirdPackage/lwip_app/lwip.c **** #if defined ( __CC_ARM )  /* MDK ARM Compiler */
  26:ThirdPackage/lwip_app/lwip.c **** #include "lwip/sio.h"
  27:ThirdPackage/lwip_app/lwip.c **** #endif /* MDK ARM Compiler */
  28:ThirdPackage/lwip_app/lwip.c **** #include "ethernetif.h"
  29:ThirdPackage/lwip_app/lwip.c **** 
  30:ThirdPackage/lwip_app/lwip.c **** /* USER CODE BEGIN 0 */
ARM GAS  C:\Users\86188\AppData\Local\Temp\ccfIcMhP.s 			page 2


  31:ThirdPackage/lwip_app/lwip.c **** 
  32:ThirdPackage/lwip_app/lwip.c **** /* USER CODE END 0 */
  33:ThirdPackage/lwip_app/lwip.c **** /* Private function prototypes -----------------------------------------------*/
  34:ThirdPackage/lwip_app/lwip.c **** static void ethernet_link_status_updated(struct netif *netif);
  35:ThirdPackage/lwip_app/lwip.c **** /* ETH Variables initialization ----------------------------------------------*/
  36:ThirdPackage/lwip_app/lwip.c **** void Error_Handler(void);
  37:ThirdPackage/lwip_app/lwip.c **** 
  38:ThirdPackage/lwip_app/lwip.c **** /* USER CODE BEGIN 1 */
  39:ThirdPackage/lwip_app/lwip.c **** 
  40:ThirdPackage/lwip_app/lwip.c **** /* USER CODE END 1 */
  41:ThirdPackage/lwip_app/lwip.c **** 
  42:ThirdPackage/lwip_app/lwip.c **** /* Variables Initialization */
  43:ThirdPackage/lwip_app/lwip.c **** struct netif gnetif;
  44:ThirdPackage/lwip_app/lwip.c **** ip4_addr_t ipaddr;
  45:ThirdPackage/lwip_app/lwip.c **** ip4_addr_t netmask;
  46:ThirdPackage/lwip_app/lwip.c **** ip4_addr_t gw;
  47:ThirdPackage/lwip_app/lwip.c **** uint8_t IP_ADDRESS[4];
  48:ThirdPackage/lwip_app/lwip.c **** uint8_t NETMASK_ADDRESS[4];
  49:ThirdPackage/lwip_app/lwip.c **** uint8_t GATEWAY_ADDRESS[4];
  50:ThirdPackage/lwip_app/lwip.c **** 
  51:ThirdPackage/lwip_app/lwip.c **** /* USER CODE BEGIN 2 */
  52:ThirdPackage/lwip_app/lwip.c **** 
  53:ThirdPackage/lwip_app/lwip.c **** /* USER CODE END 2 */
  54:ThirdPackage/lwip_app/lwip.c **** 
  55:ThirdPackage/lwip_app/lwip.c **** /**
  56:ThirdPackage/lwip_app/lwip.c ****   * LwIP initialization function
  57:ThirdPackage/lwip_app/lwip.c ****   */
  58:ThirdPackage/lwip_app/lwip.c **** void MX_LWIP_Init(void)
  59:ThirdPackage/lwip_app/lwip.c **** {
  60:ThirdPackage/lwip_app/lwip.c ****   /* IP addresses initialization */
  61:ThirdPackage/lwip_app/lwip.c ****   IP_ADDRESS[0] = 192;
  62:ThirdPackage/lwip_app/lwip.c ****   IP_ADDRESS[1] = 168;
  63:ThirdPackage/lwip_app/lwip.c ****   IP_ADDRESS[2] = 11;
  64:ThirdPackage/lwip_app/lwip.c ****   IP_ADDRESS[3] = 140;
  65:ThirdPackage/lwip_app/lwip.c ****   NETMASK_ADDRESS[0] = 255;
  66:ThirdPackage/lwip_app/lwip.c ****   NETMASK_ADDRESS[1] = 255;
  67:ThirdPackage/lwip_app/lwip.c ****   NETMASK_ADDRESS[2] = 255;
  68:ThirdPackage/lwip_app/lwip.c ****   NETMASK_ADDRESS[3] = 0;
  69:ThirdPackage/lwip_app/lwip.c ****   GATEWAY_ADDRESS[0] = 192;
  70:ThirdPackage/lwip_app/lwip.c ****   GATEWAY_ADDRESS[1] = 168;
  71:ThirdPackage/lwip_app/lwip.c ****   GATEWAY_ADDRESS[2] = 11;
  72:ThirdPackage/lwip_app/lwip.c ****   GATEWAY_ADDRESS[3] = 1;
  73:ThirdPackage/lwip_app/lwip.c **** 
  74:ThirdPackage/lwip_app/lwip.c **** /* USER CODE BEGIN IP_ADDRESSES */
  75:ThirdPackage/lwip_app/lwip.c **** /* USER CODE END IP_ADDRESSES */
  76:ThirdPackage/lwip_app/lwip.c **** 
  77:ThirdPackage/lwip_app/lwip.c ****   /* Initilialize the LwIP stack with RTOS */
  78:ThirdPackage/lwip_app/lwip.c ****   tcpip_init( NULL, NULL );
  79:ThirdPackage/lwip_app/lwip.c **** 
  80:ThirdPackage/lwip_app/lwip.c ****   /* IP addresses initialization without DHCP (IPv4) */
  81:ThirdPackage/lwip_app/lwip.c ****   IP4_ADDR(&ipaddr, IP_ADDRESS[0], IP_ADDRESS[1], IP_ADDRESS[2], IP_ADDRESS[3]);
  82:ThirdPackage/lwip_app/lwip.c ****   IP4_ADDR(&netmask, NETMASK_ADDRESS[0], NETMASK_ADDRESS[1] , NETMASK_ADDRESS[2], NETMASK_ADDRESS[3
  83:ThirdPackage/lwip_app/lwip.c ****   IP4_ADDR(&gw, GATEWAY_ADDRESS[0], GATEWAY_ADDRESS[1], GATEWAY_ADDRESS[2], GATEWAY_ADDRESS[3]);
  84:ThirdPackage/lwip_app/lwip.c **** 
  85:ThirdPackage/lwip_app/lwip.c ****   /* add the network interface (IPv4/IPv6) with RTOS */
  86:ThirdPackage/lwip_app/lwip.c ****   netif_add(&gnetif, &ipaddr, &netmask, &gw, NULL, &ethernetif_init, &tcpip_input);
  87:ThirdPackage/lwip_app/lwip.c **** 
ARM GAS  C:\Users\86188\AppData\Local\Temp\ccfIcMhP.s 			page 3


  88:ThirdPackage/lwip_app/lwip.c ****   /* Registers the default network interface */
  89:ThirdPackage/lwip_app/lwip.c ****   netif_set_default(&gnetif);
  90:ThirdPackage/lwip_app/lwip.c **** 
  91:ThirdPackage/lwip_app/lwip.c ****   // if (netif_is_link_up(&gnetif))
  92:ThirdPackage/lwip_app/lwip.c ****   // {
  93:ThirdPackage/lwip_app/lwip.c ****     /* When the netif is fully configured this function must be called */
  94:ThirdPackage/lwip_app/lwip.c ****     netif_set_up(&gnetif);
  95:ThirdPackage/lwip_app/lwip.c ****   // }
  96:ThirdPackage/lwip_app/lwip.c ****   // else
  97:ThirdPackage/lwip_app/lwip.c ****   // {
  98:ThirdPackage/lwip_app/lwip.c ****   //   /* When the netif link is down this function must be called */
  99:ThirdPackage/lwip_app/lwip.c ****   //   netif_set_down(&gnetif);
 100:ThirdPackage/lwip_app/lwip.c ****   // }
 101:ThirdPackage/lwip_app/lwip.c **** 
 102:ThirdPackage/lwip_app/lwip.c ****   /* Set the link callback function, this function is called on change of link status*/
 103:ThirdPackage/lwip_app/lwip.c ****   netif_set_link_callback(&gnetif, ethernet_link_status_updated);
 104:ThirdPackage/lwip_app/lwip.c **** 
 105:ThirdPackage/lwip_app/lwip.c ****   /* Create the Ethernet link handler thread */
 106:ThirdPackage/lwip_app/lwip.c **** /* USER CODE BEGIN H7_OS_THREAD_DEF_CREATE_CMSIS_RTOS_V1 */
 107:ThirdPackage/lwip_app/lwip.c ****     TaskHandle_t EthLink;
 108:ThirdPackage/lwip_app/lwip.c ****     xTaskCreate(ethernet_link_thread,"EthLink",configMINIMAL_STACK_SIZE *2,0,3,&EthLink);
 109:ThirdPackage/lwip_app/lwip.c **** 
 110:ThirdPackage/lwip_app/lwip.c **** /* USER CODE END H7_OS_THREAD_DEF_CREATE_CMSIS_RTOS_V1 */
 111:ThirdPackage/lwip_app/lwip.c **** 
 112:ThirdPackage/lwip_app/lwip.c **** /* USER CODE BEGIN 3 */
 113:ThirdPackage/lwip_app/lwip.c **** 
 114:ThirdPackage/lwip_app/lwip.c **** /* USER CODE END 3 */
 115:ThirdPackage/lwip_app/lwip.c **** }
 116:ThirdPackage/lwip_app/lwip.c **** 
 117:ThirdPackage/lwip_app/lwip.c **** #ifdef USE_OBSOLETE_USER_CODE_SECTION_4
 118:ThirdPackage/lwip_app/lwip.c **** /* Kept to help code migration. (See new 4_1, 4_2... sections) */
 119:ThirdPackage/lwip_app/lwip.c **** /* Avoid to use this user section which will become obsolete. */
 120:ThirdPackage/lwip_app/lwip.c **** /* USER CODE BEGIN 4 */
 121:ThirdPackage/lwip_app/lwip.c **** /* USER CODE END 4 */
 122:ThirdPackage/lwip_app/lwip.c **** #endif
 123:ThirdPackage/lwip_app/lwip.c **** 
 124:ThirdPackage/lwip_app/lwip.c **** /**
 125:ThirdPackage/lwip_app/lwip.c ****   * @brief  Notify the User about the network interface config status
 126:ThirdPackage/lwip_app/lwip.c ****   * @param  netif: the network interface
 127:ThirdPackage/lwip_app/lwip.c ****   * @retval None
 128:ThirdPackage/lwip_app/lwip.c ****   */
 129:ThirdPackage/lwip_app/lwip.c **** static void ethernet_link_status_updated(struct netif *netif)
 130:ThirdPackage/lwip_app/lwip.c **** {
  29              		.loc 1 130 1 view -0
  30              		.cfi_startproc
  31              		@ args = 0, pretend = 0, frame = 0
  32              		@ frame_needed = 0, uses_anonymous_args = 0
  33              		@ link register save eliminated.
 131:ThirdPackage/lwip_app/lwip.c ****   if (netif_is_up(netif))
  34              		.loc 1 131 3 view .LVU1
 132:ThirdPackage/lwip_app/lwip.c ****   {
 133:ThirdPackage/lwip_app/lwip.c **** /* USER CODE BEGIN 5 */
 134:ThirdPackage/lwip_app/lwip.c **** /* USER CODE END 5 */
 135:ThirdPackage/lwip_app/lwip.c ****   }
 136:ThirdPackage/lwip_app/lwip.c ****   else /* netif is down */
 137:ThirdPackage/lwip_app/lwip.c ****   {
 138:ThirdPackage/lwip_app/lwip.c **** /* USER CODE BEGIN 6 */
ARM GAS  C:\Users\86188\AppData\Local\Temp\ccfIcMhP.s 			page 4


 139:ThirdPackage/lwip_app/lwip.c **** /* USER CODE END 6 */
 140:ThirdPackage/lwip_app/lwip.c ****   }
  35              		.loc 1 140 3 view .LVU2
 141:ThirdPackage/lwip_app/lwip.c **** }
  36              		.loc 1 141 1 is_stmt 0 view .LVU3
  37 0000 7047     		bx	lr
  38              		.cfi_endproc
  39              	.LFE161:
  41              		.section	.rodata.MX_LWIP_Init.str1.4,"aMS",%progbits,1
  42              		.align	2
  43              	.LC0:
  44 0000 4574684C 		.ascii	"EthLink\000"
  44      696E6B00 
  45              		.section	.text.MX_LWIP_Init,"ax",%progbits
  46              		.align	1
  47              		.global	MX_LWIP_Init
  48              		.syntax unified
  49              		.thumb
  50              		.thumb_func
  52              	MX_LWIP_Init:
  53              	.LFB160:
  59:ThirdPackage/lwip_app/lwip.c ****   /* IP addresses initialization */
  54              		.loc 1 59 1 is_stmt 1 view -0
  55              		.cfi_startproc
  56              		@ args = 0, pretend = 0, frame = 8
  57              		@ frame_needed = 0, uses_anonymous_args = 0
  58 0000 F0B5     		push	{r4, r5, r6, r7, lr}
  59              	.LCFI0:
  60              		.cfi_def_cfa_offset 20
  61              		.cfi_offset 4, -20
  62              		.cfi_offset 5, -16
  63              		.cfi_offset 6, -12
  64              		.cfi_offset 7, -8
  65              		.cfi_offset 14, -4
  66 0002 87B0     		sub	sp, sp, #28
  67              	.LCFI1:
  68              		.cfi_def_cfa_offset 48
  61:ThirdPackage/lwip_app/lwip.c ****   IP_ADDRESS[1] = 168;
  69              		.loc 1 61 3 view .LVU5
  61:ThirdPackage/lwip_app/lwip.c ****   IP_ADDRESS[1] = 168;
  70              		.loc 1 61 17 is_stmt 0 view .LVU6
  71 0004 3F4F     		ldr	r7, .L4
  72 0006 C020     		movs	r0, #192
  73 0008 3870     		strb	r0, [r7]
  62:ThirdPackage/lwip_app/lwip.c ****   IP_ADDRESS[2] = 11;
  74              		.loc 1 62 3 is_stmt 1 view .LVU7
  62:ThirdPackage/lwip_app/lwip.c ****   IP_ADDRESS[2] = 11;
  75              		.loc 1 62 17 is_stmt 0 view .LVU8
  76 000a A821     		movs	r1, #168
  77 000c 7970     		strb	r1, [r7, #1]
  63:ThirdPackage/lwip_app/lwip.c ****   IP_ADDRESS[3] = 140;
  78              		.loc 1 63 3 is_stmt 1 view .LVU9
  63:ThirdPackage/lwip_app/lwip.c ****   IP_ADDRESS[3] = 140;
  79              		.loc 1 63 17 is_stmt 0 view .LVU10
  80 000e 0B22     		movs	r2, #11
  81 0010 BA70     		strb	r2, [r7, #2]
  64:ThirdPackage/lwip_app/lwip.c ****   NETMASK_ADDRESS[0] = 255;
ARM GAS  C:\Users\86188\AppData\Local\Temp\ccfIcMhP.s 			page 5


  82              		.loc 1 64 3 is_stmt 1 view .LVU11
  64:ThirdPackage/lwip_app/lwip.c ****   NETMASK_ADDRESS[0] = 255;
  83              		.loc 1 64 17 is_stmt 0 view .LVU12
  84 0012 8C23     		movs	r3, #140
  85 0014 FB70     		strb	r3, [r7, #3]
  65:ThirdPackage/lwip_app/lwip.c ****   NETMASK_ADDRESS[1] = 255;
  86              		.loc 1 65 3 is_stmt 1 view .LVU13
  65:ThirdPackage/lwip_app/lwip.c ****   NETMASK_ADDRESS[1] = 255;
  87              		.loc 1 65 22 is_stmt 0 view .LVU14
  88 0016 3C4E     		ldr	r6, .L4+4
  89 0018 FF23     		movs	r3, #255
  90 001a 3370     		strb	r3, [r6]
  66:ThirdPackage/lwip_app/lwip.c ****   NETMASK_ADDRESS[2] = 255;
  91              		.loc 1 66 3 is_stmt 1 view .LVU15
  66:ThirdPackage/lwip_app/lwip.c ****   NETMASK_ADDRESS[2] = 255;
  92              		.loc 1 66 22 is_stmt 0 view .LVU16
  93 001c 7370     		strb	r3, [r6, #1]
  67:ThirdPackage/lwip_app/lwip.c ****   NETMASK_ADDRESS[3] = 0;
  94              		.loc 1 67 3 is_stmt 1 view .LVU17
  67:ThirdPackage/lwip_app/lwip.c ****   NETMASK_ADDRESS[3] = 0;
  95              		.loc 1 67 22 is_stmt 0 view .LVU18
  96 001e B370     		strb	r3, [r6, #2]
  68:ThirdPackage/lwip_app/lwip.c ****   GATEWAY_ADDRESS[0] = 192;
  97              		.loc 1 68 3 is_stmt 1 view .LVU19
  68:ThirdPackage/lwip_app/lwip.c ****   GATEWAY_ADDRESS[0] = 192;
  98              		.loc 1 68 22 is_stmt 0 view .LVU20
  99 0020 0024     		movs	r4, #0
 100 0022 F470     		strb	r4, [r6, #3]
  69:ThirdPackage/lwip_app/lwip.c ****   GATEWAY_ADDRESS[1] = 168;
 101              		.loc 1 69 3 is_stmt 1 view .LVU21
  69:ThirdPackage/lwip_app/lwip.c ****   GATEWAY_ADDRESS[1] = 168;
 102              		.loc 1 69 22 is_stmt 0 view .LVU22
 103 0024 394D     		ldr	r5, .L4+8
 104 0026 2870     		strb	r0, [r5]
  70:ThirdPackage/lwip_app/lwip.c ****   GATEWAY_ADDRESS[2] = 11;
 105              		.loc 1 70 3 is_stmt 1 view .LVU23
  70:ThirdPackage/lwip_app/lwip.c ****   GATEWAY_ADDRESS[2] = 11;
 106              		.loc 1 70 22 is_stmt 0 view .LVU24
 107 0028 6970     		strb	r1, [r5, #1]
  71:ThirdPackage/lwip_app/lwip.c ****   GATEWAY_ADDRESS[3] = 1;
 108              		.loc 1 71 3 is_stmt 1 view .LVU25
  71:ThirdPackage/lwip_app/lwip.c ****   GATEWAY_ADDRESS[3] = 1;
 109              		.loc 1 71 22 is_stmt 0 view .LVU26
 110 002a AA70     		strb	r2, [r5, #2]
  72:ThirdPackage/lwip_app/lwip.c **** 
 111              		.loc 1 72 3 is_stmt 1 view .LVU27
  72:ThirdPackage/lwip_app/lwip.c **** 
 112              		.loc 1 72 22 is_stmt 0 view .LVU28
 113 002c 0123     		movs	r3, #1
 114 002e EB70     		strb	r3, [r5, #3]
  78:ThirdPackage/lwip_app/lwip.c **** 
 115              		.loc 1 78 3 is_stmt 1 view .LVU29
 116 0030 2146     		mov	r1, r4
 117 0032 2046     		mov	r0, r4
 118 0034 FFF7FEFF 		bl	tcpip_init
 119              	.LVL1:
  81:ThirdPackage/lwip_app/lwip.c ****   IP4_ADDR(&netmask, NETMASK_ADDRESS[0], NETMASK_ADDRESS[1] , NETMASK_ADDRESS[2], NETMASK_ADDRESS[3
ARM GAS  C:\Users\86188\AppData\Local\Temp\ccfIcMhP.s 			page 6


 120              		.loc 1 81 3 view .LVU30
 121 0038 3A78     		ldrb	r2, [r7]	@ zero_extendqisi2
 122 003a 7B78     		ldrb	r3, [r7, #1]	@ zero_extendqisi2
 123 003c 1B04     		lsls	r3, r3, #16
 124 003e 43EA0263 		orr	r3, r3, r2, lsl #24
 125 0042 BA78     		ldrb	r2, [r7, #2]	@ zero_extendqisi2
 126 0044 43EA0223 		orr	r3, r3, r2, lsl #8
 127 0048 F978     		ldrb	r1, [r7, #3]	@ zero_extendqisi2
 128 004a 0B43     		orrs	r3, r3, r1
 129 004c 1A02     		lsls	r2, r3, #8
 130 004e 02F47F02 		and	r2, r2, #16711680
 131 0052 42EA0162 		orr	r2, r2, r1, lsl #24
 132 0056 190A     		lsrs	r1, r3, #8
 133 0058 01F47F41 		and	r1, r1, #65280
 134 005c 0A43     		orrs	r2, r2, r1
 135 005e 42EA1363 		orr	r3, r2, r3, lsr #24
 136 0062 2B49     		ldr	r1, .L4+12
 137 0064 0B60     		str	r3, [r1]
  82:ThirdPackage/lwip_app/lwip.c ****   IP4_ADDR(&gw, GATEWAY_ADDRESS[0], GATEWAY_ADDRESS[1], GATEWAY_ADDRESS[2], GATEWAY_ADDRESS[3]);
 138              		.loc 1 82 3 view .LVU31
 139 0066 3278     		ldrb	r2, [r6]	@ zero_extendqisi2
 140 0068 7378     		ldrb	r3, [r6, #1]	@ zero_extendqisi2
 141 006a 1B04     		lsls	r3, r3, #16
 142 006c 43EA0263 		orr	r3, r3, r2, lsl #24
 143 0070 B278     		ldrb	r2, [r6, #2]	@ zero_extendqisi2
 144 0072 43EA0223 		orr	r3, r3, r2, lsl #8
 145 0076 F078     		ldrb	r0, [r6, #3]	@ zero_extendqisi2
 146 0078 0343     		orrs	r3, r3, r0
 147 007a 1A02     		lsls	r2, r3, #8
 148 007c 02F47F02 		and	r2, r2, #16711680
 149 0080 42EA0062 		orr	r2, r2, r0, lsl #24
 150 0084 180A     		lsrs	r0, r3, #8
 151 0086 00F47F40 		and	r0, r0, #65280
 152 008a 0243     		orrs	r2, r2, r0
 153 008c 42EA1363 		orr	r3, r2, r3, lsr #24
 154 0090 204A     		ldr	r2, .L4+16
 155 0092 1360     		str	r3, [r2]
  83:ThirdPackage/lwip_app/lwip.c **** 
 156              		.loc 1 83 3 view .LVU32
 157 0094 2878     		ldrb	r0, [r5]	@ zero_extendqisi2
 158 0096 6B78     		ldrb	r3, [r5, #1]	@ zero_extendqisi2
 159 0098 1B04     		lsls	r3, r3, #16
 160 009a 43EA0063 		orr	r3, r3, r0, lsl #24
 161 009e A878     		ldrb	r0, [r5, #2]	@ zero_extendqisi2
 162 00a0 43EA0023 		orr	r3, r3, r0, lsl #8
 163 00a4 ED78     		ldrb	r5, [r5, #3]	@ zero_extendqisi2
 164 00a6 2B43     		orrs	r3, r3, r5
 165 00a8 1802     		lsls	r0, r3, #8
 166 00aa 00F47F00 		and	r0, r0, #16711680
 167 00ae 40EA0560 		orr	r0, r0, r5, lsl #24
 168 00b2 1D0A     		lsrs	r5, r3, #8
 169 00b4 05F47F45 		and	r5, r5, #65280
 170 00b8 2843     		orrs	r0, r0, r5
 171 00ba 40EA1360 		orr	r0, r0, r3, lsr #24
 172 00be 164B     		ldr	r3, .L4+20
 173 00c0 1860     		str	r0, [r3]
  86:ThirdPackage/lwip_app/lwip.c **** 
ARM GAS  C:\Users\86188\AppData\Local\Temp\ccfIcMhP.s 			page 7


 174              		.loc 1 86 3 view .LVU33
 175 00c2 164D     		ldr	r5, .L4+24
 176 00c4 1648     		ldr	r0, .L4+28
 177 00c6 0290     		str	r0, [sp, #8]
 178 00c8 1648     		ldr	r0, .L4+32
 179 00ca 0190     		str	r0, [sp, #4]
 180 00cc 0094     		str	r4, [sp]
 181 00ce 2846     		mov	r0, r5
 182 00d0 FFF7FEFF 		bl	netif_add
 183              	.LVL2:
  89:ThirdPackage/lwip_app/lwip.c **** 
 184              		.loc 1 89 3 view .LVU34
 185 00d4 2846     		mov	r0, r5
 186 00d6 FFF7FEFF 		bl	netif_set_default
 187              	.LVL3:
  94:ThirdPackage/lwip_app/lwip.c ****   // }
 188              		.loc 1 94 5 view .LVU35
 189 00da 2846     		mov	r0, r5
 190 00dc FFF7FEFF 		bl	netif_set_up
 191              	.LVL4:
 103:ThirdPackage/lwip_app/lwip.c **** 
 192              		.loc 1 103 3 view .LVU36
 193 00e0 1149     		ldr	r1, .L4+36
 194 00e2 2846     		mov	r0, r5
 195 00e4 FFF7FEFF 		bl	netif_set_link_callback
 196              	.LVL5:
 107:ThirdPackage/lwip_app/lwip.c ****     xTaskCreate(ethernet_link_thread,"EthLink",configMINIMAL_STACK_SIZE *2,0,3,&EthLink);
 197              		.loc 1 107 5 view .LVU37
 108:ThirdPackage/lwip_app/lwip.c **** 
 198              		.loc 1 108 5 view .LVU38
 199 00e8 05AB     		add	r3, sp, #20
 200 00ea 0193     		str	r3, [sp, #4]
 201 00ec 0323     		movs	r3, #3
 202 00ee 0093     		str	r3, [sp]
 203 00f0 2346     		mov	r3, r4
 204 00f2 4FF48072 		mov	r2, #256
 205 00f6 0D49     		ldr	r1, .L4+40
 206 00f8 0D48     		ldr	r0, .L4+44
 207 00fa FFF7FEFF 		bl	xTaskCreate
 208              	.LVL6:
 115:ThirdPackage/lwip_app/lwip.c **** 
 209              		.loc 1 115 1 is_stmt 0 view .LVU39
 210 00fe 07B0     		add	sp, sp, #28
 211              	.LCFI2:
 212              		.cfi_def_cfa_offset 20
 213              		@ sp needed
 214 0100 F0BD     		pop	{r4, r5, r6, r7, pc}
 215              	.L5:
 216 0102 00BF     		.align	2
 217              	.L4:
 218 0104 00000000 		.word	.LANCHOR0
 219 0108 00000000 		.word	.LANCHOR1
 220 010c 00000000 		.word	.LANCHOR2
 221 0110 00000000 		.word	.LANCHOR3
 222 0114 00000000 		.word	.LANCHOR4
 223 0118 00000000 		.word	.LANCHOR5
 224 011c 00000000 		.word	.LANCHOR6
ARM GAS  C:\Users\86188\AppData\Local\Temp\ccfIcMhP.s 			page 8


 225 0120 00000000 		.word	tcpip_input
 226 0124 00000000 		.word	ethernetif_init
 227 0128 00000000 		.word	ethernet_link_status_updated
 228 012c 00000000 		.word	.LC0
 229 0130 00000000 		.word	ethernet_link_thread
 230              		.cfi_endproc
 231              	.LFE160:
 233              		.global	GATEWAY_ADDRESS
 234              		.global	NETMASK_ADDRESS
 235              		.global	IP_ADDRESS
 236              		.global	gw
 237              		.global	netmask
 238              		.global	ipaddr
 239              		.global	gnetif
 240              		.section	.bss.GATEWAY_ADDRESS,"aw",%nobits
 241              		.align	2
 242              		.set	.LANCHOR2,. + 0
 245              	GATEWAY_ADDRESS:
 246 0000 00000000 		.space	4
 247              		.section	.bss.IP_ADDRESS,"aw",%nobits
 248              		.align	2
 249              		.set	.LANCHOR0,. + 0
 252              	IP_ADDRESS:
 253 0000 00000000 		.space	4
 254              		.section	.bss.NETMASK_ADDRESS,"aw",%nobits
 255              		.align	2
 256              		.set	.LANCHOR1,. + 0
 259              	NETMASK_ADDRESS:
 260 0000 00000000 		.space	4
 261              		.section	.bss.gnetif,"aw",%nobits
 262              		.align	2
 263              		.set	.LANCHOR6,. + 0
 266              	gnetif:
 267 0000 00000000 		.space	52
 267      00000000 
 267      00000000 
 267      00000000 
 267      00000000 
 268              		.section	.bss.gw,"aw",%nobits
 269              		.align	2
 270              		.set	.LANCHOR5,. + 0
 273              	gw:
 274 0000 00000000 		.space	4
 275              		.section	.bss.ipaddr,"aw",%nobits
 276              		.align	2
 277              		.set	.LANCHOR3,. + 0
 280              	ipaddr:
 281 0000 00000000 		.space	4
 282              		.section	.bss.netmask,"aw",%nobits
 283              		.align	2
 284              		.set	.LANCHOR4,. + 0
 287              	netmask:
 288 0000 00000000 		.space	4
 289              		.text
 290              	.Letext0:
 291              		.file 2 "k:\\program files (x86)\\gnu arm embedded toolchain\\10 2021.10\\arm-none-eabi\\include\\
 292              		.file 3 "k:\\program files (x86)\\gnu arm embedded toolchain\\10 2021.10\\arm-none-eabi\\include\\
ARM GAS  C:\Users\86188\AppData\Local\Temp\ccfIcMhP.s 			page 9


 293              		.file 4 "ThirdPackage/freertos/include/task.h"
 294              		.file 5 "ThirdPackage/lwip220/include/lwip/arch.h"
 295              		.file 6 "ThirdPackage/lwip220/include/lwip/err.h"
 296              		.file 7 "ThirdPackage/lwip220/include/lwip/pbuf.h"
 297              		.file 8 "ThirdPackage/lwip220/include/lwip/ip4_addr.h"
 298              		.file 9 "ThirdPackage/lwip220/include/lwip/ip_addr.h"
 299              		.file 10 "ThirdPackage/lwip220/include/lwip/netif.h"
 300              		.file 11 "ThirdPackage/lwip220/include/lwip/tcpip.h"
 301              		.file 12 "ThirdPackage/lwip220/include/lwip/memp.h"
ARM GAS  C:\Users\86188\AppData\Local\Temp\ccfIcMhP.s 			page 10


DEFINED SYMBOLS
                            *ABS*:00000000 lwip.c
C:\Users\86188\AppData\Local\Temp\ccfIcMhP.s:20     .text.ethernet_link_status_updated:00000000 $t
C:\Users\86188\AppData\Local\Temp\ccfIcMhP.s:25     .text.ethernet_link_status_updated:00000000 ethernet_link_status_updated
C:\Users\86188\AppData\Local\Temp\ccfIcMhP.s:42     .rodata.MX_LWIP_Init.str1.4:00000000 $d
C:\Users\86188\AppData\Local\Temp\ccfIcMhP.s:46     .text.MX_LWIP_Init:00000000 $t
C:\Users\86188\AppData\Local\Temp\ccfIcMhP.s:52     .text.MX_LWIP_Init:00000000 MX_LWIP_Init
C:\Users\86188\AppData\Local\Temp\ccfIcMhP.s:218    .text.MX_LWIP_Init:00000104 $d
C:\Users\86188\AppData\Local\Temp\ccfIcMhP.s:245    .bss.GATEWAY_ADDRESS:00000000 GATEWAY_ADDRESS
C:\Users\86188\AppData\Local\Temp\ccfIcMhP.s:259    .bss.NETMASK_ADDRESS:00000000 NETMASK_ADDRESS
C:\Users\86188\AppData\Local\Temp\ccfIcMhP.s:252    .bss.IP_ADDRESS:00000000 IP_ADDRESS
C:\Users\86188\AppData\Local\Temp\ccfIcMhP.s:273    .bss.gw:00000000 gw
C:\Users\86188\AppData\Local\Temp\ccfIcMhP.s:287    .bss.netmask:00000000 netmask
C:\Users\86188\AppData\Local\Temp\ccfIcMhP.s:280    .bss.ipaddr:00000000 ipaddr
C:\Users\86188\AppData\Local\Temp\ccfIcMhP.s:266    .bss.gnetif:00000000 gnetif
C:\Users\86188\AppData\Local\Temp\ccfIcMhP.s:241    .bss.GATEWAY_ADDRESS:00000000 $d
C:\Users\86188\AppData\Local\Temp\ccfIcMhP.s:248    .bss.IP_ADDRESS:00000000 $d
C:\Users\86188\AppData\Local\Temp\ccfIcMhP.s:255    .bss.NETMASK_ADDRESS:00000000 $d
C:\Users\86188\AppData\Local\Temp\ccfIcMhP.s:262    .bss.gnetif:00000000 $d
C:\Users\86188\AppData\Local\Temp\ccfIcMhP.s:269    .bss.gw:00000000 $d
C:\Users\86188\AppData\Local\Temp\ccfIcMhP.s:276    .bss.ipaddr:00000000 $d
C:\Users\86188\AppData\Local\Temp\ccfIcMhP.s:283    .bss.netmask:00000000 $d

UNDEFINED SYMBOLS
tcpip_init
netif_add
netif_set_default
netif_set_up
netif_set_link_callback
xTaskCreate
tcpip_input
ethernetif_init
ethernet_link_thread
