ARM GAS  C:\Users\86188\AppData\Local\Temp\ccvpMkv4.s 			page 1


   1              		.cpu cortex-m4
   2              		.arch armv7e-m
   3              		.fpu fpv4-sp-d16
   4              		.eabi_attribute 27, 1
   5              		.eabi_attribute 28, 1
   6              		.eabi_attribute 20, 1
   7              		.eabi_attribute 21, 1
   8              		.eabi_attribute 23, 3
   9              		.eabi_attribute 24, 1
  10              		.eabi_attribute 25, 1
  11              		.eabi_attribute 26, 1
  12              		.eabi_attribute 30, 1
  13              		.eabi_attribute 34, 1
  14              		.eabi_attribute 18, 4
  15              		.file	"netbuf.c"
  16              		.text
  17              	.Ltext0:
  18              		.cfi_sections	.debug_frame
  19              		.section	.text.netbuf_new,"ax",%progbits
  20              		.align	1
  21              		.global	netbuf_new
  22              		.syntax unified
  23              		.thumb
  24              		.thumb_func
  26              	netbuf_new:
  27              	.LFB160:
  28              		.file 1 "ThirdPackage/lwip220/api/netbuf.c"
   1:ThirdPackage/lwip220/api/netbuf.c **** /**
   2:ThirdPackage/lwip220/api/netbuf.c ****  * @file
   3:ThirdPackage/lwip220/api/netbuf.c ****  * Network buffer management
   4:ThirdPackage/lwip220/api/netbuf.c ****  *
   5:ThirdPackage/lwip220/api/netbuf.c ****  * @defgroup netbuf Network buffers
   6:ThirdPackage/lwip220/api/netbuf.c ****  * @ingroup netconn
   7:ThirdPackage/lwip220/api/netbuf.c ****  * Network buffer descriptor for @ref netconn. Based on @ref pbuf internally
   8:ThirdPackage/lwip220/api/netbuf.c ****  * to avoid copying data around.<br>
   9:ThirdPackage/lwip220/api/netbuf.c ****  * Buffers must not be shared across multiple threads, all functions except
  10:ThirdPackage/lwip220/api/netbuf.c ****  * netbuf_new() and netbuf_delete() are not thread-safe.
  11:ThirdPackage/lwip220/api/netbuf.c ****  */
  12:ThirdPackage/lwip220/api/netbuf.c **** 
  13:ThirdPackage/lwip220/api/netbuf.c **** /*
  14:ThirdPackage/lwip220/api/netbuf.c ****  * Copyright (c) 2001-2004 Swedish Institute of Computer Science.
  15:ThirdPackage/lwip220/api/netbuf.c ****  * All rights reserved.
  16:ThirdPackage/lwip220/api/netbuf.c ****  *
  17:ThirdPackage/lwip220/api/netbuf.c ****  * Redistribution and use in source and binary forms, with or without modification,
  18:ThirdPackage/lwip220/api/netbuf.c ****  * are permitted provided that the following conditions are met:
  19:ThirdPackage/lwip220/api/netbuf.c ****  *
  20:ThirdPackage/lwip220/api/netbuf.c ****  * 1. Redistributions of source code must retain the above copyright notice,
  21:ThirdPackage/lwip220/api/netbuf.c ****  *    this list of conditions and the following disclaimer.
  22:ThirdPackage/lwip220/api/netbuf.c ****  * 2. Redistributions in binary form must reproduce the above copyright notice,
  23:ThirdPackage/lwip220/api/netbuf.c ****  *    this list of conditions and the following disclaimer in the documentation
  24:ThirdPackage/lwip220/api/netbuf.c ****  *    and/or other materials provided with the distribution.
  25:ThirdPackage/lwip220/api/netbuf.c ****  * 3. The name of the author may not be used to endorse or promote products
  26:ThirdPackage/lwip220/api/netbuf.c ****  *    derived from this software without specific prior written permission.
  27:ThirdPackage/lwip220/api/netbuf.c ****  *
  28:ThirdPackage/lwip220/api/netbuf.c ****  * THIS SOFTWARE IS PROVIDED BY THE AUTHOR ``AS IS'' AND ANY EXPRESS OR IMPLIED
  29:ThirdPackage/lwip220/api/netbuf.c ****  * WARRANTIES, INCLUDING, BUT NOT LIMITED TO, THE IMPLIED WARRANTIES OF
  30:ThirdPackage/lwip220/api/netbuf.c ****  * MERCHANTABILITY AND FITNESS FOR A PARTICULAR PURPOSE ARE DISCLAIMED. IN NO EVENT
ARM GAS  C:\Users\86188\AppData\Local\Temp\ccvpMkv4.s 			page 2


  31:ThirdPackage/lwip220/api/netbuf.c ****  * SHALL THE AUTHOR BE LIABLE FOR ANY DIRECT, INDIRECT, INCIDENTAL, SPECIAL,
  32:ThirdPackage/lwip220/api/netbuf.c ****  * EXEMPLARY, OR CONSEQUENTIAL DAMAGES (INCLUDING, BUT NOT LIMITED TO, PROCUREMENT
  33:ThirdPackage/lwip220/api/netbuf.c ****  * OF SUBSTITUTE GOODS OR SERVICES; LOSS OF USE, DATA, OR PROFITS; OR BUSINESS
  34:ThirdPackage/lwip220/api/netbuf.c ****  * INTERRUPTION) HOWEVER CAUSED AND ON ANY THEORY OF LIABILITY, WHETHER IN
  35:ThirdPackage/lwip220/api/netbuf.c ****  * CONTRACT, STRICT LIABILITY, OR TORT (INCLUDING NEGLIGENCE OR OTHERWISE) ARISING
  36:ThirdPackage/lwip220/api/netbuf.c ****  * IN ANY WAY OUT OF THE USE OF THIS SOFTWARE, EVEN IF ADVISED OF THE POSSIBILITY
  37:ThirdPackage/lwip220/api/netbuf.c ****  * OF SUCH DAMAGE.
  38:ThirdPackage/lwip220/api/netbuf.c ****  *
  39:ThirdPackage/lwip220/api/netbuf.c ****  * This file is part of the lwIP TCP/IP stack.
  40:ThirdPackage/lwip220/api/netbuf.c ****  *
  41:ThirdPackage/lwip220/api/netbuf.c ****  * Author: Adam Dunkels <adam@sics.se>
  42:ThirdPackage/lwip220/api/netbuf.c ****  *
  43:ThirdPackage/lwip220/api/netbuf.c ****  */
  44:ThirdPackage/lwip220/api/netbuf.c **** 
  45:ThirdPackage/lwip220/api/netbuf.c **** #include "lwip/opt.h"
  46:ThirdPackage/lwip220/api/netbuf.c **** 
  47:ThirdPackage/lwip220/api/netbuf.c **** #if LWIP_NETCONN /* don't build if not configured for use in lwipopts.h */
  48:ThirdPackage/lwip220/api/netbuf.c **** 
  49:ThirdPackage/lwip220/api/netbuf.c **** #include "lwip/netbuf.h"
  50:ThirdPackage/lwip220/api/netbuf.c **** #include "lwip/memp.h"
  51:ThirdPackage/lwip220/api/netbuf.c **** 
  52:ThirdPackage/lwip220/api/netbuf.c **** #include <string.h>
  53:ThirdPackage/lwip220/api/netbuf.c **** 
  54:ThirdPackage/lwip220/api/netbuf.c **** /**
  55:ThirdPackage/lwip220/api/netbuf.c ****  * @ingroup netbuf
  56:ThirdPackage/lwip220/api/netbuf.c ****  * Create (allocate) and initialize a new netbuf.
  57:ThirdPackage/lwip220/api/netbuf.c ****  * The netbuf doesn't yet contain a packet buffer!
  58:ThirdPackage/lwip220/api/netbuf.c ****  *
  59:ThirdPackage/lwip220/api/netbuf.c ****  * @return a pointer to a new netbuf
  60:ThirdPackage/lwip220/api/netbuf.c ****  *         NULL on lack of memory
  61:ThirdPackage/lwip220/api/netbuf.c ****  */
  62:ThirdPackage/lwip220/api/netbuf.c **** struct
  63:ThirdPackage/lwip220/api/netbuf.c **** netbuf *netbuf_new(void)
  64:ThirdPackage/lwip220/api/netbuf.c **** {
  29              		.loc 1 64 1 view -0
  30              		.cfi_startproc
  31              		@ args = 0, pretend = 0, frame = 0
  32              		@ frame_needed = 0, uses_anonymous_args = 0
  33 0000 08B5     		push	{r3, lr}
  34              	.LCFI0:
  35              		.cfi_def_cfa_offset 8
  36              		.cfi_offset 3, -8
  37              		.cfi_offset 14, -4
  65:ThirdPackage/lwip220/api/netbuf.c ****   struct netbuf *buf;
  38              		.loc 1 65 3 view .LVU1
  66:ThirdPackage/lwip220/api/netbuf.c **** 
  67:ThirdPackage/lwip220/api/netbuf.c ****   buf = (struct netbuf *)memp_malloc(MEMP_NETBUF);
  39              		.loc 1 67 3 view .LVU2
  40              		.loc 1 67 26 is_stmt 0 view .LVU3
  41 0002 0620     		movs	r0, #6
  42 0004 FFF7FEFF 		bl	memp_malloc
  43              	.LVL0:
  68:ThirdPackage/lwip220/api/netbuf.c ****   if (buf != NULL) {
  44              		.loc 1 68 3 is_stmt 1 view .LVU4
  45              		.loc 1 68 6 is_stmt 0 view .LVU5
  46 0008 0346     		mov	r3, r0
  47 000a 20B1     		cbz	r0, .L1
ARM GAS  C:\Users\86188\AppData\Local\Temp\ccvpMkv4.s 			page 3


  69:ThirdPackage/lwip220/api/netbuf.c ****     memset(buf, 0, sizeof(struct netbuf));
  48              		.loc 1 69 5 is_stmt 1 view .LVU6
  49 000c 0022     		movs	r2, #0
  50 000e 0260     		str	r2, [r0]	@ unaligned
  51 0010 4260     		str	r2, [r0, #4]	@ unaligned
  52 0012 8260     		str	r2, [r0, #8]	@ unaligned
  53 0014 C260     		str	r2, [r0, #12]	@ unaligned
  70:ThirdPackage/lwip220/api/netbuf.c ****   }
  71:ThirdPackage/lwip220/api/netbuf.c ****   return buf;
  54              		.loc 1 71 3 view .LVU7
  55              	.L1:
  72:ThirdPackage/lwip220/api/netbuf.c **** }
  56              		.loc 1 72 1 is_stmt 0 view .LVU8
  57 0016 1846     		mov	r0, r3
  58              	.LVL1:
  59              		.loc 1 72 1 view .LVU9
  60 0018 08BD     		pop	{r3, pc}
  61              		.loc 1 72 1 view .LVU10
  62              		.cfi_endproc
  63              	.LFE160:
  65              		.section	.text.netbuf_delete,"ax",%progbits
  66              		.align	1
  67              		.global	netbuf_delete
  68              		.syntax unified
  69              		.thumb
  70              		.thumb_func
  72              	netbuf_delete:
  73              	.LVL2:
  74              	.LFB161:
  73:ThirdPackage/lwip220/api/netbuf.c **** 
  74:ThirdPackage/lwip220/api/netbuf.c **** /**
  75:ThirdPackage/lwip220/api/netbuf.c ****  * @ingroup netbuf
  76:ThirdPackage/lwip220/api/netbuf.c ****  * Deallocate a netbuf allocated by netbuf_new().
  77:ThirdPackage/lwip220/api/netbuf.c ****  *
  78:ThirdPackage/lwip220/api/netbuf.c ****  * @param buf pointer to a netbuf allocated by netbuf_new()
  79:ThirdPackage/lwip220/api/netbuf.c ****  */
  80:ThirdPackage/lwip220/api/netbuf.c **** void
  81:ThirdPackage/lwip220/api/netbuf.c **** netbuf_delete(struct netbuf *buf)
  82:ThirdPackage/lwip220/api/netbuf.c **** {
  75              		.loc 1 82 1 is_stmt 1 view -0
  76              		.cfi_startproc
  77              		@ args = 0, pretend = 0, frame = 0
  78              		@ frame_needed = 0, uses_anonymous_args = 0
  83:ThirdPackage/lwip220/api/netbuf.c ****   if (buf != NULL) {
  79              		.loc 1 83 3 view .LVU12
  80              		.loc 1 83 6 is_stmt 0 view .LVU13
  81 0000 68B1     		cbz	r0, .L8
  82:ThirdPackage/lwip220/api/netbuf.c ****   if (buf != NULL) {
  82              		.loc 1 82 1 view .LVU14
  83 0002 10B5     		push	{r4, lr}
  84              	.LCFI1:
  85              		.cfi_def_cfa_offset 8
  86              		.cfi_offset 4, -8
  87              		.cfi_offset 14, -4
  88 0004 0446     		mov	r4, r0
  84:ThirdPackage/lwip220/api/netbuf.c ****     if (buf->p != NULL) {
  89              		.loc 1 84 5 is_stmt 1 view .LVU15
ARM GAS  C:\Users\86188\AppData\Local\Temp\ccvpMkv4.s 			page 4


  90              		.loc 1 84 12 is_stmt 0 view .LVU16
  91 0006 0068     		ldr	r0, [r0]
  92              	.LVL3:
  93              		.loc 1 84 8 view .LVU17
  94 0008 20B1     		cbz	r0, .L6
  85:ThirdPackage/lwip220/api/netbuf.c ****       pbuf_free(buf->p);
  95              		.loc 1 85 7 is_stmt 1 view .LVU18
  96 000a FFF7FEFF 		bl	pbuf_free
  97              	.LVL4:
  86:ThirdPackage/lwip220/api/netbuf.c ****       buf->p = buf->ptr = NULL;
  98              		.loc 1 86 7 view .LVU19
  99              		.loc 1 86 25 is_stmt 0 view .LVU20
 100 000e 0023     		movs	r3, #0
 101 0010 6360     		str	r3, [r4, #4]
 102              		.loc 1 86 14 view .LVU21
 103 0012 2360     		str	r3, [r4]
 104              	.L6:
  87:ThirdPackage/lwip220/api/netbuf.c ****     }
  88:ThirdPackage/lwip220/api/netbuf.c ****     memp_free(MEMP_NETBUF, buf);
 105              		.loc 1 88 5 is_stmt 1 view .LVU22
 106 0014 2146     		mov	r1, r4
 107 0016 0620     		movs	r0, #6
 108 0018 FFF7FEFF 		bl	memp_free
 109              	.LVL5:
  89:ThirdPackage/lwip220/api/netbuf.c ****   }
  90:ThirdPackage/lwip220/api/netbuf.c **** }
 110              		.loc 1 90 1 is_stmt 0 view .LVU23
 111 001c 10BD     		pop	{r4, pc}
 112              	.LVL6:
 113              	.L8:
 114              	.LCFI2:
 115              		.cfi_def_cfa_offset 0
 116              		.cfi_restore 4
 117              		.cfi_restore 14
 118              		.loc 1 90 1 view .LVU24
 119 001e 7047     		bx	lr
 120              		.cfi_endproc
 121              	.LFE161:
 123              		.section	.rodata.netbuf_alloc.str1.4,"aMS",%progbits,1
 124              		.align	2
 125              	.LC0:
 126 0000 54686972 		.ascii	"ThirdPackage/lwip220/api/netbuf.c\000"
 126      64506163 
 126      6B616765 
 126      2F6C7769 
 126      70323230 
 127 0022 0000     		.align	2
 128              	.LC1:
 129 0024 63686563 		.ascii	"check that first pbuf can hold size\000"
 129      6B207468 
 129      61742066 
 129      69727374 
 129      20706275 
 130              		.align	2
 131              	.LC2:
 132 0048 41737365 		.ascii	"Assertion \"%s\" failed at line %d in %s\012\000"
 132      7274696F 
ARM GAS  C:\Users\86188\AppData\Local\Temp\ccvpMkv4.s 			page 5


 132      6E202225 
 132      73222066 
 132      61696C65 
 133              		.section	.text.netbuf_alloc,"ax",%progbits
 134              		.align	1
 135              		.global	netbuf_alloc
 136              		.syntax unified
 137              		.thumb
 138              		.thumb_func
 140              	netbuf_alloc:
 141              	.LVL7:
 142              	.LFB162:
  91:ThirdPackage/lwip220/api/netbuf.c **** 
  92:ThirdPackage/lwip220/api/netbuf.c **** /**
  93:ThirdPackage/lwip220/api/netbuf.c ****  * @ingroup netbuf
  94:ThirdPackage/lwip220/api/netbuf.c ****  * Allocate memory for a packet buffer for a given netbuf.
  95:ThirdPackage/lwip220/api/netbuf.c ****  *
  96:ThirdPackage/lwip220/api/netbuf.c ****  * @param buf the netbuf for which to allocate a packet buffer
  97:ThirdPackage/lwip220/api/netbuf.c ****  * @param size the size of the packet buffer to allocate
  98:ThirdPackage/lwip220/api/netbuf.c ****  * @return pointer to the allocated memory
  99:ThirdPackage/lwip220/api/netbuf.c ****  *         NULL if no memory could be allocated
 100:ThirdPackage/lwip220/api/netbuf.c ****  */
 101:ThirdPackage/lwip220/api/netbuf.c **** void *
 102:ThirdPackage/lwip220/api/netbuf.c **** netbuf_alloc(struct netbuf *buf, u16_t size)
 103:ThirdPackage/lwip220/api/netbuf.c **** {
 143              		.loc 1 103 1 is_stmt 1 view -0
 144              		.cfi_startproc
 145              		@ args = 0, pretend = 0, frame = 0
 146              		@ frame_needed = 0, uses_anonymous_args = 0
 147              		.loc 1 103 1 is_stmt 0 view .LVU26
 148 0000 38B5     		push	{r3, r4, r5, lr}
 149              	.LCFI3:
 150              		.cfi_def_cfa_offset 16
 151              		.cfi_offset 3, -16
 152              		.cfi_offset 4, -12
 153              		.cfi_offset 5, -8
 154              		.cfi_offset 14, -4
 104:ThirdPackage/lwip220/api/netbuf.c ****   LWIP_ERROR("netbuf_alloc: invalid buf", (buf != NULL), return NULL;);
 155              		.loc 1 104 3 is_stmt 1 view .LVU27
 156              		.loc 1 104 3 view .LVU28
 157 0002 0546     		mov	r5, r0
 158 0004 90B1     		cbz	r0, .L11
 159 0006 0C46     		mov	r4, r1
 160              		.loc 1 104 3 discriminator 2 view .LVU29
 161              		.loc 1 104 3 discriminator 2 view .LVU30
 105:ThirdPackage/lwip220/api/netbuf.c **** 
 106:ThirdPackage/lwip220/api/netbuf.c ****   /* Deallocate any previously allocated memory. */
 107:ThirdPackage/lwip220/api/netbuf.c ****   if (buf->p != NULL) {
 162              		.loc 1 107 3 discriminator 2 view .LVU31
 163              		.loc 1 107 10 is_stmt 0 discriminator 2 view .LVU32
 164 0008 0068     		ldr	r0, [r0]
 165              	.LVL8:
 166              		.loc 1 107 6 discriminator 2 view .LVU33
 167 000a 08B1     		cbz	r0, .L13
 108:ThirdPackage/lwip220/api/netbuf.c ****     pbuf_free(buf->p);
 168              		.loc 1 108 5 is_stmt 1 view .LVU34
 169 000c FFF7FEFF 		bl	pbuf_free
ARM GAS  C:\Users\86188\AppData\Local\Temp\ccvpMkv4.s 			page 6


 170              	.LVL9:
 171              	.L13:
 109:ThirdPackage/lwip220/api/netbuf.c ****   }
 110:ThirdPackage/lwip220/api/netbuf.c ****   buf->p = pbuf_alloc(PBUF_TRANSPORT, size, PBUF_RAM);
 172              		.loc 1 110 3 view .LVU35
 173              		.loc 1 110 12 is_stmt 0 view .LVU36
 174 0010 4FF42072 		mov	r2, #640
 175 0014 2146     		mov	r1, r4
 176 0016 3620     		movs	r0, #54
 177 0018 FFF7FEFF 		bl	pbuf_alloc
 178              	.LVL10:
 179              		.loc 1 110 10 view .LVU37
 180 001c 2860     		str	r0, [r5]
 111:ThirdPackage/lwip220/api/netbuf.c ****   if (buf->p == NULL) {
 181              		.loc 1 111 3 is_stmt 1 view .LVU38
 182              		.loc 1 111 6 is_stmt 0 view .LVU39
 183 001e 28B1     		cbz	r0, .L11
 112:ThirdPackage/lwip220/api/netbuf.c ****     return NULL;
 113:ThirdPackage/lwip220/api/netbuf.c ****   }
 114:ThirdPackage/lwip220/api/netbuf.c ****   LWIP_ASSERT("check that first pbuf can hold size",
 184              		.loc 1 114 3 is_stmt 1 view .LVU40
 185              		.loc 1 114 3 view .LVU41
 186 0020 4389     		ldrh	r3, [r0, #10]
 187 0022 A342     		cmp	r3, r4
 188 0024 03D3     		bcc	.L17
 189              	.L14:
 190              		.loc 1 114 3 discriminator 3 view .LVU42
 191              		.loc 1 114 3 discriminator 3 view .LVU43
 115:ThirdPackage/lwip220/api/netbuf.c ****               (buf->p->len >= size));
 116:ThirdPackage/lwip220/api/netbuf.c ****   buf->ptr = buf->p;
 192              		.loc 1 116 3 discriminator 3 view .LVU44
 193              		.loc 1 116 17 is_stmt 0 discriminator 3 view .LVU45
 194 0026 2B68     		ldr	r3, [r5]
 195              		.loc 1 116 12 discriminator 3 view .LVU46
 196 0028 6B60     		str	r3, [r5, #4]
 117:ThirdPackage/lwip220/api/netbuf.c ****   return buf->p->payload;
 197              		.loc 1 117 3 is_stmt 1 discriminator 3 view .LVU47
 198              		.loc 1 117 16 is_stmt 0 discriminator 3 view .LVU48
 199 002a 5868     		ldr	r0, [r3, #4]
 200              	.L11:
 118:ThirdPackage/lwip220/api/netbuf.c **** }
 201              		.loc 1 118 1 view .LVU49
 202 002c 38BD     		pop	{r3, r4, r5, pc}
 203              	.LVL11:
 204              	.L17:
 114:ThirdPackage/lwip220/api/netbuf.c ****               (buf->p->len >= size));
 205              		.loc 1 114 3 is_stmt 1 discriminator 1 view .LVU50
 114:ThirdPackage/lwip220/api/netbuf.c ****               (buf->p->len >= size));
 206              		.loc 1 114 3 discriminator 1 view .LVU51
 207 002e 034B     		ldr	r3, .L18
 208 0030 7222     		movs	r2, #114
 209 0032 0349     		ldr	r1, .L18+4
 210 0034 0348     		ldr	r0, .L18+8
 211 0036 FFF7FEFF 		bl	printf
 212              	.LVL12:
 213 003a F4E7     		b	.L14
 214              	.L19:
ARM GAS  C:\Users\86188\AppData\Local\Temp\ccvpMkv4.s 			page 7


 215              		.align	2
 216              	.L18:
 217 003c 00000000 		.word	.LC0
 218 0040 24000000 		.word	.LC1
 219 0044 48000000 		.word	.LC2
 220              		.cfi_endproc
 221              	.LFE162:
 223              		.section	.text.netbuf_free,"ax",%progbits
 224              		.align	1
 225              		.global	netbuf_free
 226              		.syntax unified
 227              		.thumb
 228              		.thumb_func
 230              	netbuf_free:
 231              	.LVL13:
 232              	.LFB163:
 119:ThirdPackage/lwip220/api/netbuf.c **** 
 120:ThirdPackage/lwip220/api/netbuf.c **** /**
 121:ThirdPackage/lwip220/api/netbuf.c ****  * @ingroup netbuf
 122:ThirdPackage/lwip220/api/netbuf.c ****  * Free the packet buffer included in a netbuf
 123:ThirdPackage/lwip220/api/netbuf.c ****  *
 124:ThirdPackage/lwip220/api/netbuf.c ****  * @param buf pointer to the netbuf which contains the packet buffer to free
 125:ThirdPackage/lwip220/api/netbuf.c ****  */
 126:ThirdPackage/lwip220/api/netbuf.c **** void
 127:ThirdPackage/lwip220/api/netbuf.c **** netbuf_free(struct netbuf *buf)
 128:ThirdPackage/lwip220/api/netbuf.c **** {
 233              		.loc 1 128 1 view -0
 234              		.cfi_startproc
 235              		@ args = 0, pretend = 0, frame = 0
 236              		@ frame_needed = 0, uses_anonymous_args = 0
 129:ThirdPackage/lwip220/api/netbuf.c ****   LWIP_ERROR("netbuf_free: invalid buf", (buf != NULL), return;);
 237              		.loc 1 129 3 view .LVU53
 238              		.loc 1 129 3 view .LVU54
 239 0000 48B1     		cbz	r0, .L24
 128:ThirdPackage/lwip220/api/netbuf.c ****   LWIP_ERROR("netbuf_free: invalid buf", (buf != NULL), return;);
 240              		.loc 1 128 1 is_stmt 0 discriminator 2 view .LVU55
 241 0002 10B5     		push	{r4, lr}
 242              	.LCFI4:
 243              		.cfi_def_cfa_offset 8
 244              		.cfi_offset 4, -8
 245              		.cfi_offset 14, -4
 246 0004 0446     		mov	r4, r0
 247              		.loc 1 129 3 is_stmt 1 discriminator 2 view .LVU56
 248              		.loc 1 129 3 discriminator 2 view .LVU57
 130:ThirdPackage/lwip220/api/netbuf.c ****   if (buf->p != NULL) {
 249              		.loc 1 130 3 discriminator 2 view .LVU58
 250              		.loc 1 130 10 is_stmt 0 discriminator 2 view .LVU59
 251 0006 0068     		ldr	r0, [r0]
 252              	.LVL14:
 253              		.loc 1 130 6 discriminator 2 view .LVU60
 254 0008 08B1     		cbz	r0, .L22
 131:ThirdPackage/lwip220/api/netbuf.c ****     pbuf_free(buf->p);
 255              		.loc 1 131 5 is_stmt 1 view .LVU61
 256 000a FFF7FEFF 		bl	pbuf_free
 257              	.LVL15:
 258              	.L22:
 132:ThirdPackage/lwip220/api/netbuf.c ****   }
ARM GAS  C:\Users\86188\AppData\Local\Temp\ccvpMkv4.s 			page 8


 133:ThirdPackage/lwip220/api/netbuf.c ****   buf->p = buf->ptr = NULL;
 259              		.loc 1 133 3 view .LVU62
 260              		.loc 1 133 21 is_stmt 0 view .LVU63
 261 000e 0023     		movs	r3, #0
 262 0010 6360     		str	r3, [r4, #4]
 263              		.loc 1 133 10 view .LVU64
 264 0012 2360     		str	r3, [r4]
 134:ThirdPackage/lwip220/api/netbuf.c **** #if LWIP_CHECKSUM_ON_COPY
 135:ThirdPackage/lwip220/api/netbuf.c ****   buf->flags = 0;
 136:ThirdPackage/lwip220/api/netbuf.c ****   buf->toport_chksum = 0;
 137:ThirdPackage/lwip220/api/netbuf.c **** #endif /* LWIP_CHECKSUM_ON_COPY */
 138:ThirdPackage/lwip220/api/netbuf.c **** }
 265              		.loc 1 138 1 view .LVU65
 266 0014 10BD     		pop	{r4, pc}
 267              	.LVL16:
 268              	.L24:
 269              	.LCFI5:
 270              		.cfi_def_cfa_offset 0
 271              		.cfi_restore 4
 272              		.cfi_restore 14
 273              		.loc 1 138 1 view .LVU66
 274 0016 7047     		bx	lr
 275              		.cfi_endproc
 276              	.LFE163:
 278              		.section	.text.netbuf_ref,"ax",%progbits
 279              		.align	1
 280              		.global	netbuf_ref
 281              		.syntax unified
 282              		.thumb
 283              		.thumb_func
 285              	netbuf_ref:
 286              	.LVL17:
 287              	.LFB164:
 139:ThirdPackage/lwip220/api/netbuf.c **** 
 140:ThirdPackage/lwip220/api/netbuf.c **** /**
 141:ThirdPackage/lwip220/api/netbuf.c ****  * @ingroup netbuf
 142:ThirdPackage/lwip220/api/netbuf.c ****  * Let a netbuf reference existing (non-volatile) data.
 143:ThirdPackage/lwip220/api/netbuf.c ****  *
 144:ThirdPackage/lwip220/api/netbuf.c ****  * @param buf netbuf which should reference the data
 145:ThirdPackage/lwip220/api/netbuf.c ****  * @param dataptr pointer to the data to reference
 146:ThirdPackage/lwip220/api/netbuf.c ****  * @param size size of the data
 147:ThirdPackage/lwip220/api/netbuf.c ****  * @return ERR_OK if data is referenced
 148:ThirdPackage/lwip220/api/netbuf.c ****  *         ERR_MEM if data couldn't be referenced due to lack of memory
 149:ThirdPackage/lwip220/api/netbuf.c ****  */
 150:ThirdPackage/lwip220/api/netbuf.c **** err_t
 151:ThirdPackage/lwip220/api/netbuf.c **** netbuf_ref(struct netbuf *buf, const void *dataptr, u16_t size)
 152:ThirdPackage/lwip220/api/netbuf.c **** {
 288              		.loc 1 152 1 is_stmt 1 view -0
 289              		.cfi_startproc
 290              		@ args = 0, pretend = 0, frame = 0
 291              		@ frame_needed = 0, uses_anonymous_args = 0
 153:ThirdPackage/lwip220/api/netbuf.c ****   LWIP_ERROR("netbuf_ref: invalid buf", (buf != NULL), return ERR_ARG;);
 292              		.loc 1 153 3 view .LVU68
 293              		.loc 1 153 3 view .LVU69
 294 0000 E0B1     		cbz	r0, .L31
 152:ThirdPackage/lwip220/api/netbuf.c ****   LWIP_ERROR("netbuf_ref: invalid buf", (buf != NULL), return ERR_ARG;);
 295              		.loc 1 152 1 is_stmt 0 discriminator 2 view .LVU70
ARM GAS  C:\Users\86188\AppData\Local\Temp\ccvpMkv4.s 			page 9


 296 0002 70B5     		push	{r4, r5, r6, lr}
 297              	.LCFI6:
 298              		.cfi_def_cfa_offset 16
 299              		.cfi_offset 4, -16
 300              		.cfi_offset 5, -12
 301              		.cfi_offset 6, -8
 302              		.cfi_offset 14, -4
 303 0004 0E46     		mov	r6, r1
 304 0006 1546     		mov	r5, r2
 305 0008 0446     		mov	r4, r0
 306              		.loc 1 153 3 is_stmt 1 discriminator 2 view .LVU71
 307              		.loc 1 153 3 discriminator 2 view .LVU72
 154:ThirdPackage/lwip220/api/netbuf.c ****   if (buf->p != NULL) {
 308              		.loc 1 154 3 discriminator 2 view .LVU73
 309              		.loc 1 154 10 is_stmt 0 discriminator 2 view .LVU74
 310 000a 0068     		ldr	r0, [r0]
 311              	.LVL18:
 312              		.loc 1 154 6 discriminator 2 view .LVU75
 313 000c 08B1     		cbz	r0, .L29
 155:ThirdPackage/lwip220/api/netbuf.c ****     pbuf_free(buf->p);
 314              		.loc 1 155 5 is_stmt 1 view .LVU76
 315 000e FFF7FEFF 		bl	pbuf_free
 316              	.LVL19:
 317              	.L29:
 156:ThirdPackage/lwip220/api/netbuf.c ****   }
 157:ThirdPackage/lwip220/api/netbuf.c ****   buf->p = pbuf_alloc(PBUF_TRANSPORT, 0, PBUF_REF);
 318              		.loc 1 157 3 view .LVU77
 319              		.loc 1 157 12 is_stmt 0 view .LVU78
 320 0012 4122     		movs	r2, #65
 321 0014 0021     		movs	r1, #0
 322 0016 3620     		movs	r0, #54
 323 0018 FFF7FEFF 		bl	pbuf_alloc
 324              	.LVL20:
 325              		.loc 1 157 10 view .LVU79
 326 001c 2060     		str	r0, [r4]
 158:ThirdPackage/lwip220/api/netbuf.c ****   if (buf->p == NULL) {
 327              		.loc 1 158 3 is_stmt 1 view .LVU80
 328              		.loc 1 158 6 is_stmt 0 view .LVU81
 329 001e 40B1     		cbz	r0, .L36
 159:ThirdPackage/lwip220/api/netbuf.c ****     buf->ptr = NULL;
 160:ThirdPackage/lwip220/api/netbuf.c ****     return ERR_MEM;
 161:ThirdPackage/lwip220/api/netbuf.c ****   }
 162:ThirdPackage/lwip220/api/netbuf.c ****   ((struct pbuf_rom *)buf->p)->payload = dataptr;
 330              		.loc 1 162 3 is_stmt 1 view .LVU82
 331              		.loc 1 162 40 is_stmt 0 view .LVU83
 332 0020 4660     		str	r6, [r0, #4]
 163:ThirdPackage/lwip220/api/netbuf.c ****   buf->p->len = buf->p->tot_len = size;
 333              		.loc 1 163 3 is_stmt 1 view .LVU84
 334              		.loc 1 163 20 is_stmt 0 view .LVU85
 335 0022 2368     		ldr	r3, [r4]
 336              		.loc 1 163 33 view .LVU86
 337 0024 1D81     		strh	r5, [r3, #8]	@ movhi
 338              		.loc 1 163 6 view .LVU87
 339 0026 2368     		ldr	r3, [r4]
 340              		.loc 1 163 15 view .LVU88
 341 0028 5D81     		strh	r5, [r3, #10]	@ movhi
 164:ThirdPackage/lwip220/api/netbuf.c ****   buf->ptr = buf->p;
ARM GAS  C:\Users\86188\AppData\Local\Temp\ccvpMkv4.s 			page 10


 342              		.loc 1 164 3 is_stmt 1 view .LVU89
 343              		.loc 1 164 17 is_stmt 0 view .LVU90
 344 002a 2368     		ldr	r3, [r4]
 345              		.loc 1 164 12 view .LVU91
 346 002c 6360     		str	r3, [r4, #4]
 165:ThirdPackage/lwip220/api/netbuf.c ****   return ERR_OK;
 347              		.loc 1 165 3 is_stmt 1 view .LVU92
 348              		.loc 1 165 10 is_stmt 0 view .LVU93
 349 002e 0020     		movs	r0, #0
 350              	.L28:
 166:ThirdPackage/lwip220/api/netbuf.c **** }
 351              		.loc 1 166 1 view .LVU94
 352 0030 70BD     		pop	{r4, r5, r6, pc}
 353              	.LVL21:
 354              	.L36:
 159:ThirdPackage/lwip220/api/netbuf.c ****     return ERR_MEM;
 355              		.loc 1 159 5 is_stmt 1 view .LVU95
 159:ThirdPackage/lwip220/api/netbuf.c ****     return ERR_MEM;
 356              		.loc 1 159 14 is_stmt 0 view .LVU96
 357 0032 0023     		movs	r3, #0
 358 0034 6360     		str	r3, [r4, #4]
 160:ThirdPackage/lwip220/api/netbuf.c ****   }
 359              		.loc 1 160 5 is_stmt 1 view .LVU97
 160:ThirdPackage/lwip220/api/netbuf.c ****   }
 360              		.loc 1 160 12 is_stmt 0 view .LVU98
 361 0036 4FF0FF30 		mov	r0, #-1
 362 003a F9E7     		b	.L28
 363              	.LVL22:
 364              	.L31:
 365              	.LCFI7:
 366              		.cfi_def_cfa_offset 0
 367              		.cfi_restore 4
 368              		.cfi_restore 5
 369              		.cfi_restore 6
 370              		.cfi_restore 14
 153:ThirdPackage/lwip220/api/netbuf.c ****   if (buf->p != NULL) {
 371              		.loc 1 153 3 view .LVU99
 372 003c 6FF00F00 		mvn	r0, #15
 373              	.LVL23:
 374              		.loc 1 166 1 view .LVU100
 375 0040 7047     		bx	lr
 376              		.cfi_endproc
 377              	.LFE164:
 379              		.section	.text.netbuf_chain,"ax",%progbits
 380              		.align	1
 381              		.global	netbuf_chain
 382              		.syntax unified
 383              		.thumb
 384              		.thumb_func
 386              	netbuf_chain:
 387              	.LVL24:
 388              	.LFB165:
 167:ThirdPackage/lwip220/api/netbuf.c **** 
 168:ThirdPackage/lwip220/api/netbuf.c **** /**
 169:ThirdPackage/lwip220/api/netbuf.c ****  * @ingroup netbuf
 170:ThirdPackage/lwip220/api/netbuf.c ****  * Chain one netbuf to another (@see pbuf_chain)
 171:ThirdPackage/lwip220/api/netbuf.c ****  *
ARM GAS  C:\Users\86188\AppData\Local\Temp\ccvpMkv4.s 			page 11


 172:ThirdPackage/lwip220/api/netbuf.c ****  * @param head the first netbuf
 173:ThirdPackage/lwip220/api/netbuf.c ****  * @param tail netbuf to chain after head, freed by this function, may not be reference after retur
 174:ThirdPackage/lwip220/api/netbuf.c ****  */
 175:ThirdPackage/lwip220/api/netbuf.c **** void
 176:ThirdPackage/lwip220/api/netbuf.c **** netbuf_chain(struct netbuf *head, struct netbuf *tail)
 177:ThirdPackage/lwip220/api/netbuf.c **** {
 389              		.loc 1 177 1 is_stmt 1 view -0
 390              		.cfi_startproc
 391              		@ args = 0, pretend = 0, frame = 0
 392              		@ frame_needed = 0, uses_anonymous_args = 0
 178:ThirdPackage/lwip220/api/netbuf.c ****   LWIP_ERROR("netbuf_chain: invalid head", (head != NULL), return;);
 393              		.loc 1 178 3 view .LVU102
 394              		.loc 1 178 3 view .LVU103
 395 0000 70B1     		cbz	r0, .L40
 177:ThirdPackage/lwip220/api/netbuf.c ****   LWIP_ERROR("netbuf_chain: invalid head", (head != NULL), return;);
 396              		.loc 1 177 1 is_stmt 0 discriminator 2 view .LVU104
 397 0002 38B5     		push	{r3, r4, r5, lr}
 398              	.LCFI8:
 399              		.cfi_def_cfa_offset 16
 400              		.cfi_offset 3, -16
 401              		.cfi_offset 4, -12
 402              		.cfi_offset 5, -8
 403              		.cfi_offset 14, -4
 404 0004 0C46     		mov	r4, r1
 405 0006 0546     		mov	r5, r0
 406              		.loc 1 178 3 is_stmt 1 discriminator 2 view .LVU105
 407              		.loc 1 178 3 discriminator 2 view .LVU106
 179:ThirdPackage/lwip220/api/netbuf.c ****   LWIP_ERROR("netbuf_chain: invalid tail", (tail != NULL), return;);
 408              		.loc 1 179 3 discriminator 2 view .LVU107
 409              		.loc 1 179 3 discriminator 2 view .LVU108
 410 0008 49B1     		cbz	r1, .L37
 411              		.loc 1 179 3 discriminator 2 view .LVU109
 412              		.loc 1 179 3 discriminator 2 view .LVU110
 180:ThirdPackage/lwip220/api/netbuf.c ****   pbuf_cat(head->p, tail->p);
 413              		.loc 1 180 3 discriminator 2 view .LVU111
 414 000a 0968     		ldr	r1, [r1]
 415              	.LVL25:
 416              		.loc 1 180 3 is_stmt 0 discriminator 2 view .LVU112
 417 000c 0068     		ldr	r0, [r0]
 418              	.LVL26:
 419              		.loc 1 180 3 discriminator 2 view .LVU113
 420 000e FFF7FEFF 		bl	pbuf_cat
 421              	.LVL27:
 181:ThirdPackage/lwip220/api/netbuf.c ****   head->ptr = head->p;
 422              		.loc 1 181 3 is_stmt 1 discriminator 2 view .LVU114
 423              		.loc 1 181 19 is_stmt 0 discriminator 2 view .LVU115
 424 0012 2B68     		ldr	r3, [r5]
 425              		.loc 1 181 13 discriminator 2 view .LVU116
 426 0014 6B60     		str	r3, [r5, #4]
 182:ThirdPackage/lwip220/api/netbuf.c ****   memp_free(MEMP_NETBUF, tail);
 427              		.loc 1 182 3 is_stmt 1 discriminator 2 view .LVU117
 428 0016 2146     		mov	r1, r4
 429 0018 0620     		movs	r0, #6
 430 001a FFF7FEFF 		bl	memp_free
 431              	.LVL28:
 432              	.L37:
 183:ThirdPackage/lwip220/api/netbuf.c **** }
ARM GAS  C:\Users\86188\AppData\Local\Temp\ccvpMkv4.s 			page 12


 433              		.loc 1 183 1 is_stmt 0 view .LVU118
 434 001e 38BD     		pop	{r3, r4, r5, pc}
 435              	.LVL29:
 436              	.L40:
 437              	.LCFI9:
 438              		.cfi_def_cfa_offset 0
 439              		.cfi_restore 3
 440              		.cfi_restore 4
 441              		.cfi_restore 5
 442              		.cfi_restore 14
 443              		.loc 1 183 1 view .LVU119
 444 0020 7047     		bx	lr
 445              		.cfi_endproc
 446              	.LFE165:
 448              		.section	.text.netbuf_data,"ax",%progbits
 449              		.align	1
 450              		.global	netbuf_data
 451              		.syntax unified
 452              		.thumb
 453              		.thumb_func
 455              	netbuf_data:
 456              	.LVL30:
 457              	.LFB166:
 184:ThirdPackage/lwip220/api/netbuf.c **** 
 185:ThirdPackage/lwip220/api/netbuf.c **** /**
 186:ThirdPackage/lwip220/api/netbuf.c ****  * @ingroup netbuf
 187:ThirdPackage/lwip220/api/netbuf.c ****  * Get the data pointer and length of the data inside a netbuf.
 188:ThirdPackage/lwip220/api/netbuf.c ****  *
 189:ThirdPackage/lwip220/api/netbuf.c ****  * @param buf netbuf to get the data from
 190:ThirdPackage/lwip220/api/netbuf.c ****  * @param dataptr pointer to a void pointer where to store the data pointer
 191:ThirdPackage/lwip220/api/netbuf.c ****  * @param len pointer to an u16_t where the length of the data is stored
 192:ThirdPackage/lwip220/api/netbuf.c ****  * @return ERR_OK if the information was retrieved,
 193:ThirdPackage/lwip220/api/netbuf.c ****  *         ERR_BUF on error.
 194:ThirdPackage/lwip220/api/netbuf.c ****  */
 195:ThirdPackage/lwip220/api/netbuf.c **** err_t
 196:ThirdPackage/lwip220/api/netbuf.c **** netbuf_data(struct netbuf *buf, void **dataptr, u16_t *len)
 197:ThirdPackage/lwip220/api/netbuf.c **** {
 458              		.loc 1 197 1 is_stmt 1 view -0
 459              		.cfi_startproc
 460              		@ args = 0, pretend = 0, frame = 0
 461              		@ frame_needed = 0, uses_anonymous_args = 0
 462              		@ link register save eliminated.
 198:ThirdPackage/lwip220/api/netbuf.c ****   LWIP_ERROR("netbuf_data: invalid buf", (buf != NULL), return ERR_ARG;);
 463              		.loc 1 198 3 view .LVU121
 464              		.loc 1 198 3 view .LVU122
 465 0000 0346     		mov	r3, r0
 466 0002 50B1     		cbz	r0, .L45
 467              		.loc 1 198 3 discriminator 2 view .LVU123
 468              		.loc 1 198 3 discriminator 2 view .LVU124
 199:ThirdPackage/lwip220/api/netbuf.c ****   LWIP_ERROR("netbuf_data: invalid dataptr", (dataptr != NULL), return ERR_ARG;);
 469              		.loc 1 199 3 discriminator 2 view .LVU125
 470              		.loc 1 199 3 discriminator 2 view .LVU126
 471 0004 61B1     		cbz	r1, .L46
 472              		.loc 1 199 3 discriminator 2 view .LVU127
 473              		.loc 1 199 3 discriminator 2 view .LVU128
 200:ThirdPackage/lwip220/api/netbuf.c ****   LWIP_ERROR("netbuf_data: invalid len", (len != NULL), return ERR_ARG;);
 474              		.loc 1 200 3 discriminator 2 view .LVU129
ARM GAS  C:\Users\86188\AppData\Local\Temp\ccvpMkv4.s 			page 13


 475              		.loc 1 200 3 discriminator 2 view .LVU130
 476 0006 72B1     		cbz	r2, .L47
 477              		.loc 1 200 3 discriminator 2 view .LVU131
 478              		.loc 1 200 3 discriminator 2 view .LVU132
 201:ThirdPackage/lwip220/api/netbuf.c **** 
 202:ThirdPackage/lwip220/api/netbuf.c ****   if (buf->ptr == NULL) {
 479              		.loc 1 202 3 discriminator 2 view .LVU133
 480              		.loc 1 202 10 is_stmt 0 discriminator 2 view .LVU134
 481 0008 4068     		ldr	r0, [r0, #4]
 482              	.LVL31:
 483              		.loc 1 202 6 discriminator 2 view .LVU135
 484 000a 78B1     		cbz	r0, .L48
 203:ThirdPackage/lwip220/api/netbuf.c ****     return ERR_BUF;
 204:ThirdPackage/lwip220/api/netbuf.c ****   }
 205:ThirdPackage/lwip220/api/netbuf.c ****   *dataptr = buf->ptr->payload;
 485              		.loc 1 205 3 is_stmt 1 view .LVU136
 486              		.loc 1 205 22 is_stmt 0 view .LVU137
 487 000c 4068     		ldr	r0, [r0, #4]
 488              		.loc 1 205 12 view .LVU138
 489 000e 0860     		str	r0, [r1]
 206:ThirdPackage/lwip220/api/netbuf.c ****   *len = buf->ptr->len;
 490              		.loc 1 206 3 is_stmt 1 view .LVU139
 491              		.loc 1 206 13 is_stmt 0 view .LVU140
 492 0010 5B68     		ldr	r3, [r3, #4]
 493              	.LVL32:
 494              		.loc 1 206 18 view .LVU141
 495 0012 5B89     		ldrh	r3, [r3, #10]
 496              		.loc 1 206 8 view .LVU142
 497 0014 1380     		strh	r3, [r2]	@ movhi
 207:ThirdPackage/lwip220/api/netbuf.c ****   return ERR_OK;
 498              		.loc 1 207 3 is_stmt 1 view .LVU143
 499              		.loc 1 207 10 is_stmt 0 view .LVU144
 500 0016 0020     		movs	r0, #0
 501 0018 7047     		bx	lr
 502              	.LVL33:
 503              	.L45:
 198:ThirdPackage/lwip220/api/netbuf.c ****   LWIP_ERROR("netbuf_data: invalid dataptr", (dataptr != NULL), return ERR_ARG;);
 504              		.loc 1 198 3 view .LVU145
 505 001a 6FF00F00 		mvn	r0, #15
 506              	.LVL34:
 198:ThirdPackage/lwip220/api/netbuf.c ****   LWIP_ERROR("netbuf_data: invalid dataptr", (dataptr != NULL), return ERR_ARG;);
 507              		.loc 1 198 3 view .LVU146
 508 001e 7047     		bx	lr
 509              	.LVL35:
 510              	.L46:
 199:ThirdPackage/lwip220/api/netbuf.c ****   LWIP_ERROR("netbuf_data: invalid len", (len != NULL), return ERR_ARG;);
 511              		.loc 1 199 3 view .LVU147
 512 0020 6FF00F00 		mvn	r0, #15
 513              	.LVL36:
 199:ThirdPackage/lwip220/api/netbuf.c ****   LWIP_ERROR("netbuf_data: invalid len", (len != NULL), return ERR_ARG;);
 514              		.loc 1 199 3 view .LVU148
 515 0024 7047     		bx	lr
 516              	.LVL37:
 517              	.L47:
 200:ThirdPackage/lwip220/api/netbuf.c **** 
 518              		.loc 1 200 3 view .LVU149
 519 0026 6FF00F00 		mvn	r0, #15
ARM GAS  C:\Users\86188\AppData\Local\Temp\ccvpMkv4.s 			page 14


 520              	.LVL38:
 200:ThirdPackage/lwip220/api/netbuf.c **** 
 521              		.loc 1 200 3 view .LVU150
 522 002a 7047     		bx	lr
 523              	.L48:
 203:ThirdPackage/lwip220/api/netbuf.c ****   }
 524              		.loc 1 203 12 view .LVU151
 525 002c 6FF00100 		mvn	r0, #1
 208:ThirdPackage/lwip220/api/netbuf.c **** }
 526              		.loc 1 208 1 view .LVU152
 527 0030 7047     		bx	lr
 528              		.cfi_endproc
 529              	.LFE166:
 531              		.section	.text.netbuf_next,"ax",%progbits
 532              		.align	1
 533              		.global	netbuf_next
 534              		.syntax unified
 535              		.thumb
 536              		.thumb_func
 538              	netbuf_next:
 539              	.LVL39:
 540              	.LFB167:
 209:ThirdPackage/lwip220/api/netbuf.c **** 
 210:ThirdPackage/lwip220/api/netbuf.c **** /**
 211:ThirdPackage/lwip220/api/netbuf.c ****  * @ingroup netbuf
 212:ThirdPackage/lwip220/api/netbuf.c ****  * Move the current data pointer of a packet buffer contained in a netbuf
 213:ThirdPackage/lwip220/api/netbuf.c ****  * to the next part.
 214:ThirdPackage/lwip220/api/netbuf.c ****  * The packet buffer itself is not modified.
 215:ThirdPackage/lwip220/api/netbuf.c ****  *
 216:ThirdPackage/lwip220/api/netbuf.c ****  * @param buf the netbuf to modify
 217:ThirdPackage/lwip220/api/netbuf.c ****  * @return -1 if there is no next part
 218:ThirdPackage/lwip220/api/netbuf.c ****  *         1  if moved to the next part but now there is no next part
 219:ThirdPackage/lwip220/api/netbuf.c ****  *         0  if moved to the next part and there are still more parts
 220:ThirdPackage/lwip220/api/netbuf.c ****  */
 221:ThirdPackage/lwip220/api/netbuf.c **** s8_t
 222:ThirdPackage/lwip220/api/netbuf.c **** netbuf_next(struct netbuf *buf)
 223:ThirdPackage/lwip220/api/netbuf.c **** {
 541              		.loc 1 223 1 is_stmt 1 view -0
 542              		.cfi_startproc
 543              		@ args = 0, pretend = 0, frame = 0
 544              		@ frame_needed = 0, uses_anonymous_args = 0
 545              		@ link register save eliminated.
 224:ThirdPackage/lwip220/api/netbuf.c ****   LWIP_ERROR("netbuf_next: invalid buf", (buf != NULL), return -1;);
 546              		.loc 1 224 3 view .LVU154
 547              		.loc 1 224 3 view .LVU155
 548 0000 38B1     		cbz	r0, .L51
 549              		.loc 1 224 3 discriminator 2 view .LVU156
 550              		.loc 1 224 3 discriminator 2 view .LVU157
 225:ThirdPackage/lwip220/api/netbuf.c ****   if (buf->ptr->next == NULL) {
 551              		.loc 1 225 3 discriminator 2 view .LVU158
 552              		.loc 1 225 10 is_stmt 0 discriminator 2 view .LVU159
 553 0002 4368     		ldr	r3, [r0, #4]
 554              		.loc 1 225 15 discriminator 2 view .LVU160
 555 0004 1B68     		ldr	r3, [r3]
 556              		.loc 1 225 6 discriminator 2 view .LVU161
 557 0006 3BB1     		cbz	r3, .L52
 226:ThirdPackage/lwip220/api/netbuf.c ****     return -1;
ARM GAS  C:\Users\86188\AppData\Local\Temp\ccvpMkv4.s 			page 15


 227:ThirdPackage/lwip220/api/netbuf.c ****   }
 228:ThirdPackage/lwip220/api/netbuf.c ****   buf->ptr = buf->ptr->next;
 558              		.loc 1 228 3 is_stmt 1 view .LVU162
 559              		.loc 1 228 12 is_stmt 0 view .LVU163
 560 0008 4360     		str	r3, [r0, #4]
 229:ThirdPackage/lwip220/api/netbuf.c ****   if (buf->ptr->next == NULL) {
 561              		.loc 1 229 3 is_stmt 1 view .LVU164
 562              		.loc 1 229 15 is_stmt 0 view .LVU165
 563 000a 1B68     		ldr	r3, [r3]
 564              		.loc 1 229 6 view .LVU166
 565 000c 3BB1     		cbz	r3, .L53
 230:ThirdPackage/lwip220/api/netbuf.c ****     return 1;
 231:ThirdPackage/lwip220/api/netbuf.c ****   }
 232:ThirdPackage/lwip220/api/netbuf.c ****   return 0;
 566              		.loc 1 232 10 view .LVU167
 567 000e 0020     		movs	r0, #0
 568              	.LVL40:
 569              		.loc 1 232 10 view .LVU168
 570 0010 7047     		bx	lr
 571              	.LVL41:
 572              	.L51:
 224:ThirdPackage/lwip220/api/netbuf.c ****   if (buf->ptr->next == NULL) {
 573              		.loc 1 224 3 view .LVU169
 574 0012 4FF0FF30 		mov	r0, #-1
 575              	.LVL42:
 224:ThirdPackage/lwip220/api/netbuf.c ****   if (buf->ptr->next == NULL) {
 576              		.loc 1 224 3 view .LVU170
 577 0016 7047     		bx	lr
 578              	.LVL43:
 579              	.L52:
 226:ThirdPackage/lwip220/api/netbuf.c ****   }
 580              		.loc 1 226 12 view .LVU171
 581 0018 4FF0FF30 		mov	r0, #-1
 582              	.LVL44:
 226:ThirdPackage/lwip220/api/netbuf.c ****   }
 583              		.loc 1 226 12 view .LVU172
 584 001c 7047     		bx	lr
 585              	.LVL45:
 586              	.L53:
 230:ThirdPackage/lwip220/api/netbuf.c ****     return 1;
 587              		.loc 1 230 12 view .LVU173
 588 001e 0120     		movs	r0, #1
 589              	.LVL46:
 233:ThirdPackage/lwip220/api/netbuf.c **** }
 590              		.loc 1 233 1 view .LVU174
 591 0020 7047     		bx	lr
 592              		.cfi_endproc
 593              	.LFE167:
 595              		.section	.text.netbuf_first,"ax",%progbits
 596              		.align	1
 597              		.global	netbuf_first
 598              		.syntax unified
 599              		.thumb
 600              		.thumb_func
 602              	netbuf_first:
 603              	.LVL47:
 604              	.LFB168:
ARM GAS  C:\Users\86188\AppData\Local\Temp\ccvpMkv4.s 			page 16


 234:ThirdPackage/lwip220/api/netbuf.c **** 
 235:ThirdPackage/lwip220/api/netbuf.c **** /**
 236:ThirdPackage/lwip220/api/netbuf.c ****  * @ingroup netbuf
 237:ThirdPackage/lwip220/api/netbuf.c ****  * Move the current data pointer of a packet buffer contained in a netbuf
 238:ThirdPackage/lwip220/api/netbuf.c ****  * to the beginning of the packet.
 239:ThirdPackage/lwip220/api/netbuf.c ****  * The packet buffer itself is not modified.
 240:ThirdPackage/lwip220/api/netbuf.c ****  *
 241:ThirdPackage/lwip220/api/netbuf.c ****  * @param buf the netbuf to modify
 242:ThirdPackage/lwip220/api/netbuf.c ****  */
 243:ThirdPackage/lwip220/api/netbuf.c **** void
 244:ThirdPackage/lwip220/api/netbuf.c **** netbuf_first(struct netbuf *buf)
 245:ThirdPackage/lwip220/api/netbuf.c **** {
 605              		.loc 1 245 1 is_stmt 1 view -0
 606              		.cfi_startproc
 607              		@ args = 0, pretend = 0, frame = 0
 608              		@ frame_needed = 0, uses_anonymous_args = 0
 609              		@ link register save eliminated.
 246:ThirdPackage/lwip220/api/netbuf.c ****   LWIP_ERROR("netbuf_first: invalid buf", (buf != NULL), return;);
 610              		.loc 1 246 3 view .LVU176
 611              		.loc 1 246 3 view .LVU177
 612 0000 08B1     		cbz	r0, .L54
 613              		.loc 1 246 3 discriminator 2 view .LVU178
 614              		.loc 1 246 3 discriminator 2 view .LVU179
 247:ThirdPackage/lwip220/api/netbuf.c ****   buf->ptr = buf->p;
 615              		.loc 1 247 3 discriminator 2 view .LVU180
 616              		.loc 1 247 17 is_stmt 0 discriminator 2 view .LVU181
 617 0002 0268     		ldr	r2, [r0]
 618              		.loc 1 247 12 discriminator 2 view .LVU182
 619 0004 4260     		str	r2, [r0, #4]
 620              	.L54:
 248:ThirdPackage/lwip220/api/netbuf.c **** }
 621              		.loc 1 248 1 view .LVU183
 622 0006 7047     		bx	lr
 623              		.cfi_endproc
 624              	.LFE168:
 626              		.text
 627              	.Letext0:
 628              		.file 2 "k:\\program files (x86)\\gnu arm embedded toolchain\\10 2021.10\\arm-none-eabi\\include\\
 629              		.file 3 "k:\\program files (x86)\\gnu arm embedded toolchain\\10 2021.10\\arm-none-eabi\\include\\
 630              		.file 4 "ThirdPackage/lwip220/include/lwip/arch.h"
 631              		.file 5 "ThirdPackage/lwip220/include/lwip/err.h"
 632              		.file 6 "ThirdPackage/lwip220/include/lwip/pbuf.h"
 633              		.file 7 "ThirdPackage/lwip220/include/lwip/ip4_addr.h"
 634              		.file 8 "ThirdPackage/lwip220/include/lwip/ip_addr.h"
 635              		.file 9 "ThirdPackage/lwip220/include/lwip/netbuf.h"
 636              		.file 10 "ThirdPackage/lwip220/include/lwip/memp.h"
 637              		.file 11 "k:\\program files (x86)\\gnu arm embedded toolchain\\10 2021.10\\arm-none-eabi\\include\
ARM GAS  C:\Users\86188\AppData\Local\Temp\ccvpMkv4.s 			page 17


DEFINED SYMBOLS
                            *ABS*:00000000 netbuf.c
C:\Users\86188\AppData\Local\Temp\ccvpMkv4.s:20     .text.netbuf_new:00000000 $t
C:\Users\86188\AppData\Local\Temp\ccvpMkv4.s:26     .text.netbuf_new:00000000 netbuf_new
C:\Users\86188\AppData\Local\Temp\ccvpMkv4.s:66     .text.netbuf_delete:00000000 $t
C:\Users\86188\AppData\Local\Temp\ccvpMkv4.s:72     .text.netbuf_delete:00000000 netbuf_delete
C:\Users\86188\AppData\Local\Temp\ccvpMkv4.s:124    .rodata.netbuf_alloc.str1.4:00000000 $d
C:\Users\86188\AppData\Local\Temp\ccvpMkv4.s:134    .text.netbuf_alloc:00000000 $t
C:\Users\86188\AppData\Local\Temp\ccvpMkv4.s:140    .text.netbuf_alloc:00000000 netbuf_alloc
C:\Users\86188\AppData\Local\Temp\ccvpMkv4.s:217    .text.netbuf_alloc:0000003c $d
C:\Users\86188\AppData\Local\Temp\ccvpMkv4.s:224    .text.netbuf_free:00000000 $t
C:\Users\86188\AppData\Local\Temp\ccvpMkv4.s:230    .text.netbuf_free:00000000 netbuf_free
C:\Users\86188\AppData\Local\Temp\ccvpMkv4.s:279    .text.netbuf_ref:00000000 $t
C:\Users\86188\AppData\Local\Temp\ccvpMkv4.s:285    .text.netbuf_ref:00000000 netbuf_ref
C:\Users\86188\AppData\Local\Temp\ccvpMkv4.s:380    .text.netbuf_chain:00000000 $t
C:\Users\86188\AppData\Local\Temp\ccvpMkv4.s:386    .text.netbuf_chain:00000000 netbuf_chain
C:\Users\86188\AppData\Local\Temp\ccvpMkv4.s:449    .text.netbuf_data:00000000 $t
C:\Users\86188\AppData\Local\Temp\ccvpMkv4.s:455    .text.netbuf_data:00000000 netbuf_data
C:\Users\86188\AppData\Local\Temp\ccvpMkv4.s:532    .text.netbuf_next:00000000 $t
C:\Users\86188\AppData\Local\Temp\ccvpMkv4.s:538    .text.netbuf_next:00000000 netbuf_next
C:\Users\86188\AppData\Local\Temp\ccvpMkv4.s:596    .text.netbuf_first:00000000 $t
C:\Users\86188\AppData\Local\Temp\ccvpMkv4.s:602    .text.netbuf_first:00000000 netbuf_first

UNDEFINED SYMBOLS
memp_malloc
pbuf_free
memp_free
pbuf_alloc
printf
pbuf_cat
