ARM GAS  C:\Users\86188\AppData\Local\Temp\cc6Th7Y4.s 			page 1


   1              		.cpu cortex-m4
   2              		.arch armv7e-m
   3              		.fpu fpv4-sp-d16
   4              		.eabi_attribute 27, 1
   5              		.eabi_attribute 28, 1
   6              		.eabi_attribute 20, 1
   7              		.eabi_attribute 21, 1
   8              		.eabi_attribute 23, 3
   9              		.eabi_attribute 24, 1
  10              		.eabi_attribute 25, 1
  11              		.eabi_attribute 26, 1
  12              		.eabi_attribute 30, 1
  13              		.eabi_attribute 34, 1
  14              		.eabi_attribute 18, 4
  15              		.file	"stm32f4xx_hal_msp.c"
  16              		.text
  17              	.Ltext0:
  18              		.cfi_sections	.debug_frame
  19              		.section	.text.HAL_MspInit,"ax",%progbits
  20              		.align	1
  21              		.global	HAL_MspInit
  22              		.syntax unified
  23              		.thumb
  24              		.thumb_func
  26              	HAL_MspInit:
  27              	.LFB137:
  28              		.file 1 "Core/Src/stm32f4xx_hal_msp.c"
   1:Core/Src/stm32f4xx_hal_msp.c **** #include "main.h"
   2:Core/Src/stm32f4xx_hal_msp.c **** 
   3:Core/Src/stm32f4xx_hal_msp.c **** 
   4:Core/Src/stm32f4xx_hal_msp.c **** uint32_t trig_time = 0;
   5:Core/Src/stm32f4xx_hal_msp.c **** uint32_t echo_time = 0;
   6:Core/Src/stm32f4xx_hal_msp.c **** 
   7:Core/Src/stm32f4xx_hal_msp.c **** CAN_HandleTypeDef  hcan1;
   8:Core/Src/stm32f4xx_hal_msp.c **** UART_HandleTypeDef huart1;
   9:Core/Src/stm32f4xx_hal_msp.c **** UART_HandleTypeDef huart3;
  10:Core/Src/stm32f4xx_hal_msp.c **** 
  11:Core/Src/stm32f4xx_hal_msp.c **** void HAL_MspInit(void)
  12:Core/Src/stm32f4xx_hal_msp.c **** {
  29              		.loc 1 12 1 view -0
  30              		.cfi_startproc
  31              		@ args = 0, pretend = 0, frame = 8
  32              		@ frame_needed = 0, uses_anonymous_args = 0
  33 0000 00B5     		push	{lr}
  34              	.LCFI0:
  35              		.cfi_def_cfa_offset 4
  36              		.cfi_offset 14, -4
  37 0002 83B0     		sub	sp, sp, #12
  38              	.LCFI1:
  39              		.cfi_def_cfa_offset 16
  13:Core/Src/stm32f4xx_hal_msp.c ****     __HAL_RCC_SYSCFG_CLK_ENABLE();
  40              		.loc 1 13 5 view .LVU1
  41              	.LBB4:
  42              		.loc 1 13 5 view .LVU2
  43 0004 0022     		movs	r2, #0
  44 0006 0092     		str	r2, [sp]
  45              		.loc 1 13 5 view .LVU3
ARM GAS  C:\Users\86188\AppData\Local\Temp\cc6Th7Y4.s 			page 2


  46 0008 0D4B     		ldr	r3, .L3
  47 000a 596C     		ldr	r1, [r3, #68]
  48 000c 41F48041 		orr	r1, r1, #16384
  49 0010 5964     		str	r1, [r3, #68]
  50              		.loc 1 13 5 view .LVU4
  51 0012 596C     		ldr	r1, [r3, #68]
  52 0014 01F48041 		and	r1, r1, #16384
  53 0018 0091     		str	r1, [sp]
  54              		.loc 1 13 5 view .LVU5
  55 001a 0099     		ldr	r1, [sp]
  56              	.LBE4:
  57              		.loc 1 13 5 view .LVU6
  14:Core/Src/stm32f4xx_hal_msp.c ****     __HAL_RCC_PWR_CLK_ENABLE();
  58              		.loc 1 14 5 view .LVU7
  59              	.LBB5:
  60              		.loc 1 14 5 view .LVU8
  61 001c 0192     		str	r2, [sp, #4]
  62              		.loc 1 14 5 view .LVU9
  63 001e 196C     		ldr	r1, [r3, #64]
  64 0020 41F08051 		orr	r1, r1, #268435456
  65 0024 1964     		str	r1, [r3, #64]
  66              		.loc 1 14 5 view .LVU10
  67 0026 1B6C     		ldr	r3, [r3, #64]
  68 0028 03F08053 		and	r3, r3, #268435456
  69 002c 0193     		str	r3, [sp, #4]
  70              		.loc 1 14 5 view .LVU11
  71 002e 019B     		ldr	r3, [sp, #4]
  72              	.LBE5:
  73              		.loc 1 14 5 view .LVU12
  15:Core/Src/stm32f4xx_hal_msp.c ****     HAL_NVIC_SetPriority(PendSV_IRQn, 15, 0);
  74              		.loc 1 15 5 view .LVU13
  75 0030 0F21     		movs	r1, #15
  76 0032 6FF00100 		mvn	r0, #1
  77 0036 FFF7FEFF 		bl	HAL_NVIC_SetPriority
  78              	.LVL0:
  16:Core/Src/stm32f4xx_hal_msp.c **** }
  79              		.loc 1 16 1 is_stmt 0 view .LVU14
  80 003a 03B0     		add	sp, sp, #12
  81              	.LCFI2:
  82              		.cfi_def_cfa_offset 4
  83              		@ sp needed
  84 003c 5DF804FB 		ldr	pc, [sp], #4
  85              	.L4:
  86              		.align	2
  87              	.L3:
  88 0040 00380240 		.word	1073887232
  89              		.cfi_endproc
  90              	.LFE137:
  92              		.section	.text.HAL_CAN_MspInit,"ax",%progbits
  93              		.align	1
  94              		.global	HAL_CAN_MspInit
  95              		.syntax unified
  96              		.thumb
  97              		.thumb_func
  99              	HAL_CAN_MspInit:
 100              	.LVL1:
 101              	.LFB138:
ARM GAS  C:\Users\86188\AppData\Local\Temp\cc6Th7Y4.s 			page 3


  17:Core/Src/stm32f4xx_hal_msp.c **** 
  18:Core/Src/stm32f4xx_hal_msp.c **** void HAL_CAN_MspInit(CAN_HandleTypeDef* hcan)
  19:Core/Src/stm32f4xx_hal_msp.c **** {
 102              		.loc 1 19 1 is_stmt 1 view -0
 103              		.cfi_startproc
 104              		@ args = 0, pretend = 0, frame = 32
 105              		@ frame_needed = 0, uses_anonymous_args = 0
 106              		.loc 1 19 1 is_stmt 0 view .LVU16
 107 0000 10B5     		push	{r4, lr}
 108              	.LCFI3:
 109              		.cfi_def_cfa_offset 8
 110              		.cfi_offset 4, -8
 111              		.cfi_offset 14, -4
 112 0002 88B0     		sub	sp, sp, #32
 113              	.LCFI4:
 114              		.cfi_def_cfa_offset 40
  20:Core/Src/stm32f4xx_hal_msp.c ****     GPIO_InitTypeDef GPIO_InitStruct = {0};
 115              		.loc 1 20 5 is_stmt 1 view .LVU17
 116              		.loc 1 20 22 is_stmt 0 view .LVU18
 117 0004 0023     		movs	r3, #0
 118 0006 0393     		str	r3, [sp, #12]
 119 0008 0493     		str	r3, [sp, #16]
 120 000a 0593     		str	r3, [sp, #20]
 121 000c 0693     		str	r3, [sp, #24]
 122 000e 0793     		str	r3, [sp, #28]
  21:Core/Src/stm32f4xx_hal_msp.c ****     if(hcan->Instance==CAN1)
 123              		.loc 1 21 5 is_stmt 1 view .LVU19
 124              		.loc 1 21 12 is_stmt 0 view .LVU20
 125 0010 0268     		ldr	r2, [r0]
 126              		.loc 1 21 7 view .LVU21
 127 0012 194B     		ldr	r3, .L9
 128 0014 9A42     		cmp	r2, r3
 129 0016 01D0     		beq	.L8
 130              	.LVL2:
 131              	.L5:
  22:Core/Src/stm32f4xx_hal_msp.c ****     {
  23:Core/Src/stm32f4xx_hal_msp.c ****         __HAL_RCC_CAN1_CLK_ENABLE();
  24:Core/Src/stm32f4xx_hal_msp.c ****         __HAL_RCC_GPIOA_CLK_ENABLE();
  25:Core/Src/stm32f4xx_hal_msp.c ****         GPIO_InitStruct.Pin = GPIO_PIN_11|GPIO_PIN_12;
  26:Core/Src/stm32f4xx_hal_msp.c ****         GPIO_InitStruct.Mode = GPIO_MODE_AF_PP;
  27:Core/Src/stm32f4xx_hal_msp.c ****         GPIO_InitStruct.Pull = GPIO_NOPULL;
  28:Core/Src/stm32f4xx_hal_msp.c ****         GPIO_InitStruct.Speed = GPIO_SPEED_FREQ_VERY_HIGH;
  29:Core/Src/stm32f4xx_hal_msp.c ****         GPIO_InitStruct.Alternate = GPIO_AF9_CAN1;
  30:Core/Src/stm32f4xx_hal_msp.c ****         HAL_GPIO_Init(GPIOA, &GPIO_InitStruct);
  31:Core/Src/stm32f4xx_hal_msp.c **** 
  32:Core/Src/stm32f4xx_hal_msp.c ****         HAL_NVIC_SetPriority(CAN1_RX0_IRQn, 0, 0);
  33:Core/Src/stm32f4xx_hal_msp.c ****         HAL_NVIC_EnableIRQ(CAN1_RX0_IRQn);
  34:Core/Src/stm32f4xx_hal_msp.c ****     }
  35:Core/Src/stm32f4xx_hal_msp.c **** }
 132              		.loc 1 35 1 view .LVU22
 133 0018 08B0     		add	sp, sp, #32
 134              	.LCFI5:
 135              		.cfi_remember_state
 136              		.cfi_def_cfa_offset 8
 137              		@ sp needed
 138 001a 10BD     		pop	{r4, pc}
 139              	.LVL3:
ARM GAS  C:\Users\86188\AppData\Local\Temp\cc6Th7Y4.s 			page 4


 140              	.L8:
 141              	.LCFI6:
 142              		.cfi_restore_state
  23:Core/Src/stm32f4xx_hal_msp.c ****         __HAL_RCC_GPIOA_CLK_ENABLE();
 143              		.loc 1 23 9 is_stmt 1 view .LVU23
 144              	.LBB6:
  23:Core/Src/stm32f4xx_hal_msp.c ****         __HAL_RCC_GPIOA_CLK_ENABLE();
 145              		.loc 1 23 9 view .LVU24
 146 001c 0024     		movs	r4, #0
 147 001e 0194     		str	r4, [sp, #4]
  23:Core/Src/stm32f4xx_hal_msp.c ****         __HAL_RCC_GPIOA_CLK_ENABLE();
 148              		.loc 1 23 9 view .LVU25
 149 0020 03F5EA33 		add	r3, r3, #119808
 150 0024 1A6C     		ldr	r2, [r3, #64]
 151 0026 42F00072 		orr	r2, r2, #33554432
 152 002a 1A64     		str	r2, [r3, #64]
  23:Core/Src/stm32f4xx_hal_msp.c ****         __HAL_RCC_GPIOA_CLK_ENABLE();
 153              		.loc 1 23 9 view .LVU26
 154 002c 1A6C     		ldr	r2, [r3, #64]
 155 002e 02F00072 		and	r2, r2, #33554432
 156 0032 0192     		str	r2, [sp, #4]
  23:Core/Src/stm32f4xx_hal_msp.c ****         __HAL_RCC_GPIOA_CLK_ENABLE();
 157              		.loc 1 23 9 view .LVU27
 158 0034 019A     		ldr	r2, [sp, #4]
 159              	.LBE6:
  23:Core/Src/stm32f4xx_hal_msp.c ****         __HAL_RCC_GPIOA_CLK_ENABLE();
 160              		.loc 1 23 9 view .LVU28
  24:Core/Src/stm32f4xx_hal_msp.c ****         GPIO_InitStruct.Pin = GPIO_PIN_11|GPIO_PIN_12;
 161              		.loc 1 24 9 view .LVU29
 162              	.LBB7:
  24:Core/Src/stm32f4xx_hal_msp.c ****         GPIO_InitStruct.Pin = GPIO_PIN_11|GPIO_PIN_12;
 163              		.loc 1 24 9 view .LVU30
 164 0036 0294     		str	r4, [sp, #8]
  24:Core/Src/stm32f4xx_hal_msp.c ****         GPIO_InitStruct.Pin = GPIO_PIN_11|GPIO_PIN_12;
 165              		.loc 1 24 9 view .LVU31
 166 0038 1A6B     		ldr	r2, [r3, #48]
 167 003a 42F00102 		orr	r2, r2, #1
 168 003e 1A63     		str	r2, [r3, #48]
  24:Core/Src/stm32f4xx_hal_msp.c ****         GPIO_InitStruct.Pin = GPIO_PIN_11|GPIO_PIN_12;
 169              		.loc 1 24 9 view .LVU32
 170 0040 1B6B     		ldr	r3, [r3, #48]
 171 0042 03F00103 		and	r3, r3, #1
 172 0046 0293     		str	r3, [sp, #8]
  24:Core/Src/stm32f4xx_hal_msp.c ****         GPIO_InitStruct.Pin = GPIO_PIN_11|GPIO_PIN_12;
 173              		.loc 1 24 9 view .LVU33
 174 0048 029B     		ldr	r3, [sp, #8]
 175              	.LBE7:
  24:Core/Src/stm32f4xx_hal_msp.c ****         GPIO_InitStruct.Pin = GPIO_PIN_11|GPIO_PIN_12;
 176              		.loc 1 24 9 view .LVU34
  25:Core/Src/stm32f4xx_hal_msp.c ****         GPIO_InitStruct.Mode = GPIO_MODE_AF_PP;
 177              		.loc 1 25 9 view .LVU35
  25:Core/Src/stm32f4xx_hal_msp.c ****         GPIO_InitStruct.Mode = GPIO_MODE_AF_PP;
 178              		.loc 1 25 29 is_stmt 0 view .LVU36
 179 004a 4FF4C053 		mov	r3, #6144
 180 004e 0393     		str	r3, [sp, #12]
  26:Core/Src/stm32f4xx_hal_msp.c ****         GPIO_InitStruct.Pull = GPIO_NOPULL;
 181              		.loc 1 26 9 is_stmt 1 view .LVU37
ARM GAS  C:\Users\86188\AppData\Local\Temp\cc6Th7Y4.s 			page 5


  26:Core/Src/stm32f4xx_hal_msp.c ****         GPIO_InitStruct.Pull = GPIO_NOPULL;
 182              		.loc 1 26 30 is_stmt 0 view .LVU38
 183 0050 0223     		movs	r3, #2
 184 0052 0493     		str	r3, [sp, #16]
  27:Core/Src/stm32f4xx_hal_msp.c ****         GPIO_InitStruct.Speed = GPIO_SPEED_FREQ_VERY_HIGH;
 185              		.loc 1 27 9 is_stmt 1 view .LVU39
  28:Core/Src/stm32f4xx_hal_msp.c ****         GPIO_InitStruct.Alternate = GPIO_AF9_CAN1;
 186              		.loc 1 28 9 view .LVU40
  28:Core/Src/stm32f4xx_hal_msp.c ****         GPIO_InitStruct.Alternate = GPIO_AF9_CAN1;
 187              		.loc 1 28 31 is_stmt 0 view .LVU41
 188 0054 0323     		movs	r3, #3
 189 0056 0693     		str	r3, [sp, #24]
  29:Core/Src/stm32f4xx_hal_msp.c ****         HAL_GPIO_Init(GPIOA, &GPIO_InitStruct);
 190              		.loc 1 29 9 is_stmt 1 view .LVU42
  29:Core/Src/stm32f4xx_hal_msp.c ****         HAL_GPIO_Init(GPIOA, &GPIO_InitStruct);
 191              		.loc 1 29 35 is_stmt 0 view .LVU43
 192 0058 0923     		movs	r3, #9
 193 005a 0793     		str	r3, [sp, #28]
  30:Core/Src/stm32f4xx_hal_msp.c **** 
 194              		.loc 1 30 9 is_stmt 1 view .LVU44
 195 005c 03A9     		add	r1, sp, #12
 196 005e 0748     		ldr	r0, .L9+4
 197              	.LVL4:
  30:Core/Src/stm32f4xx_hal_msp.c **** 
 198              		.loc 1 30 9 is_stmt 0 view .LVU45
 199 0060 FFF7FEFF 		bl	HAL_GPIO_Init
 200              	.LVL5:
  32:Core/Src/stm32f4xx_hal_msp.c ****         HAL_NVIC_EnableIRQ(CAN1_RX0_IRQn);
 201              		.loc 1 32 9 is_stmt 1 view .LVU46
 202 0064 2246     		mov	r2, r4
 203 0066 2146     		mov	r1, r4
 204 0068 1420     		movs	r0, #20
 205 006a FFF7FEFF 		bl	HAL_NVIC_SetPriority
 206              	.LVL6:
  33:Core/Src/stm32f4xx_hal_msp.c ****     }
 207              		.loc 1 33 9 view .LVU47
 208 006e 1420     		movs	r0, #20
 209 0070 FFF7FEFF 		bl	HAL_NVIC_EnableIRQ
 210              	.LVL7:
 211              		.loc 1 35 1 is_stmt 0 view .LVU48
 212 0074 D0E7     		b	.L5
 213              	.L10:
 214 0076 00BF     		.align	2
 215              	.L9:
 216 0078 00640040 		.word	1073767424
 217 007c 00000240 		.word	1073872896
 218              		.cfi_endproc
 219              	.LFE138:
 221              		.section	.text.HAL_CAN_MspDeInit,"ax",%progbits
 222              		.align	1
 223              		.global	HAL_CAN_MspDeInit
 224              		.syntax unified
 225              		.thumb
 226              		.thumb_func
 228              	HAL_CAN_MspDeInit:
 229              	.LVL8:
 230              	.LFB139:
ARM GAS  C:\Users\86188\AppData\Local\Temp\cc6Th7Y4.s 			page 6


  36:Core/Src/stm32f4xx_hal_msp.c **** 
  37:Core/Src/stm32f4xx_hal_msp.c **** void HAL_CAN_MspDeInit(CAN_HandleTypeDef* hcan)
  38:Core/Src/stm32f4xx_hal_msp.c **** {
 231              		.loc 1 38 1 is_stmt 1 view -0
 232              		.cfi_startproc
 233              		@ args = 0, pretend = 0, frame = 0
 234              		@ frame_needed = 0, uses_anonymous_args = 0
 235              		.loc 1 38 1 is_stmt 0 view .LVU50
 236 0000 08B5     		push	{r3, lr}
 237              	.LCFI7:
 238              		.cfi_def_cfa_offset 8
 239              		.cfi_offset 3, -8
 240              		.cfi_offset 14, -4
  39:Core/Src/stm32f4xx_hal_msp.c ****     if(hcan->Instance==CAN1)
 241              		.loc 1 39 5 is_stmt 1 view .LVU51
 242              		.loc 1 39 12 is_stmt 0 view .LVU52
 243 0002 0268     		ldr	r2, [r0]
 244              		.loc 1 39 7 view .LVU53
 245 0004 084B     		ldr	r3, .L15
 246 0006 9A42     		cmp	r2, r3
 247 0008 00D0     		beq	.L14
 248              	.LVL9:
 249              	.L11:
  40:Core/Src/stm32f4xx_hal_msp.c ****     {
  41:Core/Src/stm32f4xx_hal_msp.c ****         __HAL_RCC_CAN1_CLK_DISABLE();
  42:Core/Src/stm32f4xx_hal_msp.c ****         HAL_GPIO_DeInit(GPIOA, GPIO_PIN_11|GPIO_PIN_12);
  43:Core/Src/stm32f4xx_hal_msp.c ****         HAL_NVIC_DisableIRQ(CAN1_RX0_IRQn);
  44:Core/Src/stm32f4xx_hal_msp.c ****     }
  45:Core/Src/stm32f4xx_hal_msp.c **** }
 250              		.loc 1 45 1 view .LVU54
 251 000a 08BD     		pop	{r3, pc}
 252              	.LVL10:
 253              	.L14:
  41:Core/Src/stm32f4xx_hal_msp.c ****         HAL_GPIO_DeInit(GPIOA, GPIO_PIN_11|GPIO_PIN_12);
 254              		.loc 1 41 9 is_stmt 1 view .LVU55
 255 000c 074A     		ldr	r2, .L15+4
 256 000e 136C     		ldr	r3, [r2, #64]
 257 0010 23F00073 		bic	r3, r3, #33554432
 258 0014 1364     		str	r3, [r2, #64]
  42:Core/Src/stm32f4xx_hal_msp.c ****         HAL_NVIC_DisableIRQ(CAN1_RX0_IRQn);
 259              		.loc 1 42 9 view .LVU56
 260 0016 4FF4C051 		mov	r1, #6144
 261 001a 0548     		ldr	r0, .L15+8
 262              	.LVL11:
  42:Core/Src/stm32f4xx_hal_msp.c ****         HAL_NVIC_DisableIRQ(CAN1_RX0_IRQn);
 263              		.loc 1 42 9 is_stmt 0 view .LVU57
 264 001c FFF7FEFF 		bl	HAL_GPIO_DeInit
 265              	.LVL12:
  43:Core/Src/stm32f4xx_hal_msp.c ****     }
 266              		.loc 1 43 9 is_stmt 1 view .LVU58
 267 0020 1420     		movs	r0, #20
 268 0022 FFF7FEFF 		bl	HAL_NVIC_DisableIRQ
 269              	.LVL13:
 270              		.loc 1 45 1 is_stmt 0 view .LVU59
 271 0026 F0E7     		b	.L11
 272              	.L16:
 273              		.align	2
ARM GAS  C:\Users\86188\AppData\Local\Temp\cc6Th7Y4.s 			page 7


 274              	.L15:
 275 0028 00640040 		.word	1073767424
 276 002c 00380240 		.word	1073887232
 277 0030 00000240 		.word	1073872896
 278              		.cfi_endproc
 279              	.LFE139:
 281              		.section	.text.HAL_UART_MspInit,"ax",%progbits
 282              		.align	1
 283              		.global	HAL_UART_MspInit
 284              		.syntax unified
 285              		.thumb
 286              		.thumb_func
 288              	HAL_UART_MspInit:
 289              	.LVL14:
 290              	.LFB140:
  46:Core/Src/stm32f4xx_hal_msp.c **** 
  47:Core/Src/stm32f4xx_hal_msp.c **** void HAL_UART_MspInit(UART_HandleTypeDef* huart)
  48:Core/Src/stm32f4xx_hal_msp.c **** {
 291              		.loc 1 48 1 is_stmt 1 view -0
 292              		.cfi_startproc
 293              		@ args = 0, pretend = 0, frame = 40
 294              		@ frame_needed = 0, uses_anonymous_args = 0
 295              		.loc 1 48 1 is_stmt 0 view .LVU61
 296 0000 10B5     		push	{r4, lr}
 297              	.LCFI8:
 298              		.cfi_def_cfa_offset 8
 299              		.cfi_offset 4, -8
 300              		.cfi_offset 14, -4
 301 0002 8AB0     		sub	sp, sp, #40
 302              	.LCFI9:
 303              		.cfi_def_cfa_offset 48
  49:Core/Src/stm32f4xx_hal_msp.c ****     GPIO_InitTypeDef GPIO_InitStruct = {0};
 304              		.loc 1 49 5 is_stmt 1 view .LVU62
 305              		.loc 1 49 22 is_stmt 0 view .LVU63
 306 0004 0023     		movs	r3, #0
 307 0006 0593     		str	r3, [sp, #20]
 308 0008 0693     		str	r3, [sp, #24]
 309 000a 0793     		str	r3, [sp, #28]
 310 000c 0893     		str	r3, [sp, #32]
 311 000e 0993     		str	r3, [sp, #36]
  50:Core/Src/stm32f4xx_hal_msp.c ****     if(huart->Instance==USART1)
 312              		.loc 1 50 5 is_stmt 1 view .LVU64
 313              		.loc 1 50 13 is_stmt 0 view .LVU65
 314 0010 0368     		ldr	r3, [r0]
 315              		.loc 1 50 7 view .LVU66
 316 0012 304A     		ldr	r2, .L23
 317 0014 9342     		cmp	r3, r2
 318 0016 04D0     		beq	.L21
  51:Core/Src/stm32f4xx_hal_msp.c ****     {
  52:Core/Src/stm32f4xx_hal_msp.c ****         __HAL_RCC_USART1_CLK_ENABLE();
  53:Core/Src/stm32f4xx_hal_msp.c ****         __HAL_RCC_GPIOA_CLK_ENABLE();
  54:Core/Src/stm32f4xx_hal_msp.c **** 
  55:Core/Src/stm32f4xx_hal_msp.c ****         GPIO_InitStruct.Pin = GPIO_PIN_9|GPIO_PIN_10;
  56:Core/Src/stm32f4xx_hal_msp.c ****         GPIO_InitStruct.Mode = GPIO_MODE_AF_PP;
  57:Core/Src/stm32f4xx_hal_msp.c ****         GPIO_InitStruct.Pull = GPIO_NOPULL;
  58:Core/Src/stm32f4xx_hal_msp.c ****         GPIO_InitStruct.Speed = GPIO_SPEED_FREQ_VERY_HIGH;
  59:Core/Src/stm32f4xx_hal_msp.c ****         GPIO_InitStruct.Alternate = GPIO_AF7_USART1;
ARM GAS  C:\Users\86188\AppData\Local\Temp\cc6Th7Y4.s 			page 8


  60:Core/Src/stm32f4xx_hal_msp.c ****         HAL_GPIO_Init(GPIOA, &GPIO_InitStruct);
  61:Core/Src/stm32f4xx_hal_msp.c **** 
  62:Core/Src/stm32f4xx_hal_msp.c ****         HAL_NVIC_SetPriority(USART1_IRQn, 0, 0);
  63:Core/Src/stm32f4xx_hal_msp.c ****         HAL_NVIC_EnableIRQ(USART1_IRQn);
  64:Core/Src/stm32f4xx_hal_msp.c ****     }
  65:Core/Src/stm32f4xx_hal_msp.c ****     else if(huart->Instance==USART3)
 319              		.loc 1 65 10 is_stmt 1 view .LVU67
 320              		.loc 1 65 12 is_stmt 0 view .LVU68
 321 0018 2F4A     		ldr	r2, .L23+4
 322 001a 9342     		cmp	r3, r2
 323 001c 2DD0     		beq	.L22
 324              	.LVL15:
 325              	.L17:
  66:Core/Src/stm32f4xx_hal_msp.c ****     {
  67:Core/Src/stm32f4xx_hal_msp.c ****         __HAL_RCC_USART3_CLK_ENABLE();
  68:Core/Src/stm32f4xx_hal_msp.c ****         __HAL_RCC_GPIOD_CLK_ENABLE();
  69:Core/Src/stm32f4xx_hal_msp.c **** 
  70:Core/Src/stm32f4xx_hal_msp.c ****         GPIO_InitStruct.Pin = GPIO_PIN_8|GPIO_PIN_9;
  71:Core/Src/stm32f4xx_hal_msp.c ****         GPIO_InitStruct.Mode = GPIO_MODE_AF_PP;
  72:Core/Src/stm32f4xx_hal_msp.c ****         GPIO_InitStruct.Pull = GPIO_NOPULL;
  73:Core/Src/stm32f4xx_hal_msp.c ****         GPIO_InitStruct.Speed = GPIO_SPEED_FREQ_VERY_HIGH;
  74:Core/Src/stm32f4xx_hal_msp.c ****         GPIO_InitStruct.Alternate = GPIO_AF7_USART3;
  75:Core/Src/stm32f4xx_hal_msp.c ****         HAL_GPIO_Init(GPIOD, &GPIO_InitStruct);
  76:Core/Src/stm32f4xx_hal_msp.c **** 
  77:Core/Src/stm32f4xx_hal_msp.c ****         HAL_NVIC_SetPriority(USART3_IRQn, 0, 0);
  78:Core/Src/stm32f4xx_hal_msp.c ****         HAL_NVIC_EnableIRQ(USART3_IRQn);
  79:Core/Src/stm32f4xx_hal_msp.c ****     }
  80:Core/Src/stm32f4xx_hal_msp.c **** }
 326              		.loc 1 80 1 view .LVU69
 327 001e 0AB0     		add	sp, sp, #40
 328              	.LCFI10:
 329              		.cfi_remember_state
 330              		.cfi_def_cfa_offset 8
 331              		@ sp needed
 332 0020 10BD     		pop	{r4, pc}
 333              	.LVL16:
 334              	.L21:
 335              	.LCFI11:
 336              		.cfi_restore_state
  52:Core/Src/stm32f4xx_hal_msp.c ****         __HAL_RCC_GPIOA_CLK_ENABLE();
 337              		.loc 1 52 9 is_stmt 1 view .LVU70
 338              	.LBB8:
  52:Core/Src/stm32f4xx_hal_msp.c ****         __HAL_RCC_GPIOA_CLK_ENABLE();
 339              		.loc 1 52 9 view .LVU71
 340 0022 0024     		movs	r4, #0
 341 0024 0194     		str	r4, [sp, #4]
  52:Core/Src/stm32f4xx_hal_msp.c ****         __HAL_RCC_GPIOA_CLK_ENABLE();
 342              		.loc 1 52 9 view .LVU72
 343 0026 2D4B     		ldr	r3, .L23+8
 344 0028 5A6C     		ldr	r2, [r3, #68]
 345 002a 42F01002 		orr	r2, r2, #16
 346 002e 5A64     		str	r2, [r3, #68]
  52:Core/Src/stm32f4xx_hal_msp.c ****         __HAL_RCC_GPIOA_CLK_ENABLE();
 347              		.loc 1 52 9 view .LVU73
 348 0030 5A6C     		ldr	r2, [r3, #68]
 349 0032 02F01002 		and	r2, r2, #16
 350 0036 0192     		str	r2, [sp, #4]
ARM GAS  C:\Users\86188\AppData\Local\Temp\cc6Th7Y4.s 			page 9


  52:Core/Src/stm32f4xx_hal_msp.c ****         __HAL_RCC_GPIOA_CLK_ENABLE();
 351              		.loc 1 52 9 view .LVU74
 352 0038 019A     		ldr	r2, [sp, #4]
 353              	.LBE8:
  52:Core/Src/stm32f4xx_hal_msp.c ****         __HAL_RCC_GPIOA_CLK_ENABLE();
 354              		.loc 1 52 9 view .LVU75
  53:Core/Src/stm32f4xx_hal_msp.c **** 
 355              		.loc 1 53 9 view .LVU76
 356              	.LBB9:
  53:Core/Src/stm32f4xx_hal_msp.c **** 
 357              		.loc 1 53 9 view .LVU77
 358 003a 0294     		str	r4, [sp, #8]
  53:Core/Src/stm32f4xx_hal_msp.c **** 
 359              		.loc 1 53 9 view .LVU78
 360 003c 1A6B     		ldr	r2, [r3, #48]
 361 003e 42F00102 		orr	r2, r2, #1
 362 0042 1A63     		str	r2, [r3, #48]
  53:Core/Src/stm32f4xx_hal_msp.c **** 
 363              		.loc 1 53 9 view .LVU79
 364 0044 1B6B     		ldr	r3, [r3, #48]
 365 0046 03F00103 		and	r3, r3, #1
 366 004a 0293     		str	r3, [sp, #8]
  53:Core/Src/stm32f4xx_hal_msp.c **** 
 367              		.loc 1 53 9 view .LVU80
 368 004c 029B     		ldr	r3, [sp, #8]
 369              	.LBE9:
  53:Core/Src/stm32f4xx_hal_msp.c **** 
 370              		.loc 1 53 9 view .LVU81
  55:Core/Src/stm32f4xx_hal_msp.c ****         GPIO_InitStruct.Mode = GPIO_MODE_AF_PP;
 371              		.loc 1 55 9 view .LVU82
  55:Core/Src/stm32f4xx_hal_msp.c ****         GPIO_InitStruct.Mode = GPIO_MODE_AF_PP;
 372              		.loc 1 55 29 is_stmt 0 view .LVU83
 373 004e 4FF4C063 		mov	r3, #1536
 374 0052 0593     		str	r3, [sp, #20]
  56:Core/Src/stm32f4xx_hal_msp.c ****         GPIO_InitStruct.Pull = GPIO_NOPULL;
 375              		.loc 1 56 9 is_stmt 1 view .LVU84
  56:Core/Src/stm32f4xx_hal_msp.c ****         GPIO_InitStruct.Pull = GPIO_NOPULL;
 376              		.loc 1 56 30 is_stmt 0 view .LVU85
 377 0054 0223     		movs	r3, #2
 378 0056 0693     		str	r3, [sp, #24]
  57:Core/Src/stm32f4xx_hal_msp.c ****         GPIO_InitStruct.Speed = GPIO_SPEED_FREQ_VERY_HIGH;
 379              		.loc 1 57 9 is_stmt 1 view .LVU86
  58:Core/Src/stm32f4xx_hal_msp.c ****         GPIO_InitStruct.Alternate = GPIO_AF7_USART1;
 380              		.loc 1 58 9 view .LVU87
  58:Core/Src/stm32f4xx_hal_msp.c ****         GPIO_InitStruct.Alternate = GPIO_AF7_USART1;
 381              		.loc 1 58 31 is_stmt 0 view .LVU88
 382 0058 0323     		movs	r3, #3
 383 005a 0893     		str	r3, [sp, #32]
  59:Core/Src/stm32f4xx_hal_msp.c ****         HAL_GPIO_Init(GPIOA, &GPIO_InitStruct);
 384              		.loc 1 59 9 is_stmt 1 view .LVU89
  59:Core/Src/stm32f4xx_hal_msp.c ****         HAL_GPIO_Init(GPIOA, &GPIO_InitStruct);
 385              		.loc 1 59 35 is_stmt 0 view .LVU90
 386 005c 0723     		movs	r3, #7
 387 005e 0993     		str	r3, [sp, #36]
  60:Core/Src/stm32f4xx_hal_msp.c **** 
 388              		.loc 1 60 9 is_stmt 1 view .LVU91
 389 0060 05A9     		add	r1, sp, #20
ARM GAS  C:\Users\86188\AppData\Local\Temp\cc6Th7Y4.s 			page 10


 390 0062 1F48     		ldr	r0, .L23+12
 391              	.LVL17:
  60:Core/Src/stm32f4xx_hal_msp.c **** 
 392              		.loc 1 60 9 is_stmt 0 view .LVU92
 393 0064 FFF7FEFF 		bl	HAL_GPIO_Init
 394              	.LVL18:
  62:Core/Src/stm32f4xx_hal_msp.c ****         HAL_NVIC_EnableIRQ(USART1_IRQn);
 395              		.loc 1 62 9 is_stmt 1 view .LVU93
 396 0068 2246     		mov	r2, r4
 397 006a 2146     		mov	r1, r4
 398 006c 2520     		movs	r0, #37
 399 006e FFF7FEFF 		bl	HAL_NVIC_SetPriority
 400              	.LVL19:
  63:Core/Src/stm32f4xx_hal_msp.c ****     }
 401              		.loc 1 63 9 view .LVU94
 402 0072 2520     		movs	r0, #37
 403 0074 FFF7FEFF 		bl	HAL_NVIC_EnableIRQ
 404              	.LVL20:
 405 0078 D1E7     		b	.L17
 406              	.LVL21:
 407              	.L22:
  67:Core/Src/stm32f4xx_hal_msp.c ****         __HAL_RCC_GPIOD_CLK_ENABLE();
 408              		.loc 1 67 9 view .LVU95
 409              	.LBB10:
  67:Core/Src/stm32f4xx_hal_msp.c ****         __HAL_RCC_GPIOD_CLK_ENABLE();
 410              		.loc 1 67 9 view .LVU96
 411 007a 0024     		movs	r4, #0
 412 007c 0394     		str	r4, [sp, #12]
  67:Core/Src/stm32f4xx_hal_msp.c ****         __HAL_RCC_GPIOD_CLK_ENABLE();
 413              		.loc 1 67 9 view .LVU97
 414 007e 174B     		ldr	r3, .L23+8
 415 0080 1A6C     		ldr	r2, [r3, #64]
 416 0082 42F48022 		orr	r2, r2, #262144
 417 0086 1A64     		str	r2, [r3, #64]
  67:Core/Src/stm32f4xx_hal_msp.c ****         __HAL_RCC_GPIOD_CLK_ENABLE();
 418              		.loc 1 67 9 view .LVU98
 419 0088 1A6C     		ldr	r2, [r3, #64]
 420 008a 02F48022 		and	r2, r2, #262144
 421 008e 0392     		str	r2, [sp, #12]
  67:Core/Src/stm32f4xx_hal_msp.c ****         __HAL_RCC_GPIOD_CLK_ENABLE();
 422              		.loc 1 67 9 view .LVU99
 423 0090 039A     		ldr	r2, [sp, #12]
 424              	.LBE10:
  67:Core/Src/stm32f4xx_hal_msp.c ****         __HAL_RCC_GPIOD_CLK_ENABLE();
 425              		.loc 1 67 9 view .LVU100
  68:Core/Src/stm32f4xx_hal_msp.c **** 
 426              		.loc 1 68 9 view .LVU101
 427              	.LBB11:
  68:Core/Src/stm32f4xx_hal_msp.c **** 
 428              		.loc 1 68 9 view .LVU102
 429 0092 0494     		str	r4, [sp, #16]
  68:Core/Src/stm32f4xx_hal_msp.c **** 
 430              		.loc 1 68 9 view .LVU103
 431 0094 1A6B     		ldr	r2, [r3, #48]
 432 0096 42F00802 		orr	r2, r2, #8
 433 009a 1A63     		str	r2, [r3, #48]
  68:Core/Src/stm32f4xx_hal_msp.c **** 
ARM GAS  C:\Users\86188\AppData\Local\Temp\cc6Th7Y4.s 			page 11


 434              		.loc 1 68 9 view .LVU104
 435 009c 1B6B     		ldr	r3, [r3, #48]
 436 009e 03F00803 		and	r3, r3, #8
 437 00a2 0493     		str	r3, [sp, #16]
  68:Core/Src/stm32f4xx_hal_msp.c **** 
 438              		.loc 1 68 9 view .LVU105
 439 00a4 049B     		ldr	r3, [sp, #16]
 440              	.LBE11:
  68:Core/Src/stm32f4xx_hal_msp.c **** 
 441              		.loc 1 68 9 view .LVU106
  70:Core/Src/stm32f4xx_hal_msp.c ****         GPIO_InitStruct.Mode = GPIO_MODE_AF_PP;
 442              		.loc 1 70 9 view .LVU107
  70:Core/Src/stm32f4xx_hal_msp.c ****         GPIO_InitStruct.Mode = GPIO_MODE_AF_PP;
 443              		.loc 1 70 29 is_stmt 0 view .LVU108
 444 00a6 4FF44073 		mov	r3, #768
 445 00aa 0593     		str	r3, [sp, #20]
  71:Core/Src/stm32f4xx_hal_msp.c ****         GPIO_InitStruct.Pull = GPIO_NOPULL;
 446              		.loc 1 71 9 is_stmt 1 view .LVU109
  71:Core/Src/stm32f4xx_hal_msp.c ****         GPIO_InitStruct.Pull = GPIO_NOPULL;
 447              		.loc 1 71 30 is_stmt 0 view .LVU110
 448 00ac 0223     		movs	r3, #2
 449 00ae 0693     		str	r3, [sp, #24]
  72:Core/Src/stm32f4xx_hal_msp.c ****         GPIO_InitStruct.Speed = GPIO_SPEED_FREQ_VERY_HIGH;
 450              		.loc 1 72 9 is_stmt 1 view .LVU111
  73:Core/Src/stm32f4xx_hal_msp.c ****         GPIO_InitStruct.Alternate = GPIO_AF7_USART3;
 451              		.loc 1 73 9 view .LVU112
  73:Core/Src/stm32f4xx_hal_msp.c ****         GPIO_InitStruct.Alternate = GPIO_AF7_USART3;
 452              		.loc 1 73 31 is_stmt 0 view .LVU113
 453 00b0 0323     		movs	r3, #3
 454 00b2 0893     		str	r3, [sp, #32]
  74:Core/Src/stm32f4xx_hal_msp.c ****         HAL_GPIO_Init(GPIOD, &GPIO_InitStruct);
 455              		.loc 1 74 9 is_stmt 1 view .LVU114
  74:Core/Src/stm32f4xx_hal_msp.c ****         HAL_GPIO_Init(GPIOD, &GPIO_InitStruct);
 456              		.loc 1 74 35 is_stmt 0 view .LVU115
 457 00b4 0723     		movs	r3, #7
 458 00b6 0993     		str	r3, [sp, #36]
  75:Core/Src/stm32f4xx_hal_msp.c **** 
 459              		.loc 1 75 9 is_stmt 1 view .LVU116
 460 00b8 05A9     		add	r1, sp, #20
 461 00ba 0A48     		ldr	r0, .L23+16
 462              	.LVL22:
  75:Core/Src/stm32f4xx_hal_msp.c **** 
 463              		.loc 1 75 9 is_stmt 0 view .LVU117
 464 00bc FFF7FEFF 		bl	HAL_GPIO_Init
 465              	.LVL23:
  77:Core/Src/stm32f4xx_hal_msp.c ****         HAL_NVIC_EnableIRQ(USART3_IRQn);
 466              		.loc 1 77 9 is_stmt 1 view .LVU118
 467 00c0 2246     		mov	r2, r4
 468 00c2 2146     		mov	r1, r4
 469 00c4 2720     		movs	r0, #39
 470 00c6 FFF7FEFF 		bl	HAL_NVIC_SetPriority
 471              	.LVL24:
  78:Core/Src/stm32f4xx_hal_msp.c ****     }
 472              		.loc 1 78 9 view .LVU119
 473 00ca 2720     		movs	r0, #39
 474 00cc FFF7FEFF 		bl	HAL_NVIC_EnableIRQ
 475              	.LVL25:
ARM GAS  C:\Users\86188\AppData\Local\Temp\cc6Th7Y4.s 			page 12


 476              		.loc 1 80 1 is_stmt 0 view .LVU120
 477 00d0 A5E7     		b	.L17
 478              	.L24:
 479 00d2 00BF     		.align	2
 480              	.L23:
 481 00d4 00100140 		.word	1073811456
 482 00d8 00480040 		.word	1073760256
 483 00dc 00380240 		.word	1073887232
 484 00e0 00000240 		.word	1073872896
 485 00e4 000C0240 		.word	1073875968
 486              		.cfi_endproc
 487              	.LFE140:
 489              		.section	.text.HAL_UART_MspDeInit,"ax",%progbits
 490              		.align	1
 491              		.global	HAL_UART_MspDeInit
 492              		.syntax unified
 493              		.thumb
 494              		.thumb_func
 496              	HAL_UART_MspDeInit:
 497              	.LVL26:
 498              	.LFB141:
  81:Core/Src/stm32f4xx_hal_msp.c **** 
  82:Core/Src/stm32f4xx_hal_msp.c **** void HAL_UART_MspDeInit(UART_HandleTypeDef* huart)
  83:Core/Src/stm32f4xx_hal_msp.c **** {
 499              		.loc 1 83 1 is_stmt 1 view -0
 500              		.cfi_startproc
 501              		@ args = 0, pretend = 0, frame = 0
 502              		@ frame_needed = 0, uses_anonymous_args = 0
 503              		.loc 1 83 1 is_stmt 0 view .LVU122
 504 0000 08B5     		push	{r3, lr}
 505              	.LCFI12:
 506              		.cfi_def_cfa_offset 8
 507              		.cfi_offset 3, -8
 508              		.cfi_offset 14, -4
  84:Core/Src/stm32f4xx_hal_msp.c ****     if(huart->Instance==USART1)
 509              		.loc 1 84 5 is_stmt 1 view .LVU123
 510              		.loc 1 84 13 is_stmt 0 view .LVU124
 511 0002 0368     		ldr	r3, [r0]
 512              		.loc 1 84 7 view .LVU125
 513 0004 124A     		ldr	r2, .L31
 514 0006 9342     		cmp	r3, r2
 515 0008 03D0     		beq	.L29
  85:Core/Src/stm32f4xx_hal_msp.c ****     {
  86:Core/Src/stm32f4xx_hal_msp.c ****         __HAL_RCC_USART1_CLK_DISABLE();
  87:Core/Src/stm32f4xx_hal_msp.c ****         HAL_GPIO_DeInit(GPIOA, GPIO_PIN_9|GPIO_PIN_10);
  88:Core/Src/stm32f4xx_hal_msp.c ****         HAL_NVIC_DisableIRQ(USART1_IRQn);
  89:Core/Src/stm32f4xx_hal_msp.c ****     }
  90:Core/Src/stm32f4xx_hal_msp.c ****     else if(huart->Instance==USART3)
 516              		.loc 1 90 10 is_stmt 1 view .LVU126
 517              		.loc 1 90 12 is_stmt 0 view .LVU127
 518 000a 124A     		ldr	r2, .L31+4
 519 000c 9342     		cmp	r3, r2
 520 000e 0FD0     		beq	.L30
 521              	.LVL27:
 522              	.L25:
  91:Core/Src/stm32f4xx_hal_msp.c ****     {
  92:Core/Src/stm32f4xx_hal_msp.c ****         __HAL_RCC_USART3_CLK_DISABLE();
ARM GAS  C:\Users\86188\AppData\Local\Temp\cc6Th7Y4.s 			page 13


  93:Core/Src/stm32f4xx_hal_msp.c ****         HAL_GPIO_DeInit(GPIOD, GPIO_PIN_8|GPIO_PIN_9);
  94:Core/Src/stm32f4xx_hal_msp.c ****         HAL_NVIC_DisableIRQ(USART3_IRQn);
  95:Core/Src/stm32f4xx_hal_msp.c ****     }
  96:Core/Src/stm32f4xx_hal_msp.c **** }
 523              		.loc 1 96 1 view .LVU128
 524 0010 08BD     		pop	{r3, pc}
 525              	.LVL28:
 526              	.L29:
  86:Core/Src/stm32f4xx_hal_msp.c ****         HAL_GPIO_DeInit(GPIOA, GPIO_PIN_9|GPIO_PIN_10);
 527              		.loc 1 86 9 is_stmt 1 view .LVU129
 528 0012 02F59432 		add	r2, r2, #75776
 529 0016 536C     		ldr	r3, [r2, #68]
 530 0018 23F01003 		bic	r3, r3, #16
 531 001c 5364     		str	r3, [r2, #68]
  87:Core/Src/stm32f4xx_hal_msp.c ****         HAL_NVIC_DisableIRQ(USART1_IRQn);
 532              		.loc 1 87 9 view .LVU130
 533 001e 4FF4C061 		mov	r1, #1536
 534 0022 0D48     		ldr	r0, .L31+8
 535              	.LVL29:
  87:Core/Src/stm32f4xx_hal_msp.c ****         HAL_NVIC_DisableIRQ(USART1_IRQn);
 536              		.loc 1 87 9 is_stmt 0 view .LVU131
 537 0024 FFF7FEFF 		bl	HAL_GPIO_DeInit
 538              	.LVL30:
  88:Core/Src/stm32f4xx_hal_msp.c ****     }
 539              		.loc 1 88 9 is_stmt 1 view .LVU132
 540 0028 2520     		movs	r0, #37
 541 002a FFF7FEFF 		bl	HAL_NVIC_DisableIRQ
 542              	.LVL31:
 543 002e EFE7     		b	.L25
 544              	.LVL32:
 545              	.L30:
  92:Core/Src/stm32f4xx_hal_msp.c ****         HAL_GPIO_DeInit(GPIOD, GPIO_PIN_8|GPIO_PIN_9);
 546              		.loc 1 92 9 view .LVU133
 547 0030 02F5F832 		add	r2, r2, #126976
 548 0034 136C     		ldr	r3, [r2, #64]
 549 0036 23F48023 		bic	r3, r3, #262144
 550 003a 1364     		str	r3, [r2, #64]
  93:Core/Src/stm32f4xx_hal_msp.c ****         HAL_NVIC_DisableIRQ(USART3_IRQn);
 551              		.loc 1 93 9 view .LVU134
 552 003c 4FF44071 		mov	r1, #768
 553 0040 0648     		ldr	r0, .L31+12
 554              	.LVL33:
  93:Core/Src/stm32f4xx_hal_msp.c ****         HAL_NVIC_DisableIRQ(USART3_IRQn);
 555              		.loc 1 93 9 is_stmt 0 view .LVU135
 556 0042 FFF7FEFF 		bl	HAL_GPIO_DeInit
 557              	.LVL34:
  94:Core/Src/stm32f4xx_hal_msp.c ****     }
 558              		.loc 1 94 9 is_stmt 1 view .LVU136
 559 0046 2720     		movs	r0, #39
 560 0048 FFF7FEFF 		bl	HAL_NVIC_DisableIRQ
 561              	.LVL35:
 562              		.loc 1 96 1 is_stmt 0 view .LVU137
 563 004c E0E7     		b	.L25
 564              	.L32:
 565 004e 00BF     		.align	2
 566              	.L31:
 567 0050 00100140 		.word	1073811456
ARM GAS  C:\Users\86188\AppData\Local\Temp\cc6Th7Y4.s 			page 14


 568 0054 00480040 		.word	1073760256
 569 0058 00000240 		.word	1073872896
 570 005c 000C0240 		.word	1073875968
 571              		.cfi_endproc
 572              	.LFE141:
 574              		.section	.text.MX_GPIO_Init,"ax",%progbits
 575              		.align	1
 576              		.global	MX_GPIO_Init
 577              		.syntax unified
 578              		.thumb
 579              		.thumb_func
 581              	MX_GPIO_Init:
 582              	.LFB143:
  97:Core/Src/stm32f4xx_hal_msp.c **** 
  98:Core/Src/stm32f4xx_hal_msp.c **** 
  99:Core/Src/stm32f4xx_hal_msp.c **** 
 100:Core/Src/stm32f4xx_hal_msp.c **** 
 101:Core/Src/stm32f4xx_hal_msp.c **** 
 102:Core/Src/stm32f4xx_hal_msp.c **** void SystemClock_Config(void)
 103:Core/Src/stm32f4xx_hal_msp.c **** {
 104:Core/Src/stm32f4xx_hal_msp.c ****     RCC_OscInitTypeDef RCC_OscInitStruct = {0};
 105:Core/Src/stm32f4xx_hal_msp.c ****     RCC_ClkInitTypeDef RCC_ClkInitStruct = {0};
 106:Core/Src/stm32f4xx_hal_msp.c **** 
 107:Core/Src/stm32f4xx_hal_msp.c ****     /** Configure the main internal regulator output voltage
 108:Core/Src/stm32f4xx_hal_msp.c ****      */
 109:Core/Src/stm32f4xx_hal_msp.c ****     __HAL_RCC_PWR_CLK_ENABLE();
 110:Core/Src/stm32f4xx_hal_msp.c ****     __HAL_PWR_VOLTAGESCALING_CONFIG(PWR_REGULATOR_VOLTAGE_SCALE1);
 111:Core/Src/stm32f4xx_hal_msp.c **** 
 112:Core/Src/stm32f4xx_hal_msp.c ****     /** Initializes the RCC Oscillators according to the specified parameters
 113:Core/Src/stm32f4xx_hal_msp.c ****      * in the RCC_OscInitTypeDef structure.
 114:Core/Src/stm32f4xx_hal_msp.c ****      */
 115:Core/Src/stm32f4xx_hal_msp.c ****     RCC_OscInitStruct.OscillatorType = RCC_OSCILLATORTYPE_HSE;
 116:Core/Src/stm32f4xx_hal_msp.c ****     RCC_OscInitStruct.HSEState = RCC_HSE_ON;
 117:Core/Src/stm32f4xx_hal_msp.c ****     RCC_OscInitStruct.PLL.PLLState = RCC_PLL_ON;
 118:Core/Src/stm32f4xx_hal_msp.c ****     RCC_OscInitStruct.PLL.PLLSource = RCC_PLLSOURCE_HSE;
 119:Core/Src/stm32f4xx_hal_msp.c ****     RCC_OscInitStruct.PLL.PLLM = 25;
 120:Core/Src/stm32f4xx_hal_msp.c ****     RCC_OscInitStruct.PLL.PLLN = 336;
 121:Core/Src/stm32f4xx_hal_msp.c ****     RCC_OscInitStruct.PLL.PLLP = RCC_PLLP_DIV2;
 122:Core/Src/stm32f4xx_hal_msp.c ****     RCC_OscInitStruct.PLL.PLLQ = 4;
 123:Core/Src/stm32f4xx_hal_msp.c ****     if (HAL_RCC_OscConfig(&RCC_OscInitStruct) != HAL_OK)
 124:Core/Src/stm32f4xx_hal_msp.c ****     {
 125:Core/Src/stm32f4xx_hal_msp.c ****         Error_Handler();
 126:Core/Src/stm32f4xx_hal_msp.c ****     }
 127:Core/Src/stm32f4xx_hal_msp.c **** 
 128:Core/Src/stm32f4xx_hal_msp.c ****     /** Initializes the CPU, AHB and APB buses clocks
 129:Core/Src/stm32f4xx_hal_msp.c ****      */
 130:Core/Src/stm32f4xx_hal_msp.c ****     RCC_ClkInitStruct.ClockType = RCC_CLOCKTYPE_HCLK|RCC_CLOCKTYPE_SYSCLK
 131:Core/Src/stm32f4xx_hal_msp.c ****                                 |RCC_CLOCKTYPE_PCLK1|RCC_CLOCKTYPE_PCLK2;
 132:Core/Src/stm32f4xx_hal_msp.c ****     RCC_ClkInitStruct.SYSCLKSource = RCC_SYSCLKSOURCE_PLLCLK;
 133:Core/Src/stm32f4xx_hal_msp.c ****     RCC_ClkInitStruct.AHBCLKDivider = RCC_SYSCLK_DIV1;
 134:Core/Src/stm32f4xx_hal_msp.c ****     RCC_ClkInitStruct.APB1CLKDivider = RCC_HCLK_DIV4;
 135:Core/Src/stm32f4xx_hal_msp.c ****     RCC_ClkInitStruct.APB2CLKDivider = RCC_HCLK_DIV4;
 136:Core/Src/stm32f4xx_hal_msp.c **** 
 137:Core/Src/stm32f4xx_hal_msp.c ****     if (HAL_RCC_ClockConfig(&RCC_ClkInitStruct, FLASH_LATENCY_5) != HAL_OK)
 138:Core/Src/stm32f4xx_hal_msp.c ****     {
 139:Core/Src/stm32f4xx_hal_msp.c ****         Error_Handler();
 140:Core/Src/stm32f4xx_hal_msp.c ****     }
ARM GAS  C:\Users\86188\AppData\Local\Temp\cc6Th7Y4.s 			page 15


 141:Core/Src/stm32f4xx_hal_msp.c **** }
 142:Core/Src/stm32f4xx_hal_msp.c **** 
 143:Core/Src/stm32f4xx_hal_msp.c **** /**
 144:Core/Src/stm32f4xx_hal_msp.c ****   * @brief GPIO Initialization Function
 145:Core/Src/stm32f4xx_hal_msp.c ****   * @param None
 146:Core/Src/stm32f4xx_hal_msp.c ****   * @retval None
 147:Core/Src/stm32f4xx_hal_msp.c ****   */
 148:Core/Src/stm32f4xx_hal_msp.c **** void MX_GPIO_Init(void)
 149:Core/Src/stm32f4xx_hal_msp.c **** {
 583              		.loc 1 149 1 is_stmt 1 view -0
 584              		.cfi_startproc
 585              		@ args = 0, pretend = 0, frame = 40
 586              		@ frame_needed = 0, uses_anonymous_args = 0
 587 0000 70B5     		push	{r4, r5, r6, lr}
 588              	.LCFI13:
 589              		.cfi_def_cfa_offset 16
 590              		.cfi_offset 4, -16
 591              		.cfi_offset 5, -12
 592              		.cfi_offset 6, -8
 593              		.cfi_offset 14, -4
 594 0002 8AB0     		sub	sp, sp, #40
 595              	.LCFI14:
 596              		.cfi_def_cfa_offset 56
 150:Core/Src/stm32f4xx_hal_msp.c ****     GPIO_InitTypeDef GPIO_InitStruct = {0};
 597              		.loc 1 150 5 view .LVU139
 598              		.loc 1 150 22 is_stmt 0 view .LVU140
 599 0004 0024     		movs	r4, #0
 600 0006 0594     		str	r4, [sp, #20]
 601 0008 0694     		str	r4, [sp, #24]
 602 000a 0794     		str	r4, [sp, #28]
 603 000c 0894     		str	r4, [sp, #32]
 604 000e 0994     		str	r4, [sp, #36]
 151:Core/Src/stm32f4xx_hal_msp.c **** 
 152:Core/Src/stm32f4xx_hal_msp.c ****     /* GPIO Ports Clock Enable */
 153:Core/Src/stm32f4xx_hal_msp.c ****     __HAL_RCC_GPIOC_CLK_ENABLE();
 605              		.loc 1 153 5 is_stmt 1 view .LVU141
 606              	.LBB12:
 607              		.loc 1 153 5 view .LVU142
 608 0010 0094     		str	r4, [sp]
 609              		.loc 1 153 5 view .LVU143
 610 0012 344B     		ldr	r3, .L35
 611 0014 1A6B     		ldr	r2, [r3, #48]
 612 0016 42F00402 		orr	r2, r2, #4
 613 001a 1A63     		str	r2, [r3, #48]
 614              		.loc 1 153 5 view .LVU144
 615 001c 1A6B     		ldr	r2, [r3, #48]
 616 001e 02F00402 		and	r2, r2, #4
 617 0022 0092     		str	r2, [sp]
 618              		.loc 1 153 5 view .LVU145
 619 0024 009A     		ldr	r2, [sp]
 620              	.LBE12:
 621              		.loc 1 153 5 view .LVU146
 154:Core/Src/stm32f4xx_hal_msp.c ****     __HAL_RCC_GPIOH_CLK_ENABLE();
 622              		.loc 1 154 5 view .LVU147
 623              	.LBB13:
 624              		.loc 1 154 5 view .LVU148
 625 0026 0194     		str	r4, [sp, #4]
ARM GAS  C:\Users\86188\AppData\Local\Temp\cc6Th7Y4.s 			page 16


 626              		.loc 1 154 5 view .LVU149
 627 0028 1A6B     		ldr	r2, [r3, #48]
 628 002a 42F08002 		orr	r2, r2, #128
 629 002e 1A63     		str	r2, [r3, #48]
 630              		.loc 1 154 5 view .LVU150
 631 0030 1A6B     		ldr	r2, [r3, #48]
 632 0032 02F08002 		and	r2, r2, #128
 633 0036 0192     		str	r2, [sp, #4]
 634              		.loc 1 154 5 view .LVU151
 635 0038 019A     		ldr	r2, [sp, #4]
 636              	.LBE13:
 637              		.loc 1 154 5 view .LVU152
 155:Core/Src/stm32f4xx_hal_msp.c ****     __HAL_RCC_GPIOA_CLK_ENABLE();
 638              		.loc 1 155 5 view .LVU153
 639              	.LBB14:
 640              		.loc 1 155 5 view .LVU154
 641 003a 0294     		str	r4, [sp, #8]
 642              		.loc 1 155 5 view .LVU155
 643 003c 1A6B     		ldr	r2, [r3, #48]
 644 003e 42F00102 		orr	r2, r2, #1
 645 0042 1A63     		str	r2, [r3, #48]
 646              		.loc 1 155 5 view .LVU156
 647 0044 1A6B     		ldr	r2, [r3, #48]
 648 0046 02F00102 		and	r2, r2, #1
 649 004a 0292     		str	r2, [sp, #8]
 650              		.loc 1 155 5 view .LVU157
 651 004c 029A     		ldr	r2, [sp, #8]
 652              	.LBE14:
 653              		.loc 1 155 5 view .LVU158
 156:Core/Src/stm32f4xx_hal_msp.c ****     __HAL_RCC_GPIOE_CLK_ENABLE();
 654              		.loc 1 156 5 view .LVU159
 655              	.LBB15:
 656              		.loc 1 156 5 view .LVU160
 657 004e 0394     		str	r4, [sp, #12]
 658              		.loc 1 156 5 view .LVU161
 659 0050 1A6B     		ldr	r2, [r3, #48]
 660 0052 42F01002 		orr	r2, r2, #16
 661 0056 1A63     		str	r2, [r3, #48]
 662              		.loc 1 156 5 view .LVU162
 663 0058 1A6B     		ldr	r2, [r3, #48]
 664 005a 02F01002 		and	r2, r2, #16
 665 005e 0392     		str	r2, [sp, #12]
 666              		.loc 1 156 5 view .LVU163
 667 0060 039A     		ldr	r2, [sp, #12]
 668              	.LBE15:
 669              		.loc 1 156 5 view .LVU164
 157:Core/Src/stm32f4xx_hal_msp.c ****     __HAL_RCC_GPIOB_CLK_ENABLE();
 670              		.loc 1 157 5 view .LVU165
 671              	.LBB16:
 672              		.loc 1 157 5 view .LVU166
 673 0062 0494     		str	r4, [sp, #16]
 674              		.loc 1 157 5 view .LVU167
 675 0064 1A6B     		ldr	r2, [r3, #48]
 676 0066 42F00202 		orr	r2, r2, #2
 677 006a 1A63     		str	r2, [r3, #48]
 678              		.loc 1 157 5 view .LVU168
 679 006c 1B6B     		ldr	r3, [r3, #48]
ARM GAS  C:\Users\86188\AppData\Local\Temp\cc6Th7Y4.s 			page 17


 680 006e 03F00203 		and	r3, r3, #2
 681 0072 0493     		str	r3, [sp, #16]
 682              		.loc 1 157 5 view .LVU169
 683 0074 049B     		ldr	r3, [sp, #16]
 684              	.LBE16:
 685              		.loc 1 157 5 view .LVU170
 158:Core/Src/stm32f4xx_hal_msp.c **** 
 159:Core/Src/stm32f4xx_hal_msp.c ****     /*Configure GPIO pin Output Level */
 160:Core/Src/stm32f4xx_hal_msp.c ****     HAL_GPIO_WritePin(GPIOE, GPIO_PIN_13|GPIO_PIN_14|GPIO_PIN_15, GPIO_PIN_RESET);
 686              		.loc 1 160 5 view .LVU171
 687 0076 1C4D     		ldr	r5, .L35+4
 688 0078 2246     		mov	r2, r4
 689 007a 4FF46041 		mov	r1, #57344
 690 007e 2846     		mov	r0, r5
 691 0080 FFF7FEFF 		bl	HAL_GPIO_WritePin
 692              	.LVL36:
 161:Core/Src/stm32f4xx_hal_msp.c **** 
 162:Core/Src/stm32f4xx_hal_msp.c ****     /*Configure GPIO pins : PE13 PE14 PE15 */
 163:Core/Src/stm32f4xx_hal_msp.c ****     GPIO_InitStruct.Pin = GPIO_PIN_13|GPIO_PIN_14|GPIO_PIN_15;
 693              		.loc 1 163 5 view .LVU172
 694              		.loc 1 163 25 is_stmt 0 view .LVU173
 695 0084 4FF46043 		mov	r3, #57344
 696 0088 0593     		str	r3, [sp, #20]
 164:Core/Src/stm32f4xx_hal_msp.c ****     GPIO_InitStruct.Mode = GPIO_MODE_OUTPUT_PP;
 697              		.loc 1 164 5 is_stmt 1 view .LVU174
 698              		.loc 1 164 26 is_stmt 0 view .LVU175
 699 008a 0126     		movs	r6, #1
 700 008c 0696     		str	r6, [sp, #24]
 165:Core/Src/stm32f4xx_hal_msp.c ****     GPIO_InitStruct.Pull = GPIO_NOPULL;
 701              		.loc 1 165 5 is_stmt 1 view .LVU176
 702              		.loc 1 165 26 is_stmt 0 view .LVU177
 703 008e 0794     		str	r4, [sp, #28]
 166:Core/Src/stm32f4xx_hal_msp.c ****     GPIO_InitStruct.Speed = GPIO_SPEED_FREQ_LOW;
 704              		.loc 1 166 5 is_stmt 1 view .LVU178
 705              		.loc 1 166 27 is_stmt 0 view .LVU179
 706 0090 0894     		str	r4, [sp, #32]
 167:Core/Src/stm32f4xx_hal_msp.c ****     HAL_GPIO_Init(GPIOE, &GPIO_InitStruct);
 707              		.loc 1 167 5 is_stmt 1 view .LVU180
 708 0092 05A9     		add	r1, sp, #20
 709 0094 2846     		mov	r0, r5
 710 0096 FFF7FEFF 		bl	HAL_GPIO_Init
 711              	.LVL37:
 168:Core/Src/stm32f4xx_hal_msp.c **** 
 169:Core/Src/stm32f4xx_hal_msp.c ****     /*Configure GPIO pin Output Level */
 170:Core/Src/stm32f4xx_hal_msp.c ****     HAL_GPIO_WritePin(GPIOA, GPIO_PIN_5, GPIO_PIN_RESET);
 712              		.loc 1 170 5 view .LVU181
 713 009a A5F58055 		sub	r5, r5, #4096
 714 009e 2246     		mov	r2, r4
 715 00a0 2021     		movs	r1, #32
 716 00a2 2846     		mov	r0, r5
 717 00a4 FFF7FEFF 		bl	HAL_GPIO_WritePin
 718              	.LVL38:
 171:Core/Src/stm32f4xx_hal_msp.c ****     /*Configure GPIO pin : PA5 */
 172:Core/Src/stm32f4xx_hal_msp.c ****     GPIO_InitStruct.Pin = GPIO_PIN_5;
 719              		.loc 1 172 5 view .LVU182
 720              		.loc 1 172 25 is_stmt 0 view .LVU183
 721 00a8 2023     		movs	r3, #32
ARM GAS  C:\Users\86188\AppData\Local\Temp\cc6Th7Y4.s 			page 18


 722 00aa 0593     		str	r3, [sp, #20]
 173:Core/Src/stm32f4xx_hal_msp.c ****     GPIO_InitStruct.Mode = GPIO_MODE_OUTPUT_PP;
 723              		.loc 1 173 5 is_stmt 1 view .LVU184
 724              		.loc 1 173 26 is_stmt 0 view .LVU185
 725 00ac 0696     		str	r6, [sp, #24]
 174:Core/Src/stm32f4xx_hal_msp.c ****     GPIO_InitStruct.Pull = GPIO_NOPULL;
 726              		.loc 1 174 5 is_stmt 1 view .LVU186
 727              		.loc 1 174 26 is_stmt 0 view .LVU187
 728 00ae 0794     		str	r4, [sp, #28]
 175:Core/Src/stm32f4xx_hal_msp.c ****     GPIO_InitStruct.Speed = GPIO_SPEED_FREQ_LOW;
 729              		.loc 1 175 5 is_stmt 1 view .LVU188
 730              		.loc 1 175 27 is_stmt 0 view .LVU189
 731 00b0 0894     		str	r4, [sp, #32]
 176:Core/Src/stm32f4xx_hal_msp.c ****     HAL_GPIO_Init(GPIOA, &GPIO_InitStruct);
 732              		.loc 1 176 5 is_stmt 1 view .LVU190
 733 00b2 05A9     		add	r1, sp, #20
 734 00b4 2846     		mov	r0, r5
 735 00b6 FFF7FEFF 		bl	HAL_GPIO_Init
 736              	.LVL39:
 177:Core/Src/stm32f4xx_hal_msp.c **** 
 178:Core/Src/stm32f4xx_hal_msp.c ****     /*Configure GPIO pin : PA6 */
 179:Core/Src/stm32f4xx_hal_msp.c ****     GPIO_InitStruct.Pin = GPIO_PIN_6;
 737              		.loc 1 179 5 view .LVU191
 738              		.loc 1 179 25 is_stmt 0 view .LVU192
 739 00ba 4023     		movs	r3, #64
 740 00bc 0593     		str	r3, [sp, #20]
 180:Core/Src/stm32f4xx_hal_msp.c ****     GPIO_InitStruct.Mode = GPIO_MODE_IT_RISING;
 741              		.loc 1 180 5 is_stmt 1 view .LVU193
 742              		.loc 1 180 26 is_stmt 0 view .LVU194
 743 00be 4FF48813 		mov	r3, #1114112
 744 00c2 0693     		str	r3, [sp, #24]
 181:Core/Src/stm32f4xx_hal_msp.c ****     GPIO_InitStruct.Pull = GPIO_NOPULL;
 745              		.loc 1 181 5 is_stmt 1 view .LVU195
 746              		.loc 1 181 26 is_stmt 0 view .LVU196
 747 00c4 0794     		str	r4, [sp, #28]
 182:Core/Src/stm32f4xx_hal_msp.c ****     HAL_GPIO_Init(GPIOA, &GPIO_InitStruct);
 748              		.loc 1 182 5 is_stmt 1 view .LVU197
 749 00c6 05A9     		add	r1, sp, #20
 750 00c8 2846     		mov	r0, r5
 751 00ca FFF7FEFF 		bl	HAL_GPIO_Init
 752              	.LVL40:
 183:Core/Src/stm32f4xx_hal_msp.c **** 
 184:Core/Src/stm32f4xx_hal_msp.c ****     /* EXTI interrupt init*/
 185:Core/Src/stm32f4xx_hal_msp.c ****     HAL_NVIC_SetPriority(EXTI9_5_IRQn, 0, 0);
 753              		.loc 1 185 5 view .LVU198
 754 00ce 2246     		mov	r2, r4
 755 00d0 2146     		mov	r1, r4
 756 00d2 1720     		movs	r0, #23
 757 00d4 FFF7FEFF 		bl	HAL_NVIC_SetPriority
 758              	.LVL41:
 186:Core/Src/stm32f4xx_hal_msp.c ****     HAL_NVIC_EnableIRQ(EXTI9_5_IRQn);
 759              		.loc 1 186 5 view .LVU199
 760 00d8 1720     		movs	r0, #23
 761 00da FFF7FEFF 		bl	HAL_NVIC_EnableIRQ
 762              	.LVL42:
 187:Core/Src/stm32f4xx_hal_msp.c **** 
 188:Core/Src/stm32f4xx_hal_msp.c **** }
ARM GAS  C:\Users\86188\AppData\Local\Temp\cc6Th7Y4.s 			page 19


 763              		.loc 1 188 1 is_stmt 0 view .LVU200
 764 00de 0AB0     		add	sp, sp, #40
 765              	.LCFI15:
 766              		.cfi_def_cfa_offset 16
 767              		@ sp needed
 768 00e0 70BD     		pop	{r4, r5, r6, pc}
 769              	.L36:
 770 00e2 00BF     		.align	2
 771              	.L35:
 772 00e4 00380240 		.word	1073887232
 773 00e8 00100240 		.word	1073876992
 774              		.cfi_endproc
 775              	.LFE143:
 777              		.section	.text.Error_Handler,"ax",%progbits
 778              		.align	1
 779              		.global	Error_Handler
 780              		.syntax unified
 781              		.thumb
 782              		.thumb_func
 784              	Error_Handler:
 785              	.LFB144:
 189:Core/Src/stm32f4xx_hal_msp.c **** 
 190:Core/Src/stm32f4xx_hal_msp.c **** /**
 191:Core/Src/stm32f4xx_hal_msp.c ****   * @brief  This function is executed in case of error occurrence.
 192:Core/Src/stm32f4xx_hal_msp.c ****   * @retval None
 193:Core/Src/stm32f4xx_hal_msp.c ****   */
 194:Core/Src/stm32f4xx_hal_msp.c **** void Error_Handler(void)
 195:Core/Src/stm32f4xx_hal_msp.c **** {
 786              		.loc 1 195 1 is_stmt 1 view -0
 787              		.cfi_startproc
 788              		@ Volatile: function does not return.
 789              		@ args = 0, pretend = 0, frame = 0
 790              		@ frame_needed = 0, uses_anonymous_args = 0
 791              		@ link register save eliminated.
 196:Core/Src/stm32f4xx_hal_msp.c ****     __disable_irq();
 792              		.loc 1 196 5 view .LVU202
 793              	.LBB17:
 794              	.LBI17:
 795              		.file 2 "Drivers/CMSIS/Include/cmsis_gcc.h"
   1:Drivers/CMSIS/Include/cmsis_gcc.h **** /**************************************************************************//**
   2:Drivers/CMSIS/Include/cmsis_gcc.h ****  * @file     cmsis_gcc.h
   3:Drivers/CMSIS/Include/cmsis_gcc.h ****  * @brief    CMSIS compiler GCC header file
   4:Drivers/CMSIS/Include/cmsis_gcc.h ****  * @version  V5.0.4
   5:Drivers/CMSIS/Include/cmsis_gcc.h ****  * @date     09. April 2018
   6:Drivers/CMSIS/Include/cmsis_gcc.h ****  ******************************************************************************/
   7:Drivers/CMSIS/Include/cmsis_gcc.h **** /*
   8:Drivers/CMSIS/Include/cmsis_gcc.h ****  * Copyright (c) 2009-2018 Arm Limited. All rights reserved.
   9:Drivers/CMSIS/Include/cmsis_gcc.h ****  *
  10:Drivers/CMSIS/Include/cmsis_gcc.h ****  * SPDX-License-Identifier: Apache-2.0
  11:Drivers/CMSIS/Include/cmsis_gcc.h ****  *
  12:Drivers/CMSIS/Include/cmsis_gcc.h ****  * Licensed under the Apache License, Version 2.0 (the License); you may
  13:Drivers/CMSIS/Include/cmsis_gcc.h ****  * not use this file except in compliance with the License.
  14:Drivers/CMSIS/Include/cmsis_gcc.h ****  * You may obtain a copy of the License at
  15:Drivers/CMSIS/Include/cmsis_gcc.h ****  *
  16:Drivers/CMSIS/Include/cmsis_gcc.h ****  * www.apache.org/licenses/LICENSE-2.0
  17:Drivers/CMSIS/Include/cmsis_gcc.h ****  *
  18:Drivers/CMSIS/Include/cmsis_gcc.h ****  * Unless required by applicable law or agreed to in writing, software
ARM GAS  C:\Users\86188\AppData\Local\Temp\cc6Th7Y4.s 			page 20


  19:Drivers/CMSIS/Include/cmsis_gcc.h ****  * distributed under the License is distributed on an AS IS BASIS, WITHOUT
  20:Drivers/CMSIS/Include/cmsis_gcc.h ****  * WARRANTIES OR CONDITIONS OF ANY KIND, either express or implied.
  21:Drivers/CMSIS/Include/cmsis_gcc.h ****  * See the License for the specific language governing permissions and
  22:Drivers/CMSIS/Include/cmsis_gcc.h ****  * limitations under the License.
  23:Drivers/CMSIS/Include/cmsis_gcc.h ****  */
  24:Drivers/CMSIS/Include/cmsis_gcc.h **** 
  25:Drivers/CMSIS/Include/cmsis_gcc.h **** #ifndef __CMSIS_GCC_H
  26:Drivers/CMSIS/Include/cmsis_gcc.h **** #define __CMSIS_GCC_H
  27:Drivers/CMSIS/Include/cmsis_gcc.h **** 
  28:Drivers/CMSIS/Include/cmsis_gcc.h **** /* ignore some GCC warnings */
  29:Drivers/CMSIS/Include/cmsis_gcc.h **** #pragma GCC diagnostic push
  30:Drivers/CMSIS/Include/cmsis_gcc.h **** #pragma GCC diagnostic ignored "-Wsign-conversion"
  31:Drivers/CMSIS/Include/cmsis_gcc.h **** #pragma GCC diagnostic ignored "-Wconversion"
  32:Drivers/CMSIS/Include/cmsis_gcc.h **** #pragma GCC diagnostic ignored "-Wunused-parameter"
  33:Drivers/CMSIS/Include/cmsis_gcc.h **** 
  34:Drivers/CMSIS/Include/cmsis_gcc.h **** /* Fallback for __has_builtin */
  35:Drivers/CMSIS/Include/cmsis_gcc.h **** #ifndef __has_builtin
  36:Drivers/CMSIS/Include/cmsis_gcc.h ****   #define __has_builtin(x) (0)
  37:Drivers/CMSIS/Include/cmsis_gcc.h **** #endif
  38:Drivers/CMSIS/Include/cmsis_gcc.h **** 
  39:Drivers/CMSIS/Include/cmsis_gcc.h **** /* CMSIS compiler specific defines */
  40:Drivers/CMSIS/Include/cmsis_gcc.h **** #ifndef   __ASM
  41:Drivers/CMSIS/Include/cmsis_gcc.h ****   #define __ASM                                  __asm
  42:Drivers/CMSIS/Include/cmsis_gcc.h **** #endif
  43:Drivers/CMSIS/Include/cmsis_gcc.h **** #ifndef   __INLINE
  44:Drivers/CMSIS/Include/cmsis_gcc.h ****   #define __INLINE                               inline
  45:Drivers/CMSIS/Include/cmsis_gcc.h **** #endif
  46:Drivers/CMSIS/Include/cmsis_gcc.h **** #ifndef   __STATIC_INLINE
  47:Drivers/CMSIS/Include/cmsis_gcc.h ****   #define __STATIC_INLINE                        static inline
  48:Drivers/CMSIS/Include/cmsis_gcc.h **** #endif
  49:Drivers/CMSIS/Include/cmsis_gcc.h **** #ifndef   __STATIC_FORCEINLINE                 
  50:Drivers/CMSIS/Include/cmsis_gcc.h ****   #define __STATIC_FORCEINLINE                   __attribute__((always_inline)) static inline
  51:Drivers/CMSIS/Include/cmsis_gcc.h **** #endif                                           
  52:Drivers/CMSIS/Include/cmsis_gcc.h **** #ifndef   __NO_RETURN
  53:Drivers/CMSIS/Include/cmsis_gcc.h ****   #define __NO_RETURN                            __attribute__((__noreturn__))
  54:Drivers/CMSIS/Include/cmsis_gcc.h **** #endif
  55:Drivers/CMSIS/Include/cmsis_gcc.h **** #ifndef   __USED
  56:Drivers/CMSIS/Include/cmsis_gcc.h ****   #define __USED                                 __attribute__((used))
  57:Drivers/CMSIS/Include/cmsis_gcc.h **** #endif
  58:Drivers/CMSIS/Include/cmsis_gcc.h **** #ifndef   __WEAK
  59:Drivers/CMSIS/Include/cmsis_gcc.h ****   #define __WEAK                                 __attribute__((weak))
  60:Drivers/CMSIS/Include/cmsis_gcc.h **** #endif
  61:Drivers/CMSIS/Include/cmsis_gcc.h **** #ifndef   __PACKED
  62:Drivers/CMSIS/Include/cmsis_gcc.h ****   #define __PACKED                               __attribute__((packed, aligned(1)))
  63:Drivers/CMSIS/Include/cmsis_gcc.h **** #endif
  64:Drivers/CMSIS/Include/cmsis_gcc.h **** #ifndef   __PACKED_STRUCT
  65:Drivers/CMSIS/Include/cmsis_gcc.h ****   #define __PACKED_STRUCT                        struct __attribute__((packed, aligned(1)))
  66:Drivers/CMSIS/Include/cmsis_gcc.h **** #endif
  67:Drivers/CMSIS/Include/cmsis_gcc.h **** #ifndef   __PACKED_UNION
  68:Drivers/CMSIS/Include/cmsis_gcc.h ****   #define __PACKED_UNION                         union __attribute__((packed, aligned(1)))
  69:Drivers/CMSIS/Include/cmsis_gcc.h **** #endif
  70:Drivers/CMSIS/Include/cmsis_gcc.h **** #ifndef   __UNALIGNED_UINT32        /* deprecated */
  71:Drivers/CMSIS/Include/cmsis_gcc.h ****   #pragma GCC diagnostic push
  72:Drivers/CMSIS/Include/cmsis_gcc.h ****   #pragma GCC diagnostic ignored "-Wpacked"
  73:Drivers/CMSIS/Include/cmsis_gcc.h ****   #pragma GCC diagnostic ignored "-Wattributes"
  74:Drivers/CMSIS/Include/cmsis_gcc.h ****   struct __attribute__((packed)) T_UINT32 { uint32_t v; };
  75:Drivers/CMSIS/Include/cmsis_gcc.h ****   #pragma GCC diagnostic pop
ARM GAS  C:\Users\86188\AppData\Local\Temp\cc6Th7Y4.s 			page 21


  76:Drivers/CMSIS/Include/cmsis_gcc.h ****   #define __UNALIGNED_UINT32(x)                  (((struct T_UINT32 *)(x))->v)
  77:Drivers/CMSIS/Include/cmsis_gcc.h **** #endif
  78:Drivers/CMSIS/Include/cmsis_gcc.h **** #ifndef   __UNALIGNED_UINT16_WRITE
  79:Drivers/CMSIS/Include/cmsis_gcc.h ****   #pragma GCC diagnostic push
  80:Drivers/CMSIS/Include/cmsis_gcc.h ****   #pragma GCC diagnostic ignored "-Wpacked"
  81:Drivers/CMSIS/Include/cmsis_gcc.h ****   #pragma GCC diagnostic ignored "-Wattributes"
  82:Drivers/CMSIS/Include/cmsis_gcc.h ****   __PACKED_STRUCT T_UINT16_WRITE { uint16_t v; };
  83:Drivers/CMSIS/Include/cmsis_gcc.h ****   #pragma GCC diagnostic pop
  84:Drivers/CMSIS/Include/cmsis_gcc.h ****   #define __UNALIGNED_UINT16_WRITE(addr, val)    (void)((((struct T_UINT16_WRITE *)(void *)(addr))-
  85:Drivers/CMSIS/Include/cmsis_gcc.h **** #endif
  86:Drivers/CMSIS/Include/cmsis_gcc.h **** #ifndef   __UNALIGNED_UINT16_READ
  87:Drivers/CMSIS/Include/cmsis_gcc.h ****   #pragma GCC diagnostic push
  88:Drivers/CMSIS/Include/cmsis_gcc.h ****   #pragma GCC diagnostic ignored "-Wpacked"
  89:Drivers/CMSIS/Include/cmsis_gcc.h ****   #pragma GCC diagnostic ignored "-Wattributes"
  90:Drivers/CMSIS/Include/cmsis_gcc.h ****   __PACKED_STRUCT T_UINT16_READ { uint16_t v; };
  91:Drivers/CMSIS/Include/cmsis_gcc.h ****   #pragma GCC diagnostic pop
  92:Drivers/CMSIS/Include/cmsis_gcc.h ****   #define __UNALIGNED_UINT16_READ(addr)          (((const struct T_UINT16_READ *)(const void *)(add
  93:Drivers/CMSIS/Include/cmsis_gcc.h **** #endif
  94:Drivers/CMSIS/Include/cmsis_gcc.h **** #ifndef   __UNALIGNED_UINT32_WRITE
  95:Drivers/CMSIS/Include/cmsis_gcc.h ****   #pragma GCC diagnostic push
  96:Drivers/CMSIS/Include/cmsis_gcc.h ****   #pragma GCC diagnostic ignored "-Wpacked"
  97:Drivers/CMSIS/Include/cmsis_gcc.h ****   #pragma GCC diagnostic ignored "-Wattributes"
  98:Drivers/CMSIS/Include/cmsis_gcc.h ****   __PACKED_STRUCT T_UINT32_WRITE { uint32_t v; };
  99:Drivers/CMSIS/Include/cmsis_gcc.h ****   #pragma GCC diagnostic pop
 100:Drivers/CMSIS/Include/cmsis_gcc.h ****   #define __UNALIGNED_UINT32_WRITE(addr, val)    (void)((((struct T_UINT32_WRITE *)(void *)(addr))-
 101:Drivers/CMSIS/Include/cmsis_gcc.h **** #endif
 102:Drivers/CMSIS/Include/cmsis_gcc.h **** #ifndef   __UNALIGNED_UINT32_READ
 103:Drivers/CMSIS/Include/cmsis_gcc.h ****   #pragma GCC diagnostic push
 104:Drivers/CMSIS/Include/cmsis_gcc.h ****   #pragma GCC diagnostic ignored "-Wpacked"
 105:Drivers/CMSIS/Include/cmsis_gcc.h ****   #pragma GCC diagnostic ignored "-Wattributes"
 106:Drivers/CMSIS/Include/cmsis_gcc.h ****   __PACKED_STRUCT T_UINT32_READ { uint32_t v; };
 107:Drivers/CMSIS/Include/cmsis_gcc.h ****   #pragma GCC diagnostic pop
 108:Drivers/CMSIS/Include/cmsis_gcc.h ****   #define __UNALIGNED_UINT32_READ(addr)          (((const struct T_UINT32_READ *)(const void *)(add
 109:Drivers/CMSIS/Include/cmsis_gcc.h **** #endif
 110:Drivers/CMSIS/Include/cmsis_gcc.h **** #ifndef   __ALIGNED
 111:Drivers/CMSIS/Include/cmsis_gcc.h ****   #define __ALIGNED(x)                           __attribute__((aligned(x)))
 112:Drivers/CMSIS/Include/cmsis_gcc.h **** #endif
 113:Drivers/CMSIS/Include/cmsis_gcc.h **** #ifndef   __RESTRICT
 114:Drivers/CMSIS/Include/cmsis_gcc.h ****   #define __RESTRICT                             __restrict
 115:Drivers/CMSIS/Include/cmsis_gcc.h **** #endif
 116:Drivers/CMSIS/Include/cmsis_gcc.h **** 
 117:Drivers/CMSIS/Include/cmsis_gcc.h **** 
 118:Drivers/CMSIS/Include/cmsis_gcc.h **** /* ###########################  Core Function Access  ########################### */
 119:Drivers/CMSIS/Include/cmsis_gcc.h **** /** \ingroup  CMSIS_Core_FunctionInterface
 120:Drivers/CMSIS/Include/cmsis_gcc.h ****     \defgroup CMSIS_Core_RegAccFunctions CMSIS Core Register Access Functions
 121:Drivers/CMSIS/Include/cmsis_gcc.h ****   @{
 122:Drivers/CMSIS/Include/cmsis_gcc.h ****  */
 123:Drivers/CMSIS/Include/cmsis_gcc.h **** 
 124:Drivers/CMSIS/Include/cmsis_gcc.h **** /**
 125:Drivers/CMSIS/Include/cmsis_gcc.h ****   \brief   Enable IRQ Interrupts
 126:Drivers/CMSIS/Include/cmsis_gcc.h ****   \details Enables IRQ interrupts by clearing the I-bit in the CPSR.
 127:Drivers/CMSIS/Include/cmsis_gcc.h ****            Can only be executed in Privileged modes.
 128:Drivers/CMSIS/Include/cmsis_gcc.h ****  */
 129:Drivers/CMSIS/Include/cmsis_gcc.h **** __STATIC_FORCEINLINE void __enable_irq(void)
 130:Drivers/CMSIS/Include/cmsis_gcc.h **** {
 131:Drivers/CMSIS/Include/cmsis_gcc.h ****   __ASM volatile ("cpsie i" : : : "memory");
 132:Drivers/CMSIS/Include/cmsis_gcc.h **** }
ARM GAS  C:\Users\86188\AppData\Local\Temp\cc6Th7Y4.s 			page 22


 133:Drivers/CMSIS/Include/cmsis_gcc.h **** 
 134:Drivers/CMSIS/Include/cmsis_gcc.h **** 
 135:Drivers/CMSIS/Include/cmsis_gcc.h **** /**
 136:Drivers/CMSIS/Include/cmsis_gcc.h ****   \brief   Disable IRQ Interrupts
 137:Drivers/CMSIS/Include/cmsis_gcc.h ****   \details Disables IRQ interrupts by setting the I-bit in the CPSR.
 138:Drivers/CMSIS/Include/cmsis_gcc.h ****            Can only be executed in Privileged modes.
 139:Drivers/CMSIS/Include/cmsis_gcc.h ****  */
 140:Drivers/CMSIS/Include/cmsis_gcc.h **** __STATIC_FORCEINLINE void __disable_irq(void)
 796              		.loc 2 140 27 view .LVU203
 797              	.LBB18:
 141:Drivers/CMSIS/Include/cmsis_gcc.h **** {
 142:Drivers/CMSIS/Include/cmsis_gcc.h ****   __ASM volatile ("cpsid i" : : : "memory");
 798              		.loc 2 142 3 view .LVU204
 799              		.syntax unified
 800              	@ 142 "Drivers/CMSIS/Include/cmsis_gcc.h" 1
 801 0000 72B6     		cpsid i
 802              	@ 0 "" 2
 803              		.thumb
 804              		.syntax unified
 805              	.L38:
 806              	.LBE18:
 807              	.LBE17:
 197:Core/Src/stm32f4xx_hal_msp.c ****     while (1)
 808              		.loc 1 197 5 discriminator 1 view .LVU205
 198:Core/Src/stm32f4xx_hal_msp.c ****     {
 199:Core/Src/stm32f4xx_hal_msp.c ****     }
 809              		.loc 1 199 5 discriminator 1 view .LVU206
 197:Core/Src/stm32f4xx_hal_msp.c ****     while (1)
 810              		.loc 1 197 11 discriminator 1 view .LVU207
 811 0002 FEE7     		b	.L38
 812              		.cfi_endproc
 813              	.LFE144:
 815              		.section	.text.SystemClock_Config,"ax",%progbits
 816              		.align	1
 817              		.global	SystemClock_Config
 818              		.syntax unified
 819              		.thumb
 820              		.thumb_func
 822              	SystemClock_Config:
 823              	.LFB142:
 103:Core/Src/stm32f4xx_hal_msp.c ****     RCC_OscInitTypeDef RCC_OscInitStruct = {0};
 824              		.loc 1 103 1 view -0
 825              		.cfi_startproc
 826              		@ args = 0, pretend = 0, frame = 80
 827              		@ frame_needed = 0, uses_anonymous_args = 0
 828 0000 00B5     		push	{lr}
 829              	.LCFI16:
 830              		.cfi_def_cfa_offset 4
 831              		.cfi_offset 14, -4
 832 0002 95B0     		sub	sp, sp, #84
 833              	.LCFI17:
 834              		.cfi_def_cfa_offset 88
 104:Core/Src/stm32f4xx_hal_msp.c ****     RCC_ClkInitTypeDef RCC_ClkInitStruct = {0};
 835              		.loc 1 104 5 view .LVU209
 104:Core/Src/stm32f4xx_hal_msp.c ****     RCC_ClkInitTypeDef RCC_ClkInitStruct = {0};
 836              		.loc 1 104 24 is_stmt 0 view .LVU210
 837 0004 3022     		movs	r2, #48
ARM GAS  C:\Users\86188\AppData\Local\Temp\cc6Th7Y4.s 			page 23


 838 0006 0021     		movs	r1, #0
 839 0008 08A8     		add	r0, sp, #32
 840 000a FFF7FEFF 		bl	memset
 841              	.LVL43:
 105:Core/Src/stm32f4xx_hal_msp.c **** 
 842              		.loc 1 105 5 is_stmt 1 view .LVU211
 105:Core/Src/stm32f4xx_hal_msp.c **** 
 843              		.loc 1 105 24 is_stmt 0 view .LVU212
 844 000e 0023     		movs	r3, #0
 845 0010 0393     		str	r3, [sp, #12]
 846 0012 0493     		str	r3, [sp, #16]
 847 0014 0593     		str	r3, [sp, #20]
 848 0016 0693     		str	r3, [sp, #24]
 849 0018 0793     		str	r3, [sp, #28]
 109:Core/Src/stm32f4xx_hal_msp.c ****     __HAL_PWR_VOLTAGESCALING_CONFIG(PWR_REGULATOR_VOLTAGE_SCALE1);
 850              		.loc 1 109 5 is_stmt 1 view .LVU213
 851              	.LBB19:
 109:Core/Src/stm32f4xx_hal_msp.c ****     __HAL_PWR_VOLTAGESCALING_CONFIG(PWR_REGULATOR_VOLTAGE_SCALE1);
 852              		.loc 1 109 5 view .LVU214
 853 001a 0193     		str	r3, [sp, #4]
 109:Core/Src/stm32f4xx_hal_msp.c ****     __HAL_PWR_VOLTAGESCALING_CONFIG(PWR_REGULATOR_VOLTAGE_SCALE1);
 854              		.loc 1 109 5 view .LVU215
 855 001c 204A     		ldr	r2, .L45
 856 001e 116C     		ldr	r1, [r2, #64]
 857 0020 41F08051 		orr	r1, r1, #268435456
 858 0024 1164     		str	r1, [r2, #64]
 109:Core/Src/stm32f4xx_hal_msp.c ****     __HAL_PWR_VOLTAGESCALING_CONFIG(PWR_REGULATOR_VOLTAGE_SCALE1);
 859              		.loc 1 109 5 view .LVU216
 860 0026 126C     		ldr	r2, [r2, #64]
 861 0028 02F08052 		and	r2, r2, #268435456
 862 002c 0192     		str	r2, [sp, #4]
 109:Core/Src/stm32f4xx_hal_msp.c ****     __HAL_PWR_VOLTAGESCALING_CONFIG(PWR_REGULATOR_VOLTAGE_SCALE1);
 863              		.loc 1 109 5 view .LVU217
 864 002e 019A     		ldr	r2, [sp, #4]
 865              	.LBE19:
 109:Core/Src/stm32f4xx_hal_msp.c ****     __HAL_PWR_VOLTAGESCALING_CONFIG(PWR_REGULATOR_VOLTAGE_SCALE1);
 866              		.loc 1 109 5 view .LVU218
 110:Core/Src/stm32f4xx_hal_msp.c **** 
 867              		.loc 1 110 5 view .LVU219
 868              	.LBB20:
 110:Core/Src/stm32f4xx_hal_msp.c **** 
 869              		.loc 1 110 5 view .LVU220
 870 0030 0293     		str	r3, [sp, #8]
 110:Core/Src/stm32f4xx_hal_msp.c **** 
 871              		.loc 1 110 5 view .LVU221
 872 0032 1C4B     		ldr	r3, .L45+4
 873 0034 1A68     		ldr	r2, [r3]
 874 0036 42F48042 		orr	r2, r2, #16384
 875 003a 1A60     		str	r2, [r3]
 110:Core/Src/stm32f4xx_hal_msp.c **** 
 876              		.loc 1 110 5 view .LVU222
 877 003c 1B68     		ldr	r3, [r3]
 878 003e 03F48043 		and	r3, r3, #16384
 879 0042 0293     		str	r3, [sp, #8]
 110:Core/Src/stm32f4xx_hal_msp.c **** 
 880              		.loc 1 110 5 view .LVU223
 881 0044 029B     		ldr	r3, [sp, #8]
ARM GAS  C:\Users\86188\AppData\Local\Temp\cc6Th7Y4.s 			page 24


 882              	.LBE20:
 110:Core/Src/stm32f4xx_hal_msp.c **** 
 883              		.loc 1 110 5 view .LVU224
 115:Core/Src/stm32f4xx_hal_msp.c ****     RCC_OscInitStruct.HSEState = RCC_HSE_ON;
 884              		.loc 1 115 5 view .LVU225
 115:Core/Src/stm32f4xx_hal_msp.c ****     RCC_OscInitStruct.HSEState = RCC_HSE_ON;
 885              		.loc 1 115 38 is_stmt 0 view .LVU226
 886 0046 0123     		movs	r3, #1
 887 0048 0893     		str	r3, [sp, #32]
 116:Core/Src/stm32f4xx_hal_msp.c ****     RCC_OscInitStruct.PLL.PLLState = RCC_PLL_ON;
 888              		.loc 1 116 5 is_stmt 1 view .LVU227
 116:Core/Src/stm32f4xx_hal_msp.c ****     RCC_OscInitStruct.PLL.PLLState = RCC_PLL_ON;
 889              		.loc 1 116 32 is_stmt 0 view .LVU228
 890 004a 4FF48033 		mov	r3, #65536
 891 004e 0993     		str	r3, [sp, #36]
 117:Core/Src/stm32f4xx_hal_msp.c ****     RCC_OscInitStruct.PLL.PLLSource = RCC_PLLSOURCE_HSE;
 892              		.loc 1 117 5 is_stmt 1 view .LVU229
 117:Core/Src/stm32f4xx_hal_msp.c ****     RCC_OscInitStruct.PLL.PLLSource = RCC_PLLSOURCE_HSE;
 893              		.loc 1 117 36 is_stmt 0 view .LVU230
 894 0050 0223     		movs	r3, #2
 895 0052 0E93     		str	r3, [sp, #56]
 118:Core/Src/stm32f4xx_hal_msp.c ****     RCC_OscInitStruct.PLL.PLLM = 25;
 896              		.loc 1 118 5 is_stmt 1 view .LVU231
 118:Core/Src/stm32f4xx_hal_msp.c ****     RCC_OscInitStruct.PLL.PLLM = 25;
 897              		.loc 1 118 37 is_stmt 0 view .LVU232
 898 0054 4FF48002 		mov	r2, #4194304
 899 0058 0F92     		str	r2, [sp, #60]
 119:Core/Src/stm32f4xx_hal_msp.c ****     RCC_OscInitStruct.PLL.PLLN = 336;
 900              		.loc 1 119 5 is_stmt 1 view .LVU233
 119:Core/Src/stm32f4xx_hal_msp.c ****     RCC_OscInitStruct.PLL.PLLN = 336;
 901              		.loc 1 119 32 is_stmt 0 view .LVU234
 902 005a 1922     		movs	r2, #25
 903 005c 1092     		str	r2, [sp, #64]
 120:Core/Src/stm32f4xx_hal_msp.c ****     RCC_OscInitStruct.PLL.PLLP = RCC_PLLP_DIV2;
 904              		.loc 1 120 5 is_stmt 1 view .LVU235
 120:Core/Src/stm32f4xx_hal_msp.c ****     RCC_OscInitStruct.PLL.PLLP = RCC_PLLP_DIV2;
 905              		.loc 1 120 32 is_stmt 0 view .LVU236
 906 005e 4FF4A872 		mov	r2, #336
 907 0062 1192     		str	r2, [sp, #68]
 121:Core/Src/stm32f4xx_hal_msp.c ****     RCC_OscInitStruct.PLL.PLLQ = 4;
 908              		.loc 1 121 5 is_stmt 1 view .LVU237
 121:Core/Src/stm32f4xx_hal_msp.c ****     RCC_OscInitStruct.PLL.PLLQ = 4;
 909              		.loc 1 121 32 is_stmt 0 view .LVU238
 910 0064 1293     		str	r3, [sp, #72]
 122:Core/Src/stm32f4xx_hal_msp.c ****     if (HAL_RCC_OscConfig(&RCC_OscInitStruct) != HAL_OK)
 911              		.loc 1 122 5 is_stmt 1 view .LVU239
 122:Core/Src/stm32f4xx_hal_msp.c ****     if (HAL_RCC_OscConfig(&RCC_OscInitStruct) != HAL_OK)
 912              		.loc 1 122 32 is_stmt 0 view .LVU240
 913 0066 0423     		movs	r3, #4
 914 0068 1393     		str	r3, [sp, #76]
 123:Core/Src/stm32f4xx_hal_msp.c ****     {
 915              		.loc 1 123 5 is_stmt 1 view .LVU241
 123:Core/Src/stm32f4xx_hal_msp.c ****     {
 916              		.loc 1 123 9 is_stmt 0 view .LVU242
 917 006a 08A8     		add	r0, sp, #32
 918 006c FFF7FEFF 		bl	HAL_RCC_OscConfig
 919              	.LVL44:
ARM GAS  C:\Users\86188\AppData\Local\Temp\cc6Th7Y4.s 			page 25


 123:Core/Src/stm32f4xx_hal_msp.c ****     {
 920              		.loc 1 123 8 view .LVU243
 921 0070 88B9     		cbnz	r0, .L43
 130:Core/Src/stm32f4xx_hal_msp.c ****                                 |RCC_CLOCKTYPE_PCLK1|RCC_CLOCKTYPE_PCLK2;
 922              		.loc 1 130 5 is_stmt 1 view .LVU244
 130:Core/Src/stm32f4xx_hal_msp.c ****                                 |RCC_CLOCKTYPE_PCLK1|RCC_CLOCKTYPE_PCLK2;
 923              		.loc 1 130 33 is_stmt 0 view .LVU245
 924 0072 0F23     		movs	r3, #15
 925 0074 0393     		str	r3, [sp, #12]
 132:Core/Src/stm32f4xx_hal_msp.c ****     RCC_ClkInitStruct.AHBCLKDivider = RCC_SYSCLK_DIV1;
 926              		.loc 1 132 5 is_stmt 1 view .LVU246
 132:Core/Src/stm32f4xx_hal_msp.c ****     RCC_ClkInitStruct.AHBCLKDivider = RCC_SYSCLK_DIV1;
 927              		.loc 1 132 36 is_stmt 0 view .LVU247
 928 0076 0223     		movs	r3, #2
 929 0078 0493     		str	r3, [sp, #16]
 133:Core/Src/stm32f4xx_hal_msp.c ****     RCC_ClkInitStruct.APB1CLKDivider = RCC_HCLK_DIV4;
 930              		.loc 1 133 5 is_stmt 1 view .LVU248
 133:Core/Src/stm32f4xx_hal_msp.c ****     RCC_ClkInitStruct.APB1CLKDivider = RCC_HCLK_DIV4;
 931              		.loc 1 133 37 is_stmt 0 view .LVU249
 932 007a 0023     		movs	r3, #0
 933 007c 0593     		str	r3, [sp, #20]
 134:Core/Src/stm32f4xx_hal_msp.c ****     RCC_ClkInitStruct.APB2CLKDivider = RCC_HCLK_DIV4;
 934              		.loc 1 134 5 is_stmt 1 view .LVU250
 134:Core/Src/stm32f4xx_hal_msp.c ****     RCC_ClkInitStruct.APB2CLKDivider = RCC_HCLK_DIV4;
 935              		.loc 1 134 38 is_stmt 0 view .LVU251
 936 007e 4FF4A053 		mov	r3, #5120
 937 0082 0693     		str	r3, [sp, #24]
 135:Core/Src/stm32f4xx_hal_msp.c **** 
 938              		.loc 1 135 5 is_stmt 1 view .LVU252
 135:Core/Src/stm32f4xx_hal_msp.c **** 
 939              		.loc 1 135 38 is_stmt 0 view .LVU253
 940 0084 0793     		str	r3, [sp, #28]
 137:Core/Src/stm32f4xx_hal_msp.c ****     {
 941              		.loc 1 137 5 is_stmt 1 view .LVU254
 137:Core/Src/stm32f4xx_hal_msp.c ****     {
 942              		.loc 1 137 9 is_stmt 0 view .LVU255
 943 0086 0521     		movs	r1, #5
 944 0088 03A8     		add	r0, sp, #12
 945 008a FFF7FEFF 		bl	HAL_RCC_ClockConfig
 946              	.LVL45:
 137:Core/Src/stm32f4xx_hal_msp.c ****     {
 947              		.loc 1 137 8 view .LVU256
 948 008e 20B9     		cbnz	r0, .L44
 141:Core/Src/stm32f4xx_hal_msp.c **** 
 949              		.loc 1 141 1 view .LVU257
 950 0090 15B0     		add	sp, sp, #84
 951              	.LCFI18:
 952              		.cfi_remember_state
 953              		.cfi_def_cfa_offset 4
 954              		@ sp needed
 955 0092 5DF804FB 		ldr	pc, [sp], #4
 956              	.L43:
 957              	.LCFI19:
 958              		.cfi_restore_state
 125:Core/Src/stm32f4xx_hal_msp.c ****     }
 959              		.loc 1 125 9 is_stmt 1 view .LVU258
 960 0096 FFF7FEFF 		bl	Error_Handler
ARM GAS  C:\Users\86188\AppData\Local\Temp\cc6Th7Y4.s 			page 26


 961              	.LVL46:
 962              	.L44:
 139:Core/Src/stm32f4xx_hal_msp.c ****     }
 963              		.loc 1 139 9 view .LVU259
 964 009a FFF7FEFF 		bl	Error_Handler
 965              	.LVL47:
 966              	.L46:
 967 009e 00BF     		.align	2
 968              	.L45:
 969 00a0 00380240 		.word	1073887232
 970 00a4 00700040 		.word	1073770496
 971              		.cfi_endproc
 972              	.LFE142:
 974              		.section	.text.MX_CAN1_Init,"ax",%progbits
 975              		.align	1
 976              		.global	MX_CAN1_Init
 977              		.syntax unified
 978              		.thumb
 979              		.thumb_func
 981              	MX_CAN1_Init:
 982              	.LFB145:
 200:Core/Src/stm32f4xx_hal_msp.c **** }
 201:Core/Src/stm32f4xx_hal_msp.c **** 
 202:Core/Src/stm32f4xx_hal_msp.c **** void MX_CAN1_Init(void)
 203:Core/Src/stm32f4xx_hal_msp.c **** {
 983              		.loc 1 203 1 view -0
 984              		.cfi_startproc
 985              		@ args = 0, pretend = 0, frame = 40
 986              		@ frame_needed = 0, uses_anonymous_args = 0
 987 0000 10B5     		push	{r4, lr}
 988              	.LCFI20:
 989              		.cfi_def_cfa_offset 8
 990              		.cfi_offset 4, -8
 991              		.cfi_offset 14, -4
 992 0002 8AB0     		sub	sp, sp, #40
 993              	.LCFI21:
 994              		.cfi_def_cfa_offset 48
 204:Core/Src/stm32f4xx_hal_msp.c ****     hcan1.Instance = CAN1;
 995              		.loc 1 204 5 view .LVU261
 996              		.loc 1 204 20 is_stmt 0 view .LVU262
 997 0004 1A48     		ldr	r0, .L51
 998 0006 1B4B     		ldr	r3, .L51+4
 999 0008 0360     		str	r3, [r0]
 205:Core/Src/stm32f4xx_hal_msp.c ****     hcan1.Init.Prescaler = 16;
 1000              		.loc 1 205 5 is_stmt 1 view .LVU263
 1001              		.loc 1 205 26 is_stmt 0 view .LVU264
 1002 000a 1023     		movs	r3, #16
 1003 000c 4360     		str	r3, [r0, #4]
 206:Core/Src/stm32f4xx_hal_msp.c ****     hcan1.Init.Mode = CAN_MODE_LOOPBACK;
 1004              		.loc 1 206 5 is_stmt 1 view .LVU265
 1005              		.loc 1 206 21 is_stmt 0 view .LVU266
 1006 000e 4FF08043 		mov	r3, #1073741824
 1007 0012 8360     		str	r3, [r0, #8]
 207:Core/Src/stm32f4xx_hal_msp.c ****     hcan1.Init.SyncJumpWidth = CAN_SJW_1TQ;
 1008              		.loc 1 207 5 is_stmt 1 view .LVU267
 1009              		.loc 1 207 30 is_stmt 0 view .LVU268
 1010 0014 0023     		movs	r3, #0
ARM GAS  C:\Users\86188\AppData\Local\Temp\cc6Th7Y4.s 			page 27


 1011 0016 C360     		str	r3, [r0, #12]
 208:Core/Src/stm32f4xx_hal_msp.c ****     hcan1.Init.TimeSeg1 = CAN_BS1_3TQ;
 1012              		.loc 1 208 5 is_stmt 1 view .LVU269
 1013              		.loc 1 208 25 is_stmt 0 view .LVU270
 1014 0018 4FF40032 		mov	r2, #131072
 1015 001c 0261     		str	r2, [r0, #16]
 209:Core/Src/stm32f4xx_hal_msp.c ****     hcan1.Init.TimeSeg2 = CAN_BS2_4TQ;
 1016              		.loc 1 209 5 is_stmt 1 view .LVU271
 1017              		.loc 1 209 25 is_stmt 0 view .LVU272
 1018 001e 4FF44012 		mov	r2, #3145728
 1019 0022 4261     		str	r2, [r0, #20]
 210:Core/Src/stm32f4xx_hal_msp.c ****     hcan1.Init.TimeTriggeredMode = DISABLE;
 1020              		.loc 1 210 5 is_stmt 1 view .LVU273
 1021              		.loc 1 210 34 is_stmt 0 view .LVU274
 1022 0024 0376     		strb	r3, [r0, #24]
 211:Core/Src/stm32f4xx_hal_msp.c ****     hcan1.Init.AutoBusOff = DISABLE;
 1023              		.loc 1 211 5 is_stmt 1 view .LVU275
 1024              		.loc 1 211 27 is_stmt 0 view .LVU276
 1025 0026 4376     		strb	r3, [r0, #25]
 212:Core/Src/stm32f4xx_hal_msp.c ****     hcan1.Init.AutoWakeUp = DISABLE;
 1026              		.loc 1 212 5 is_stmt 1 view .LVU277
 1027              		.loc 1 212 27 is_stmt 0 view .LVU278
 1028 0028 8376     		strb	r3, [r0, #26]
 213:Core/Src/stm32f4xx_hal_msp.c ****     hcan1.Init.AutoRetransmission = DISABLE;
 1029              		.loc 1 213 5 is_stmt 1 view .LVU279
 1030              		.loc 1 213 35 is_stmt 0 view .LVU280
 1031 002a C376     		strb	r3, [r0, #27]
 214:Core/Src/stm32f4xx_hal_msp.c ****     hcan1.Init.ReceiveFifoLocked = DISABLE;
 1032              		.loc 1 214 5 is_stmt 1 view .LVU281
 1033              		.loc 1 214 34 is_stmt 0 view .LVU282
 1034 002c 0377     		strb	r3, [r0, #28]
 215:Core/Src/stm32f4xx_hal_msp.c ****     hcan1.Init.TransmitFifoPriority = DISABLE;
 1035              		.loc 1 215 5 is_stmt 1 view .LVU283
 1036              		.loc 1 215 37 is_stmt 0 view .LVU284
 1037 002e 4377     		strb	r3, [r0, #29]
 216:Core/Src/stm32f4xx_hal_msp.c ****     if (HAL_CAN_Init(&hcan1) != HAL_OK)
 1038              		.loc 1 216 5 is_stmt 1 view .LVU285
 1039              		.loc 1 216 9 is_stmt 0 view .LVU286
 1040 0030 FFF7FEFF 		bl	HAL_CAN_Init
 1041              	.LVL48:
 1042              		.loc 1 216 8 view .LVU287
 1043 0034 D0B9     		cbnz	r0, .L50
 217:Core/Src/stm32f4xx_hal_msp.c ****     {
 218:Core/Src/stm32f4xx_hal_msp.c ****         Error_Handler();
 219:Core/Src/stm32f4xx_hal_msp.c ****     }
 220:Core/Src/stm32f4xx_hal_msp.c **** 
 221:Core/Src/stm32f4xx_hal_msp.c ****     CAN_FilterTypeDef filter;
 1044              		.loc 1 221 5 is_stmt 1 view .LVU288
 222:Core/Src/stm32f4xx_hal_msp.c ****     filter.FilterBank = 0; // CAN1??FilterBank 0-13,CAN2??14-27
 1045              		.loc 1 222 5 view .LVU289
 1046              		.loc 1 222 23 is_stmt 0 view .LVU290
 1047 0036 0023     		movs	r3, #0
 1048 0038 0593     		str	r3, [sp, #20]
 223:Core/Src/stm32f4xx_hal_msp.c ****     filter.FilterMode = CAN_FILTERMODE_IDMASK;
 1049              		.loc 1 223 5 is_stmt 1 view .LVU291
 1050              		.loc 1 223 23 is_stmt 0 view .LVU292
 1051 003a 0693     		str	r3, [sp, #24]
ARM GAS  C:\Users\86188\AppData\Local\Temp\cc6Th7Y4.s 			page 28


 224:Core/Src/stm32f4xx_hal_msp.c ****     filter.FilterScale = CAN_FILTERSCALE_32BIT;
 1052              		.loc 1 224 5 is_stmt 1 view .LVU293
 1053              		.loc 1 224 24 is_stmt 0 view .LVU294
 1054 003c 0122     		movs	r2, #1
 1055 003e 0792     		str	r2, [sp, #28]
 225:Core/Src/stm32f4xx_hal_msp.c ****     filter.FilterIdHigh = 0x0000;
 1056              		.loc 1 225 5 is_stmt 1 view .LVU295
 1057              		.loc 1 225 25 is_stmt 0 view .LVU296
 1058 0040 0093     		str	r3, [sp]
 226:Core/Src/stm32f4xx_hal_msp.c ****     filter.FilterIdLow = 0x0000;
 1059              		.loc 1 226 5 is_stmt 1 view .LVU297
 1060              		.loc 1 226 24 is_stmt 0 view .LVU298
 1061 0042 0193     		str	r3, [sp, #4]
 227:Core/Src/stm32f4xx_hal_msp.c ****     filter.FilterMaskIdHigh = 0x0000;
 1062              		.loc 1 227 5 is_stmt 1 view .LVU299
 1063              		.loc 1 227 29 is_stmt 0 view .LVU300
 1064 0044 0293     		str	r3, [sp, #8]
 228:Core/Src/stm32f4xx_hal_msp.c ****     filter.FilterMaskIdLow = 0x0000;
 1065              		.loc 1 228 5 is_stmt 1 view .LVU301
 1066              		.loc 1 228 28 is_stmt 0 view .LVU302
 1067 0046 0393     		str	r3, [sp, #12]
 229:Core/Src/stm32f4xx_hal_msp.c ****     filter.FilterFIFOAssignment = CAN_FILTER_FIFO0;//CAN_RX_FIFO0; // ??FIFO0
 1068              		.loc 1 229 5 is_stmt 1 view .LVU303
 1069              		.loc 1 229 33 is_stmt 0 view .LVU304
 1070 0048 0493     		str	r3, [sp, #16]
 230:Core/Src/stm32f4xx_hal_msp.c ****     filter.FilterActivation = ENABLE;
 1071              		.loc 1 230 5 is_stmt 1 view .LVU305
 1072              		.loc 1 230 29 is_stmt 0 view .LVU306
 1073 004a 0892     		str	r2, [sp, #32]
 231:Core/Src/stm32f4xx_hal_msp.c ****     filter.SlaveStartFilterBank = 14; // CAN2?FilterBank 14??
 1074              		.loc 1 231 5 is_stmt 1 view .LVU307
 1075              		.loc 1 231 33 is_stmt 0 view .LVU308
 1076 004c 0E23     		movs	r3, #14
 1077 004e 0993     		str	r3, [sp, #36]
 232:Core/Src/stm32f4xx_hal_msp.c ****     HAL_CAN_ConfigFilter(&hcan1, &filter);
 1078              		.loc 1 232 5 is_stmt 1 view .LVU309
 1079 0050 074C     		ldr	r4, .L51
 1080 0052 6946     		mov	r1, sp
 1081 0054 2046     		mov	r0, r4
 1082 0056 FFF7FEFF 		bl	HAL_CAN_ConfigFilter
 1083              	.LVL49:
 233:Core/Src/stm32f4xx_hal_msp.c **** 
 234:Core/Src/stm32f4xx_hal_msp.c **** 	HAL_CAN_Start(&hcan1);
 1084              		.loc 1 234 2 view .LVU310
 1085 005a 2046     		mov	r0, r4
 1086 005c FFF7FEFF 		bl	HAL_CAN_Start
 1087              	.LVL50:
 235:Core/Src/stm32f4xx_hal_msp.c ****     HAL_CAN_ActivateNotification(&hcan1,CAN_IT_RX_FIFO0_MSG_PENDING);
 1088              		.loc 1 235 5 view .LVU311
 1089 0060 0221     		movs	r1, #2
 1090 0062 2046     		mov	r0, r4
 1091 0064 FFF7FEFF 		bl	HAL_CAN_ActivateNotification
 1092              	.LVL51:
 236:Core/Src/stm32f4xx_hal_msp.c **** }
 1093              		.loc 1 236 1 is_stmt 0 view .LVU312
 1094 0068 0AB0     		add	sp, sp, #40
 1095              	.LCFI22:
ARM GAS  C:\Users\86188\AppData\Local\Temp\cc6Th7Y4.s 			page 29


 1096              		.cfi_remember_state
 1097              		.cfi_def_cfa_offset 8
 1098              		@ sp needed
 1099 006a 10BD     		pop	{r4, pc}
 1100              	.L50:
 1101              	.LCFI23:
 1102              		.cfi_restore_state
 218:Core/Src/stm32f4xx_hal_msp.c ****     }
 1103              		.loc 1 218 9 is_stmt 1 view .LVU313
 1104 006c FFF7FEFF 		bl	Error_Handler
 1105              	.LVL52:
 1106              	.L52:
 1107              		.align	2
 1108              	.L51:
 1109 0070 00000000 		.word	.LANCHOR0
 1110 0074 00640040 		.word	1073767424
 1111              		.cfi_endproc
 1112              	.LFE145:
 1114              		.section	.text.MX_USART1_UART_Init,"ax",%progbits
 1115              		.align	1
 1116              		.global	MX_USART1_UART_Init
 1117              		.syntax unified
 1118              		.thumb
 1119              		.thumb_func
 1121              	MX_USART1_UART_Init:
 1122              	.LFB146:
 237:Core/Src/stm32f4xx_hal_msp.c **** 
 238:Core/Src/stm32f4xx_hal_msp.c **** 
 239:Core/Src/stm32f4xx_hal_msp.c **** void MX_USART1_UART_Init(void)
 240:Core/Src/stm32f4xx_hal_msp.c **** {
 1123              		.loc 1 240 1 view -0
 1124              		.cfi_startproc
 1125              		@ args = 0, pretend = 0, frame = 0
 1126              		@ frame_needed = 0, uses_anonymous_args = 0
 1127 0000 08B5     		push	{r3, lr}
 1128              	.LCFI24:
 1129              		.cfi_def_cfa_offset 8
 1130              		.cfi_offset 3, -8
 1131              		.cfi_offset 14, -4
 241:Core/Src/stm32f4xx_hal_msp.c ****     huart1.Instance = USART1;
 1132              		.loc 1 241 5 view .LVU315
 1133              		.loc 1 241 21 is_stmt 0 view .LVU316
 1134 0002 0A48     		ldr	r0, .L57
 1135 0004 0A4B     		ldr	r3, .L57+4
 1136 0006 0360     		str	r3, [r0]
 242:Core/Src/stm32f4xx_hal_msp.c ****     huart1.Init.BaudRate = 115200;
 1137              		.loc 1 242 5 is_stmt 1 view .LVU317
 1138              		.loc 1 242 26 is_stmt 0 view .LVU318
 1139 0008 4FF4E133 		mov	r3, #115200
 1140 000c 4360     		str	r3, [r0, #4]
 243:Core/Src/stm32f4xx_hal_msp.c ****     huart1.Init.WordLength = UART_WORDLENGTH_8B;
 1141              		.loc 1 243 5 is_stmt 1 view .LVU319
 1142              		.loc 1 243 28 is_stmt 0 view .LVU320
 1143 000e 0023     		movs	r3, #0
 1144 0010 8360     		str	r3, [r0, #8]
 244:Core/Src/stm32f4xx_hal_msp.c ****     huart1.Init.StopBits = UART_STOPBITS_1;
 1145              		.loc 1 244 5 is_stmt 1 view .LVU321
ARM GAS  C:\Users\86188\AppData\Local\Temp\cc6Th7Y4.s 			page 30


 1146              		.loc 1 244 26 is_stmt 0 view .LVU322
 1147 0012 C360     		str	r3, [r0, #12]
 245:Core/Src/stm32f4xx_hal_msp.c ****     huart1.Init.Parity = UART_PARITY_NONE;
 1148              		.loc 1 245 5 is_stmt 1 view .LVU323
 1149              		.loc 1 245 24 is_stmt 0 view .LVU324
 1150 0014 0361     		str	r3, [r0, #16]
 246:Core/Src/stm32f4xx_hal_msp.c ****     huart1.Init.Mode = UART_MODE_TX_RX;
 1151              		.loc 1 246 5 is_stmt 1 view .LVU325
 1152              		.loc 1 246 22 is_stmt 0 view .LVU326
 1153 0016 0C22     		movs	r2, #12
 1154 0018 4261     		str	r2, [r0, #20]
 247:Core/Src/stm32f4xx_hal_msp.c ****     huart1.Init.HwFlowCtl = UART_HWCONTROL_NONE;
 1155              		.loc 1 247 5 is_stmt 1 view .LVU327
 1156              		.loc 1 247 27 is_stmt 0 view .LVU328
 1157 001a 8361     		str	r3, [r0, #24]
 248:Core/Src/stm32f4xx_hal_msp.c ****     huart1.Init.OverSampling = UART_OVERSAMPLING_16;
 1158              		.loc 1 248 5 is_stmt 1 view .LVU329
 1159              		.loc 1 248 30 is_stmt 0 view .LVU330
 1160 001c C361     		str	r3, [r0, #28]
 249:Core/Src/stm32f4xx_hal_msp.c ****     if (HAL_UART_Init(&huart1) != HAL_OK)
 1161              		.loc 1 249 5 is_stmt 1 view .LVU331
 1162              		.loc 1 249 9 is_stmt 0 view .LVU332
 1163 001e FFF7FEFF 		bl	HAL_UART_Init
 1164              	.LVL53:
 1165              		.loc 1 249 8 view .LVU333
 1166 0022 00B9     		cbnz	r0, .L56
 250:Core/Src/stm32f4xx_hal_msp.c ****     {
 251:Core/Src/stm32f4xx_hal_msp.c ****         Error_Handler();
 252:Core/Src/stm32f4xx_hal_msp.c ****     }
 253:Core/Src/stm32f4xx_hal_msp.c **** }
 1167              		.loc 1 253 1 view .LVU334
 1168 0024 08BD     		pop	{r3, pc}
 1169              	.L56:
 251:Core/Src/stm32f4xx_hal_msp.c ****     }
 1170              		.loc 1 251 9 is_stmt 1 view .LVU335
 1171 0026 FFF7FEFF 		bl	Error_Handler
 1172              	.LVL54:
 1173              	.L58:
 1174 002a 00BF     		.align	2
 1175              	.L57:
 1176 002c 00000000 		.word	.LANCHOR1
 1177 0030 00100140 		.word	1073811456
 1178              		.cfi_endproc
 1179              	.LFE146:
 1181              		.section	.text.MX_USART3_UART_Init,"ax",%progbits
 1182              		.align	1
 1183              		.global	MX_USART3_UART_Init
 1184              		.syntax unified
 1185              		.thumb
 1186              		.thumb_func
 1188              	MX_USART3_UART_Init:
 1189              	.LFB147:
 254:Core/Src/stm32f4xx_hal_msp.c **** 
 255:Core/Src/stm32f4xx_hal_msp.c **** void MX_USART3_UART_Init(void)
 256:Core/Src/stm32f4xx_hal_msp.c **** {
 1190              		.loc 1 256 1 view -0
 1191              		.cfi_startproc
ARM GAS  C:\Users\86188\AppData\Local\Temp\cc6Th7Y4.s 			page 31


 1192              		@ args = 0, pretend = 0, frame = 0
 1193              		@ frame_needed = 0, uses_anonymous_args = 0
 1194 0000 08B5     		push	{r3, lr}
 1195              	.LCFI25:
 1196              		.cfi_def_cfa_offset 8
 1197              		.cfi_offset 3, -8
 1198              		.cfi_offset 14, -4
 257:Core/Src/stm32f4xx_hal_msp.c ****     huart3.Instance = USART3;
 1199              		.loc 1 257 5 view .LVU337
 1200              		.loc 1 257 21 is_stmt 0 view .LVU338
 1201 0002 0A48     		ldr	r0, .L63
 1202 0004 0A4B     		ldr	r3, .L63+4
 1203 0006 0360     		str	r3, [r0]
 258:Core/Src/stm32f4xx_hal_msp.c ****     huart3.Init.BaudRate = 115200;
 1204              		.loc 1 258 5 is_stmt 1 view .LVU339
 1205              		.loc 1 258 26 is_stmt 0 view .LVU340
 1206 0008 4FF4E133 		mov	r3, #115200
 1207 000c 4360     		str	r3, [r0, #4]
 259:Core/Src/stm32f4xx_hal_msp.c ****     huart3.Init.WordLength = UART_WORDLENGTH_8B;
 1208              		.loc 1 259 5 is_stmt 1 view .LVU341
 1209              		.loc 1 259 28 is_stmt 0 view .LVU342
 1210 000e 0023     		movs	r3, #0
 1211 0010 8360     		str	r3, [r0, #8]
 260:Core/Src/stm32f4xx_hal_msp.c ****     huart3.Init.StopBits = UART_STOPBITS_1;
 1212              		.loc 1 260 5 is_stmt 1 view .LVU343
 1213              		.loc 1 260 26 is_stmt 0 view .LVU344
 1214 0012 C360     		str	r3, [r0, #12]
 261:Core/Src/stm32f4xx_hal_msp.c ****     huart3.Init.Parity = UART_PARITY_NONE;
 1215              		.loc 1 261 5 is_stmt 1 view .LVU345
 1216              		.loc 1 261 24 is_stmt 0 view .LVU346
 1217 0014 0361     		str	r3, [r0, #16]
 262:Core/Src/stm32f4xx_hal_msp.c ****     huart3.Init.Mode = UART_MODE_TX_RX;
 1218              		.loc 1 262 5 is_stmt 1 view .LVU347
 1219              		.loc 1 262 22 is_stmt 0 view .LVU348
 1220 0016 0C22     		movs	r2, #12
 1221 0018 4261     		str	r2, [r0, #20]
 263:Core/Src/stm32f4xx_hal_msp.c ****     huart3.Init.HwFlowCtl = UART_HWCONTROL_NONE;
 1222              		.loc 1 263 5 is_stmt 1 view .LVU349
 1223              		.loc 1 263 27 is_stmt 0 view .LVU350
 1224 001a 8361     		str	r3, [r0, #24]
 264:Core/Src/stm32f4xx_hal_msp.c ****     huart3.Init.OverSampling = UART_OVERSAMPLING_16;
 1225              		.loc 1 264 5 is_stmt 1 view .LVU351
 1226              		.loc 1 264 30 is_stmt 0 view .LVU352
 1227 001c C361     		str	r3, [r0, #28]
 265:Core/Src/stm32f4xx_hal_msp.c ****     if (HAL_UART_Init(&huart3) != HAL_OK)
 1228              		.loc 1 265 5 is_stmt 1 view .LVU353
 1229              		.loc 1 265 9 is_stmt 0 view .LVU354
 1230 001e FFF7FEFF 		bl	HAL_UART_Init
 1231              	.LVL55:
 1232              		.loc 1 265 8 view .LVU355
 1233 0022 00B9     		cbnz	r0, .L62
 266:Core/Src/stm32f4xx_hal_msp.c ****     {
 267:Core/Src/stm32f4xx_hal_msp.c ****         Error_Handler();
 268:Core/Src/stm32f4xx_hal_msp.c ****     }
 269:Core/Src/stm32f4xx_hal_msp.c **** }
 1234              		.loc 1 269 1 view .LVU356
 1235 0024 08BD     		pop	{r3, pc}
ARM GAS  C:\Users\86188\AppData\Local\Temp\cc6Th7Y4.s 			page 32


 1236              	.L62:
 267:Core/Src/stm32f4xx_hal_msp.c ****     }
 1237              		.loc 1 267 9 is_stmt 1 view .LVU357
 1238 0026 FFF7FEFF 		bl	Error_Handler
 1239              	.LVL56:
 1240              	.L64:
 1241 002a 00BF     		.align	2
 1242              	.L63:
 1243 002c 00000000 		.word	.LANCHOR2
 1244 0030 00480040 		.word	1073760256
 1245              		.cfi_endproc
 1246              	.LFE147:
 1248              		.global	huart3
 1249              		.global	huart1
 1250              		.global	hcan1
 1251              		.global	echo_time
 1252              		.global	trig_time
 1253              		.section	.bss.echo_time,"aw",%nobits
 1254              		.align	2
 1257              	echo_time:
 1258 0000 00000000 		.space	4
 1259              		.section	.bss.hcan1,"aw",%nobits
 1260              		.align	2
 1261              		.set	.LANCHOR0,. + 0
 1264              	hcan1:
 1265 0000 00000000 		.space	40
 1265      00000000 
 1265      00000000 
 1265      00000000 
 1265      00000000 
 1266              		.section	.bss.huart1,"aw",%nobits
 1267              		.align	2
 1268              		.set	.LANCHOR1,. + 0
 1271              	huart1:
 1272 0000 00000000 		.space	72
 1272      00000000 
 1272      00000000 
 1272      00000000 
 1272      00000000 
 1273              		.section	.bss.huart3,"aw",%nobits
 1274              		.align	2
 1275              		.set	.LANCHOR2,. + 0
 1278              	huart3:
 1279 0000 00000000 		.space	72
 1279      00000000 
 1279      00000000 
 1279      00000000 
 1279      00000000 
 1280              		.section	.bss.trig_time,"aw",%nobits
 1281              		.align	2
 1284              	trig_time:
 1285 0000 00000000 		.space	4
 1286              		.text
 1287              	.Letext0:
 1288              		.file 3 "k:\\program files (x86)\\gnu arm embedded toolchain\\10 2021.10\\arm-none-eabi\\include\\
 1289              		.file 4 "k:\\program files (x86)\\gnu arm embedded toolchain\\10 2021.10\\arm-none-eabi\\include\\
 1290              		.file 5 "Drivers/CMSIS/Device/ST/STM32F4xx/Include/stm32f407xx.h"
ARM GAS  C:\Users\86188\AppData\Local\Temp\cc6Th7Y4.s 			page 33


 1291              		.file 6 "Drivers/CMSIS/Device/ST/STM32F4xx/Include/stm32f4xx.h"
 1292              		.file 7 "Drivers/STM32F4xx_HAL_Driver/Inc/stm32f4xx_hal_def.h"
 1293              		.file 8 "Drivers/STM32F4xx_HAL_Driver/Inc/stm32f4xx_hal_rcc_ex.h"
 1294              		.file 9 "Drivers/STM32F4xx_HAL_Driver/Inc/stm32f4xx_hal_rcc.h"
 1295              		.file 10 "Drivers/STM32F4xx_HAL_Driver/Inc/stm32f4xx_hal_gpio.h"
 1296              		.file 11 "Drivers/STM32F4xx_HAL_Driver/Inc/stm32f4xx_hal_dma.h"
 1297              		.file 12 "Drivers/STM32F4xx_HAL_Driver/Inc/stm32f4xx_hal_can.h"
 1298              		.file 13 "Drivers/STM32F4xx_HAL_Driver/Inc/stm32f4xx_hal_uart.h"
 1299              		.file 14 "Core/Inc/main.h"
 1300              		.file 15 "Drivers/STM32F4xx_HAL_Driver/Inc/stm32f4xx_hal_cortex.h"
 1301              		.file 16 "<built-in>"
ARM GAS  C:\Users\86188\AppData\Local\Temp\cc6Th7Y4.s 			page 34


DEFINED SYMBOLS
                            *ABS*:00000000 stm32f4xx_hal_msp.c
C:\Users\86188\AppData\Local\Temp\cc6Th7Y4.s:20     .text.HAL_MspInit:00000000 $t
C:\Users\86188\AppData\Local\Temp\cc6Th7Y4.s:26     .text.HAL_MspInit:00000000 HAL_MspInit
C:\Users\86188\AppData\Local\Temp\cc6Th7Y4.s:88     .text.HAL_MspInit:00000040 $d
C:\Users\86188\AppData\Local\Temp\cc6Th7Y4.s:93     .text.HAL_CAN_MspInit:00000000 $t
C:\Users\86188\AppData\Local\Temp\cc6Th7Y4.s:99     .text.HAL_CAN_MspInit:00000000 HAL_CAN_MspInit
C:\Users\86188\AppData\Local\Temp\cc6Th7Y4.s:216    .text.HAL_CAN_MspInit:00000078 $d
C:\Users\86188\AppData\Local\Temp\cc6Th7Y4.s:222    .text.HAL_CAN_MspDeInit:00000000 $t
C:\Users\86188\AppData\Local\Temp\cc6Th7Y4.s:228    .text.HAL_CAN_MspDeInit:00000000 HAL_CAN_MspDeInit
C:\Users\86188\AppData\Local\Temp\cc6Th7Y4.s:275    .text.HAL_CAN_MspDeInit:00000028 $d
C:\Users\86188\AppData\Local\Temp\cc6Th7Y4.s:282    .text.HAL_UART_MspInit:00000000 $t
C:\Users\86188\AppData\Local\Temp\cc6Th7Y4.s:288    .text.HAL_UART_MspInit:00000000 HAL_UART_MspInit
C:\Users\86188\AppData\Local\Temp\cc6Th7Y4.s:481    .text.HAL_UART_MspInit:000000d4 $d
C:\Users\86188\AppData\Local\Temp\cc6Th7Y4.s:490    .text.HAL_UART_MspDeInit:00000000 $t
C:\Users\86188\AppData\Local\Temp\cc6Th7Y4.s:496    .text.HAL_UART_MspDeInit:00000000 HAL_UART_MspDeInit
C:\Users\86188\AppData\Local\Temp\cc6Th7Y4.s:567    .text.HAL_UART_MspDeInit:00000050 $d
C:\Users\86188\AppData\Local\Temp\cc6Th7Y4.s:575    .text.MX_GPIO_Init:00000000 $t
C:\Users\86188\AppData\Local\Temp\cc6Th7Y4.s:581    .text.MX_GPIO_Init:00000000 MX_GPIO_Init
C:\Users\86188\AppData\Local\Temp\cc6Th7Y4.s:772    .text.MX_GPIO_Init:000000e4 $d
C:\Users\86188\AppData\Local\Temp\cc6Th7Y4.s:778    .text.Error_Handler:00000000 $t
C:\Users\86188\AppData\Local\Temp\cc6Th7Y4.s:784    .text.Error_Handler:00000000 Error_Handler
C:\Users\86188\AppData\Local\Temp\cc6Th7Y4.s:816    .text.SystemClock_Config:00000000 $t
C:\Users\86188\AppData\Local\Temp\cc6Th7Y4.s:822    .text.SystemClock_Config:00000000 SystemClock_Config
C:\Users\86188\AppData\Local\Temp\cc6Th7Y4.s:969    .text.SystemClock_Config:000000a0 $d
C:\Users\86188\AppData\Local\Temp\cc6Th7Y4.s:975    .text.MX_CAN1_Init:00000000 $t
C:\Users\86188\AppData\Local\Temp\cc6Th7Y4.s:981    .text.MX_CAN1_Init:00000000 MX_CAN1_Init
C:\Users\86188\AppData\Local\Temp\cc6Th7Y4.s:1109   .text.MX_CAN1_Init:00000070 $d
C:\Users\86188\AppData\Local\Temp\cc6Th7Y4.s:1115   .text.MX_USART1_UART_Init:00000000 $t
C:\Users\86188\AppData\Local\Temp\cc6Th7Y4.s:1121   .text.MX_USART1_UART_Init:00000000 MX_USART1_UART_Init
C:\Users\86188\AppData\Local\Temp\cc6Th7Y4.s:1176   .text.MX_USART1_UART_Init:0000002c $d
C:\Users\86188\AppData\Local\Temp\cc6Th7Y4.s:1182   .text.MX_USART3_UART_Init:00000000 $t
C:\Users\86188\AppData\Local\Temp\cc6Th7Y4.s:1188   .text.MX_USART3_UART_Init:00000000 MX_USART3_UART_Init
C:\Users\86188\AppData\Local\Temp\cc6Th7Y4.s:1243   .text.MX_USART3_UART_Init:0000002c $d
C:\Users\86188\AppData\Local\Temp\cc6Th7Y4.s:1278   .bss.huart3:00000000 huart3
C:\Users\86188\AppData\Local\Temp\cc6Th7Y4.s:1271   .bss.huart1:00000000 huart1
C:\Users\86188\AppData\Local\Temp\cc6Th7Y4.s:1264   .bss.hcan1:00000000 hcan1
C:\Users\86188\AppData\Local\Temp\cc6Th7Y4.s:1257   .bss.echo_time:00000000 echo_time
C:\Users\86188\AppData\Local\Temp\cc6Th7Y4.s:1284   .bss.trig_time:00000000 trig_time
C:\Users\86188\AppData\Local\Temp\cc6Th7Y4.s:1254   .bss.echo_time:00000000 $d
C:\Users\86188\AppData\Local\Temp\cc6Th7Y4.s:1260   .bss.hcan1:00000000 $d
C:\Users\86188\AppData\Local\Temp\cc6Th7Y4.s:1267   .bss.huart1:00000000 $d
C:\Users\86188\AppData\Local\Temp\cc6Th7Y4.s:1274   .bss.huart3:00000000 $d
C:\Users\86188\AppData\Local\Temp\cc6Th7Y4.s:1281   .bss.trig_time:00000000 $d

UNDEFINED SYMBOLS
HAL_NVIC_SetPriority
HAL_GPIO_Init
HAL_NVIC_EnableIRQ
HAL_GPIO_DeInit
HAL_NVIC_DisableIRQ
HAL_GPIO_WritePin
memset
HAL_RCC_OscConfig
HAL_RCC_ClockConfig
HAL_CAN_Init
HAL_CAN_ConfigFilter
ARM GAS  C:\Users\86188\AppData\Local\Temp\cc6Th7Y4.s 			page 35


HAL_CAN_Start
HAL_CAN_ActivateNotification
HAL_UART_Init
