ARM GAS  C:\Users\86188\AppData\Local\Temp\cc1lmsc7.s 			page 1


   1              		.cpu cortex-m4
   2              		.arch armv7e-m
   3              		.fpu fpv4-sp-d16
   4              		.eabi_attribute 27, 1
   5              		.eabi_attribute 28, 1
   6              		.eabi_attribute 20, 1
   7              		.eabi_attribute 21, 1
   8              		.eabi_attribute 23, 3
   9              		.eabi_attribute 24, 1
  10              		.eabi_attribute 25, 1
  11              		.eabi_attribute 26, 1
  12              		.eabi_attribute 30, 1
  13              		.eabi_attribute 34, 1
  14              		.eabi_attribute 18, 4
  15              		.file	"sys.c"
  16              		.text
  17              	.Ltext0:
  18              		.cfi_sections	.debug_frame
  19              		.section	.text.sys_msleep,"ax",%progbits
  20              		.align	1
  21              		.global	sys_msleep
  22              		.syntax unified
  23              		.thumb
  24              		.thumb_func
  26              	sys_msleep:
  27              	.LVL0:
  28              	.LFB160:
  29              		.file 1 "ThirdPackage/lwip220/core/sys.c"
   1:ThirdPackage/lwip220/core/sys.c **** /**
   2:ThirdPackage/lwip220/core/sys.c ****  * @file
   3:ThirdPackage/lwip220/core/sys.c ****  * lwIP Operating System abstraction
   4:ThirdPackage/lwip220/core/sys.c ****  *
   5:ThirdPackage/lwip220/core/sys.c ****  */
   6:ThirdPackage/lwip220/core/sys.c **** 
   7:ThirdPackage/lwip220/core/sys.c **** /*
   8:ThirdPackage/lwip220/core/sys.c ****  * Copyright (c) 2001-2004 Swedish Institute of Computer Science.
   9:ThirdPackage/lwip220/core/sys.c ****  * All rights reserved.
  10:ThirdPackage/lwip220/core/sys.c ****  *
  11:ThirdPackage/lwip220/core/sys.c ****  * Redistribution and use in source and binary forms, with or without modification,
  12:ThirdPackage/lwip220/core/sys.c ****  * are permitted provided that the following conditions are met:
  13:ThirdPackage/lwip220/core/sys.c ****  *
  14:ThirdPackage/lwip220/core/sys.c ****  * 1. Redistributions of source code must retain the above copyright notice,
  15:ThirdPackage/lwip220/core/sys.c ****  *    this list of conditions and the following disclaimer.
  16:ThirdPackage/lwip220/core/sys.c ****  * 2. Redistributions in binary form must reproduce the above copyright notice,
  17:ThirdPackage/lwip220/core/sys.c ****  *    this list of conditions and the following disclaimer in the documentation
  18:ThirdPackage/lwip220/core/sys.c ****  *    and/or other materials provided with the distribution.
  19:ThirdPackage/lwip220/core/sys.c ****  * 3. The name of the author may not be used to endorse or promote products
  20:ThirdPackage/lwip220/core/sys.c ****  *    derived from this software without specific prior written permission.
  21:ThirdPackage/lwip220/core/sys.c ****  *
  22:ThirdPackage/lwip220/core/sys.c ****  * THIS SOFTWARE IS PROVIDED BY THE AUTHOR ``AS IS'' AND ANY EXPRESS OR IMPLIED
  23:ThirdPackage/lwip220/core/sys.c ****  * WARRANTIES, INCLUDING, BUT NOT LIMITED TO, THE IMPLIED WARRANTIES OF
  24:ThirdPackage/lwip220/core/sys.c ****  * MERCHANTABILITY AND FITNESS FOR A PARTICULAR PURPOSE ARE DISCLAIMED. IN NO EVENT
  25:ThirdPackage/lwip220/core/sys.c ****  * SHALL THE AUTHOR BE LIABLE FOR ANY DIRECT, INDIRECT, INCIDENTAL, SPECIAL,
  26:ThirdPackage/lwip220/core/sys.c ****  * EXEMPLARY, OR CONSEQUENTIAL DAMAGES (INCLUDING, BUT NOT LIMITED TO, PROCUREMENT
  27:ThirdPackage/lwip220/core/sys.c ****  * OF SUBSTITUTE GOODS OR SERVICES; LOSS OF USE, DATA, OR PROFITS; OR BUSINESS
  28:ThirdPackage/lwip220/core/sys.c ****  * INTERRUPTION) HOWEVER CAUSED AND ON ANY THEORY OF LIABILITY, WHETHER IN
  29:ThirdPackage/lwip220/core/sys.c ****  * CONTRACT, STRICT LIABILITY, OR TORT (INCLUDING NEGLIGENCE OR OTHERWISE) ARISING
ARM GAS  C:\Users\86188\AppData\Local\Temp\cc1lmsc7.s 			page 2


  30:ThirdPackage/lwip220/core/sys.c ****  * IN ANY WAY OUT OF THE USE OF THIS SOFTWARE, EVEN IF ADVISED OF THE POSSIBILITY
  31:ThirdPackage/lwip220/core/sys.c ****  * OF SUCH DAMAGE.
  32:ThirdPackage/lwip220/core/sys.c ****  *
  33:ThirdPackage/lwip220/core/sys.c ****  * This file is part of the lwIP TCP/IP stack.
  34:ThirdPackage/lwip220/core/sys.c ****  *
  35:ThirdPackage/lwip220/core/sys.c ****  * Author: Adam Dunkels <adam@sics.se>
  36:ThirdPackage/lwip220/core/sys.c ****  *
  37:ThirdPackage/lwip220/core/sys.c ****  */
  38:ThirdPackage/lwip220/core/sys.c **** 
  39:ThirdPackage/lwip220/core/sys.c **** /**
  40:ThirdPackage/lwip220/core/sys.c ****  * @defgroup sys_layer Porting (system abstraction layer)
  41:ThirdPackage/lwip220/core/sys.c ****  * @ingroup lwip
  42:ThirdPackage/lwip220/core/sys.c ****  *
  43:ThirdPackage/lwip220/core/sys.c ****  * @defgroup sys_os OS abstraction layer
  44:ThirdPackage/lwip220/core/sys.c ****  * @ingroup sys_layer
  45:ThirdPackage/lwip220/core/sys.c ****  * No need to implement functions in this section in NO_SYS mode.
  46:ThirdPackage/lwip220/core/sys.c ****  * The OS-specific code should be implemented in arch/sys_arch.h
  47:ThirdPackage/lwip220/core/sys.c ****  * and sys_arch.c of your port.
  48:ThirdPackage/lwip220/core/sys.c ****  *
  49:ThirdPackage/lwip220/core/sys.c ****  * The operating system emulation layer provides a common interface
  50:ThirdPackage/lwip220/core/sys.c ****  * between the lwIP code and the underlying operating system kernel. The
  51:ThirdPackage/lwip220/core/sys.c ****  * general idea is that porting lwIP to new architectures requires only
  52:ThirdPackage/lwip220/core/sys.c ****  * small changes to a few header files and a new sys_arch
  53:ThirdPackage/lwip220/core/sys.c ****  * implementation. It is also possible to do a sys_arch implementation
  54:ThirdPackage/lwip220/core/sys.c ****  * that does not rely on any underlying operating system.
  55:ThirdPackage/lwip220/core/sys.c ****  *
  56:ThirdPackage/lwip220/core/sys.c ****  * The sys_arch provides semaphores, mailboxes and mutexes to lwIP. For the full
  57:ThirdPackage/lwip220/core/sys.c ****  * lwIP functionality, multiple threads support can be implemented in the
  58:ThirdPackage/lwip220/core/sys.c ****  * sys_arch, but this is not required for the basic lwIP
  59:ThirdPackage/lwip220/core/sys.c ****  * functionality. Timer scheduling is implemented in lwIP, but can be implemented
  60:ThirdPackage/lwip220/core/sys.c ****  * by the sys_arch port (LWIP_TIMERS_CUSTOM==1).
  61:ThirdPackage/lwip220/core/sys.c ****  *
  62:ThirdPackage/lwip220/core/sys.c ****  * In addition to the source file providing the functionality of sys_arch,
  63:ThirdPackage/lwip220/core/sys.c ****  * the OS emulation layer must provide several header files defining
  64:ThirdPackage/lwip220/core/sys.c ****  * macros used throughout lwip.  The files required and the macros they
  65:ThirdPackage/lwip220/core/sys.c ****  * must define are listed below the sys_arch description.
  66:ThirdPackage/lwip220/core/sys.c ****  *
  67:ThirdPackage/lwip220/core/sys.c ****  * Since lwIP 1.4.0, semaphore, mutexes and mailbox functions are prototyped in a way that
  68:ThirdPackage/lwip220/core/sys.c ****  * allows both using pointers or actual OS structures to be used. This way, memory
  69:ThirdPackage/lwip220/core/sys.c ****  * required for such types can be either allocated in place (globally or on the
  70:ThirdPackage/lwip220/core/sys.c ****  * stack) or on the heap (allocated internally in the "*_new()" functions).
  71:ThirdPackage/lwip220/core/sys.c ****  *
  72:ThirdPackage/lwip220/core/sys.c ****  * Note:
  73:ThirdPackage/lwip220/core/sys.c ****  * -----
  74:ThirdPackage/lwip220/core/sys.c ****  * Be careful with using mem_malloc() in sys_arch. When malloc() refers to
  75:ThirdPackage/lwip220/core/sys.c ****  * mem_malloc() you can run into a circular function call problem. In mem.c
  76:ThirdPackage/lwip220/core/sys.c ****  * mem_init() tries to allocate a semaphore using mem_malloc, which of course
  77:ThirdPackage/lwip220/core/sys.c ****  * can't be performed when sys_arch uses mem_malloc.
  78:ThirdPackage/lwip220/core/sys.c ****  *
  79:ThirdPackage/lwip220/core/sys.c ****  * @defgroup sys_sem Semaphores
  80:ThirdPackage/lwip220/core/sys.c ****  * @ingroup sys_os
  81:ThirdPackage/lwip220/core/sys.c ****  * Semaphores can be either counting or binary - lwIP works with both
  82:ThirdPackage/lwip220/core/sys.c ****  * kinds.
  83:ThirdPackage/lwip220/core/sys.c ****  * Semaphores are represented by the type "sys_sem_t" which is typedef'd
  84:ThirdPackage/lwip220/core/sys.c ****  * in the sys_arch.h file. Mailboxes are equivalently represented by the
  85:ThirdPackage/lwip220/core/sys.c ****  * type "sys_mbox_t". Mutexes are represented by the type "sys_mutex_t".
  86:ThirdPackage/lwip220/core/sys.c ****  * lwIP does not place any restrictions on how these types are represented
ARM GAS  C:\Users\86188\AppData\Local\Temp\cc1lmsc7.s 			page 3


  87:ThirdPackage/lwip220/core/sys.c ****  * internally.
  88:ThirdPackage/lwip220/core/sys.c ****  *
  89:ThirdPackage/lwip220/core/sys.c ****  * @defgroup sys_mutex Mutexes
  90:ThirdPackage/lwip220/core/sys.c ****  * @ingroup sys_os
  91:ThirdPackage/lwip220/core/sys.c ****  * Mutexes are recommended to correctly handle priority inversion,
  92:ThirdPackage/lwip220/core/sys.c ****  * especially if you use LWIP_CORE_LOCKING .
  93:ThirdPackage/lwip220/core/sys.c ****  *
  94:ThirdPackage/lwip220/core/sys.c ****  * @defgroup sys_mbox Mailboxes
  95:ThirdPackage/lwip220/core/sys.c ****  * @ingroup sys_os
  96:ThirdPackage/lwip220/core/sys.c ****  * Mailboxes should be implemented as a queue which allows multiple messages
  97:ThirdPackage/lwip220/core/sys.c ****  * to be posted (implementing as a rendez-vous point where only one message can be
  98:ThirdPackage/lwip220/core/sys.c ****  * posted at a time can have a highly negative impact on performance). A message
  99:ThirdPackage/lwip220/core/sys.c ****  * in a mailbox is just a pointer, nothing more.
 100:ThirdPackage/lwip220/core/sys.c ****  *
 101:ThirdPackage/lwip220/core/sys.c ****  * @defgroup sys_time Time
 102:ThirdPackage/lwip220/core/sys.c ****  * @ingroup sys_layer
 103:ThirdPackage/lwip220/core/sys.c ****  *
 104:ThirdPackage/lwip220/core/sys.c ****  * @defgroup sys_prot Critical sections
 105:ThirdPackage/lwip220/core/sys.c ****  * @ingroup sys_layer
 106:ThirdPackage/lwip220/core/sys.c ****  * Used to protect short regions of code against concurrent access.
 107:ThirdPackage/lwip220/core/sys.c ****  * - Your system is a bare-metal system (probably with an RTOS)
 108:ThirdPackage/lwip220/core/sys.c ****  *   and interrupts are under your control:
 109:ThirdPackage/lwip220/core/sys.c ****  *   Implement this as LockInterrupts() / UnlockInterrupts()
 110:ThirdPackage/lwip220/core/sys.c ****  * - Your system uses an RTOS with deferred interrupt handling from a
 111:ThirdPackage/lwip220/core/sys.c ****  *   worker thread: Implement as a global mutex or lock/unlock scheduler
 112:ThirdPackage/lwip220/core/sys.c ****  * - Your system uses a high-level OS with e.g. POSIX signals:
 113:ThirdPackage/lwip220/core/sys.c ****  *   Implement as a global mutex
 114:ThirdPackage/lwip220/core/sys.c ****  *
 115:ThirdPackage/lwip220/core/sys.c ****  * @defgroup sys_misc Misc
 116:ThirdPackage/lwip220/core/sys.c ****  * @ingroup sys_os
 117:ThirdPackage/lwip220/core/sys.c ****  */
 118:ThirdPackage/lwip220/core/sys.c **** 
 119:ThirdPackage/lwip220/core/sys.c **** #include "lwip/opt.h"
 120:ThirdPackage/lwip220/core/sys.c **** 
 121:ThirdPackage/lwip220/core/sys.c **** #include "lwip/sys.h"
 122:ThirdPackage/lwip220/core/sys.c **** 
 123:ThirdPackage/lwip220/core/sys.c **** /* Most of the functions defined in sys.h must be implemented in the
 124:ThirdPackage/lwip220/core/sys.c ****  * architecture-dependent file sys_arch.c */
 125:ThirdPackage/lwip220/core/sys.c **** 
 126:ThirdPackage/lwip220/core/sys.c **** #if !NO_SYS
 127:ThirdPackage/lwip220/core/sys.c **** 
 128:ThirdPackage/lwip220/core/sys.c **** #ifndef sys_msleep
 129:ThirdPackage/lwip220/core/sys.c **** /**
 130:ThirdPackage/lwip220/core/sys.c ****  * Sleep for some ms. Timeouts are NOT processed while sleeping.
 131:ThirdPackage/lwip220/core/sys.c ****  *
 132:ThirdPackage/lwip220/core/sys.c ****  * @param ms number of milliseconds to sleep
 133:ThirdPackage/lwip220/core/sys.c ****  */
 134:ThirdPackage/lwip220/core/sys.c **** void
 135:ThirdPackage/lwip220/core/sys.c **** sys_msleep(u32_t ms)
 136:ThirdPackage/lwip220/core/sys.c **** {
  30              		.loc 1 136 1 view -0
  31              		.cfi_startproc
  32              		@ args = 0, pretend = 0, frame = 8
  33              		@ frame_needed = 0, uses_anonymous_args = 0
 137:ThirdPackage/lwip220/core/sys.c ****   if (ms > 0) {
  34              		.loc 1 137 3 view .LVU1
  35              		.loc 1 137 6 is_stmt 0 view .LVU2
ARM GAS  C:\Users\86188\AppData\Local\Temp\cc1lmsc7.s 			page 4


  36 0000 00B9     		cbnz	r0, .L8
  37 0002 7047     		bx	lr
  38              	.L8:
 136:ThirdPackage/lwip220/core/sys.c ****   if (ms > 0) {
  39              		.loc 1 136 1 view .LVU3
  40 0004 10B5     		push	{r4, lr}
  41              	.LCFI0:
  42              		.cfi_def_cfa_offset 8
  43              		.cfi_offset 4, -8
  44              		.cfi_offset 14, -4
  45 0006 82B0     		sub	sp, sp, #8
  46              	.LCFI1:
  47              		.cfi_def_cfa_offset 16
  48 0008 0446     		mov	r4, r0
  49              	.LBB2:
 138:ThirdPackage/lwip220/core/sys.c ****     sys_sem_t delaysem;
  50              		.loc 1 138 5 is_stmt 1 view .LVU4
 139:ThirdPackage/lwip220/core/sys.c ****     err_t err = sys_sem_new(&delaysem, 0);
  51              		.loc 1 139 5 view .LVU5
  52              		.loc 1 139 17 is_stmt 0 view .LVU6
  53 000a 0021     		movs	r1, #0
  54 000c 01A8     		add	r0, sp, #4
  55              	.LVL1:
  56              		.loc 1 139 17 view .LVU7
  57 000e FFF7FEFF 		bl	sys_sem_new
  58              	.LVL2:
 140:ThirdPackage/lwip220/core/sys.c ****     if (err == ERR_OK) {
  59              		.loc 1 140 5 is_stmt 1 view .LVU8
  60              		.loc 1 140 8 is_stmt 0 view .LVU9
  61 0012 08B1     		cbz	r0, .L9
  62              	.LVL3:
  63              	.L1:
  64              		.loc 1 140 8 view .LVU10
  65              	.LBE2:
 141:ThirdPackage/lwip220/core/sys.c ****       sys_arch_sem_wait(&delaysem, ms);
 142:ThirdPackage/lwip220/core/sys.c ****       sys_sem_free(&delaysem);
 143:ThirdPackage/lwip220/core/sys.c ****     }
 144:ThirdPackage/lwip220/core/sys.c ****   }
 145:ThirdPackage/lwip220/core/sys.c **** }
  66              		.loc 1 145 1 view .LVU11
  67 0014 02B0     		add	sp, sp, #8
  68              	.LCFI2:
  69              		.cfi_remember_state
  70              		.cfi_def_cfa_offset 8
  71              		@ sp needed
  72 0016 10BD     		pop	{r4, pc}
  73              	.LVL4:
  74              	.L9:
  75              	.LCFI3:
  76              		.cfi_restore_state
  77              	.LBB3:
 141:ThirdPackage/lwip220/core/sys.c ****       sys_arch_sem_wait(&delaysem, ms);
  78              		.loc 1 141 7 is_stmt 1 view .LVU12
  79 0018 2146     		mov	r1, r4
  80 001a 01A8     		add	r0, sp, #4
  81              	.LVL5:
 141:ThirdPackage/lwip220/core/sys.c ****       sys_arch_sem_wait(&delaysem, ms);
ARM GAS  C:\Users\86188\AppData\Local\Temp\cc1lmsc7.s 			page 5


  82              		.loc 1 141 7 is_stmt 0 view .LVU13
  83 001c FFF7FEFF 		bl	sys_arch_sem_wait
  84              	.LVL6:
 142:ThirdPackage/lwip220/core/sys.c ****     }
  85              		.loc 1 142 7 is_stmt 1 view .LVU14
  86 0020 01A8     		add	r0, sp, #4
  87 0022 FFF7FEFF 		bl	sys_sem_free
  88              	.LVL7:
  89              	.LBE3:
  90              		.loc 1 145 1 is_stmt 0 view .LVU15
  91 0026 F5E7     		b	.L1
  92              		.cfi_endproc
  93              	.LFE160:
  95              		.text
  96              	.Letext0:
  97              		.file 2 "k:\\program files (x86)\\gnu arm embedded toolchain\\10 2021.10\\arm-none-eabi\\include\\
  98              		.file 3 "k:\\program files (x86)\\gnu arm embedded toolchain\\10 2021.10\\arm-none-eabi\\include\\
  99              		.file 4 "ThirdPackage/freertos/include/queue.h"
 100              		.file 5 "ThirdPackage/lwip220/include/lwip/arch.h"
 101              		.file 6 "ThirdPackage/lwip220/include/lwip/err.h"
 102              		.file 7 "ThirdPackage/freertos/include/semphr.h"
 103              		.file 8 "ThirdPackage/lwip220/include/arch/sys_arch.h"
 104              		.file 9 "ThirdPackage/lwip220/include/lwip/sys.h"
ARM GAS  C:\Users\86188\AppData\Local\Temp\cc1lmsc7.s 			page 6


DEFINED SYMBOLS
                            *ABS*:00000000 sys.c
C:\Users\86188\AppData\Local\Temp\cc1lmsc7.s:20     .text.sys_msleep:00000000 $t
C:\Users\86188\AppData\Local\Temp\cc1lmsc7.s:26     .text.sys_msleep:00000000 sys_msleep

UNDEFINED SYMBOLS
sys_sem_new
sys_arch_sem_wait
sys_sem_free
