ARM GAS  C:\Users\86188\AppData\Local\Temp\ccfrqAXe.s 			page 1


   1              		.cpu cortex-m4
   2              		.arch armv7e-m
   3              		.fpu fpv4-sp-d16
   4              		.eabi_attribute 27, 1
   5              		.eabi_attribute 28, 1
   6              		.eabi_attribute 20, 1
   7              		.eabi_attribute 21, 1
   8              		.eabi_attribute 23, 3
   9              		.eabi_attribute 24, 1
  10              		.eabi_attribute 25, 1
  11              		.eabi_attribute 26, 1
  12              		.eabi_attribute 30, 1
  13              		.eabi_attribute 34, 1
  14              		.eabi_attribute 18, 4
  15              		.file	"timeouts.c"
  16              		.text
  17              	.Ltext0:
  18              		.cfi_sections	.debug_frame
  19              		.section	.rodata.sys_timeout_abs.str1.4,"aMS",%progbits,1
  20              		.align	2
  21              	.LC0:
  22 0000 54686972 		.ascii	"ThirdPackage/lwip220/core/timeouts.c\000"
  22      64506163 
  22      6B616765 
  22      2F6C7769 
  22      70323230 
  23 0025 000000   		.align	2
  24              	.LC1:
  25 0028 7379735F 		.ascii	"sys_timeout: timeout != NULL, pool MEMP_SYS_TIMEOUT"
  25      74696D65 
  25      6F75743A 
  25      2074696D 
  25      656F7574 
  26 005b 20697320 		.ascii	" is empty\000"
  26      656D7074 
  26      7900
  27 0065 000000   		.align	2
  28              	.LC2:
  29 0068 41737365 		.ascii	"Assertion \"%s\" failed at line %d in %s\012\000"
  29      7274696F 
  29      6E202225 
  29      73222066 
  29      61696C65 
  30              		.section	.text.sys_timeout_abs,"ax",%progbits
  31              		.align	1
  32              		.syntax unified
  33              		.thumb
  34              		.thumb_func
  36              	sys_timeout_abs:
  37              	.LVL0:
  38              	.LFB162:
  39              		.file 1 "ThirdPackage/lwip220/core/timeouts.c"
   1:ThirdPackage/lwip220/core/timeouts.c **** /**
   2:ThirdPackage/lwip220/core/timeouts.c ****  * @file
   3:ThirdPackage/lwip220/core/timeouts.c ****  * Stack-internal timers implementation.
   4:ThirdPackage/lwip220/core/timeouts.c ****  * This file includes timer callbacks for stack-internal timers as well as
   5:ThirdPackage/lwip220/core/timeouts.c ****  * functions to set up or stop timers and check for expired timers.
ARM GAS  C:\Users\86188\AppData\Local\Temp\ccfrqAXe.s 			page 2


   6:ThirdPackage/lwip220/core/timeouts.c ****  *
   7:ThirdPackage/lwip220/core/timeouts.c ****  */
   8:ThirdPackage/lwip220/core/timeouts.c **** 
   9:ThirdPackage/lwip220/core/timeouts.c **** /*
  10:ThirdPackage/lwip220/core/timeouts.c ****  * Copyright (c) 2001-2004 Swedish Institute of Computer Science.
  11:ThirdPackage/lwip220/core/timeouts.c ****  * All rights reserved.
  12:ThirdPackage/lwip220/core/timeouts.c ****  *
  13:ThirdPackage/lwip220/core/timeouts.c ****  * Redistribution and use in source and binary forms, with or without modification,
  14:ThirdPackage/lwip220/core/timeouts.c ****  * are permitted provided that the following conditions are met:
  15:ThirdPackage/lwip220/core/timeouts.c ****  *
  16:ThirdPackage/lwip220/core/timeouts.c ****  * 1. Redistributions of source code must retain the above copyright notice,
  17:ThirdPackage/lwip220/core/timeouts.c ****  *    this list of conditions and the following disclaimer.
  18:ThirdPackage/lwip220/core/timeouts.c ****  * 2. Redistributions in binary form must reproduce the above copyright notice,
  19:ThirdPackage/lwip220/core/timeouts.c ****  *    this list of conditions and the following disclaimer in the documentation
  20:ThirdPackage/lwip220/core/timeouts.c ****  *    and/or other materials provided with the distribution.
  21:ThirdPackage/lwip220/core/timeouts.c ****  * 3. The name of the author may not be used to endorse or promote products
  22:ThirdPackage/lwip220/core/timeouts.c ****  *    derived from this software without specific prior written permission.
  23:ThirdPackage/lwip220/core/timeouts.c ****  *
  24:ThirdPackage/lwip220/core/timeouts.c ****  * THIS SOFTWARE IS PROVIDED BY THE AUTHOR ``AS IS'' AND ANY EXPRESS OR IMPLIED
  25:ThirdPackage/lwip220/core/timeouts.c ****  * WARRANTIES, INCLUDING, BUT NOT LIMITED TO, THE IMPLIED WARRANTIES OF
  26:ThirdPackage/lwip220/core/timeouts.c ****  * MERCHANTABILITY AND FITNESS FOR A PARTICULAR PURPOSE ARE DISCLAIMED. IN NO EVENT
  27:ThirdPackage/lwip220/core/timeouts.c ****  * SHALL THE AUTHOR BE LIABLE FOR ANY DIRECT, INDIRECT, INCIDENTAL, SPECIAL,
  28:ThirdPackage/lwip220/core/timeouts.c ****  * EXEMPLARY, OR CONSEQUENTIAL DAMAGES (INCLUDING, BUT NOT LIMITED TO, PROCUREMENT
  29:ThirdPackage/lwip220/core/timeouts.c ****  * OF SUBSTITUTE GOODS OR SERVICES; LOSS OF USE, DATA, OR PROFITS; OR BUSINESS
  30:ThirdPackage/lwip220/core/timeouts.c ****  * INTERRUPTION) HOWEVER CAUSED AND ON ANY THEORY OF LIABILITY, WHETHER IN
  31:ThirdPackage/lwip220/core/timeouts.c ****  * CONTRACT, STRICT LIABILITY, OR TORT (INCLUDING NEGLIGENCE OR OTHERWISE) ARISING
  32:ThirdPackage/lwip220/core/timeouts.c ****  * IN ANY WAY OUT OF THE USE OF THIS SOFTWARE, EVEN IF ADVISED OF THE POSSIBILITY
  33:ThirdPackage/lwip220/core/timeouts.c ****  * OF SUCH DAMAGE.
  34:ThirdPackage/lwip220/core/timeouts.c ****  *
  35:ThirdPackage/lwip220/core/timeouts.c ****  * This file is part of the lwIP TCP/IP stack.
  36:ThirdPackage/lwip220/core/timeouts.c ****  *
  37:ThirdPackage/lwip220/core/timeouts.c ****  * Author: Adam Dunkels <adam@sics.se>
  38:ThirdPackage/lwip220/core/timeouts.c ****  *         Simon Goldschmidt
  39:ThirdPackage/lwip220/core/timeouts.c ****  *
  40:ThirdPackage/lwip220/core/timeouts.c ****  */
  41:ThirdPackage/lwip220/core/timeouts.c **** 
  42:ThirdPackage/lwip220/core/timeouts.c **** #include "lwip/opt.h"
  43:ThirdPackage/lwip220/core/timeouts.c **** 
  44:ThirdPackage/lwip220/core/timeouts.c **** #include "lwip/timeouts.h"
  45:ThirdPackage/lwip220/core/timeouts.c **** #include "lwip/priv/tcp_priv.h"
  46:ThirdPackage/lwip220/core/timeouts.c **** 
  47:ThirdPackage/lwip220/core/timeouts.c **** #include "lwip/def.h"
  48:ThirdPackage/lwip220/core/timeouts.c **** #include "lwip/memp.h"
  49:ThirdPackage/lwip220/core/timeouts.c **** #include "lwip/priv/tcpip_priv.h"
  50:ThirdPackage/lwip220/core/timeouts.c **** 
  51:ThirdPackage/lwip220/core/timeouts.c **** #include "lwip/ip4_frag.h"
  52:ThirdPackage/lwip220/core/timeouts.c **** #include "lwip/etharp.h"
  53:ThirdPackage/lwip220/core/timeouts.c **** #include "lwip/dhcp.h"
  54:ThirdPackage/lwip220/core/timeouts.c **** #include "lwip/acd.h"
  55:ThirdPackage/lwip220/core/timeouts.c **** #include "lwip/igmp.h"
  56:ThirdPackage/lwip220/core/timeouts.c **** #include "lwip/dns.h"
  57:ThirdPackage/lwip220/core/timeouts.c **** #include "lwip/nd6.h"
  58:ThirdPackage/lwip220/core/timeouts.c **** #include "lwip/ip6_frag.h"
  59:ThirdPackage/lwip220/core/timeouts.c **** #include "lwip/mld6.h"
  60:ThirdPackage/lwip220/core/timeouts.c **** #include "lwip/dhcp6.h"
  61:ThirdPackage/lwip220/core/timeouts.c **** #include "lwip/sys.h"
  62:ThirdPackage/lwip220/core/timeouts.c **** #include "lwip/pbuf.h"
ARM GAS  C:\Users\86188\AppData\Local\Temp\ccfrqAXe.s 			page 3


  63:ThirdPackage/lwip220/core/timeouts.c **** 
  64:ThirdPackage/lwip220/core/timeouts.c **** #if LWIP_DEBUG_TIMERNAMES
  65:ThirdPackage/lwip220/core/timeouts.c **** #define HANDLER(x) x, #x
  66:ThirdPackage/lwip220/core/timeouts.c **** #else /* LWIP_DEBUG_TIMERNAMES */
  67:ThirdPackage/lwip220/core/timeouts.c **** #define HANDLER(x) x
  68:ThirdPackage/lwip220/core/timeouts.c **** #endif /* LWIP_DEBUG_TIMERNAMES */
  69:ThirdPackage/lwip220/core/timeouts.c **** 
  70:ThirdPackage/lwip220/core/timeouts.c **** #define LWIP_MAX_TIMEOUT  0x7fffffff
  71:ThirdPackage/lwip220/core/timeouts.c **** 
  72:ThirdPackage/lwip220/core/timeouts.c **** /* Check if timer's expiry time is greater than time and care about u32_t wraparounds */
  73:ThirdPackage/lwip220/core/timeouts.c **** #define TIME_LESS_THAN(t, compare_to) ( (((u32_t)((t)-(compare_to))) > LWIP_MAX_TIMEOUT) ? 1 : 0 )
  74:ThirdPackage/lwip220/core/timeouts.c **** 
  75:ThirdPackage/lwip220/core/timeouts.c **** /** This array contains all stack-internal cyclic timers. To get the number of
  76:ThirdPackage/lwip220/core/timeouts.c ****  * timers, use LWIP_ARRAYSIZE() */
  77:ThirdPackage/lwip220/core/timeouts.c **** const struct lwip_cyclic_timer lwip_cyclic_timers[] = {
  78:ThirdPackage/lwip220/core/timeouts.c **** #if LWIP_TCP
  79:ThirdPackage/lwip220/core/timeouts.c ****   /* The TCP timer is a special case: it does not have to run always and
  80:ThirdPackage/lwip220/core/timeouts.c ****      is triggered to start from TCP using tcp_timer_needed() */
  81:ThirdPackage/lwip220/core/timeouts.c ****   {TCP_TMR_INTERVAL, HANDLER(tcp_tmr)},
  82:ThirdPackage/lwip220/core/timeouts.c **** #endif /* LWIP_TCP */
  83:ThirdPackage/lwip220/core/timeouts.c **** #if LWIP_IPV4
  84:ThirdPackage/lwip220/core/timeouts.c **** #if IP_REASSEMBLY
  85:ThirdPackage/lwip220/core/timeouts.c ****   {IP_TMR_INTERVAL, HANDLER(ip_reass_tmr)},
  86:ThirdPackage/lwip220/core/timeouts.c **** #endif /* IP_REASSEMBLY */
  87:ThirdPackage/lwip220/core/timeouts.c **** #if LWIP_ARP
  88:ThirdPackage/lwip220/core/timeouts.c ****   {ARP_TMR_INTERVAL, HANDLER(etharp_tmr)},
  89:ThirdPackage/lwip220/core/timeouts.c **** #endif /* LWIP_ARP */
  90:ThirdPackage/lwip220/core/timeouts.c **** #if LWIP_DHCP
  91:ThirdPackage/lwip220/core/timeouts.c ****   {DHCP_COARSE_TIMER_MSECS, HANDLER(dhcp_coarse_tmr)},
  92:ThirdPackage/lwip220/core/timeouts.c ****   {DHCP_FINE_TIMER_MSECS, HANDLER(dhcp_fine_tmr)},
  93:ThirdPackage/lwip220/core/timeouts.c **** #endif /* LWIP_DHCP */
  94:ThirdPackage/lwip220/core/timeouts.c **** #if LWIP_ACD
  95:ThirdPackage/lwip220/core/timeouts.c ****   {ACD_TMR_INTERVAL, HANDLER(acd_tmr)},
  96:ThirdPackage/lwip220/core/timeouts.c **** #endif /* LWIP_ACD */
  97:ThirdPackage/lwip220/core/timeouts.c **** #if LWIP_IGMP
  98:ThirdPackage/lwip220/core/timeouts.c ****   {IGMP_TMR_INTERVAL, HANDLER(igmp_tmr)},
  99:ThirdPackage/lwip220/core/timeouts.c **** #endif /* LWIP_IGMP */
 100:ThirdPackage/lwip220/core/timeouts.c **** #endif /* LWIP_IPV4 */
 101:ThirdPackage/lwip220/core/timeouts.c **** #if LWIP_DNS
 102:ThirdPackage/lwip220/core/timeouts.c ****   {DNS_TMR_INTERVAL, HANDLER(dns_tmr)},
 103:ThirdPackage/lwip220/core/timeouts.c **** #endif /* LWIP_DNS */
 104:ThirdPackage/lwip220/core/timeouts.c **** #if LWIP_IPV6
 105:ThirdPackage/lwip220/core/timeouts.c ****   {ND6_TMR_INTERVAL, HANDLER(nd6_tmr)},
 106:ThirdPackage/lwip220/core/timeouts.c **** #if LWIP_IPV6_REASS
 107:ThirdPackage/lwip220/core/timeouts.c ****   {IP6_REASS_TMR_INTERVAL, HANDLER(ip6_reass_tmr)},
 108:ThirdPackage/lwip220/core/timeouts.c **** #endif /* LWIP_IPV6_REASS */
 109:ThirdPackage/lwip220/core/timeouts.c **** #if LWIP_IPV6_MLD
 110:ThirdPackage/lwip220/core/timeouts.c ****   {MLD6_TMR_INTERVAL, HANDLER(mld6_tmr)},
 111:ThirdPackage/lwip220/core/timeouts.c **** #endif /* LWIP_IPV6_MLD */
 112:ThirdPackage/lwip220/core/timeouts.c **** #if LWIP_IPV6_DHCP6
 113:ThirdPackage/lwip220/core/timeouts.c ****   {DHCP6_TIMER_MSECS, HANDLER(dhcp6_tmr)},
 114:ThirdPackage/lwip220/core/timeouts.c **** #endif /* LWIP_IPV6_DHCP6 */
 115:ThirdPackage/lwip220/core/timeouts.c **** #endif /* LWIP_IPV6 */
 116:ThirdPackage/lwip220/core/timeouts.c **** };
 117:ThirdPackage/lwip220/core/timeouts.c **** const int lwip_num_cyclic_timers = LWIP_ARRAYSIZE(lwip_cyclic_timers);
 118:ThirdPackage/lwip220/core/timeouts.c **** 
 119:ThirdPackage/lwip220/core/timeouts.c **** #if LWIP_TIMERS && !LWIP_TIMERS_CUSTOM
ARM GAS  C:\Users\86188\AppData\Local\Temp\ccfrqAXe.s 			page 4


 120:ThirdPackage/lwip220/core/timeouts.c **** 
 121:ThirdPackage/lwip220/core/timeouts.c **** /** The one and only timeout list */
 122:ThirdPackage/lwip220/core/timeouts.c **** static struct sys_timeo *next_timeout;
 123:ThirdPackage/lwip220/core/timeouts.c **** 
 124:ThirdPackage/lwip220/core/timeouts.c **** static u32_t current_timeout_due_time;
 125:ThirdPackage/lwip220/core/timeouts.c **** 
 126:ThirdPackage/lwip220/core/timeouts.c **** #if LWIP_TESTMODE
 127:ThirdPackage/lwip220/core/timeouts.c **** struct sys_timeo**
 128:ThirdPackage/lwip220/core/timeouts.c **** sys_timeouts_get_next_timeout(void)
 129:ThirdPackage/lwip220/core/timeouts.c **** {
 130:ThirdPackage/lwip220/core/timeouts.c ****   return &next_timeout;
 131:ThirdPackage/lwip220/core/timeouts.c **** }
 132:ThirdPackage/lwip220/core/timeouts.c **** #endif
 133:ThirdPackage/lwip220/core/timeouts.c **** 
 134:ThirdPackage/lwip220/core/timeouts.c **** #if LWIP_TCP
 135:ThirdPackage/lwip220/core/timeouts.c **** /** global variable that shows if the tcp timer is currently scheduled or not */
 136:ThirdPackage/lwip220/core/timeouts.c **** static int tcpip_tcp_timer_active;
 137:ThirdPackage/lwip220/core/timeouts.c **** 
 138:ThirdPackage/lwip220/core/timeouts.c **** /**
 139:ThirdPackage/lwip220/core/timeouts.c ****  * Timer callback function that calls tcp_tmr() and reschedules itself.
 140:ThirdPackage/lwip220/core/timeouts.c ****  *
 141:ThirdPackage/lwip220/core/timeouts.c ****  * @param arg unused argument
 142:ThirdPackage/lwip220/core/timeouts.c ****  */
 143:ThirdPackage/lwip220/core/timeouts.c **** static void
 144:ThirdPackage/lwip220/core/timeouts.c **** tcpip_tcp_timer(void *arg)
 145:ThirdPackage/lwip220/core/timeouts.c **** {
 146:ThirdPackage/lwip220/core/timeouts.c ****   LWIP_UNUSED_ARG(arg);
 147:ThirdPackage/lwip220/core/timeouts.c **** 
 148:ThirdPackage/lwip220/core/timeouts.c ****   /* call TCP timer handler */
 149:ThirdPackage/lwip220/core/timeouts.c ****   tcp_tmr();
 150:ThirdPackage/lwip220/core/timeouts.c ****   /* timer still needed? */
 151:ThirdPackage/lwip220/core/timeouts.c ****   if (tcp_active_pcbs || tcp_tw_pcbs) {
 152:ThirdPackage/lwip220/core/timeouts.c ****     /* restart timer */
 153:ThirdPackage/lwip220/core/timeouts.c ****     sys_timeout(TCP_TMR_INTERVAL, tcpip_tcp_timer, NULL);
 154:ThirdPackage/lwip220/core/timeouts.c ****   } else {
 155:ThirdPackage/lwip220/core/timeouts.c ****     /* disable timer */
 156:ThirdPackage/lwip220/core/timeouts.c ****     tcpip_tcp_timer_active = 0;
 157:ThirdPackage/lwip220/core/timeouts.c ****   }
 158:ThirdPackage/lwip220/core/timeouts.c **** }
 159:ThirdPackage/lwip220/core/timeouts.c **** 
 160:ThirdPackage/lwip220/core/timeouts.c **** /**
 161:ThirdPackage/lwip220/core/timeouts.c ****  * Called from TCP_REG when registering a new PCB:
 162:ThirdPackage/lwip220/core/timeouts.c ****  * the reason is to have the TCP timer only running when
 163:ThirdPackage/lwip220/core/timeouts.c ****  * there are active (or time-wait) PCBs.
 164:ThirdPackage/lwip220/core/timeouts.c ****  */
 165:ThirdPackage/lwip220/core/timeouts.c **** void
 166:ThirdPackage/lwip220/core/timeouts.c **** tcp_timer_needed(void)
 167:ThirdPackage/lwip220/core/timeouts.c **** {
 168:ThirdPackage/lwip220/core/timeouts.c ****   LWIP_ASSERT_CORE_LOCKED();
 169:ThirdPackage/lwip220/core/timeouts.c **** 
 170:ThirdPackage/lwip220/core/timeouts.c ****   /* timer is off but needed again? */
 171:ThirdPackage/lwip220/core/timeouts.c ****   if (!tcpip_tcp_timer_active && (tcp_active_pcbs || tcp_tw_pcbs)) {
 172:ThirdPackage/lwip220/core/timeouts.c ****     /* enable and start timer */
 173:ThirdPackage/lwip220/core/timeouts.c ****     tcpip_tcp_timer_active = 1;
 174:ThirdPackage/lwip220/core/timeouts.c ****     sys_timeout(TCP_TMR_INTERVAL, tcpip_tcp_timer, NULL);
 175:ThirdPackage/lwip220/core/timeouts.c ****   }
 176:ThirdPackage/lwip220/core/timeouts.c **** }
ARM GAS  C:\Users\86188\AppData\Local\Temp\ccfrqAXe.s 			page 5


 177:ThirdPackage/lwip220/core/timeouts.c **** #endif /* LWIP_TCP */
 178:ThirdPackage/lwip220/core/timeouts.c **** 
 179:ThirdPackage/lwip220/core/timeouts.c **** static void
 180:ThirdPackage/lwip220/core/timeouts.c **** #if LWIP_DEBUG_TIMERNAMES
 181:ThirdPackage/lwip220/core/timeouts.c **** sys_timeout_abs(u32_t abs_time, sys_timeout_handler handler, void *arg, const char *handler_name)
 182:ThirdPackage/lwip220/core/timeouts.c **** #else /* LWIP_DEBUG_TIMERNAMES */
 183:ThirdPackage/lwip220/core/timeouts.c **** sys_timeout_abs(u32_t abs_time, sys_timeout_handler handler, void *arg)
 184:ThirdPackage/lwip220/core/timeouts.c **** #endif
 185:ThirdPackage/lwip220/core/timeouts.c **** {
  40              		.loc 1 185 1 view -0
  41              		.cfi_startproc
  42              		@ args = 0, pretend = 0, frame = 0
  43              		@ frame_needed = 0, uses_anonymous_args = 0
  44              		.loc 1 185 1 is_stmt 0 view .LVU1
  45 0000 F8B5     		push	{r3, r4, r5, r6, r7, lr}
  46              	.LCFI0:
  47              		.cfi_def_cfa_offset 24
  48              		.cfi_offset 3, -24
  49              		.cfi_offset 4, -20
  50              		.cfi_offset 5, -16
  51              		.cfi_offset 6, -12
  52              		.cfi_offset 7, -8
  53              		.cfi_offset 14, -4
  54 0002 0446     		mov	r4, r0
  55 0004 0F46     		mov	r7, r1
  56 0006 1646     		mov	r6, r2
 186:ThirdPackage/lwip220/core/timeouts.c ****   struct sys_timeo *timeout, *t;
  57              		.loc 1 186 3 is_stmt 1 view .LVU2
 187:ThirdPackage/lwip220/core/timeouts.c **** 
 188:ThirdPackage/lwip220/core/timeouts.c ****   timeout = (struct sys_timeo *)memp_malloc(MEMP_SYS_TIMEOUT);
  58              		.loc 1 188 3 view .LVU3
  59              		.loc 1 188 33 is_stmt 0 view .LVU4
  60 0008 0A20     		movs	r0, #10
  61              	.LVL1:
  62              		.loc 1 188 33 view .LVU5
  63 000a FFF7FEFF 		bl	memp_malloc
  64              	.LVL2:
 189:ThirdPackage/lwip220/core/timeouts.c ****   if (timeout == NULL) {
  65              		.loc 1 189 3 is_stmt 1 view .LVU6
  66              		.loc 1 189 6 is_stmt 0 view .LVU7
  67 000e 80B1     		cbz	r0, .L10
  68 0010 0546     		mov	r5, r0
 190:ThirdPackage/lwip220/core/timeouts.c ****     LWIP_ASSERT("sys_timeout: timeout != NULL, pool MEMP_SYS_TIMEOUT is empty", timeout != NULL);
 191:ThirdPackage/lwip220/core/timeouts.c ****     return;
 192:ThirdPackage/lwip220/core/timeouts.c ****   }
 193:ThirdPackage/lwip220/core/timeouts.c **** 
 194:ThirdPackage/lwip220/core/timeouts.c ****   timeout->next = NULL;
  69              		.loc 1 194 3 is_stmt 1 view .LVU8
  70              		.loc 1 194 17 is_stmt 0 view .LVU9
  71 0012 0023     		movs	r3, #0
  72 0014 0360     		str	r3, [r0]
 195:ThirdPackage/lwip220/core/timeouts.c ****   timeout->h = handler;
  73              		.loc 1 195 3 is_stmt 1 view .LVU10
  74              		.loc 1 195 14 is_stmt 0 view .LVU11
  75 0016 8760     		str	r7, [r0, #8]
 196:ThirdPackage/lwip220/core/timeouts.c ****   timeout->arg = arg;
  76              		.loc 1 196 3 is_stmt 1 view .LVU12
ARM GAS  C:\Users\86188\AppData\Local\Temp\ccfrqAXe.s 			page 6


  77              		.loc 1 196 16 is_stmt 0 view .LVU13
  78 0018 C660     		str	r6, [r0, #12]
 197:ThirdPackage/lwip220/core/timeouts.c ****   timeout->time = abs_time;
  79              		.loc 1 197 3 is_stmt 1 view .LVU14
  80              		.loc 1 197 17 is_stmt 0 view .LVU15
  81 001a 4460     		str	r4, [r0, #4]
 198:ThirdPackage/lwip220/core/timeouts.c **** 
 199:ThirdPackage/lwip220/core/timeouts.c **** #if LWIP_DEBUG_TIMERNAMES
 200:ThirdPackage/lwip220/core/timeouts.c ****   timeout->handler_name = handler_name;
 201:ThirdPackage/lwip220/core/timeouts.c ****   LWIP_DEBUGF(TIMERS_DEBUG, ("sys_timeout: %p abs_time=%"U32_F" handler=%s arg=%p\n",
 202:ThirdPackage/lwip220/core/timeouts.c ****                              (void *)timeout, abs_time, handler_name, (void *)arg));
 203:ThirdPackage/lwip220/core/timeouts.c **** #endif /* LWIP_DEBUG_TIMERNAMES */
 204:ThirdPackage/lwip220/core/timeouts.c **** 
 205:ThirdPackage/lwip220/core/timeouts.c ****   if (next_timeout == NULL) {
  82              		.loc 1 205 3 is_stmt 1 view .LVU16
  83              		.loc 1 205 20 is_stmt 0 view .LVU17
  84 001c 104B     		ldr	r3, .L12
  85 001e 1A68     		ldr	r2, [r3]
  86              		.loc 1 205 6 view .LVU18
  87 0020 72B1     		cbz	r2, .L11
 206:ThirdPackage/lwip220/core/timeouts.c ****     next_timeout = timeout;
 207:ThirdPackage/lwip220/core/timeouts.c ****     return;
 208:ThirdPackage/lwip220/core/timeouts.c ****   }
 209:ThirdPackage/lwip220/core/timeouts.c ****   if (TIME_LESS_THAN(timeout->time, next_timeout->time)) {
  88              		.loc 1 209 3 is_stmt 1 view .LVU19
  89              		.loc 1 209 7 is_stmt 0 view .LVU20
  90 0022 5368     		ldr	r3, [r2, #4]
  91 0024 E31A     		subs	r3, r4, r3
  92              		.loc 1 209 6 view .LVU21
  93 0026 002B     		cmp	r3, #0
  94 0028 0FDA     		bge	.L5
 210:ThirdPackage/lwip220/core/timeouts.c ****     timeout->next = next_timeout;
  95              		.loc 1 210 5 is_stmt 1 view .LVU22
  96              		.loc 1 210 19 is_stmt 0 view .LVU23
  97 002a 0260     		str	r2, [r0]
 211:ThirdPackage/lwip220/core/timeouts.c ****     next_timeout = timeout;
  98              		.loc 1 211 5 is_stmt 1 view .LVU24
  99              		.loc 1 211 18 is_stmt 0 view .LVU25
 100 002c 0C4B     		ldr	r3, .L12
 101 002e 1860     		str	r0, [r3]
 102              	.LVL3:
 103              	.L1:
 212:ThirdPackage/lwip220/core/timeouts.c ****   } else {
 213:ThirdPackage/lwip220/core/timeouts.c ****     for (t = next_timeout; t != NULL; t = t->next) {
 214:ThirdPackage/lwip220/core/timeouts.c ****       if ((t->next == NULL) || TIME_LESS_THAN(timeout->time, t->next->time)) {
 215:ThirdPackage/lwip220/core/timeouts.c ****         timeout->next = t->next;
 216:ThirdPackage/lwip220/core/timeouts.c ****         t->next = timeout;
 217:ThirdPackage/lwip220/core/timeouts.c ****         break;
 218:ThirdPackage/lwip220/core/timeouts.c ****       }
 219:ThirdPackage/lwip220/core/timeouts.c ****     }
 220:ThirdPackage/lwip220/core/timeouts.c ****   }
 221:ThirdPackage/lwip220/core/timeouts.c **** }
 104              		.loc 1 221 1 view .LVU26
 105 0030 F8BD     		pop	{r3, r4, r5, r6, r7, pc}
 106              	.LVL4:
 107              	.L10:
 190:ThirdPackage/lwip220/core/timeouts.c ****     return;
ARM GAS  C:\Users\86188\AppData\Local\Temp\ccfrqAXe.s 			page 7


 108              		.loc 1 190 5 is_stmt 1 discriminator 1 view .LVU27
 190:ThirdPackage/lwip220/core/timeouts.c ****     return;
 109              		.loc 1 190 5 discriminator 1 view .LVU28
 190:ThirdPackage/lwip220/core/timeouts.c ****     return;
 110              		.loc 1 190 5 discriminator 1 view .LVU29
 190:ThirdPackage/lwip220/core/timeouts.c ****     return;
 111              		.loc 1 190 5 discriminator 1 view .LVU30
 112 0032 0C4B     		ldr	r3, .L12+4
 113 0034 BE22     		movs	r2, #190
 114 0036 0C49     		ldr	r1, .L12+8
 115 0038 0C48     		ldr	r0, .L12+12
 116              	.LVL5:
 190:ThirdPackage/lwip220/core/timeouts.c ****     return;
 117              		.loc 1 190 5 is_stmt 0 discriminator 1 view .LVU31
 118 003a FFF7FEFF 		bl	printf
 119              	.LVL6:
 190:ThirdPackage/lwip220/core/timeouts.c ****     return;
 120              		.loc 1 190 5 is_stmt 1 discriminator 1 view .LVU32
 190:ThirdPackage/lwip220/core/timeouts.c ****     return;
 121              		.loc 1 190 5 discriminator 1 view .LVU33
 191:ThirdPackage/lwip220/core/timeouts.c ****   }
 122              		.loc 1 191 5 discriminator 1 view .LVU34
 123 003e F7E7     		b	.L1
 124              	.LVL7:
 125              	.L11:
 206:ThirdPackage/lwip220/core/timeouts.c ****     return;
 126              		.loc 1 206 5 view .LVU35
 206:ThirdPackage/lwip220/core/timeouts.c ****     return;
 127              		.loc 1 206 18 is_stmt 0 view .LVU36
 128 0040 1860     		str	r0, [r3]
 207:ThirdPackage/lwip220/core/timeouts.c ****   }
 129              		.loc 1 207 5 is_stmt 1 view .LVU37
 130 0042 F5E7     		b	.L1
 131              	.LVL8:
 132              	.L6:
 215:ThirdPackage/lwip220/core/timeouts.c ****         t->next = timeout;
 133              		.loc 1 215 9 view .LVU38
 215:ThirdPackage/lwip220/core/timeouts.c ****         t->next = timeout;
 134              		.loc 1 215 23 is_stmt 0 view .LVU39
 135 0044 2B60     		str	r3, [r5]
 216:ThirdPackage/lwip220/core/timeouts.c ****         break;
 136              		.loc 1 216 9 is_stmt 1 view .LVU40
 216:ThirdPackage/lwip220/core/timeouts.c ****         break;
 137              		.loc 1 216 17 is_stmt 0 view .LVU41
 138 0046 1560     		str	r5, [r2]
 217:ThirdPackage/lwip220/core/timeouts.c ****       }
 139              		.loc 1 217 9 is_stmt 1 view .LVU42
 140 0048 F2E7     		b	.L1
 141              	.LVL9:
 142              	.L5:
 213:ThirdPackage/lwip220/core/timeouts.c ****       if ((t->next == NULL) || TIME_LESS_THAN(timeout->time, t->next->time)) {
 143              		.loc 1 213 28 discriminator 1 view .LVU43
 213:ThirdPackage/lwip220/core/timeouts.c ****       if ((t->next == NULL) || TIME_LESS_THAN(timeout->time, t->next->time)) {
 144              		.loc 1 213 5 is_stmt 0 discriminator 1 view .LVU44
 145 004a 002A     		cmp	r2, #0
 146 004c F0D0     		beq	.L1
 214:ThirdPackage/lwip220/core/timeouts.c ****         timeout->next = t->next;
ARM GAS  C:\Users\86188\AppData\Local\Temp\ccfrqAXe.s 			page 8


 147              		.loc 1 214 7 is_stmt 1 view .LVU45
 214:ThirdPackage/lwip220/core/timeouts.c ****         timeout->next = t->next;
 148              		.loc 1 214 13 is_stmt 0 view .LVU46
 149 004e 1368     		ldr	r3, [r2]
 214:ThirdPackage/lwip220/core/timeouts.c ****         timeout->next = t->next;
 150              		.loc 1 214 10 view .LVU47
 151 0050 002B     		cmp	r3, #0
 152 0052 F7D0     		beq	.L6
 214:ThirdPackage/lwip220/core/timeouts.c ****         timeout->next = t->next;
 153              		.loc 1 214 32 discriminator 1 view .LVU48
 154 0054 5968     		ldr	r1, [r3, #4]
 155 0056 611A     		subs	r1, r4, r1
 214:ThirdPackage/lwip220/core/timeouts.c ****         timeout->next = t->next;
 156              		.loc 1 214 29 discriminator 1 view .LVU49
 157 0058 0029     		cmp	r1, #0
 158 005a F3DB     		blt	.L6
 213:ThirdPackage/lwip220/core/timeouts.c ****       if ((t->next == NULL) || TIME_LESS_THAN(timeout->time, t->next->time)) {
 159              		.loc 1 213 41 view .LVU50
 160 005c 1A46     		mov	r2, r3
 161              	.LVL10:
 213:ThirdPackage/lwip220/core/timeouts.c ****       if ((t->next == NULL) || TIME_LESS_THAN(timeout->time, t->next->time)) {
 162              		.loc 1 213 41 view .LVU51
 163 005e F4E7     		b	.L5
 164              	.L13:
 165              		.align	2
 166              	.L12:
 167 0060 00000000 		.word	.LANCHOR0
 168 0064 00000000 		.word	.LC0
 169 0068 28000000 		.word	.LC1
 170 006c 68000000 		.word	.LC2
 171              		.cfi_endproc
 172              	.LFE162:
 174              		.section	.text.lwip_cyclic_timer,"ax",%progbits
 175              		.align	1
 176              		.syntax unified
 177              		.thumb
 178              		.thumb_func
 180              	lwip_cyclic_timer:
 181              	.LVL11:
 182              	.LFB163:
 222:ThirdPackage/lwip220/core/timeouts.c **** 
 223:ThirdPackage/lwip220/core/timeouts.c **** /**
 224:ThirdPackage/lwip220/core/timeouts.c ****  * Timer callback function that calls cyclic->handler() and reschedules itself.
 225:ThirdPackage/lwip220/core/timeouts.c ****  *
 226:ThirdPackage/lwip220/core/timeouts.c ****  * @param arg unused argument
 227:ThirdPackage/lwip220/core/timeouts.c ****  */
 228:ThirdPackage/lwip220/core/timeouts.c **** #if !LWIP_TESTMODE
 229:ThirdPackage/lwip220/core/timeouts.c **** static
 230:ThirdPackage/lwip220/core/timeouts.c **** #endif
 231:ThirdPackage/lwip220/core/timeouts.c **** void
 232:ThirdPackage/lwip220/core/timeouts.c **** lwip_cyclic_timer(void *arg)
 233:ThirdPackage/lwip220/core/timeouts.c **** {
 183              		.loc 1 233 1 is_stmt 1 view -0
 184              		.cfi_startproc
 185              		@ args = 0, pretend = 0, frame = 0
 186              		@ frame_needed = 0, uses_anonymous_args = 0
 187              		.loc 1 233 1 is_stmt 0 view .LVU53
ARM GAS  C:\Users\86188\AppData\Local\Temp\ccfrqAXe.s 			page 9


 188 0000 38B5     		push	{r3, r4, r5, lr}
 189              	.LCFI1:
 190              		.cfi_def_cfa_offset 16
 191              		.cfi_offset 3, -16
 192              		.cfi_offset 4, -12
 193              		.cfi_offset 5, -8
 194              		.cfi_offset 14, -4
 195 0002 0446     		mov	r4, r0
 234:ThirdPackage/lwip220/core/timeouts.c ****   u32_t now;
 196              		.loc 1 234 3 is_stmt 1 view .LVU54
 235:ThirdPackage/lwip220/core/timeouts.c ****   u32_t next_timeout_time;
 197              		.loc 1 235 3 view .LVU55
 236:ThirdPackage/lwip220/core/timeouts.c ****   const struct lwip_cyclic_timer *cyclic = (const struct lwip_cyclic_timer *)arg;
 198              		.loc 1 236 3 view .LVU56
 199              	.LVL12:
 237:ThirdPackage/lwip220/core/timeouts.c **** 
 238:ThirdPackage/lwip220/core/timeouts.c **** #if LWIP_DEBUG_TIMERNAMES
 239:ThirdPackage/lwip220/core/timeouts.c ****   LWIP_DEBUGF(TIMERS_DEBUG, ("tcpip: %s()\n", cyclic->handler_name));
 240:ThirdPackage/lwip220/core/timeouts.c **** #endif
 241:ThirdPackage/lwip220/core/timeouts.c ****   cyclic->handler();
 200              		.loc 1 241 3 view .LVU57
 201              		.loc 1 241 9 is_stmt 0 view .LVU58
 202 0004 4368     		ldr	r3, [r0, #4]
 203              		.loc 1 241 3 view .LVU59
 204 0006 9847     		blx	r3
 205              	.LVL13:
 242:ThirdPackage/lwip220/core/timeouts.c **** 
 243:ThirdPackage/lwip220/core/timeouts.c ****   now = sys_now();
 206              		.loc 1 243 3 is_stmt 1 view .LVU60
 207              		.loc 1 243 9 is_stmt 0 view .LVU61
 208 0008 FFF7FEFF 		bl	sys_now
 209              	.LVL14:
 210 000c 8446     		mov	ip, r0
 211              	.LVL15:
 244:ThirdPackage/lwip220/core/timeouts.c ****   next_timeout_time = (u32_t)(current_timeout_due_time + cyclic->interval_ms);  /* overflow handled
 212              		.loc 1 244 3 is_stmt 1 view .LVU62
 213              		.loc 1 244 64 is_stmt 0 view .LVU63
 214 000e 2568     		ldr	r5, [r4]
 215              		.loc 1 244 23 view .LVU64
 216 0010 094B     		ldr	r3, .L18
 217 0012 1868     		ldr	r0, [r3]
 218              	.LVL16:
 219              		.loc 1 244 21 view .LVU65
 220 0014 2844     		add	r0, r0, r5
 221              	.LVL17:
 245:ThirdPackage/lwip220/core/timeouts.c ****   if (TIME_LESS_THAN(next_timeout_time, now)) {
 222              		.loc 1 245 3 is_stmt 1 view .LVU66
 223              		.loc 1 245 7 is_stmt 0 view .LVU67
 224 0016 A0EB0C03 		sub	r3, r0, ip
 225              		.loc 1 245 6 view .LVU68
 226 001a 002B     		cmp	r3, #0
 227 001c 06DA     		bge	.L15
 246:ThirdPackage/lwip220/core/timeouts.c ****     /* timer would immediately expire again -> "overload" -> restart without any correction */
 247:ThirdPackage/lwip220/core/timeouts.c **** #if LWIP_DEBUG_TIMERNAMES
 248:ThirdPackage/lwip220/core/timeouts.c ****     sys_timeout_abs((u32_t)(now + cyclic->interval_ms), lwip_cyclic_timer, arg, cyclic->handler_nam
 249:ThirdPackage/lwip220/core/timeouts.c **** #else
 250:ThirdPackage/lwip220/core/timeouts.c ****     sys_timeout_abs((u32_t)(now + cyclic->interval_ms), lwip_cyclic_timer, arg);
ARM GAS  C:\Users\86188\AppData\Local\Temp\ccfrqAXe.s 			page 10


 228              		.loc 1 250 5 is_stmt 1 view .LVU69
 229 001e 2246     		mov	r2, r4
 230 0020 0649     		ldr	r1, .L18+4
 231 0022 05EB0C00 		add	r0, r5, ip
 232              	.LVL18:
 233              		.loc 1 250 5 is_stmt 0 view .LVU70
 234 0026 FFF7FEFF 		bl	sys_timeout_abs
 235              	.LVL19:
 236              	.L14:
 251:ThirdPackage/lwip220/core/timeouts.c **** #endif
 252:ThirdPackage/lwip220/core/timeouts.c **** 
 253:ThirdPackage/lwip220/core/timeouts.c ****   } else {
 254:ThirdPackage/lwip220/core/timeouts.c ****     /* correct cyclic interval with handler execution delay and sys_check_timeouts jitter */
 255:ThirdPackage/lwip220/core/timeouts.c **** #if LWIP_DEBUG_TIMERNAMES
 256:ThirdPackage/lwip220/core/timeouts.c ****     sys_timeout_abs(next_timeout_time, lwip_cyclic_timer, arg, cyclic->handler_name);
 257:ThirdPackage/lwip220/core/timeouts.c **** #else
 258:ThirdPackage/lwip220/core/timeouts.c ****     sys_timeout_abs(next_timeout_time, lwip_cyclic_timer, arg);
 259:ThirdPackage/lwip220/core/timeouts.c **** #endif
 260:ThirdPackage/lwip220/core/timeouts.c ****   }
 261:ThirdPackage/lwip220/core/timeouts.c **** }
 237              		.loc 1 261 1 view .LVU71
 238 002a 38BD     		pop	{r3, r4, r5, pc}
 239              	.LVL20:
 240              	.L15:
 258:ThirdPackage/lwip220/core/timeouts.c **** #endif
 241              		.loc 1 258 5 is_stmt 1 view .LVU72
 242 002c 2246     		mov	r2, r4
 243 002e 0349     		ldr	r1, .L18+4
 244 0030 FFF7FEFF 		bl	sys_timeout_abs
 245              	.LVL21:
 246              		.loc 1 261 1 is_stmt 0 view .LVU73
 247 0034 F9E7     		b	.L14
 248              	.L19:
 249 0036 00BF     		.align	2
 250              	.L18:
 251 0038 00000000 		.word	.LANCHOR1
 252 003c 00000000 		.word	lwip_cyclic_timer
 253              		.cfi_endproc
 254              	.LFE163:
 256              		.section	.rodata.sys_timeout.str1.4,"aMS",%progbits,1
 257              		.align	2
 258              	.LC3:
 259 0000 54696D65 		.ascii	"Timeout time too long, max is LWIP_UINT32_MAX/4 mse"
 259      6F757420 
 259      74696D65 
 259      20746F6F 
 259      206C6F6E 
 260 0033 637300   		.ascii	"cs\000"
 261              		.section	.text.sys_timeout,"ax",%progbits
 262              		.align	1
 263              		.global	sys_timeout
 264              		.syntax unified
 265              		.thumb
 266              		.thumb_func
 268              	sys_timeout:
 269              	.LVL22:
 270              	.LFB165:
ARM GAS  C:\Users\86188\AppData\Local\Temp\ccfrqAXe.s 			page 11


 262:ThirdPackage/lwip220/core/timeouts.c **** 
 263:ThirdPackage/lwip220/core/timeouts.c **** /** Initialize this module */
 264:ThirdPackage/lwip220/core/timeouts.c **** void sys_timeouts_init(void)
 265:ThirdPackage/lwip220/core/timeouts.c **** {
 266:ThirdPackage/lwip220/core/timeouts.c ****   size_t i;
 267:ThirdPackage/lwip220/core/timeouts.c ****   /* tcp_tmr() at index 0 is started on demand */
 268:ThirdPackage/lwip220/core/timeouts.c ****   for (i = (LWIP_TCP ? 1 : 0); i < LWIP_ARRAYSIZE(lwip_cyclic_timers); i++) {
 269:ThirdPackage/lwip220/core/timeouts.c ****     /* we have to cast via size_t to get rid of const warning
 270:ThirdPackage/lwip220/core/timeouts.c ****       (this is OK as cyclic_timer() casts back to const* */
 271:ThirdPackage/lwip220/core/timeouts.c ****     sys_timeout(lwip_cyclic_timers[i].interval_ms, lwip_cyclic_timer, LWIP_CONST_CAST(void *, &lwip
 272:ThirdPackage/lwip220/core/timeouts.c ****   }
 273:ThirdPackage/lwip220/core/timeouts.c **** }
 274:ThirdPackage/lwip220/core/timeouts.c **** 
 275:ThirdPackage/lwip220/core/timeouts.c **** /**
 276:ThirdPackage/lwip220/core/timeouts.c ****  * Create a one-shot timer (aka timeout). Timeouts are processed in the
 277:ThirdPackage/lwip220/core/timeouts.c ****  * following cases:
 278:ThirdPackage/lwip220/core/timeouts.c ****  * - while waiting for a message using sys_timeouts_mbox_fetch()
 279:ThirdPackage/lwip220/core/timeouts.c ****  * - by calling sys_check_timeouts() (NO_SYS==1 only)
 280:ThirdPackage/lwip220/core/timeouts.c ****  *
 281:ThirdPackage/lwip220/core/timeouts.c ****  * @param msecs time in milliseconds after that the timer should expire
 282:ThirdPackage/lwip220/core/timeouts.c ****  * @param handler callback function to call when msecs have elapsed
 283:ThirdPackage/lwip220/core/timeouts.c ****  * @param arg argument to pass to the callback function
 284:ThirdPackage/lwip220/core/timeouts.c ****  */
 285:ThirdPackage/lwip220/core/timeouts.c **** #if LWIP_DEBUG_TIMERNAMES
 286:ThirdPackage/lwip220/core/timeouts.c **** void
 287:ThirdPackage/lwip220/core/timeouts.c **** sys_timeout_debug(u32_t msecs, sys_timeout_handler handler, void *arg, const char *handler_name)
 288:ThirdPackage/lwip220/core/timeouts.c **** #else /* LWIP_DEBUG_TIMERNAMES */
 289:ThirdPackage/lwip220/core/timeouts.c **** void
 290:ThirdPackage/lwip220/core/timeouts.c **** sys_timeout(u32_t msecs, sys_timeout_handler handler, void *arg)
 291:ThirdPackage/lwip220/core/timeouts.c **** #endif /* LWIP_DEBUG_TIMERNAMES */
 292:ThirdPackage/lwip220/core/timeouts.c **** {
 271              		.loc 1 292 1 is_stmt 1 view -0
 272              		.cfi_startproc
 273              		@ args = 0, pretend = 0, frame = 0
 274              		@ frame_needed = 0, uses_anonymous_args = 0
 275              		.loc 1 292 1 is_stmt 0 view .LVU75
 276 0000 70B5     		push	{r4, r5, r6, lr}
 277              	.LCFI2:
 278              		.cfi_def_cfa_offset 16
 279              		.cfi_offset 4, -16
 280              		.cfi_offset 5, -12
 281              		.cfi_offset 6, -8
 282              		.cfi_offset 14, -4
 283 0002 0446     		mov	r4, r0
 284 0004 0D46     		mov	r5, r1
 285 0006 1646     		mov	r6, r2
 293:ThirdPackage/lwip220/core/timeouts.c ****   u32_t next_timeout_time;
 286              		.loc 1 293 3 is_stmt 1 view .LVU76
 294:ThirdPackage/lwip220/core/timeouts.c **** 
 295:ThirdPackage/lwip220/core/timeouts.c ****   LWIP_ASSERT_CORE_LOCKED();
 287              		.loc 1 295 28 view .LVU77
 296:ThirdPackage/lwip220/core/timeouts.c **** 
 297:ThirdPackage/lwip220/core/timeouts.c ****   LWIP_ASSERT("Timeout time too long, max is LWIP_UINT32_MAX/4 msecs", msecs <= (LWIP_UINT32_MAX / 
 288              		.loc 1 297 3 view .LVU78
 289              		.loc 1 297 3 view .LVU79
 290 0008 B0F1804F 		cmp	r0, #1073741824
 291 000c 07D2     		bcs	.L23
ARM GAS  C:\Users\86188\AppData\Local\Temp\ccfrqAXe.s 			page 12


 292              	.LVL23:
 293              	.L21:
 294              		.loc 1 297 3 discriminator 3 view .LVU80
 295              		.loc 1 297 3 discriminator 3 view .LVU81
 298:ThirdPackage/lwip220/core/timeouts.c **** 
 299:ThirdPackage/lwip220/core/timeouts.c ****   next_timeout_time = (u32_t)(sys_now() + msecs); /* overflow handled by TIME_LESS_THAN macro */
 296              		.loc 1 299 3 discriminator 3 view .LVU82
 297              		.loc 1 299 31 is_stmt 0 discriminator 3 view .LVU83
 298 000e FFF7FEFF 		bl	sys_now
 299              	.LVL24:
 300:ThirdPackage/lwip220/core/timeouts.c **** 
 301:ThirdPackage/lwip220/core/timeouts.c **** #if LWIP_DEBUG_TIMERNAMES
 302:ThirdPackage/lwip220/core/timeouts.c ****   sys_timeout_abs(next_timeout_time, handler, arg, handler_name);
 303:ThirdPackage/lwip220/core/timeouts.c **** #else
 304:ThirdPackage/lwip220/core/timeouts.c ****   sys_timeout_abs(next_timeout_time, handler, arg);
 300              		.loc 1 304 3 is_stmt 1 discriminator 3 view .LVU84
 301 0012 3246     		mov	r2, r6
 302 0014 2946     		mov	r1, r5
 303 0016 2044     		add	r0, r0, r4
 304              	.LVL25:
 305              		.loc 1 304 3 is_stmt 0 discriminator 3 view .LVU85
 306 0018 FFF7FEFF 		bl	sys_timeout_abs
 307              	.LVL26:
 305:ThirdPackage/lwip220/core/timeouts.c **** #endif
 306:ThirdPackage/lwip220/core/timeouts.c **** }
 308              		.loc 1 306 1 discriminator 3 view .LVU86
 309 001c 70BD     		pop	{r4, r5, r6, pc}
 310              	.LVL27:
 311              	.L23:
 297:ThirdPackage/lwip220/core/timeouts.c **** 
 312              		.loc 1 297 3 is_stmt 1 discriminator 1 view .LVU87
 297:ThirdPackage/lwip220/core/timeouts.c **** 
 313              		.loc 1 297 3 discriminator 1 view .LVU88
 314 001e 044B     		ldr	r3, .L24
 315 0020 40F22912 		movw	r2, #297
 316              	.LVL28:
 297:ThirdPackage/lwip220/core/timeouts.c **** 
 317              		.loc 1 297 3 is_stmt 0 discriminator 1 view .LVU89
 318 0024 0349     		ldr	r1, .L24+4
 319              	.LVL29:
 297:ThirdPackage/lwip220/core/timeouts.c **** 
 320              		.loc 1 297 3 discriminator 1 view .LVU90
 321 0026 0448     		ldr	r0, .L24+8
 322              	.LVL30:
 297:ThirdPackage/lwip220/core/timeouts.c **** 
 323              		.loc 1 297 3 discriminator 1 view .LVU91
 324 0028 FFF7FEFF 		bl	printf
 325              	.LVL31:
 326 002c EFE7     		b	.L21
 327              	.L25:
 328 002e 00BF     		.align	2
 329              	.L24:
 330 0030 00000000 		.word	.LC0
 331 0034 00000000 		.word	.LC3
 332 0038 68000000 		.word	.LC2
 333              		.cfi_endproc
 334              	.LFE165:
ARM GAS  C:\Users\86188\AppData\Local\Temp\ccfrqAXe.s 			page 13


 336              		.section	.text.tcp_timer_needed,"ax",%progbits
 337              		.align	1
 338              		.global	tcp_timer_needed
 339              		.syntax unified
 340              		.thumb
 341              		.thumb_func
 343              	tcp_timer_needed:
 344              	.LFB161:
 167:ThirdPackage/lwip220/core/timeouts.c ****   LWIP_ASSERT_CORE_LOCKED();
 345              		.loc 1 167 1 is_stmt 1 view -0
 346              		.cfi_startproc
 347              		@ args = 0, pretend = 0, frame = 0
 348              		@ frame_needed = 0, uses_anonymous_args = 0
 349 0000 08B5     		push	{r3, lr}
 350              	.LCFI3:
 351              		.cfi_def_cfa_offset 8
 352              		.cfi_offset 3, -8
 353              		.cfi_offset 14, -4
 168:ThirdPackage/lwip220/core/timeouts.c **** 
 354              		.loc 1 168 28 view .LVU93
 171:ThirdPackage/lwip220/core/timeouts.c ****     /* enable and start timer */
 355              		.loc 1 171 3 view .LVU94
 171:ThirdPackage/lwip220/core/timeouts.c ****     /* enable and start timer */
 356              		.loc 1 171 7 is_stmt 0 view .LVU95
 357 0002 0A4B     		ldr	r3, .L31
 358 0004 1B68     		ldr	r3, [r3]
 171:ThirdPackage/lwip220/core/timeouts.c ****     /* enable and start timer */
 359              		.loc 1 171 6 view .LVU96
 360 0006 53B9     		cbnz	r3, .L26
 171:ThirdPackage/lwip220/core/timeouts.c ****     /* enable and start timer */
 361              		.loc 1 171 35 discriminator 1 view .LVU97
 362 0008 094B     		ldr	r3, .L31+4
 363 000a 1B68     		ldr	r3, [r3]
 171:ThirdPackage/lwip220/core/timeouts.c ****     /* enable and start timer */
 364              		.loc 1 171 31 discriminator 1 view .LVU98
 365 000c 43B1     		cbz	r3, .L30
 366              	.L28:
 173:ThirdPackage/lwip220/core/timeouts.c ****     sys_timeout(TCP_TMR_INTERVAL, tcpip_tcp_timer, NULL);
 367              		.loc 1 173 5 is_stmt 1 view .LVU99
 173:ThirdPackage/lwip220/core/timeouts.c ****     sys_timeout(TCP_TMR_INTERVAL, tcpip_tcp_timer, NULL);
 368              		.loc 1 173 28 is_stmt 0 view .LVU100
 369 000e 074B     		ldr	r3, .L31
 370 0010 0122     		movs	r2, #1
 371 0012 1A60     		str	r2, [r3]
 174:ThirdPackage/lwip220/core/timeouts.c ****   }
 372              		.loc 1 174 5 is_stmt 1 view .LVU101
 373 0014 0022     		movs	r2, #0
 374 0016 0749     		ldr	r1, .L31+8
 375 0018 FA20     		movs	r0, #250
 376 001a FFF7FEFF 		bl	sys_timeout
 377              	.LVL32:
 378              	.L26:
 176:ThirdPackage/lwip220/core/timeouts.c **** #endif /* LWIP_TCP */
 379              		.loc 1 176 1 is_stmt 0 view .LVU102
 380 001e 08BD     		pop	{r3, pc}
 381              	.L30:
 171:ThirdPackage/lwip220/core/timeouts.c ****     /* enable and start timer */
ARM GAS  C:\Users\86188\AppData\Local\Temp\ccfrqAXe.s 			page 14


 382              		.loc 1 171 51 discriminator 2 view .LVU103
 383 0020 054B     		ldr	r3, .L31+12
 384 0022 1B68     		ldr	r3, [r3]
 385 0024 002B     		cmp	r3, #0
 386 0026 F2D1     		bne	.L28
 387 0028 F9E7     		b	.L26
 388              	.L32:
 389 002a 00BF     		.align	2
 390              	.L31:
 391 002c 00000000 		.word	.LANCHOR2
 392 0030 00000000 		.word	tcp_active_pcbs
 393 0034 00000000 		.word	tcpip_tcp_timer
 394 0038 00000000 		.word	tcp_tw_pcbs
 395              		.cfi_endproc
 396              	.LFE161:
 398              		.section	.text.tcpip_tcp_timer,"ax",%progbits
 399              		.align	1
 400              		.syntax unified
 401              		.thumb
 402              		.thumb_func
 404              	tcpip_tcp_timer:
 405              	.LVL33:
 406              	.LFB160:
 145:ThirdPackage/lwip220/core/timeouts.c ****   LWIP_UNUSED_ARG(arg);
 407              		.loc 1 145 1 is_stmt 1 view -0
 408              		.cfi_startproc
 409              		@ args = 0, pretend = 0, frame = 0
 410              		@ frame_needed = 0, uses_anonymous_args = 0
 145:ThirdPackage/lwip220/core/timeouts.c ****   LWIP_UNUSED_ARG(arg);
 411              		.loc 1 145 1 is_stmt 0 view .LVU105
 412 0000 08B5     		push	{r3, lr}
 413              	.LCFI4:
 414              		.cfi_def_cfa_offset 8
 415              		.cfi_offset 3, -8
 416              		.cfi_offset 14, -4
 146:ThirdPackage/lwip220/core/timeouts.c **** 
 417              		.loc 1 146 3 is_stmt 1 view .LVU106
 149:ThirdPackage/lwip220/core/timeouts.c ****   /* timer still needed? */
 418              		.loc 1 149 3 view .LVU107
 419 0002 FFF7FEFF 		bl	tcp_tmr
 420              	.LVL34:
 151:ThirdPackage/lwip220/core/timeouts.c ****     /* restart timer */
 421              		.loc 1 151 3 view .LVU108
 151:ThirdPackage/lwip220/core/timeouts.c ****     /* restart timer */
 422              		.loc 1 151 7 is_stmt 0 view .LVU109
 423 0006 084B     		ldr	r3, .L39
 424 0008 1B68     		ldr	r3, [r3]
 151:ThirdPackage/lwip220/core/timeouts.c ****     /* restart timer */
 425              		.loc 1 151 6 view .LVU110
 426 000a 2BB1     		cbz	r3, .L38
 427              	.L34:
 153:ThirdPackage/lwip220/core/timeouts.c ****   } else {
 428              		.loc 1 153 5 is_stmt 1 view .LVU111
 429 000c 0022     		movs	r2, #0
 430 000e 0749     		ldr	r1, .L39+4
 431 0010 FA20     		movs	r0, #250
 432 0012 FFF7FEFF 		bl	sys_timeout
ARM GAS  C:\Users\86188\AppData\Local\Temp\ccfrqAXe.s 			page 15


 433              	.LVL35:
 434              	.L33:
 158:ThirdPackage/lwip220/core/timeouts.c **** 
 435              		.loc 1 158 1 is_stmt 0 view .LVU112
 436 0016 08BD     		pop	{r3, pc}
 437              	.L38:
 151:ThirdPackage/lwip220/core/timeouts.c ****     /* restart timer */
 438              		.loc 1 151 23 discriminator 1 view .LVU113
 439 0018 054B     		ldr	r3, .L39+8
 440 001a 1B68     		ldr	r3, [r3]
 441 001c 002B     		cmp	r3, #0
 442 001e F5D1     		bne	.L34
 156:ThirdPackage/lwip220/core/timeouts.c ****   }
 443              		.loc 1 156 5 is_stmt 1 view .LVU114
 156:ThirdPackage/lwip220/core/timeouts.c ****   }
 444              		.loc 1 156 28 is_stmt 0 view .LVU115
 445 0020 044B     		ldr	r3, .L39+12
 446 0022 0022     		movs	r2, #0
 447 0024 1A60     		str	r2, [r3]
 158:ThirdPackage/lwip220/core/timeouts.c **** 
 448              		.loc 1 158 1 view .LVU116
 449 0026 F6E7     		b	.L33
 450              	.L40:
 451              		.align	2
 452              	.L39:
 453 0028 00000000 		.word	tcp_active_pcbs
 454 002c 00000000 		.word	tcpip_tcp_timer
 455 0030 00000000 		.word	tcp_tw_pcbs
 456 0034 00000000 		.word	.LANCHOR2
 457              		.cfi_endproc
 458              	.LFE160:
 460              		.section	.text.sys_timeouts_init,"ax",%progbits
 461              		.align	1
 462              		.global	sys_timeouts_init
 463              		.syntax unified
 464              		.thumb
 465              		.thumb_func
 467              	sys_timeouts_init:
 468              	.LFB164:
 265:ThirdPackage/lwip220/core/timeouts.c ****   size_t i;
 469              		.loc 1 265 1 is_stmt 1 view -0
 470              		.cfi_startproc
 471              		@ args = 0, pretend = 0, frame = 0
 472              		@ frame_needed = 0, uses_anonymous_args = 0
 473 0000 10B5     		push	{r4, lr}
 474              	.LCFI5:
 475              		.cfi_def_cfa_offset 8
 476              		.cfi_offset 4, -8
 477              		.cfi_offset 14, -4
 266:ThirdPackage/lwip220/core/timeouts.c ****   /* tcp_tmr() at index 0 is started on demand */
 478              		.loc 1 266 3 view .LVU118
 268:ThirdPackage/lwip220/core/timeouts.c ****     /* we have to cast via size_t to get rid of const warning
 479              		.loc 1 268 3 view .LVU119
 480              	.LVL36:
 268:ThirdPackage/lwip220/core/timeouts.c ****     /* we have to cast via size_t to get rid of const warning
 481              		.loc 1 268 10 is_stmt 0 view .LVU120
 482 0002 0124     		movs	r4, #1
ARM GAS  C:\Users\86188\AppData\Local\Temp\ccfrqAXe.s 			page 16


 268:ThirdPackage/lwip220/core/timeouts.c ****     /* we have to cast via size_t to get rid of const warning
 483              		.loc 1 268 3 view .LVU121
 484 0004 08E0     		b	.L42
 485              	.LVL37:
 486              	.L43:
 271:ThirdPackage/lwip220/core/timeouts.c ****   }
 487              		.loc 1 271 5 is_stmt 1 discriminator 3 view .LVU122
 271:ThirdPackage/lwip220/core/timeouts.c ****   }
 488              		.loc 1 271 71 is_stmt 0 discriminator 3 view .LVU123
 489 0006 064B     		ldr	r3, .L45
 271:ThirdPackage/lwip220/core/timeouts.c ****   }
 490              		.loc 1 271 5 discriminator 3 view .LVU124
 491 0008 03EBC402 		add	r2, r3, r4, lsl #3
 492 000c 0549     		ldr	r1, .L45+4
 493 000e 53F83400 		ldr	r0, [r3, r4, lsl #3]
 494 0012 FFF7FEFF 		bl	sys_timeout
 495              	.LVL38:
 268:ThirdPackage/lwip220/core/timeouts.c ****     /* we have to cast via size_t to get rid of const warning
 496              		.loc 1 268 72 is_stmt 1 discriminator 3 view .LVU125
 268:ThirdPackage/lwip220/core/timeouts.c ****     /* we have to cast via size_t to get rid of const warning
 497              		.loc 1 268 73 is_stmt 0 discriminator 3 view .LVU126
 498 0016 0134     		adds	r4, r4, #1
 499              	.LVL39:
 500              	.L42:
 268:ThirdPackage/lwip220/core/timeouts.c ****     /* we have to cast via size_t to get rid of const warning
 501              		.loc 1 268 32 is_stmt 1 discriminator 1 view .LVU127
 268:ThirdPackage/lwip220/core/timeouts.c ****     /* we have to cast via size_t to get rid of const warning
 502              		.loc 1 268 3 is_stmt 0 discriminator 1 view .LVU128
 503 0018 022C     		cmp	r4, #2
 504 001a F4D9     		bls	.L43
 273:ThirdPackage/lwip220/core/timeouts.c **** 
 505              		.loc 1 273 1 view .LVU129
 506 001c 10BD     		pop	{r4, pc}
 507              	.LVL40:
 508              	.L46:
 273:ThirdPackage/lwip220/core/timeouts.c **** 
 509              		.loc 1 273 1 view .LVU130
 510 001e 00BF     		.align	2
 511              	.L45:
 512 0020 00000000 		.word	.LANCHOR3
 513 0024 00000000 		.word	lwip_cyclic_timer
 514              		.cfi_endproc
 515              	.LFE164:
 517              		.section	.text.sys_untimeout,"ax",%progbits
 518              		.align	1
 519              		.global	sys_untimeout
 520              		.syntax unified
 521              		.thumb
 522              		.thumb_func
 524              	sys_untimeout:
 525              	.LVL41:
 526              	.LFB166:
 307:ThirdPackage/lwip220/core/timeouts.c **** 
 308:ThirdPackage/lwip220/core/timeouts.c **** /**
 309:ThirdPackage/lwip220/core/timeouts.c ****  * Go through timeout list (for this task only) and remove the first matching
 310:ThirdPackage/lwip220/core/timeouts.c ****  * entry (subsequent entries remain untouched), even though the timeout has not
 311:ThirdPackage/lwip220/core/timeouts.c ****  * triggered yet.
ARM GAS  C:\Users\86188\AppData\Local\Temp\ccfrqAXe.s 			page 17


 312:ThirdPackage/lwip220/core/timeouts.c ****  *
 313:ThirdPackage/lwip220/core/timeouts.c ****  * @param handler callback function that would be called by the timeout
 314:ThirdPackage/lwip220/core/timeouts.c ****  * @param arg callback argument that would be passed to handler
 315:ThirdPackage/lwip220/core/timeouts.c **** */
 316:ThirdPackage/lwip220/core/timeouts.c **** void
 317:ThirdPackage/lwip220/core/timeouts.c **** sys_untimeout(sys_timeout_handler handler, void *arg)
 318:ThirdPackage/lwip220/core/timeouts.c **** {
 527              		.loc 1 318 1 is_stmt 1 view -0
 528              		.cfi_startproc
 529              		@ args = 0, pretend = 0, frame = 0
 530              		@ frame_needed = 0, uses_anonymous_args = 0
 531              		.loc 1 318 1 is_stmt 0 view .LVU132
 532 0000 08B5     		push	{r3, lr}
 533              	.LCFI6:
 534              		.cfi_def_cfa_offset 8
 535              		.cfi_offset 3, -8
 536              		.cfi_offset 14, -4
 537 0002 8C46     		mov	ip, r1
 319:ThirdPackage/lwip220/core/timeouts.c ****   struct sys_timeo *prev_t, *t;
 538              		.loc 1 319 3 is_stmt 1 view .LVU133
 320:ThirdPackage/lwip220/core/timeouts.c **** 
 321:ThirdPackage/lwip220/core/timeouts.c ****   LWIP_ASSERT_CORE_LOCKED();
 539              		.loc 1 321 28 view .LVU134
 322:ThirdPackage/lwip220/core/timeouts.c **** 
 323:ThirdPackage/lwip220/core/timeouts.c ****   if (next_timeout == NULL) {
 540              		.loc 1 323 3 view .LVU135
 541              		.loc 1 323 20 is_stmt 0 view .LVU136
 542 0004 0C4B     		ldr	r3, .L56
 543 0006 1968     		ldr	r1, [r3]
 544              	.LVL42:
 545              		.loc 1 323 6 view .LVU137
 546 0008 A9B1     		cbz	r1, .L47
 324:ThirdPackage/lwip220/core/timeouts.c ****     return;
 325:ThirdPackage/lwip220/core/timeouts.c ****   }
 326:ThirdPackage/lwip220/core/timeouts.c **** 
 327:ThirdPackage/lwip220/core/timeouts.c ****   for (t = next_timeout, prev_t = NULL; t != NULL; prev_t = t, t = t->next) {
 547              		.loc 1 327 33 view .LVU138
 548 000a 0022     		movs	r2, #0
 549 000c 05E0     		b	.L49
 550              	.LVL43:
 551              	.L55:
 328:ThirdPackage/lwip220/core/timeouts.c ****     if ((t->h == handler) && (t->arg == arg)) {
 329:ThirdPackage/lwip220/core/timeouts.c ****       /* We have a match */
 330:ThirdPackage/lwip220/core/timeouts.c ****       /* Unlink from previous in list */
 331:ThirdPackage/lwip220/core/timeouts.c ****       if (prev_t == NULL) {
 332:ThirdPackage/lwip220/core/timeouts.c ****         next_timeout = t->next;
 552              		.loc 1 332 9 is_stmt 1 view .LVU139
 553              		.loc 1 332 25 is_stmt 0 view .LVU140
 554 000e 0A68     		ldr	r2, [r1]
 555              	.LVL44:
 556              		.loc 1 332 22 view .LVU141
 557 0010 094B     		ldr	r3, .L56
 558 0012 1A60     		str	r2, [r3]
 559 0014 0CE0     		b	.L52
 560              	.LVL45:
 561              	.L50:
 327:ThirdPackage/lwip220/core/timeouts.c ****     if ((t->h == handler) && (t->arg == arg)) {
ARM GAS  C:\Users\86188\AppData\Local\Temp\ccfrqAXe.s 			page 18


 562              		.loc 1 327 52 is_stmt 1 discriminator 2 view .LVU142
 327:ThirdPackage/lwip220/core/timeouts.c ****     if ((t->h == handler) && (t->arg == arg)) {
 563              		.loc 1 327 59 is_stmt 0 discriminator 2 view .LVU143
 564 0016 0A46     		mov	r2, r1
 327:ThirdPackage/lwip220/core/timeouts.c ****     if ((t->h == handler) && (t->arg == arg)) {
 565              		.loc 1 327 66 discriminator 2 view .LVU144
 566 0018 0968     		ldr	r1, [r1]
 567              	.LVL46:
 568              	.L49:
 327:ThirdPackage/lwip220/core/timeouts.c ****     if ((t->h == handler) && (t->arg == arg)) {
 569              		.loc 1 327 41 is_stmt 1 discriminator 1 view .LVU145
 327:ThirdPackage/lwip220/core/timeouts.c ****     if ((t->h == handler) && (t->arg == arg)) {
 570              		.loc 1 327 3 is_stmt 0 discriminator 1 view .LVU146
 571 001a 61B1     		cbz	r1, .L47
 328:ThirdPackage/lwip220/core/timeouts.c ****     if ((t->h == handler) && (t->arg == arg)) {
 572              		.loc 1 328 5 is_stmt 1 view .LVU147
 328:ThirdPackage/lwip220/core/timeouts.c ****     if ((t->h == handler) && (t->arg == arg)) {
 573              		.loc 1 328 11 is_stmt 0 view .LVU148
 574 001c 8B68     		ldr	r3, [r1, #8]
 328:ThirdPackage/lwip220/core/timeouts.c ****     if ((t->h == handler) && (t->arg == arg)) {
 575              		.loc 1 328 8 view .LVU149
 576 001e 8342     		cmp	r3, r0
 577 0020 F9D1     		bne	.L50
 328:ThirdPackage/lwip220/core/timeouts.c ****     if ((t->h == handler) && (t->arg == arg)) {
 578              		.loc 1 328 32 discriminator 1 view .LVU150
 579 0022 CB68     		ldr	r3, [r1, #12]
 328:ThirdPackage/lwip220/core/timeouts.c ****     if ((t->h == handler) && (t->arg == arg)) {
 580              		.loc 1 328 27 discriminator 1 view .LVU151
 581 0024 6345     		cmp	r3, ip
 582 0026 F6D1     		bne	.L50
 331:ThirdPackage/lwip220/core/timeouts.c ****         next_timeout = t->next;
 583              		.loc 1 331 7 is_stmt 1 view .LVU152
 331:ThirdPackage/lwip220/core/timeouts.c ****         next_timeout = t->next;
 584              		.loc 1 331 10 is_stmt 0 view .LVU153
 585 0028 002A     		cmp	r2, #0
 586 002a F0D0     		beq	.L55
 333:ThirdPackage/lwip220/core/timeouts.c ****       } else {
 334:ThirdPackage/lwip220/core/timeouts.c ****         prev_t->next = t->next;
 587              		.loc 1 334 9 is_stmt 1 view .LVU154
 588              		.loc 1 334 25 is_stmt 0 view .LVU155
 589 002c 0B68     		ldr	r3, [r1]
 590              		.loc 1 334 22 view .LVU156
 591 002e 1360     		str	r3, [r2]
 592              	.LVL47:
 593              	.L52:
 335:ThirdPackage/lwip220/core/timeouts.c ****       }
 336:ThirdPackage/lwip220/core/timeouts.c ****       memp_free(MEMP_SYS_TIMEOUT, t);
 594              		.loc 1 336 7 is_stmt 1 view .LVU157
 595 0030 0A20     		movs	r0, #10
 596              	.LVL48:
 597              		.loc 1 336 7 is_stmt 0 view .LVU158
 598 0032 FFF7FEFF 		bl	memp_free
 599              	.LVL49:
 337:ThirdPackage/lwip220/core/timeouts.c ****       return;
 600              		.loc 1 337 7 is_stmt 1 view .LVU159
 601              	.L47:
 338:ThirdPackage/lwip220/core/timeouts.c ****     }
ARM GAS  C:\Users\86188\AppData\Local\Temp\ccfrqAXe.s 			page 19


 339:ThirdPackage/lwip220/core/timeouts.c ****   }
 340:ThirdPackage/lwip220/core/timeouts.c ****   return;
 341:ThirdPackage/lwip220/core/timeouts.c **** }
 602              		.loc 1 341 1 is_stmt 0 view .LVU160
 603 0036 08BD     		pop	{r3, pc}
 604              	.L57:
 605              		.align	2
 606              	.L56:
 607 0038 00000000 		.word	.LANCHOR0
 608              		.cfi_endproc
 609              	.LFE166:
 611              		.section	.text.sys_check_timeouts,"ax",%progbits
 612              		.align	1
 613              		.global	sys_check_timeouts
 614              		.syntax unified
 615              		.thumb
 616              		.thumb_func
 618              	sys_check_timeouts:
 619              	.LFB167:
 342:ThirdPackage/lwip220/core/timeouts.c **** 
 343:ThirdPackage/lwip220/core/timeouts.c **** /**
 344:ThirdPackage/lwip220/core/timeouts.c ****  * @ingroup lwip_nosys
 345:ThirdPackage/lwip220/core/timeouts.c ****  * Handle timeouts for NO_SYS==1 (i.e. without using
 346:ThirdPackage/lwip220/core/timeouts.c ****  * tcpip_thread/sys_timeouts_mbox_fetch(). Uses sys_now() to call timeout
 347:ThirdPackage/lwip220/core/timeouts.c ****  * handler functions when timeouts expire.
 348:ThirdPackage/lwip220/core/timeouts.c ****  *
 349:ThirdPackage/lwip220/core/timeouts.c ****  * Must be called periodically from your main loop.
 350:ThirdPackage/lwip220/core/timeouts.c ****  */
 351:ThirdPackage/lwip220/core/timeouts.c **** void
 352:ThirdPackage/lwip220/core/timeouts.c **** sys_check_timeouts(void)
 353:ThirdPackage/lwip220/core/timeouts.c **** {
 620              		.loc 1 353 1 is_stmt 1 view -0
 621              		.cfi_startproc
 622              		@ args = 0, pretend = 0, frame = 0
 623              		@ frame_needed = 0, uses_anonymous_args = 0
 624 0000 70B5     		push	{r4, r5, r6, lr}
 625              	.LCFI7:
 626              		.cfi_def_cfa_offset 16
 627              		.cfi_offset 4, -16
 628              		.cfi_offset 5, -12
 629              		.cfi_offset 6, -8
 630              		.cfi_offset 14, -4
 354:ThirdPackage/lwip220/core/timeouts.c ****   u32_t now;
 631              		.loc 1 354 3 view .LVU162
 355:ThirdPackage/lwip220/core/timeouts.c **** 
 356:ThirdPackage/lwip220/core/timeouts.c ****   LWIP_ASSERT_CORE_LOCKED();
 632              		.loc 1 356 28 view .LVU163
 357:ThirdPackage/lwip220/core/timeouts.c **** 
 358:ThirdPackage/lwip220/core/timeouts.c ****   /* Process only timers expired at the start of the function. */
 359:ThirdPackage/lwip220/core/timeouts.c ****   now = sys_now();
 633              		.loc 1 359 3 view .LVU164
 634              		.loc 1 359 9 is_stmt 0 view .LVU165
 635 0002 FFF7FEFF 		bl	sys_now
 636              	.LVL50:
 637 0006 0546     		mov	r5, r0
 638              	.LVL51:
 639              	.L60:
ARM GAS  C:\Users\86188\AppData\Local\Temp\ccfrqAXe.s 			page 20


 360:ThirdPackage/lwip220/core/timeouts.c **** 
 361:ThirdPackage/lwip220/core/timeouts.c ****   do {
 640              		.loc 1 361 3 is_stmt 1 view .LVU166
 641              	.LBB2:
 362:ThirdPackage/lwip220/core/timeouts.c ****     struct sys_timeo *tmptimeout;
 642              		.loc 1 362 5 view .LVU167
 363:ThirdPackage/lwip220/core/timeouts.c ****     sys_timeout_handler handler;
 643              		.loc 1 363 5 view .LVU168
 364:ThirdPackage/lwip220/core/timeouts.c ****     void *arg;
 644              		.loc 1 364 5 view .LVU169
 365:ThirdPackage/lwip220/core/timeouts.c **** 
 366:ThirdPackage/lwip220/core/timeouts.c ****     PBUF_CHECK_FREE_OOSEQ();
 645              		.loc 1 366 28 view .LVU170
 367:ThirdPackage/lwip220/core/timeouts.c **** 
 368:ThirdPackage/lwip220/core/timeouts.c ****     tmptimeout = next_timeout;
 646              		.loc 1 368 5 view .LVU171
 647              		.loc 1 368 16 is_stmt 0 view .LVU172
 648 0008 0B4B     		ldr	r3, .L63
 649 000a 1968     		ldr	r1, [r3]
 650              	.LVL52:
 369:ThirdPackage/lwip220/core/timeouts.c ****     if (tmptimeout == NULL) {
 651              		.loc 1 369 5 is_stmt 1 view .LVU173
 652              		.loc 1 369 8 is_stmt 0 view .LVU174
 653 000c 91B1     		cbz	r1, .L58
 370:ThirdPackage/lwip220/core/timeouts.c ****       return;
 371:ThirdPackage/lwip220/core/timeouts.c ****     }
 372:ThirdPackage/lwip220/core/timeouts.c **** 
 373:ThirdPackage/lwip220/core/timeouts.c ****     if (TIME_LESS_THAN(now, tmptimeout->time)) {
 654              		.loc 1 373 5 is_stmt 1 view .LVU175
 655              		.loc 1 373 9 is_stmt 0 view .LVU176
 656 000e 4B68     		ldr	r3, [r1, #4]
 657 0010 EA1A     		subs	r2, r5, r3
 658              		.loc 1 373 8 view .LVU177
 659 0012 002A     		cmp	r2, #0
 660 0014 0EDB     		blt	.L58
 374:ThirdPackage/lwip220/core/timeouts.c ****       return;
 375:ThirdPackage/lwip220/core/timeouts.c ****     }
 376:ThirdPackage/lwip220/core/timeouts.c **** 
 377:ThirdPackage/lwip220/core/timeouts.c ****     /* Timeout has expired */
 378:ThirdPackage/lwip220/core/timeouts.c ****     next_timeout = tmptimeout->next;
 661              		.loc 1 378 5 is_stmt 1 view .LVU178
 662              		.loc 1 378 30 is_stmt 0 view .LVU179
 663 0016 0868     		ldr	r0, [r1]
 664              		.loc 1 378 18 view .LVU180
 665 0018 074A     		ldr	r2, .L63
 666 001a 1060     		str	r0, [r2]
 379:ThirdPackage/lwip220/core/timeouts.c ****     handler = tmptimeout->h;
 667              		.loc 1 379 5 is_stmt 1 view .LVU181
 668              		.loc 1 379 13 is_stmt 0 view .LVU182
 669 001c 8C68     		ldr	r4, [r1, #8]
 670              	.LVL53:
 380:ThirdPackage/lwip220/core/timeouts.c ****     arg = tmptimeout->arg;
 671              		.loc 1 380 5 is_stmt 1 view .LVU183
 672              		.loc 1 380 9 is_stmt 0 view .LVU184
 673 001e CE68     		ldr	r6, [r1, #12]
 674              	.LVL54:
 381:ThirdPackage/lwip220/core/timeouts.c ****     current_timeout_due_time = tmptimeout->time;
ARM GAS  C:\Users\86188\AppData\Local\Temp\ccfrqAXe.s 			page 21


 675              		.loc 1 381 5 is_stmt 1 view .LVU185
 676              		.loc 1 381 30 is_stmt 0 view .LVU186
 677 0020 064A     		ldr	r2, .L63+4
 678 0022 1360     		str	r3, [r2]
 382:ThirdPackage/lwip220/core/timeouts.c **** #if LWIP_DEBUG_TIMERNAMES
 383:ThirdPackage/lwip220/core/timeouts.c ****     if (handler != NULL) {
 384:ThirdPackage/lwip220/core/timeouts.c ****       LWIP_DEBUGF(TIMERS_DEBUG, ("sct calling h=%s t=%"U32_F" arg=%p\n",
 385:ThirdPackage/lwip220/core/timeouts.c ****                                  tmptimeout->handler_name, sys_now() - tmptimeout->time, arg));
 386:ThirdPackage/lwip220/core/timeouts.c ****     }
 387:ThirdPackage/lwip220/core/timeouts.c **** #endif /* LWIP_DEBUG_TIMERNAMES */
 388:ThirdPackage/lwip220/core/timeouts.c ****     memp_free(MEMP_SYS_TIMEOUT, tmptimeout);
 679              		.loc 1 388 5 is_stmt 1 view .LVU187
 680 0024 0A20     		movs	r0, #10
 681 0026 FFF7FEFF 		bl	memp_free
 682              	.LVL55:
 389:ThirdPackage/lwip220/core/timeouts.c ****     if (handler != NULL) {
 683              		.loc 1 389 5 view .LVU188
 684              		.loc 1 389 8 is_stmt 0 view .LVU189
 685 002a 002C     		cmp	r4, #0
 686 002c ECD0     		beq	.L60
 390:ThirdPackage/lwip220/core/timeouts.c ****       handler(arg);
 687              		.loc 1 390 7 is_stmt 1 view .LVU190
 688 002e 3046     		mov	r0, r6
 689 0030 A047     		blx	r4
 690              	.LVL56:
 691 0032 E9E7     		b	.L60
 692              	.LVL57:
 693              	.L58:
 694              		.loc 1 390 7 is_stmt 0 view .LVU191
 695              	.LBE2:
 391:ThirdPackage/lwip220/core/timeouts.c ****     }
 392:ThirdPackage/lwip220/core/timeouts.c ****     LWIP_TCPIP_THREAD_ALIVE();
 393:ThirdPackage/lwip220/core/timeouts.c **** 
 394:ThirdPackage/lwip220/core/timeouts.c ****     /* Repeat until all expired timers have been called */
 395:ThirdPackage/lwip220/core/timeouts.c ****   } while (1);
 396:ThirdPackage/lwip220/core/timeouts.c **** }
 696              		.loc 1 396 1 view .LVU192
 697 0034 70BD     		pop	{r4, r5, r6, pc}
 698              	.LVL58:
 699              	.L64:
 700              		.loc 1 396 1 view .LVU193
 701 0036 00BF     		.align	2
 702              	.L63:
 703 0038 00000000 		.word	.LANCHOR0
 704 003c 00000000 		.word	.LANCHOR1
 705              		.cfi_endproc
 706              	.LFE167:
 708              		.section	.text.sys_restart_timeouts,"ax",%progbits
 709              		.align	1
 710              		.global	sys_restart_timeouts
 711              		.syntax unified
 712              		.thumb
 713              		.thumb_func
 715              	sys_restart_timeouts:
 716              	.LFB168:
 397:ThirdPackage/lwip220/core/timeouts.c **** 
 398:ThirdPackage/lwip220/core/timeouts.c **** /** Rebase the timeout times to the current time.
ARM GAS  C:\Users\86188\AppData\Local\Temp\ccfrqAXe.s 			page 22


 399:ThirdPackage/lwip220/core/timeouts.c ****  * This is necessary if sys_check_timeouts() hasn't been called for a long
 400:ThirdPackage/lwip220/core/timeouts.c ****  * time (e.g. while saving energy) to prevent all timer functions of that
 401:ThirdPackage/lwip220/core/timeouts.c ****  * period being called.
 402:ThirdPackage/lwip220/core/timeouts.c ****  */
 403:ThirdPackage/lwip220/core/timeouts.c **** void
 404:ThirdPackage/lwip220/core/timeouts.c **** sys_restart_timeouts(void)
 405:ThirdPackage/lwip220/core/timeouts.c **** {
 717              		.loc 1 405 1 is_stmt 1 view -0
 718              		.cfi_startproc
 719              		@ args = 0, pretend = 0, frame = 0
 720              		@ frame_needed = 0, uses_anonymous_args = 0
 721 0000 08B5     		push	{r3, lr}
 722              	.LCFI8:
 723              		.cfi_def_cfa_offset 8
 724              		.cfi_offset 3, -8
 725              		.cfi_offset 14, -4
 406:ThirdPackage/lwip220/core/timeouts.c ****   u32_t now;
 726              		.loc 1 406 3 view .LVU195
 407:ThirdPackage/lwip220/core/timeouts.c ****   u32_t base;
 727              		.loc 1 407 3 view .LVU196
 408:ThirdPackage/lwip220/core/timeouts.c ****   struct sys_timeo *t;
 728              		.loc 1 408 3 view .LVU197
 409:ThirdPackage/lwip220/core/timeouts.c **** 
 410:ThirdPackage/lwip220/core/timeouts.c ****   if (next_timeout == NULL) {
 729              		.loc 1 410 3 view .LVU198
 730              		.loc 1 410 20 is_stmt 0 view .LVU199
 731 0002 084B     		ldr	r3, .L70
 732 0004 1B68     		ldr	r3, [r3]
 733              		.loc 1 410 6 view .LVU200
 734 0006 63B1     		cbz	r3, .L65
 411:ThirdPackage/lwip220/core/timeouts.c ****     return;
 412:ThirdPackage/lwip220/core/timeouts.c ****   }
 413:ThirdPackage/lwip220/core/timeouts.c **** 
 414:ThirdPackage/lwip220/core/timeouts.c ****   now = sys_now();
 735              		.loc 1 414 3 is_stmt 1 view .LVU201
 736              		.loc 1 414 9 is_stmt 0 view .LVU202
 737 0008 FFF7FEFF 		bl	sys_now
 738              	.LVL59:
 415:ThirdPackage/lwip220/core/timeouts.c ****   base = next_timeout->time;
 739              		.loc 1 415 3 is_stmt 1 view .LVU203
 740              		.loc 1 415 22 is_stmt 0 view .LVU204
 741 000c 054B     		ldr	r3, .L70
 742 000e 1A68     		ldr	r2, [r3]
 743              		.loc 1 415 8 view .LVU205
 744 0010 5168     		ldr	r1, [r2, #4]
 745              	.LVL60:
 416:ThirdPackage/lwip220/core/timeouts.c **** 
 417:ThirdPackage/lwip220/core/timeouts.c ****   for (t = next_timeout; t != NULL; t = t->next) {
 746              		.loc 1 417 3 is_stmt 1 view .LVU206
 747              		.loc 1 417 3 is_stmt 0 view .LVU207
 748 0012 04E0     		b	.L67
 749              	.L68:
 418:ThirdPackage/lwip220/core/timeouts.c ****     t->time = (t->time - base) + now;
 750              		.loc 1 418 5 is_stmt 1 discriminator 3 view .LVU208
 751              		.loc 1 418 17 is_stmt 0 discriminator 3 view .LVU209
 752 0014 5368     		ldr	r3, [r2, #4]
 753              		.loc 1 418 24 discriminator 3 view .LVU210
ARM GAS  C:\Users\86188\AppData\Local\Temp\ccfrqAXe.s 			page 23


 754 0016 5B1A     		subs	r3, r3, r1
 755              		.loc 1 418 32 discriminator 3 view .LVU211
 756 0018 0344     		add	r3, r3, r0
 757              		.loc 1 418 13 discriminator 3 view .LVU212
 758 001a 5360     		str	r3, [r2, #4]
 417:ThirdPackage/lwip220/core/timeouts.c ****     t->time = (t->time - base) + now;
 759              		.loc 1 417 37 is_stmt 1 discriminator 3 view .LVU213
 417:ThirdPackage/lwip220/core/timeouts.c ****     t->time = (t->time - base) + now;
 760              		.loc 1 417 39 is_stmt 0 discriminator 3 view .LVU214
 761 001c 1268     		ldr	r2, [r2]
 762              	.LVL61:
 763              	.L67:
 417:ThirdPackage/lwip220/core/timeouts.c ****     t->time = (t->time - base) + now;
 764              		.loc 1 417 26 is_stmt 1 discriminator 1 view .LVU215
 417:ThirdPackage/lwip220/core/timeouts.c ****     t->time = (t->time - base) + now;
 765              		.loc 1 417 3 is_stmt 0 discriminator 1 view .LVU216
 766 001e 002A     		cmp	r2, #0
 767 0020 F8D1     		bne	.L68
 768              	.LVL62:
 769              	.L65:
 419:ThirdPackage/lwip220/core/timeouts.c ****   }
 420:ThirdPackage/lwip220/core/timeouts.c **** }
 770              		.loc 1 420 1 view .LVU217
 771 0022 08BD     		pop	{r3, pc}
 772              	.L71:
 773              		.align	2
 774              	.L70:
 775 0024 00000000 		.word	.LANCHOR0
 776              		.cfi_endproc
 777              	.LFE168:
 779              		.section	.rodata.sys_timeouts_sleeptime.str1.4,"aMS",%progbits,1
 780              		.align	2
 781              	.LC4:
 782 0000 696E7661 		.ascii	"invalid sleeptime\000"
 782      6C696420 
 782      736C6565 
 782      7074696D 
 782      6500
 783              		.section	.text.sys_timeouts_sleeptime,"ax",%progbits
 784              		.align	1
 785              		.global	sys_timeouts_sleeptime
 786              		.syntax unified
 787              		.thumb
 788              		.thumb_func
 790              	sys_timeouts_sleeptime:
 791              	.LFB169:
 421:ThirdPackage/lwip220/core/timeouts.c **** 
 422:ThirdPackage/lwip220/core/timeouts.c **** /** Return the time left before the next timeout is due. If no timeouts are
 423:ThirdPackage/lwip220/core/timeouts.c ****  * enqueued, returns 0xffffffff
 424:ThirdPackage/lwip220/core/timeouts.c ****  */
 425:ThirdPackage/lwip220/core/timeouts.c **** u32_t
 426:ThirdPackage/lwip220/core/timeouts.c **** sys_timeouts_sleeptime(void)
 427:ThirdPackage/lwip220/core/timeouts.c **** {
 792              		.loc 1 427 1 is_stmt 1 view -0
 793              		.cfi_startproc
 794              		@ args = 0, pretend = 0, frame = 0
 795              		@ frame_needed = 0, uses_anonymous_args = 0
ARM GAS  C:\Users\86188\AppData\Local\Temp\ccfrqAXe.s 			page 24


 796 0000 10B5     		push	{r4, lr}
 797              	.LCFI9:
 798              		.cfi_def_cfa_offset 8
 799              		.cfi_offset 4, -8
 800              		.cfi_offset 14, -4
 428:ThirdPackage/lwip220/core/timeouts.c ****   u32_t now;
 801              		.loc 1 428 3 view .LVU219
 429:ThirdPackage/lwip220/core/timeouts.c **** 
 430:ThirdPackage/lwip220/core/timeouts.c ****   LWIP_ASSERT_CORE_LOCKED();
 802              		.loc 1 430 28 view .LVU220
 431:ThirdPackage/lwip220/core/timeouts.c **** 
 432:ThirdPackage/lwip220/core/timeouts.c ****   if (next_timeout == NULL) {
 803              		.loc 1 432 3 view .LVU221
 804              		.loc 1 432 20 is_stmt 0 view .LVU222
 805 0002 0D4B     		ldr	r3, .L78
 806 0004 1B68     		ldr	r3, [r3]
 807              		.loc 1 432 6 view .LVU223
 808 0006 83B1     		cbz	r3, .L75
 433:ThirdPackage/lwip220/core/timeouts.c ****     return SYS_TIMEOUTS_SLEEPTIME_INFINITE;
 434:ThirdPackage/lwip220/core/timeouts.c ****   }
 435:ThirdPackage/lwip220/core/timeouts.c ****   now = sys_now();
 809              		.loc 1 435 3 is_stmt 1 view .LVU224
 810              		.loc 1 435 9 is_stmt 0 view .LVU225
 811 0008 FFF7FEFF 		bl	sys_now
 812              	.LVL63:
 436:ThirdPackage/lwip220/core/timeouts.c ****   if (TIME_LESS_THAN(next_timeout->time, now)) {
 813              		.loc 1 436 3 is_stmt 1 view .LVU226
 814              		.loc 1 436 7 is_stmt 0 view .LVU227
 815 000c 0A4B     		ldr	r3, .L78
 816 000e 1B68     		ldr	r3, [r3]
 817 0010 5C68     		ldr	r4, [r3, #4]
 818              		.loc 1 436 6 view .LVU228
 819 0012 241A     		subs	r4, r4, r0
 820 0014 0CD4     		bmi	.L76
 821              	.LBB3:
 437:ThirdPackage/lwip220/core/timeouts.c ****     return 0;
 438:ThirdPackage/lwip220/core/timeouts.c ****   } else {
 439:ThirdPackage/lwip220/core/timeouts.c ****     u32_t ret = (u32_t)(next_timeout->time - now);
 822              		.loc 1 439 5 is_stmt 1 view .LVU229
 823              	.LVL64:
 440:ThirdPackage/lwip220/core/timeouts.c ****     LWIP_ASSERT("invalid sleeptime", ret <= LWIP_MAX_TIMEOUT);
 824              		.loc 1 440 5 view .LVU230
 825              		.loc 1 440 5 view .LVU231
 826 0016 002C     		cmp	r4, #0
 827 0018 0BDA     		bge	.L72
 828              		.loc 1 440 5 discriminator 1 view .LVU232
 829              		.loc 1 440 5 discriminator 1 view .LVU233
 830 001a 084B     		ldr	r3, .L78+4
 831 001c 4FF4DC72 		mov	r2, #440
 832 0020 0749     		ldr	r1, .L78+8
 833 0022 0848     		ldr	r0, .L78+12
 834              	.LVL65:
 835              		.loc 1 440 5 is_stmt 0 discriminator 1 view .LVU234
 836 0024 FFF7FEFF 		bl	printf
 837              	.LVL66:
 838              		.loc 1 440 5 is_stmt 1 discriminator 1 view .LVU235
 839              		.loc 1 440 5 discriminator 1 view .LVU236
ARM GAS  C:\Users\86188\AppData\Local\Temp\ccfrqAXe.s 			page 25


 441:ThirdPackage/lwip220/core/timeouts.c ****     return ret;
 840              		.loc 1 441 5 discriminator 1 view .LVU237
 841              		.loc 1 441 12 is_stmt 0 discriminator 1 view .LVU238
 842 0028 03E0     		b	.L72
 843              	.LVL67:
 844              	.L75:
 845              		.loc 1 441 12 discriminator 1 view .LVU239
 846              	.LBE3:
 433:ThirdPackage/lwip220/core/timeouts.c ****   }
 847              		.loc 1 433 12 view .LVU240
 848 002a 4FF0FF34 		mov	r4, #-1
 849 002e 00E0     		b	.L72
 850              	.LVL68:
 851              	.L76:
 437:ThirdPackage/lwip220/core/timeouts.c ****   } else {
 852              		.loc 1 437 12 view .LVU241
 853 0030 0024     		movs	r4, #0
 854              	.LVL69:
 855              	.L72:
 442:ThirdPackage/lwip220/core/timeouts.c ****   }
 443:ThirdPackage/lwip220/core/timeouts.c **** }
 856              		.loc 1 443 1 view .LVU242
 857 0032 2046     		mov	r0, r4
 858 0034 10BD     		pop	{r4, pc}
 859              	.L79:
 860 0036 00BF     		.align	2
 861              	.L78:
 862 0038 00000000 		.word	.LANCHOR0
 863 003c 00000000 		.word	.LC0
 864 0040 00000000 		.word	.LC4
 865 0044 68000000 		.word	.LC2
 866              		.cfi_endproc
 867              	.LFE169:
 869              		.global	lwip_num_cyclic_timers
 870              		.global	lwip_cyclic_timers
 871              		.section	.bss.current_timeout_due_time,"aw",%nobits
 872              		.align	2
 873              		.set	.LANCHOR1,. + 0
 876              	current_timeout_due_time:
 877 0000 00000000 		.space	4
 878              		.section	.bss.next_timeout,"aw",%nobits
 879              		.align	2
 880              		.set	.LANCHOR0,. + 0
 883              	next_timeout:
 884 0000 00000000 		.space	4
 885              		.section	.bss.tcpip_tcp_timer_active,"aw",%nobits
 886              		.align	2
 887              		.set	.LANCHOR2,. + 0
 890              	tcpip_tcp_timer_active:
 891 0000 00000000 		.space	4
 892              		.section	.rodata.lwip_cyclic_timers,"a"
 893              		.align	2
 894              		.set	.LANCHOR3,. + 0
 897              	lwip_cyclic_timers:
 898 0000 FA000000 		.word	250
 899 0004 00000000 		.word	tcp_tmr
 900 0008 E8030000 		.word	1000
ARM GAS  C:\Users\86188\AppData\Local\Temp\ccfrqAXe.s 			page 26


 901 000c 00000000 		.word	ip_reass_tmr
 902 0010 E8030000 		.word	1000
 903 0014 00000000 		.word	etharp_tmr
 904              		.section	.rodata.lwip_num_cyclic_timers,"a"
 905              		.align	2
 908              	lwip_num_cyclic_timers:
 909 0000 03000000 		.word	3
 910              		.text
 911              	.Letext0:
 912              		.file 2 "k:\\program files (x86)\\gnu arm embedded toolchain\\10 2021.10\\arm-none-eabi\\include\\
 913              		.file 3 "k:\\program files (x86)\\gnu arm embedded toolchain\\10 2021.10\\arm-none-eabi\\include\\
 914              		.file 4 "k:\\program files (x86)\\gnu arm embedded toolchain\\10 2021.10\\lib\\gcc\\arm-none-eabi\
 915              		.file 5 "ThirdPackage/lwip220/include/lwip/arch.h"
 916              		.file 6 "ThirdPackage/lwip220/include/lwip/err.h"
 917              		.file 7 "ThirdPackage/lwip220/include/lwip/timeouts.h"
 918              		.file 8 "ThirdPackage/lwip220/include/lwip/tcpbase.h"
 919              		.file 9 "ThirdPackage/lwip220/include/lwip/pbuf.h"
 920              		.file 10 "ThirdPackage/lwip220/include/lwip/ip4_addr.h"
 921              		.file 11 "ThirdPackage/lwip220/include/lwip/ip_addr.h"
 922              		.file 12 "ThirdPackage/lwip220/include/lwip/tcp.h"
 923              		.file 13 "ThirdPackage/lwip220/include/lwip/priv/tcp_priv.h"
 924              		.file 14 "ThirdPackage/lwip220/include/lwip/prot/tcp.h"
 925              		.file 15 "k:\\program files (x86)\\gnu arm embedded toolchain\\10 2021.10\\arm-none-eabi\\include\
 926              		.file 16 "ThirdPackage/lwip220/include/lwip/sys.h"
 927              		.file 17 "ThirdPackage/lwip220/include/lwip/memp.h"
ARM GAS  C:\Users\86188\AppData\Local\Temp\ccfrqAXe.s 			page 27


DEFINED SYMBOLS
                            *ABS*:00000000 timeouts.c
C:\Users\86188\AppData\Local\Temp\ccfrqAXe.s:20     .rodata.sys_timeout_abs.str1.4:00000000 $d
C:\Users\86188\AppData\Local\Temp\ccfrqAXe.s:31     .text.sys_timeout_abs:00000000 $t
C:\Users\86188\AppData\Local\Temp\ccfrqAXe.s:36     .text.sys_timeout_abs:00000000 sys_timeout_abs
C:\Users\86188\AppData\Local\Temp\ccfrqAXe.s:167    .text.sys_timeout_abs:00000060 $d
C:\Users\86188\AppData\Local\Temp\ccfrqAXe.s:175    .text.lwip_cyclic_timer:00000000 $t
C:\Users\86188\AppData\Local\Temp\ccfrqAXe.s:180    .text.lwip_cyclic_timer:00000000 lwip_cyclic_timer
C:\Users\86188\AppData\Local\Temp\ccfrqAXe.s:251    .text.lwip_cyclic_timer:00000038 $d
C:\Users\86188\AppData\Local\Temp\ccfrqAXe.s:257    .rodata.sys_timeout.str1.4:00000000 $d
C:\Users\86188\AppData\Local\Temp\ccfrqAXe.s:262    .text.sys_timeout:00000000 $t
C:\Users\86188\AppData\Local\Temp\ccfrqAXe.s:268    .text.sys_timeout:00000000 sys_timeout
C:\Users\86188\AppData\Local\Temp\ccfrqAXe.s:330    .text.sys_timeout:00000030 $d
C:\Users\86188\AppData\Local\Temp\ccfrqAXe.s:337    .text.tcp_timer_needed:00000000 $t
C:\Users\86188\AppData\Local\Temp\ccfrqAXe.s:343    .text.tcp_timer_needed:00000000 tcp_timer_needed
C:\Users\86188\AppData\Local\Temp\ccfrqAXe.s:391    .text.tcp_timer_needed:0000002c $d
C:\Users\86188\AppData\Local\Temp\ccfrqAXe.s:404    .text.tcpip_tcp_timer:00000000 tcpip_tcp_timer
C:\Users\86188\AppData\Local\Temp\ccfrqAXe.s:399    .text.tcpip_tcp_timer:00000000 $t
C:\Users\86188\AppData\Local\Temp\ccfrqAXe.s:453    .text.tcpip_tcp_timer:00000028 $d
C:\Users\86188\AppData\Local\Temp\ccfrqAXe.s:461    .text.sys_timeouts_init:00000000 $t
C:\Users\86188\AppData\Local\Temp\ccfrqAXe.s:467    .text.sys_timeouts_init:00000000 sys_timeouts_init
C:\Users\86188\AppData\Local\Temp\ccfrqAXe.s:512    .text.sys_timeouts_init:00000020 $d
C:\Users\86188\AppData\Local\Temp\ccfrqAXe.s:518    .text.sys_untimeout:00000000 $t
C:\Users\86188\AppData\Local\Temp\ccfrqAXe.s:524    .text.sys_untimeout:00000000 sys_untimeout
C:\Users\86188\AppData\Local\Temp\ccfrqAXe.s:607    .text.sys_untimeout:00000038 $d
C:\Users\86188\AppData\Local\Temp\ccfrqAXe.s:612    .text.sys_check_timeouts:00000000 $t
C:\Users\86188\AppData\Local\Temp\ccfrqAXe.s:618    .text.sys_check_timeouts:00000000 sys_check_timeouts
C:\Users\86188\AppData\Local\Temp\ccfrqAXe.s:703    .text.sys_check_timeouts:00000038 $d
C:\Users\86188\AppData\Local\Temp\ccfrqAXe.s:709    .text.sys_restart_timeouts:00000000 $t
C:\Users\86188\AppData\Local\Temp\ccfrqAXe.s:715    .text.sys_restart_timeouts:00000000 sys_restart_timeouts
C:\Users\86188\AppData\Local\Temp\ccfrqAXe.s:775    .text.sys_restart_timeouts:00000024 $d
C:\Users\86188\AppData\Local\Temp\ccfrqAXe.s:780    .rodata.sys_timeouts_sleeptime.str1.4:00000000 $d
C:\Users\86188\AppData\Local\Temp\ccfrqAXe.s:784    .text.sys_timeouts_sleeptime:00000000 $t
C:\Users\86188\AppData\Local\Temp\ccfrqAXe.s:790    .text.sys_timeouts_sleeptime:00000000 sys_timeouts_sleeptime
C:\Users\86188\AppData\Local\Temp\ccfrqAXe.s:862    .text.sys_timeouts_sleeptime:00000038 $d
C:\Users\86188\AppData\Local\Temp\ccfrqAXe.s:908    .rodata.lwip_num_cyclic_timers:00000000 lwip_num_cyclic_timers
C:\Users\86188\AppData\Local\Temp\ccfrqAXe.s:897    .rodata.lwip_cyclic_timers:00000000 lwip_cyclic_timers
C:\Users\86188\AppData\Local\Temp\ccfrqAXe.s:872    .bss.current_timeout_due_time:00000000 $d
C:\Users\86188\AppData\Local\Temp\ccfrqAXe.s:876    .bss.current_timeout_due_time:00000000 current_timeout_due_time
C:\Users\86188\AppData\Local\Temp\ccfrqAXe.s:879    .bss.next_timeout:00000000 $d
C:\Users\86188\AppData\Local\Temp\ccfrqAXe.s:883    .bss.next_timeout:00000000 next_timeout
C:\Users\86188\AppData\Local\Temp\ccfrqAXe.s:886    .bss.tcpip_tcp_timer_active:00000000 $d
C:\Users\86188\AppData\Local\Temp\ccfrqAXe.s:890    .bss.tcpip_tcp_timer_active:00000000 tcpip_tcp_timer_active
C:\Users\86188\AppData\Local\Temp\ccfrqAXe.s:893    .rodata.lwip_cyclic_timers:00000000 $d
C:\Users\86188\AppData\Local\Temp\ccfrqAXe.s:905    .rodata.lwip_num_cyclic_timers:00000000 $d

UNDEFINED SYMBOLS
memp_malloc
printf
sys_now
tcp_active_pcbs
tcp_tw_pcbs
tcp_tmr
memp_free
ip_reass_tmr
etharp_tmr
